INFO - 2023-12-04 09:37:03 --> Session: Class initialized using 'CodeIgniter\Session\Handlers\FileHandler' driver.
INFO - 2023-12-04 09:37:27 --> Session: Class initialized using 'CodeIgniter\Session\Handlers\FileHandler' driver.
INFO - 2023-12-04 09:37:27 --> Session: Class initialized using 'CodeIgniter\Session\Handlers\FileHandler' driver.
ERROR - 2023-12-04 09:37:27 --> mysqli_sql_exception: In aggregated query without GROUP BY, expression #1 of SELECT list contains nonaggregated column 'oa-app.purchase_items.created_at'; this is incompatible with sql_mode=only_full_group_by in /Applications/MAMP/htdocs/smartwholesale/oa-app/vendor/codeigniter4/framework/system/Database/MySQLi/Connection.php:295
Stack trace:
#0 /Applications/MAMP/htdocs/smartwholesale/oa-app/vendor/codeigniter4/framework/system/Database/MySQLi/Connection.php(295): mysqli->query('SELECT DATE(pur...', 0)
#1 /Applications/MAMP/htdocs/smartwholesale/oa-app/vendor/codeigniter4/framework/system/Database/BaseConnection.php(691): CodeIgniter\Database\MySQLi\Connection->execute('SELECT DATE(pur...')
#2 /Applications/MAMP/htdocs/smartwholesale/oa-app/vendor/codeigniter4/framework/system/Database/BaseConnection.php(605): CodeIgniter\Database\BaseConnection->simpleQuery('SELECT DATE(pur...')
#3 /Applications/MAMP/htdocs/smartwholesale/oa-app/vendor/codeigniter4/framework/system/Database/BaseBuilder.php(1616): CodeIgniter\Database\BaseConnection->query('SELECT DATE(pur...', Array, false)
#4 /Applications/MAMP/htdocs/smartwholesale/oa-app/app/Models/AssignModel.php(297): CodeIgniter\Database\BaseBuilder->get()
#5 /Applications/MAMP/htdocs/smartwholesale/oa-app/app/Controllers/Home.php(1863): App\Models\AssignModel->getTotalPurchaseWeek()
#6 /Applications/MAMP/htdocs/smartwholesale/oa-app/vendor/codeigniter4/framework/system/CodeIgniter.php(934): App\Controllers\Home->dashboard()
#7 /Applications/MAMP/htdocs/smartwholesale/oa-app/vendor/codeigniter4/framework/system/CodeIgniter.php(499): CodeIgniter\CodeIgniter->runController(Object(App\Controllers\Home))
#8 /Applications/MAMP/htdocs/smartwholesale/oa-app/vendor/codeigniter4/framework/system/CodeIgniter.php(368): CodeIgniter\CodeIgniter->handleRequest(NULL, Object(Config\Cache), false)
#9 /Applications/MAMP/htdocs/smartwholesale/oa-app/public/index.php(67): CodeIgniter\CodeIgniter->run()
#10 /Applications/MAMP/htdocs/smartwholesale/oa-app/vendor/codeigniter4/framework/system/Commands/Server/rewrite.php(47): require_once('/Applications/M...')
#11 {main}
CRITICAL - 2023-12-04 09:37:27 --> In aggregated query without GROUP BY, expression #1 of SELECT list contains nonaggregated column 'oa-app.purchase_items.created_at'; this is incompatible with sql_mode=only_full_group_by
in SYSTEMPATH/Database/MySQLi/Connection.php on line 295.
 1 SYSTEMPATH/Database/MySQLi/Connection.php(295): mysqli->query('SELECT DATE(purchase_items.created_at) as day, SUM(purchase_items.qty * market_price) as total_price
FROM `orders_status`
JOIN `purchase_items` ON `purchase_items`.`id` = `orders_status`.`purchased_item_id`
JOIN `lead_lists` ON `lead_lists`.`id` = `purchase_items`.`lead_id`
JOIN `users` ON `lead_lists`.`file_id` = `users`.`id`
WHERE YEARWEEK(purchase_items.created_at, 1) = YEARWEEK(CURDATE(), 1)
AND `lead_lists`.`file_id` = \'1\'
ORDER BY `purchase_items`.`created_at` DESC', 0)
 2 SYSTEMPATH/Database/BaseConnection.php(691): CodeIgniter\Database\MySQLi\Connection->execute('SELECT DATE(purchase_items.created_at) as day, SUM(purchase_items.qty * market_price) as total_price
FROM `orders_status`
JOIN `purchase_items` ON `purchase_items`.`id` = `orders_status`.`purchased_item_id`
JOIN `lead_lists` ON `lead_lists`.`id` = `purchase_items`.`lead_id`
JOIN `users` ON `lead_lists`.`file_id` = `users`.`id`
WHERE YEARWEEK(purchase_items.created_at, 1) = YEARWEEK(CURDATE(), 1)
AND `lead_lists`.`file_id` = \'1\'
ORDER BY `purchase_items`.`created_at` DESC')
 3 SYSTEMPATH/Database/BaseConnection.php(605): CodeIgniter\Database\BaseConnection->simpleQuery('SELECT DATE(purchase_items.created_at) as day, SUM(purchase_items.qty * market_price) as total_price
FROM `orders_status`
JOIN `purchase_items` ON `purchase_items`.`id` = `orders_status`.`purchased_item_id`
JOIN `lead_lists` ON `lead_lists`.`id` = `purchase_items`.`lead_id`
JOIN `users` ON `lead_lists`.`file_id` = `users`.`id`
WHERE YEARWEEK(purchase_items.created_at, 1) = YEARWEEK(CURDATE(), 1)
AND `lead_lists`.`file_id` = \'1\'
ORDER BY `purchase_items`.`created_at` DESC')
 4 SYSTEMPATH/Database/BaseBuilder.php(1616): CodeIgniter\Database\BaseConnection->query('SELECT DATE(purchase_items.created_at) as day, SUM(purchase_items.qty * market_price) as total_price
FROM `orders_status`
JOIN `purchase_items` ON `purchase_items`.`id` = `orders_status`.`purchased_item_id`
JOIN `lead_lists` ON `lead_lists`.`id` = `purchase_items`.`lead_id`
JOIN `users` ON `lead_lists`.`file_id` = `users`.`id`
WHERE YEARWEEK(purchase_items.created_at, 1) = YEARWEEK(CURDATE(), 1)
AND `lead_lists`.`file_id` = :lead_lists.file_id:
ORDER BY `purchase_items`.`created_at` DESC', [...], false)
 5 APPPATH/Models/AssignModel.php(297): CodeIgniter\Database\BaseBuilder->get()
 6 APPPATH/Controllers/Home.php(1863): App\Models\AssignModel->getTotalPurchaseWeek()
 7 SYSTEMPATH/CodeIgniter.php(934): App\Controllers\Home->dashboard()
 8 SYSTEMPATH/CodeIgniter.php(499): CodeIgniter\CodeIgniter->runController(Object(App\Controllers\Home))
 9 SYSTEMPATH/CodeIgniter.php(368): CodeIgniter\CodeIgniter->handleRequest(null, Object(Config\Cache), false)
10 FCPATH/index.php(67): CodeIgniter\CodeIgniter->run()
11 SYSTEMPATH/Commands/Server/rewrite.php(47): require_once('/Applications/MAMP/htdocs/smartwholesale/oa-app/public/index.php')
INFO - 2023-12-04 09:39:26 --> Session: Class initialized using 'CodeIgniter\Session\Handlers\FileHandler' driver.
WARNING - 2023-12-04 09:39:26 --> [DEPRECATED] strtotime(): Passing null to parameter #1 ($datetime) of type string is deprecated in APPPATH/Controllers/Home.php on line 1882.
 1 APPPATH/Controllers/Home.php(1882): strtotime(null)
 2 SYSTEMPATH/CodeIgniter.php(934): App\Controllers\Home->dashboard()
 3 SYSTEMPATH/CodeIgniter.php(499): CodeIgniter\CodeIgniter->runController(Object(App\Controllers\Home))
 4 SYSTEMPATH/CodeIgniter.php(368): CodeIgniter\CodeIgniter->handleRequest(null, Object(Config\Cache), false)
 5 FCPATH/index.php(67): CodeIgniter\CodeIgniter->run()
 6 SYSTEMPATH/Commands/Server/rewrite.php(47): require_once('/Applications/MAMP/htdocs/smartwholesale/oa-app/public/index.php')
WARNING - 2023-12-04 09:39:27 --> [DEPRECATED] round(): Passing null to parameter #1 ($num) of type int|float is deprecated in APPPATH/Views/dashboard.php on line 17.
 1 APPPATH/Views/dashboard.php(17): round(null, 2)
 2 SYSTEMPATH/View/View.php(213): include('/Applications/MAMP/htdocs/smartwholesale/oa-app/app/Views/dashboard.php')
 3 SYSTEMPATH/View/View.php(216): CodeIgniter\View\View->CodeIgniter\View\{closure}()
 4 SYSTEMPATH/Common.php(1184): CodeIgniter\View\View->render('dashboard', [], true)
 5 APPPATH/Controllers/Home.php(2214): view('dashboard', [...])
 6 SYSTEMPATH/CodeIgniter.php(934): App\Controllers\Home->dashboard()
 7 SYSTEMPATH/CodeIgniter.php(499): CodeIgniter\CodeIgniter->runController(Object(App\Controllers\Home))
 8 SYSTEMPATH/CodeIgniter.php(368): CodeIgniter\CodeIgniter->handleRequest(null, Object(Config\Cache), false)
 9 FCPATH/index.php(67): CodeIgniter\CodeIgniter->run()
10 SYSTEMPATH/Commands/Server/rewrite.php(47): require_once('/Applications/MAMP/htdocs/smartwholesale/oa-app/public/index.php')
INFO - 2023-12-04 09:39:33 --> Session: Class initialized using 'CodeIgniter\Session\Handlers\FileHandler' driver.
INFO - 2023-12-04 09:39:34 --> Session: Class initialized using 'CodeIgniter\Session\Handlers\FileHandler' driver.
INFO - 2023-12-04 09:43:22 --> Session: Class initialized using 'CodeIgniter\Session\Handlers\FileHandler' driver.
INFO - 2023-12-04 09:43:23 --> Session: Class initialized using 'CodeIgniter\Session\Handlers\FileHandler' driver.
INFO - 2023-12-04 09:43:26 --> Session: Class initialized using 'CodeIgniter\Session\Handlers\FileHandler' driver.
INFO - 2023-12-04 09:43:28 --> Session: Class initialized using 'CodeIgniter\Session\Handlers\FileHandler' driver.
INFO - 2023-12-04 09:54:05 --> Session: Class initialized using 'CodeIgniter\Session\Handlers\FileHandler' driver.
INFO - 2023-12-04 09:54:08 --> Session: Class initialized using 'CodeIgniter\Session\Handlers\FileHandler' driver.
INFO - 2023-12-04 09:54:10 --> Session: Class initialized using 'CodeIgniter\Session\Handlers\FileHandler' driver.
INFO - 2023-12-04 10:00:38 --> Session: Class initialized using 'CodeIgniter\Session\Handlers\FileHandler' driver.
INFO - 2023-12-04 10:00:40 --> Session: Class initialized using 'CodeIgniter\Session\Handlers\FileHandler' driver.
INFO - 2023-12-04 10:01:24 --> Session: Class initialized using 'CodeIgniter\Session\Handlers\FileHandler' driver.
INFO - 2023-12-04 10:04:56 --> Session: Class initialized using 'CodeIgniter\Session\Handlers\FileHandler' driver.
INFO - 2023-12-04 10:04:57 --> Session: Class initialized using 'CodeIgniter\Session\Handlers\FileHandler' driver.
INFO - 2023-12-04 10:05:55 --> Session: Class initialized using 'CodeIgniter\Session\Handlers\FileHandler' driver.
INFO - 2023-12-04 10:06:44 --> Session: Class initialized using 'CodeIgniter\Session\Handlers\FileHandler' driver.
INFO - 2023-12-04 10:07:21 --> Session: Class initialized using 'CodeIgniter\Session\Handlers\FileHandler' driver.
INFO - 2023-12-04 10:07:56 --> Session: Class initialized using 'CodeIgniter\Session\Handlers\FileHandler' driver.
INFO - 2023-12-04 10:09:07 --> Session: Class initialized using 'CodeIgniter\Session\Handlers\FileHandler' driver.
INFO - 2023-12-04 10:09:28 --> Session: Class initialized using 'CodeIgniter\Session\Handlers\FileHandler' driver.
INFO - 2023-12-04 10:10:12 --> Session: Class initialized using 'CodeIgniter\Session\Handlers\FileHandler' driver.
INFO - 2023-12-04 10:10:47 --> Session: Class initialized using 'CodeIgniter\Session\Handlers\FileHandler' driver.
INFO - 2023-12-04 10:10:50 --> Session: Class initialized using 'CodeIgniter\Session\Handlers\FileHandler' driver.
INFO - 2023-12-04 10:18:33 --> Session: Class initialized using 'CodeIgniter\Session\Handlers\FileHandler' driver.
ERROR - 2023-12-04 10:18:33 --> mysqli_sql_exception: Unknown column 'status' in 'where clause' in /Applications/MAMP/htdocs/smartwholesale/oa-app/vendor/codeigniter4/framework/system/Database/MySQLi/Connection.php:295
Stack trace:
#0 /Applications/MAMP/htdocs/smartwholesale/oa-app/vendor/codeigniter4/framework/system/Database/MySQLi/Connection.php(295): mysqli->query('SELECT *\nFROM `...', 0)
#1 /Applications/MAMP/htdocs/smartwholesale/oa-app/vendor/codeigniter4/framework/system/Database/BaseConnection.php(691): CodeIgniter\Database\MySQLi\Connection->execute('SELECT *\nFROM `...')
#2 /Applications/MAMP/htdocs/smartwholesale/oa-app/vendor/codeigniter4/framework/system/Database/BaseConnection.php(605): CodeIgniter\Database\BaseConnection->simpleQuery('SELECT *\nFROM `...')
#3 /Applications/MAMP/htdocs/smartwholesale/oa-app/vendor/codeigniter4/framework/system/Database/BaseBuilder.php(1616): CodeIgniter\Database\BaseConnection->query('SELECT *\nFROM `...', Array, false)
#4 /Applications/MAMP/htdocs/smartwholesale/oa-app/vendor/codeigniter4/framework/system/Model.php(840): CodeIgniter\Database\BaseBuilder->get()
#5 /Applications/MAMP/htdocs/smartwholesale/oa-app/app/Controllers/Home.php(2474): CodeIgniter\Model->__call('get', Array)
#6 /Applications/MAMP/htdocs/smartwholesale/oa-app/vendor/codeigniter4/framework/system/CodeIgniter.php(934): App\Controllers\Home->backuprestore()
#7 /Applications/MAMP/htdocs/smartwholesale/oa-app/vendor/codeigniter4/framework/system/CodeIgniter.php(499): CodeIgniter\CodeIgniter->runController(Object(App\Controllers\Home))
#8 /Applications/MAMP/htdocs/smartwholesale/oa-app/vendor/codeigniter4/framework/system/CodeIgniter.php(368): CodeIgniter\CodeIgniter->handleRequest(NULL, Object(Config\Cache), false)
#9 /Applications/MAMP/htdocs/smartwholesale/oa-app/public/index.php(67): CodeIgniter\CodeIgniter->run()
#10 /Applications/MAMP/htdocs/smartwholesale/oa-app/vendor/codeigniter4/framework/system/Commands/Server/rewrite.php(47): require_once('/Applications/M...')
#11 {main}
CRITICAL - 2023-12-04 10:18:33 --> Unknown column 'status' in 'where clause'
in SYSTEMPATH/Database/MySQLi/Connection.php on line 295.
 1 SYSTEMPATH/Database/MySQLi/Connection.php(295): mysqli->query('SELECT *
FROM `users`
WHERE `oauth_uid` = \'118215320312584837546\'
AND `status` = \'1\'
ORDER BY `id` DESC', 0)
 2 SYSTEMPATH/Database/BaseConnection.php(691): CodeIgniter\Database\MySQLi\Connection->execute('SELECT *
FROM `users`
WHERE `oauth_uid` = \'118215320312584837546\'
AND `status` = \'1\'
ORDER BY `id` DESC')
 3 SYSTEMPATH/Database/BaseConnection.php(605): CodeIgniter\Database\BaseConnection->simpleQuery('SELECT *
FROM `users`
WHERE `oauth_uid` = \'118215320312584837546\'
AND `status` = \'1\'
ORDER BY `id` DESC')
 4 SYSTEMPATH/Database/BaseBuilder.php(1616): CodeIgniter\Database\BaseConnection->query('SELECT *
FROM `users`
WHERE `oauth_uid` = :oauth_uid:
AND `status` = :status:
ORDER BY `id` DESC', [...], false)
 5 SYSTEMPATH/Model.php(840): CodeIgniter\Database\BaseBuilder->get()
 6 APPPATH/Controllers/Home.php(2474): CodeIgniter\Model->__call('get', [])
 7 SYSTEMPATH/CodeIgniter.php(934): App\Controllers\Home->backuprestore()
 8 SYSTEMPATH/CodeIgniter.php(499): CodeIgniter\CodeIgniter->runController(Object(App\Controllers\Home))
 9 SYSTEMPATH/CodeIgniter.php(368): CodeIgniter\CodeIgniter->handleRequest(null, Object(Config\Cache), false)
10 FCPATH/index.php(67): CodeIgniter\CodeIgniter->run()
11 SYSTEMPATH/Commands/Server/rewrite.php(47): require_once('/Applications/MAMP/htdocs/smartwholesale/oa-app/public/index.php')
INFO - 2023-12-04 10:18:47 --> Session: Class initialized using 'CodeIgniter\Session\Handlers\FileHandler' driver.
INFO - 2023-12-04 10:19:44 --> Session: Class initialized using 'CodeIgniter\Session\Handlers\FileHandler' driver.
CRITICAL - 2023-12-04 10:19:44 --> Undefined property: stdClass::$created_at
in APPPATH/Views/backup.php on line 158.
 1 APPPATH/Views/backup.php(158): CodeIgniter\Debug\Exceptions->errorHandler(2, 'Undefined property: stdClass::$created_at', '/Applications/MAMP/htdocs/smartwholesale/oa-app/app/Views/backup.php', 158)
 2 SYSTEMPATH/View/View.php(213): include('/Applications/MAMP/htdocs/smartwholesale/oa-app/app/Views/backup.php')
 3 SYSTEMPATH/View/View.php(216): CodeIgniter\View\View->CodeIgniter\View\{closure}()
 4 SYSTEMPATH/Common.php(1184): CodeIgniter\View\View->render('backup', [], true)
 5 APPPATH/Controllers/Home.php(2485): view('backup', [...])
 6 SYSTEMPATH/CodeIgniter.php(934): App\Controllers\Home->backuprestore()
 7 SYSTEMPATH/CodeIgniter.php(499): CodeIgniter\CodeIgniter->runController(Object(App\Controllers\Home))
 8 SYSTEMPATH/CodeIgniter.php(368): CodeIgniter\CodeIgniter->handleRequest(null, Object(Config\Cache), false)
 9 FCPATH/index.php(67): CodeIgniter\CodeIgniter->run()
10 SYSTEMPATH/Commands/Server/rewrite.php(47): require_once('/Applications/MAMP/htdocs/smartwholesale/oa-app/public/index.php')
INFO - 2023-12-04 10:20:23 --> Session: Class initialized using 'CodeIgniter\Session\Handlers\FileHandler' driver.
CRITICAL - 2023-12-04 10:20:23 --> Undefined variable $i
in APPPATH/Views/backup.php on line 167.
 1 APPPATH/Views/backup.php(167): CodeIgniter\Debug\Exceptions->errorHandler(2, 'Undefined variable $i', '/Applications/MAMP/htdocs/smartwholesale/oa-app/app/Views/backup.php', 167)
 2 SYSTEMPATH/View/View.php(213): include('/Applications/MAMP/htdocs/smartwholesale/oa-app/app/Views/backup.php')
 3 SYSTEMPATH/View/View.php(216): CodeIgniter\View\View->CodeIgniter\View\{closure}()
 4 SYSTEMPATH/Common.php(1184): CodeIgniter\View\View->render('backup', [], true)
 5 APPPATH/Controllers/Home.php(2485): view('backup', [...])
 6 SYSTEMPATH/CodeIgniter.php(934): App\Controllers\Home->backuprestore()
 7 SYSTEMPATH/CodeIgniter.php(499): CodeIgniter\CodeIgniter->runController(Object(App\Controllers\Home))
 8 SYSTEMPATH/CodeIgniter.php(368): CodeIgniter\CodeIgniter->handleRequest(null, Object(Config\Cache), false)
 9 FCPATH/index.php(67): CodeIgniter\CodeIgniter->run()
10 SYSTEMPATH/Commands/Server/rewrite.php(47): require_once('/Applications/MAMP/htdocs/smartwholesale/oa-app/public/index.php')
INFO - 2023-12-04 10:21:37 --> Session: Class initialized using 'CodeIgniter\Session\Handlers\FileHandler' driver.
CRITICAL - 2023-12-04 10:21:37 --> Undefined variable $i
in APPPATH/Views/backup.php on line 171.
 1 APPPATH/Views/backup.php(171): CodeIgniter\Debug\Exceptions->errorHandler(2, 'Undefined variable $i', '/Applications/MAMP/htdocs/smartwholesale/oa-app/app/Views/backup.php', 171)
 2 SYSTEMPATH/View/View.php(213): include('/Applications/MAMP/htdocs/smartwholesale/oa-app/app/Views/backup.php')
 3 SYSTEMPATH/View/View.php(216): CodeIgniter\View\View->CodeIgniter\View\{closure}()
 4 SYSTEMPATH/Common.php(1184): CodeIgniter\View\View->render('backup', [], true)
 5 APPPATH/Controllers/Home.php(2485): view('backup', [...])
 6 SYSTEMPATH/CodeIgniter.php(934): App\Controllers\Home->backuprestore()
 7 SYSTEMPATH/CodeIgniter.php(499): CodeIgniter\CodeIgniter->runController(Object(App\Controllers\Home))
 8 SYSTEMPATH/CodeIgniter.php(368): CodeIgniter\CodeIgniter->handleRequest(null, Object(Config\Cache), false)
 9 FCPATH/index.php(67): CodeIgniter\CodeIgniter->run()
10 SYSTEMPATH/Commands/Server/rewrite.php(47): require_once('/Applications/MAMP/htdocs/smartwholesale/oa-app/public/index.php')
INFO - 2023-12-04 10:21:45 --> Session: Class initialized using 'CodeIgniter\Session\Handlers\FileHandler' driver.
INFO - 2023-12-04 10:22:06 --> Session: Class initialized using 'CodeIgniter\Session\Handlers\FileHandler' driver.
INFO - 2023-12-04 10:34:52 --> Session: Class initialized using 'CodeIgniter\Session\Handlers\FileHandler' driver.
INFO - 2023-12-04 10:34:53 --> Session: Class initialized using 'CodeIgniter\Session\Handlers\FileHandler' driver.
INFO - 2023-12-04 10:34:57 --> Session: Class initialized using 'CodeIgniter\Session\Handlers\FileHandler' driver.
INFO - 2023-12-04 11:43:02 --> Session: Class initialized using 'CodeIgniter\Session\Handlers\FileHandler' driver.
INFO - 2023-12-04 11:44:03 --> Session: Class initialized using 'CodeIgniter\Session\Handlers\FileHandler' driver.
INFO - 2023-12-04 11:44:25 --> Session: Class initialized using 'CodeIgniter\Session\Handlers\FileHandler' driver.
INFO - 2023-12-04 11:44:27 --> Session: Class initialized using 'CodeIgniter\Session\Handlers\FileHandler' driver.
INFO - 2023-12-04 11:45:21 --> Session: Class initialized using 'CodeIgniter\Session\Handlers\FileHandler' driver.
INFO - 2023-12-04 11:47:01 --> Session: Class initialized using 'CodeIgniter\Session\Handlers\FileHandler' driver.
INFO - 2023-12-04 11:47:02 --> Session: Class initialized using 'CodeIgniter\Session\Handlers\FileHandler' driver.
INFO - 2023-12-04 11:47:08 --> Session: Class initialized using 'CodeIgniter\Session\Handlers\FileHandler' driver.
INFO - 2023-12-04 11:49:52 --> Session: Class initialized using 'CodeIgniter\Session\Handlers\FileHandler' driver.
INFO - 2023-12-04 11:49:54 --> Session: Class initialized using 'CodeIgniter\Session\Handlers\FileHandler' driver.
INFO - 2023-12-04 11:49:56 --> Session: Class initialized using 'CodeIgniter\Session\Handlers\FileHandler' driver.
INFO - 2023-12-04 11:49:57 --> Session: Class initialized using 'CodeIgniter\Session\Handlers\FileHandler' driver.
INFO - 2023-12-04 11:49:58 --> Session: Class initialized using 'CodeIgniter\Session\Handlers\FileHandler' driver.
INFO - 2023-12-04 11:49:59 --> Session: Class initialized using 'CodeIgniter\Session\Handlers\FileHandler' driver.
INFO - 2023-12-04 11:50:00 --> Session: Class initialized using 'CodeIgniter\Session\Handlers\FileHandler' driver.
INFO - 2023-12-04 11:50:35 --> Session: Class initialized using 'CodeIgniter\Session\Handlers\FileHandler' driver.
INFO - 2023-12-04 11:50:39 --> Session: Class initialized using 'CodeIgniter\Session\Handlers\FileHandler' driver.
INFO - 2023-12-04 11:50:40 --> Session: Class initialized using 'CodeIgniter\Session\Handlers\FileHandler' driver.
INFO - 2023-12-04 11:51:53 --> Session: Class initialized using 'CodeIgniter\Session\Handlers\FileHandler' driver.
INFO - 2023-12-04 18:13:30 --> Session: Class initialized using 'CodeIgniter\Session\Handlers\FileHandler' driver.
INFO - 2023-12-04 18:13:30 --> Session: Class initialized using 'CodeIgniter\Session\Handlers\FileHandler' driver.
INFO - 2023-12-04 18:13:36 --> Session: Class initialized using 'CodeIgniter\Session\Handlers\FileHandler' driver.
INFO - 2023-12-04 18:13:36 --> Session: Class initialized using 'CodeIgniter\Session\Handlers\FileHandler' driver.
WARNING - 2023-12-04 18:13:36 --> [DEPRECATED] strtotime(): Passing null to parameter #1 ($datetime) of type string is deprecated in APPPATH/Controllers/Home.php on line 1882.
 1 APPPATH/Controllers/Home.php(1882): strtotime(null)
 2 SYSTEMPATH/CodeIgniter.php(934): App\Controllers\Home->dashboard()
 3 SYSTEMPATH/CodeIgniter.php(499): CodeIgniter\CodeIgniter->runController(Object(App\Controllers\Home))
 4 SYSTEMPATH/CodeIgniter.php(368): CodeIgniter\CodeIgniter->handleRequest(null, Object(Config\Cache), false)
 5 FCPATH/index.php(67): CodeIgniter\CodeIgniter->run()
 6 SYSTEMPATH/Commands/Server/rewrite.php(47): require_once('/Applications/MAMP/htdocs/smartwholesale/oa-app/public/index.php')
WARNING - 2023-12-04 18:13:36 --> [DEPRECATED] round(): Passing null to parameter #1 ($num) of type int|float is deprecated in APPPATH/Views/dashboard.php on line 17.
 1 APPPATH/Views/dashboard.php(17): round(null, 2)
 2 SYSTEMPATH/View/View.php(213): include('/Applications/MAMP/htdocs/smartwholesale/oa-app/app/Views/dashboard.php')
 3 SYSTEMPATH/View/View.php(216): CodeIgniter\View\View->CodeIgniter\View\{closure}()
 4 SYSTEMPATH/Common.php(1184): CodeIgniter\View\View->render('dashboard', [], true)
 5 APPPATH/Controllers/Home.php(2214): view('dashboard', [...])
 6 SYSTEMPATH/CodeIgniter.php(934): App\Controllers\Home->dashboard()
 7 SYSTEMPATH/CodeIgniter.php(499): CodeIgniter\CodeIgniter->runController(Object(App\Controllers\Home))
 8 SYSTEMPATH/CodeIgniter.php(368): CodeIgniter\CodeIgniter->handleRequest(null, Object(Config\Cache), false)
 9 FCPATH/index.php(67): CodeIgniter\CodeIgniter->run()
10 SYSTEMPATH/Commands/Server/rewrite.php(47): require_once('/Applications/MAMP/htdocs/smartwholesale/oa-app/public/index.php')
INFO - 2023-12-04 18:14:26 --> Session: Class initialized using 'CodeIgniter\Session\Handlers\FileHandler' driver.
INFO - 2023-12-04 18:14:32 --> Session: Class initialized using 'CodeIgniter\Session\Handlers\FileHandler' driver.
CRITICAL - 2023-12-04 18:14:32 --> Invalid file: "admin/profile.php"
in SYSTEMPATH/Exceptions/FrameworkException.php on line 33.
 1 SYSTEMPATH/View/View.php(201): CodeIgniter\Exceptions\FrameworkException::forInvalidFile('admin/profile.php')
 2 SYSTEMPATH/Common.php(1184): CodeIgniter\View\View->render('admin/profile', [], true)
 3 APPPATH/Controllers/Auth.php(319): view('admin/profile', [...])
 4 SYSTEMPATH/CodeIgniter.php(934): App\Controllers\Auth->profile()
 5 SYSTEMPATH/CodeIgniter.php(499): CodeIgniter\CodeIgniter->runController(Object(App\Controllers\Auth))
 6 SYSTEMPATH/CodeIgniter.php(368): CodeIgniter\CodeIgniter->handleRequest(null, Object(Config\Cache), false)
 7 FCPATH/index.php(67): CodeIgniter\CodeIgniter->run()
 8 SYSTEMPATH/Commands/Server/rewrite.php(47): require_once('/Applications/MAMP/htdocs/smartwholesale/oa-app/public/index.php')
INFO - 2023-12-04 18:14:40 --> Session: Class initialized using 'CodeIgniter\Session\Handlers\FileHandler' driver.
CRITICAL - 2023-12-04 18:14:40 --> Invalid file: "admin/profile.php"
in SYSTEMPATH/Exceptions/FrameworkException.php on line 33.
 1 SYSTEMPATH/View/View.php(201): CodeIgniter\Exceptions\FrameworkException::forInvalidFile('admin/profile.php')
 2 SYSTEMPATH/Common.php(1184): CodeIgniter\View\View->render('admin/profile', [], true)
 3 APPPATH/Controllers/Auth.php(319): view('admin/profile', [...])
 4 SYSTEMPATH/CodeIgniter.php(934): App\Controllers\Auth->profile()
 5 SYSTEMPATH/CodeIgniter.php(499): CodeIgniter\CodeIgniter->runController(Object(App\Controllers\Auth))
 6 SYSTEMPATH/CodeIgniter.php(368): CodeIgniter\CodeIgniter->handleRequest(null, Object(Config\Cache), false)
 7 FCPATH/index.php(67): CodeIgniter\CodeIgniter->run()
 8 SYSTEMPATH/Commands/Server/rewrite.php(47): require_once('/Applications/MAMP/htdocs/smartwholesale/oa-app/public/index.php')
INFO - 2023-12-04 18:15:17 --> Session: Class initialized using 'CodeIgniter\Session\Handlers\FileHandler' driver.
CRITICAL - 2023-12-04 18:15:17 --> Undefined variable $subscription
in APPPATH/Views/layout/topbar.php on line 3.
 1 APPPATH/Views/layout/topbar.php(3): CodeIgniter\Debug\Exceptions->errorHandler(2, 'Undefined variable $subscription', '/Applications/MAMP/htdocs/smartwholesale/oa-app/app/Views/layout/topbar.php', 3)
 2 SYSTEMPATH/View/View.php(213): include('/Applications/MAMP/htdocs/smartwholesale/oa-app/app/Views/layout/topbar.php')
 3 SYSTEMPATH/View/View.php(216): CodeIgniter\View\View->CodeIgniter\View\{closure}()
 4 SYSTEMPATH/View/View.php(431): CodeIgniter\View\View->render('layout/topbar', null, true)
 5 APPPATH/Views/layout/component.php(38): CodeIgniter\View\View->include('layout/topbar')
 6 SYSTEMPATH/View/View.php(213): include('/Applications/MAMP/htdocs/smartwholesale/oa-app/app/Views/layout/component.php')
 7 SYSTEMPATH/View/View.php(216): CodeIgniter\View\View->CodeIgniter\View\{closure}()
 8 SYSTEMPATH/View/View.php(229): CodeIgniter\View\View->render('layout/component', [], true)
 9 SYSTEMPATH/Common.php(1184): CodeIgniter\View\View->render('profile', [], true)
10 APPPATH/Controllers/Auth.php(319): view('profile', [...])
11 SYSTEMPATH/CodeIgniter.php(934): App\Controllers\Auth->profile()
12 SYSTEMPATH/CodeIgniter.php(499): CodeIgniter\CodeIgniter->runController(Object(App\Controllers\Auth))
13 SYSTEMPATH/CodeIgniter.php(368): CodeIgniter\CodeIgniter->handleRequest(null, Object(Config\Cache), false)
14 FCPATH/index.php(67): CodeIgniter\CodeIgniter->run()
15 SYSTEMPATH/Commands/Server/rewrite.php(47): require_once('/Applications/MAMP/htdocs/smartwholesale/oa-app/public/index.php')
INFO - 2023-12-04 18:15:43 --> Session: Class initialized using 'CodeIgniter\Session\Handlers\FileHandler' driver.
WARNING - 2023-12-04 18:15:43 --> [DEPRECATED] strtotime(): Passing null to parameter #1 ($datetime) of type string is deprecated in APPPATH/Controllers/Home.php on line 1882.
 1 APPPATH/Controllers/Home.php(1882): strtotime(null)
 2 SYSTEMPATH/CodeIgniter.php(934): App\Controllers\Home->dashboard()
 3 SYSTEMPATH/CodeIgniter.php(499): CodeIgniter\CodeIgniter->runController(Object(App\Controllers\Home))
 4 SYSTEMPATH/CodeIgniter.php(368): CodeIgniter\CodeIgniter->handleRequest(null, Object(Config\Cache), false)
 5 FCPATH/index.php(67): CodeIgniter\CodeIgniter->run()
 6 SYSTEMPATH/Commands/Server/rewrite.php(47): require_once('/Applications/MAMP/htdocs/smartwholesale/oa-app/public/index.php')
WARNING - 2023-12-04 18:15:43 --> [DEPRECATED] round(): Passing null to parameter #1 ($num) of type int|float is deprecated in APPPATH/Views/dashboard.php on line 17.
 1 APPPATH/Views/dashboard.php(17): round(null, 2)
 2 SYSTEMPATH/View/View.php(213): include('/Applications/MAMP/htdocs/smartwholesale/oa-app/app/Views/dashboard.php')
 3 SYSTEMPATH/View/View.php(216): CodeIgniter\View\View->CodeIgniter\View\{closure}()
 4 SYSTEMPATH/Common.php(1184): CodeIgniter\View\View->render('dashboard', [], true)
 5 APPPATH/Controllers/Home.php(2214): view('dashboard', [...])
 6 SYSTEMPATH/CodeIgniter.php(934): App\Controllers\Home->dashboard()
 7 SYSTEMPATH/CodeIgniter.php(499): CodeIgniter\CodeIgniter->runController(Object(App\Controllers\Home))
 8 SYSTEMPATH/CodeIgniter.php(368): CodeIgniter\CodeIgniter->handleRequest(null, Object(Config\Cache), false)
 9 FCPATH/index.php(67): CodeIgniter\CodeIgniter->run()
10 SYSTEMPATH/Commands/Server/rewrite.php(47): require_once('/Applications/MAMP/htdocs/smartwholesale/oa-app/public/index.php')
INFO - 2023-12-04 18:15:46 --> Session: Class initialized using 'CodeIgniter\Session\Handlers\FileHandler' driver.
CRITICAL - 2023-12-04 18:15:46 --> Undefined variable $subscription
in APPPATH/Views/layout/topbar.php on line 3.
 1 APPPATH/Views/layout/topbar.php(3): CodeIgniter\Debug\Exceptions->errorHandler(2, 'Undefined variable $subscription', '/Applications/MAMP/htdocs/smartwholesale/oa-app/app/Views/layout/topbar.php', 3)
 2 SYSTEMPATH/View/View.php(213): include('/Applications/MAMP/htdocs/smartwholesale/oa-app/app/Views/layout/topbar.php')
 3 SYSTEMPATH/View/View.php(216): CodeIgniter\View\View->CodeIgniter\View\{closure}()
 4 SYSTEMPATH/View/View.php(431): CodeIgniter\View\View->render('layout/topbar', null, true)
 5 APPPATH/Views/layout/component.php(38): CodeIgniter\View\View->include('layout/topbar')
 6 SYSTEMPATH/View/View.php(213): include('/Applications/MAMP/htdocs/smartwholesale/oa-app/app/Views/layout/component.php')
 7 SYSTEMPATH/View/View.php(216): CodeIgniter\View\View->CodeIgniter\View\{closure}()
 8 SYSTEMPATH/View/View.php(229): CodeIgniter\View\View->render('layout/component', [], true)
 9 SYSTEMPATH/Common.php(1184): CodeIgniter\View\View->render('profile', [], true)
10 APPPATH/Controllers/Auth.php(319): view('profile', [...])
11 SYSTEMPATH/CodeIgniter.php(934): App\Controllers\Auth->profile()
12 SYSTEMPATH/CodeIgniter.php(499): CodeIgniter\CodeIgniter->runController(Object(App\Controllers\Auth))
13 SYSTEMPATH/CodeIgniter.php(368): CodeIgniter\CodeIgniter->handleRequest(null, Object(Config\Cache), false)
14 FCPATH/index.php(67): CodeIgniter\CodeIgniter->run()
15 SYSTEMPATH/Commands/Server/rewrite.php(47): require_once('/Applications/MAMP/htdocs/smartwholesale/oa-app/public/index.php')
INFO - 2023-12-04 18:15:56 --> Session: Class initialized using 'CodeIgniter\Session\Handlers\FileHandler' driver.
INFO - 2023-12-04 18:16:42 --> Session: Class initialized using 'CodeIgniter\Session\Handlers\FileHandler' driver.
CRITICAL - 2023-12-04 18:16:42 --> Undefined variable $subscription
in APPPATH/Views/layout/topbar.php on line 3.
 1 APPPATH/Views/layout/topbar.php(3): CodeIgniter\Debug\Exceptions->errorHandler(2, 'Undefined variable $subscription', '/Applications/MAMP/htdocs/smartwholesale/oa-app/app/Views/layout/topbar.php', 3)
 2 SYSTEMPATH/View/View.php(213): include('/Applications/MAMP/htdocs/smartwholesale/oa-app/app/Views/layout/topbar.php')
 3 SYSTEMPATH/View/View.php(216): CodeIgniter\View\View->CodeIgniter\View\{closure}()
 4 SYSTEMPATH/View/View.php(431): CodeIgniter\View\View->render('layout/topbar', null, true)
 5 APPPATH/Views/layout/component.php(38): CodeIgniter\View\View->include('layout/topbar')
 6 SYSTEMPATH/View/View.php(213): include('/Applications/MAMP/htdocs/smartwholesale/oa-app/app/Views/layout/component.php')
 7 SYSTEMPATH/View/View.php(216): CodeIgniter\View\View->CodeIgniter\View\{closure}()
 8 SYSTEMPATH/View/View.php(229): CodeIgniter\View\View->render('layout/component', [], true)
 9 SYSTEMPATH/Common.php(1184): CodeIgniter\View\View->render('profile', [], true)
10 APPPATH/Controllers/Auth.php(319): view('profile', [...])
11 SYSTEMPATH/CodeIgniter.php(934): App\Controllers\Auth->profile()
12 SYSTEMPATH/CodeIgniter.php(499): CodeIgniter\CodeIgniter->runController(Object(App\Controllers\Auth))
13 SYSTEMPATH/CodeIgniter.php(368): CodeIgniter\CodeIgniter->handleRequest(null, Object(Config\Cache), false)
14 FCPATH/index.php(67): CodeIgniter\CodeIgniter->run()
15 SYSTEMPATH/Commands/Server/rewrite.php(47): require_once('/Applications/MAMP/htdocs/smartwholesale/oa-app/public/index.php')
INFO - 2023-12-04 18:32:27 --> Session: Class initialized using 'CodeIgniter\Session\Handlers\FileHandler' driver.
INFO - 2023-12-04 18:32:29 --> Session: Class initialized using 'CodeIgniter\Session\Handlers\FileHandler' driver.
INFO - 2023-12-04 18:32:30 --> Session: Class initialized using 'CodeIgniter\Session\Handlers\FileHandler' driver.
INFO - 2023-12-04 18:32:37 --> Session: Class initialized using 'CodeIgniter\Session\Handlers\FileHandler' driver.
INFO - 2023-12-04 18:32:39 --> Session: Class initialized using 'CodeIgniter\Session\Handlers\FileHandler' driver.
INFO - 2023-12-04 18:32:45 --> Session: Class initialized using 'CodeIgniter\Session\Handlers\FileHandler' driver.
INFO - 2023-12-04 18:32:45 --> Session: Class initialized using 'CodeIgniter\Session\Handlers\FileHandler' driver.
INFO - 2023-12-04 18:32:46 --> Session: Class initialized using 'CodeIgniter\Session\Handlers\FileHandler' driver.
INFO - 2023-12-04 18:38:09 --> Session: Class initialized using 'CodeIgniter\Session\Handlers\FileHandler' driver.
INFO - 2023-12-04 18:41:35 --> Session: Class initialized using 'CodeIgniter\Session\Handlers\FileHandler' driver.
INFO - 2023-12-04 18:41:37 --> Session: Class initialized using 'CodeIgniter\Session\Handlers\FileHandler' driver.
INFO - 2023-12-04 18:42:22 --> Session: Class initialized using 'CodeIgniter\Session\Handlers\FileHandler' driver.
INFO - 2023-12-04 18:42:24 --> Session: Class initialized using 'CodeIgniter\Session\Handlers\FileHandler' driver.
INFO - 2023-12-04 18:42:52 --> Session: Class initialized using 'CodeIgniter\Session\Handlers\FileHandler' driver.
INFO - 2023-12-04 18:42:54 --> Session: Class initialized using 'CodeIgniter\Session\Handlers\FileHandler' driver.
INFO - 2023-12-04 18:43:39 --> Session: Class initialized using 'CodeIgniter\Session\Handlers\FileHandler' driver.
INFO - 2023-12-04 18:44:16 --> Session: Class initialized using 'CodeIgniter\Session\Handlers\FileHandler' driver.
INFO - 2023-12-04 18:44:16 --> Session: Class initialized using 'CodeIgniter\Session\Handlers\FileHandler' driver.
INFO - 2023-12-04 18:44:24 --> Session: Class initialized using 'CodeIgniter\Session\Handlers\FileHandler' driver.
INFO - 2023-12-04 18:44:24 --> Session: Class initialized using 'CodeIgniter\Session\Handlers\FileHandler' driver.
WARNING - 2023-12-04 18:44:24 --> [DEPRECATED] round(): Passing null to parameter #1 ($num) of type int|float is deprecated in APPPATH/Views/dashboard.php on line 182.
 1 APPPATH/Views/dashboard.php(182): round(null, 2)
 2 SYSTEMPATH/View/View.php(213): include('/Applications/MAMP/htdocs/smartwholesale/oa-app/app/Views/dashboard.php')
 3 SYSTEMPATH/View/View.php(216): CodeIgniter\View\View->CodeIgniter\View\{closure}()
 4 SYSTEMPATH/Common.php(1184): CodeIgniter\View\View->render('dashboard', [], true)
 5 APPPATH/Controllers/Home.php(2214): view('dashboard', [...])
 6 SYSTEMPATH/CodeIgniter.php(934): App\Controllers\Home->dashboard()
 7 SYSTEMPATH/CodeIgniter.php(499): CodeIgniter\CodeIgniter->runController(Object(App\Controllers\Home))
 8 SYSTEMPATH/CodeIgniter.php(368): CodeIgniter\CodeIgniter->handleRequest(null, Object(Config\Cache), false)
 9 FCPATH/index.php(67): CodeIgniter\CodeIgniter->run()
10 SYSTEMPATH/Commands/Server/rewrite.php(47): require_once('/Applications/MAMP/htdocs/smartwholesale/oa-app/public/index.php')
WARNING - 2023-12-04 18:44:24 --> [DEPRECATED] round(): Passing null to parameter #1 ($num) of type int|float is deprecated in APPPATH/Views/dashboard.php on line 189.
 1 APPPATH/Views/dashboard.php(189): round(null, 2)
 2 SYSTEMPATH/View/View.php(213): include('/Applications/MAMP/htdocs/smartwholesale/oa-app/app/Views/dashboard.php')
 3 SYSTEMPATH/View/View.php(216): CodeIgniter\View\View->CodeIgniter\View\{closure}()
 4 SYSTEMPATH/Common.php(1184): CodeIgniter\View\View->render('dashboard', [], true)
 5 APPPATH/Controllers/Home.php(2214): view('dashboard', [...])
 6 SYSTEMPATH/CodeIgniter.php(934): App\Controllers\Home->dashboard()
 7 SYSTEMPATH/CodeIgniter.php(499): CodeIgniter\CodeIgniter->runController(Object(App\Controllers\Home))
 8 SYSTEMPATH/CodeIgniter.php(368): CodeIgniter\CodeIgniter->handleRequest(null, Object(Config\Cache), false)
 9 FCPATH/index.php(67): CodeIgniter\CodeIgniter->run()
10 SYSTEMPATH/Commands/Server/rewrite.php(47): require_once('/Applications/MAMP/htdocs/smartwholesale/oa-app/public/index.php')
INFO - 2023-12-04 18:44:27 --> Session: Class initialized using 'CodeIgniter\Session\Handlers\FileHandler' driver.
INFO - 2023-12-04 18:44:29 --> Session: Class initialized using 'CodeIgniter\Session\Handlers\FileHandler' driver.
INFO - 2023-12-04 18:44:35 --> Session: Class initialized using 'CodeIgniter\Session\Handlers\FileHandler' driver.
INFO - 2023-12-04 18:44:44 --> Session: Class initialized using 'CodeIgniter\Session\Handlers\FileHandler' driver.
INFO - 2023-12-04 18:45:32 --> Session: Class initialized using 'CodeIgniter\Session\Handlers\FileHandler' driver.
INFO - 2023-12-04 18:46:19 --> Session: Class initialized using 'CodeIgniter\Session\Handlers\FileHandler' driver.
INFO - 2023-12-04 18:46:29 --> Session: Class initialized using 'CodeIgniter\Session\Handlers\FileHandler' driver.
INFO - 2023-12-04 18:46:50 --> Session: Class initialized using 'CodeIgniter\Session\Handlers\FileHandler' driver.
INFO - 2023-12-04 18:46:58 --> Session: Class initialized using 'CodeIgniter\Session\Handlers\FileHandler' driver.
INFO - 2023-12-04 18:46:59 --> Session: Class initialized using 'CodeIgniter\Session\Handlers\FileHandler' driver.
INFO - 2023-12-04 18:47:10 --> Session: Class initialized using 'CodeIgniter\Session\Handlers\FileHandler' driver.
INFO - 2023-12-04 18:47:11 --> Session: Class initialized using 'CodeIgniter\Session\Handlers\FileHandler' driver.
INFO - 2023-12-04 18:47:15 --> Session: Class initialized using 'CodeIgniter\Session\Handlers\FileHandler' driver.
INFO - 2023-12-04 18:47:15 --> Session: Class initialized using 'CodeIgniter\Session\Handlers\FileHandler' driver.
INFO - 2023-12-04 18:47:18 --> Session: Class initialized using 'CodeIgniter\Session\Handlers\FileHandler' driver.
INFO - 2023-12-04 18:47:30 --> Session: Class initialized using 'CodeIgniter\Session\Handlers\FileHandler' driver.
INFO - 2023-12-04 18:47:50 --> Session: Class initialized using 'CodeIgniter\Session\Handlers\FileHandler' driver.
INFO - 2023-12-04 18:47:52 --> Session: Class initialized using 'CodeIgniter\Session\Handlers\FileHandler' driver.
INFO - 2023-12-04 18:49:03 --> Session: Class initialized using 'CodeIgniter\Session\Handlers\FileHandler' driver.
INFO - 2023-12-04 18:49:03 --> Session: Class initialized using 'CodeIgniter\Session\Handlers\FileHandler' driver.
INFO - 2023-12-04 18:49:15 --> Session: Class initialized using 'CodeIgniter\Session\Handlers\FileHandler' driver.
INFO - 2023-12-04 18:49:27 --> Session: Class initialized using 'CodeIgniter\Session\Handlers\FileHandler' driver.
INFO - 2023-12-04 18:49:28 --> Session: Class initialized using 'CodeIgniter\Session\Handlers\FileHandler' driver.
INFO - 2023-12-04 18:50:52 --> Session: Class initialized using 'CodeIgniter\Session\Handlers\FileHandler' driver.
INFO - 2023-12-04 18:51:10 --> Session: Class initialized using 'CodeIgniter\Session\Handlers\FileHandler' driver.
INFO - 2023-12-04 18:51:10 --> Session: Class initialized using 'CodeIgniter\Session\Handlers\FileHandler' driver.
INFO - 2023-12-04 18:52:01 --> Session: Class initialized using 'CodeIgniter\Session\Handlers\FileHandler' driver.
INFO - 2023-12-04 18:52:07 --> Session: Class initialized using 'CodeIgniter\Session\Handlers\FileHandler' driver.
INFO - 2023-12-04 18:58:27 --> Session: Class initialized using 'CodeIgniter\Session\Handlers\FileHandler' driver.
ERROR - 2023-12-04 18:58:27 --> mysqli_sql_exception: Unknown column 'purchase_items.user_id' in 'where clause' in /Applications/MAMP/htdocs/smartwholesale/oa-app/vendor/codeigniter4/framework/system/Database/MySQLi/Connection.php:295
Stack trace:
#0 /Applications/MAMP/htdocs/smartwholesale/oa-app/vendor/codeigniter4/framework/system/Database/MySQLi/Connection.php(295): mysqli->query('SELECT `orders_...', 0)
#1 /Applications/MAMP/htdocs/smartwholesale/oa-app/vendor/codeigniter4/framework/system/Database/BaseConnection.php(691): CodeIgniter\Database\MySQLi\Connection->execute('SELECT `orders_...')
#2 /Applications/MAMP/htdocs/smartwholesale/oa-app/vendor/codeigniter4/framework/system/Database/BaseConnection.php(605): CodeIgniter\Database\BaseConnection->simpleQuery('SELECT `orders_...')
#3 /Applications/MAMP/htdocs/smartwholesale/oa-app/vendor/codeigniter4/framework/system/Database/BaseBuilder.php(1616): CodeIgniter\Database\BaseConnection->query('SELECT `orders_...', Array, false)
#4 /Applications/MAMP/htdocs/smartwholesale/oa-app/app/Models/AssignModel.php(254): CodeIgniter\Database\BaseBuilder->get()
#5 /Applications/MAMP/htdocs/smartwholesale/oa-app/app/Controllers/Home.php(1692): App\Models\AssignModel->getAssignedData3('2023-11-27', '2023-12-04')
#6 /Applications/MAMP/htdocs/smartwholesale/oa-app/vendor/codeigniter4/framework/system/CodeIgniter.php(934): App\Controllers\Home->needToUpload()
#7 /Applications/MAMP/htdocs/smartwholesale/oa-app/vendor/codeigniter4/framework/system/CodeIgniter.php(499): CodeIgniter\CodeIgniter->runController(Object(App\Controllers\Home))
#8 /Applications/MAMP/htdocs/smartwholesale/oa-app/vendor/codeigniter4/framework/system/CodeIgniter.php(368): CodeIgniter\CodeIgniter->handleRequest(NULL, Object(Config\Cache), false)
#9 /Applications/MAMP/htdocs/smartwholesale/oa-app/public/index.php(67): CodeIgniter\CodeIgniter->run()
#10 /Applications/MAMP/htdocs/smartwholesale/oa-app/vendor/codeigniter4/framework/system/Commands/Server/rewrite.php(47): require_once('/Applications/M...')
#11 {main}
CRITICAL - 2023-12-04 18:58:27 --> Unknown column 'purchase_items.user_id' in 'where clause'
in SYSTEMPATH/Database/MySQLi/Connection.php on line 295.
 1 SYSTEMPATH/Database/MySQLi/Connection.php(295): mysqli->query('SELECT `orders_status`.*, `lead_lists`.`id` as `lid`, `lead_lists`.`title`, `lead_lists`.`asin`, `market_price`, `purchase_items`.`qty` as `qty_ordered`, `buy_cost`, `purchase_items`.`lead_id` as `uid`, `purchase_items`.`id` as `pid`, `client_name`, `company`, `assigned_items`.*, `assigned_items`.`id` as `aid`, `shipments`.`id` as `sid`, `shipments`.`fba_number`, `shipments`.`shipment_number`
FROM `shipment_details`
JOIN `assigned_items` ON `shipment_details`.`assigned_id` = `assigned_items`.`id`
JOIN `shipments` ON `shipments`.`id` = `shipment_details`.`shipment_id`
JOIN `purchase_items` ON `assigned_items`.`item_id` = `purchase_items`.`id`
JOIN `orders_status` ON `orders_status`.`purchased_item_id` = `purchase_items`.`id`
JOIN `clients` ON `clients`.`id` = `assigned_items`.`order_id`
JOIN `lead_lists` ON `lead_lists`.`id` = `purchase_items`.`lead_id`
JOIN `users` ON `lead_lists`.`file_id` = `users`.`id`
WHERE `assigned_items`.`assigned_date` >= \'2023-11-27 00:00:00\'
AND `assigned_items`.`assigned_date` <= \'2023-12-04 23:59:59\'
AND assigned_items.order_id is NOT NULL
AND `assigned_items`.`order_id` != 0
AND `purchase_items`.`activation` = \'1\'
AND `purchase_items`.`user_id` = \'1\'
GROUP BY `assigned_items`.`id`
ORDER BY `assigned_items`.`order_id` ASC, `assigned_items`.`assigned_date` ASC', 0)
 2 SYSTEMPATH/Database/BaseConnection.php(691): CodeIgniter\Database\MySQLi\Connection->execute('SELECT `orders_status`.*, `lead_lists`.`id` as `lid`, `lead_lists`.`title`, `lead_lists`.`asin`, `market_price`, `purchase_items`.`qty` as `qty_ordered`, `buy_cost`, `purchase_items`.`lead_id` as `uid`, `purchase_items`.`id` as `pid`, `client_name`, `company`, `assigned_items`.*, `assigned_items`.`id` as `aid`, `shipments`.`id` as `sid`, `shipments`.`fba_number`, `shipments`.`shipment_number`
FROM `shipment_details`
JOIN `assigned_items` ON `shipment_details`.`assigned_id` = `assigned_items`.`id`
JOIN `shipments` ON `shipments`.`id` = `shipment_details`.`shipment_id`
JOIN `purchase_items` ON `assigned_items`.`item_id` = `purchase_items`.`id`
JOIN `orders_status` ON `orders_status`.`purchased_item_id` = `purchase_items`.`id`
JOIN `clients` ON `clients`.`id` = `assigned_items`.`order_id`
JOIN `lead_lists` ON `lead_lists`.`id` = `purchase_items`.`lead_id`
JOIN `users` ON `lead_lists`.`file_id` = `users`.`id`
WHERE `assigned_items`.`assigned_date` >= \'2023-11-27 00:00:00\'
AND `assigned_items`.`assigned_date` <= \'2023-12-04 23:59:59\'
AND assigned_items.order_id is NOT NULL
AND `assigned_items`.`order_id` != 0
AND `purchase_items`.`activation` = \'1\'
AND `purchase_items`.`user_id` = \'1\'
GROUP BY `assigned_items`.`id`
ORDER BY `assigned_items`.`order_id` ASC, `assigned_items`.`assigned_date` ASC')
 3 SYSTEMPATH/Database/BaseConnection.php(605): CodeIgniter\Database\BaseConnection->simpleQuery('SELECT `orders_status`.*, `lead_lists`.`id` as `lid`, `lead_lists`.`title`, `lead_lists`.`asin`, `market_price`, `purchase_items`.`qty` as `qty_ordered`, `buy_cost`, `purchase_items`.`lead_id` as `uid`, `purchase_items`.`id` as `pid`, `client_name`, `company`, `assigned_items`.*, `assigned_items`.`id` as `aid`, `shipments`.`id` as `sid`, `shipments`.`fba_number`, `shipments`.`shipment_number`
FROM `shipment_details`
JOIN `assigned_items` ON `shipment_details`.`assigned_id` = `assigned_items`.`id`
JOIN `shipments` ON `shipments`.`id` = `shipment_details`.`shipment_id`
JOIN `purchase_items` ON `assigned_items`.`item_id` = `purchase_items`.`id`
JOIN `orders_status` ON `orders_status`.`purchased_item_id` = `purchase_items`.`id`
JOIN `clients` ON `clients`.`id` = `assigned_items`.`order_id`
JOIN `lead_lists` ON `lead_lists`.`id` = `purchase_items`.`lead_id`
JOIN `users` ON `lead_lists`.`file_id` = `users`.`id`
WHERE `assigned_items`.`assigned_date` >= \'2023-11-27 00:00:00\'
AND `assigned_items`.`assigned_date` <= \'2023-12-04 23:59:59\'
AND assigned_items.order_id is NOT NULL
AND `assigned_items`.`order_id` != 0
AND `purchase_items`.`activation` = \'1\'
AND `purchase_items`.`user_id` = \'1\'
GROUP BY `assigned_items`.`id`
ORDER BY `assigned_items`.`order_id` ASC, `assigned_items`.`assigned_date` ASC')
 4 SYSTEMPATH/Database/BaseBuilder.php(1616): CodeIgniter\Database\BaseConnection->query('SELECT `orders_status`.*, `lead_lists`.`id` as `lid`, `lead_lists`.`title`, `lead_lists`.`asin`, `market_price`, `purchase_items`.`qty` as `qty_ordered`, `buy_cost`, `purchase_items`.`lead_id` as `uid`, `purchase_items`.`id` as `pid`, `client_name`, `company`, `assigned_items`.*, `assigned_items`.`id` as `aid`, `shipments`.`id` as `sid`, `shipments`.`fba_number`, `shipments`.`shipment_number`
FROM `shipment_details`
JOIN `assigned_items` ON `shipment_details`.`assigned_id` = `assigned_items`.`id`
JOIN `shipments` ON `shipments`.`id` = `shipment_details`.`shipment_id`
JOIN `purchase_items` ON `assigned_items`.`item_id` = `purchase_items`.`id`
JOIN `orders_status` ON `orders_status`.`purchased_item_id` = `purchase_items`.`id`
JOIN `clients` ON `clients`.`id` = `assigned_items`.`order_id`
JOIN `lead_lists` ON `lead_lists`.`id` = `purchase_items`.`lead_id`
JOIN `users` ON `lead_lists`.`file_id` = `users`.`id`
WHERE `assigned_items`.`assigned_date` >= :assigned_items.assigned_date:
AND `assigned_items`.`assigned_date` <= :assigned_items.assigned_date.1:
AND assigned_items.order_id is NOT NULL
AND `assigned_items`.`order_id` != 0
AND `purchase_items`.`activation` = :purchase_items.activation:
AND `purchase_items`.`user_id` = :purchase_items.user_id:
GROUP BY `assigned_items`.`id`
ORDER BY `assigned_items`.`order_id` ASC, `assigned_items`.`assigned_date` ASC', [...], false)
 5 APPPATH/Models/AssignModel.php(254): CodeIgniter\Database\BaseBuilder->get()
 6 APPPATH/Controllers/Home.php(1692): App\Models\AssignModel->getAssignedData3('2023-11-27', '2023-12-04')
 7 SYSTEMPATH/CodeIgniter.php(934): App\Controllers\Home->needToUpload()
 8 SYSTEMPATH/CodeIgniter.php(499): CodeIgniter\CodeIgniter->runController(Object(App\Controllers\Home))
 9 SYSTEMPATH/CodeIgniter.php(368): CodeIgniter\CodeIgniter->handleRequest(null, Object(Config\Cache), false)
10 FCPATH/index.php(67): CodeIgniter\CodeIgniter->run()
11 SYSTEMPATH/Commands/Server/rewrite.php(47): require_once('/Applications/MAMP/htdocs/smartwholesale/oa-app/public/index.php')
INFO - 2023-12-04 18:58:36 --> Session: Class initialized using 'CodeIgniter\Session\Handlers\FileHandler' driver.
INFO - 2023-12-04 18:59:39 --> Session: Class initialized using 'CodeIgniter\Session\Handlers\FileHandler' driver.
INFO - 2023-12-04 19:04:02 --> Session: Class initialized using 'CodeIgniter\Session\Handlers\FileHandler' driver.
INFO - 2023-12-04 19:06:21 --> Session: Class initialized using 'CodeIgniter\Session\Handlers\FileHandler' driver.
INFO - 2023-12-04 19:06:26 --> Session: Class initialized using 'CodeIgniter\Session\Handlers\FileHandler' driver.
INFO - 2023-12-04 19:06:29 --> Session: Class initialized using 'CodeIgniter\Session\Handlers\FileHandler' driver.
