INFO - 2023-12-26 17:26:21 --> Session: Class initialized using 'CodeIgniter\Session\Handlers\FileHandler' driver.
INFO - 2023-12-26 20:30:50 --> Session: Class initialized using 'CodeIgniter\Session\Handlers\FileHandler' driver.
INFO - 2023-12-26 20:30:50 --> Session: Class initialized using 'CodeIgniter\Session\Handlers\FileHandler' driver.
INFO - 2023-12-26 20:30:53 --> Session: Class initialized using 'CodeIgniter\Session\Handlers\FileHandler' driver.
INFO - 2023-12-26 20:43:59 --> Session: Class initialized using 'CodeIgniter\Session\Handlers\FileHandler' driver.
INFO - 2023-12-26 20:44:00 --> Session: Class initialized using 'CodeIgniter\Session\Handlers\FileHandler' driver.
INFO - 2023-12-26 20:44:32 --> Session: Class initialized using 'CodeIgniter\Session\Handlers\FileHandler' driver.
INFO - 2023-12-26 20:44:33 --> Session: Class initialized using 'CodeIgniter\Session\Handlers\FileHandler' driver.
INFO - 2023-12-26 20:44:36 --> Session: Class initialized using 'CodeIgniter\Session\Handlers\FileHandler' driver.
INFO - 2023-12-26 20:44:37 --> Session: Class initialized using 'CodeIgniter\Session\Handlers\FileHandler' driver.
INFO - 2023-12-26 20:44:38 --> Session: Class initialized using 'CodeIgniter\Session\Handlers\FileHandler' driver.
INFO - 2023-12-26 20:44:39 --> Session: Class initialized using 'CodeIgniter\Session\Handlers\FileHandler' driver.
INFO - 2023-12-26 20:44:40 --> Session: Class initialized using 'CodeIgniter\Session\Handlers\FileHandler' driver.
INFO - 2023-12-26 20:44:42 --> Session: Class initialized using 'CodeIgniter\Session\Handlers\FileHandler' driver.
INFO - 2023-12-26 20:44:43 --> Session: Class initialized using 'CodeIgniter\Session\Handlers\FileHandler' driver.
INFO - 2023-12-26 20:44:47 --> Session: Class initialized using 'CodeIgniter\Session\Handlers\FileHandler' driver.
INFO - 2023-12-26 20:44:47 --> Session: Class initialized using 'CodeIgniter\Session\Handlers\FileHandler' driver.
INFO - 2023-12-26 20:44:48 --> Session: Class initialized using 'CodeIgniter\Session\Handlers\FileHandler' driver.
INFO - 2023-12-26 20:45:02 --> Session: Class initialized using 'CodeIgniter\Session\Handlers\FileHandler' driver.
INFO - 2023-12-26 20:45:04 --> Session: Class initialized using 'CodeIgniter\Session\Handlers\FileHandler' driver.
INFO - 2023-12-26 20:46:32 --> Session: Class initialized using 'CodeIgniter\Session\Handlers\FileHandler' driver.
INFO - 2023-12-26 20:52:42 --> Session: Class initialized using 'CodeIgniter\Session\Handlers\FileHandler' driver.
INFO - 2023-12-26 20:52:53 --> Session: Class initialized using 'CodeIgniter\Session\Handlers\FileHandler' driver.
INFO - 2023-12-26 20:53:29 --> Session: Class initialized using 'CodeIgniter\Session\Handlers\FileHandler' driver.
INFO - 2023-12-26 20:53:30 --> Session: Class initialized using 'CodeIgniter\Session\Handlers\FileHandler' driver.
INFO - 2023-12-26 20:53:37 --> Session: Class initialized using 'CodeIgniter\Session\Handlers\FileHandler' driver.
INFO - 2023-12-26 20:53:47 --> Session: Class initialized using 'CodeIgniter\Session\Handlers\FileHandler' driver.
INFO - 2023-12-26 20:53:51 --> Session: Class initialized using 'CodeIgniter\Session\Handlers\FileHandler' driver.
INFO - 2023-12-26 20:54:06 --> Session: Class initialized using 'CodeIgniter\Session\Handlers\FileHandler' driver.
INFO - 2023-12-26 20:54:21 --> Session: Class initialized using 'CodeIgniter\Session\Handlers\FileHandler' driver.
INFO - 2023-12-26 20:54:50 --> Session: Class initialized using 'CodeIgniter\Session\Handlers\FileHandler' driver.
INFO - 2023-12-26 20:54:56 --> Session: Class initialized using 'CodeIgniter\Session\Handlers\FileHandler' driver.
INFO - 2023-12-26 20:55:22 --> Session: Class initialized using 'CodeIgniter\Session\Handlers\FileHandler' driver.
INFO - 2023-12-26 20:55:30 --> Session: Class initialized using 'CodeIgniter\Session\Handlers\FileHandler' driver.
INFO - 2023-12-26 20:55:37 --> Session: Class initialized using 'CodeIgniter\Session\Handlers\FileHandler' driver.
INFO - 2023-12-26 20:55:43 --> Session: Class initialized using 'CodeIgniter\Session\Handlers\FileHandler' driver.
INFO - 2023-12-26 20:55:50 --> Session: Class initialized using 'CodeIgniter\Session\Handlers\FileHandler' driver.
INFO - 2023-12-26 20:55:50 --> Session: Class initialized using 'CodeIgniter\Session\Handlers\FileHandler' driver.
INFO - 2023-12-26 20:55:54 --> Session: Class initialized using 'CodeIgniter\Session\Handlers\FileHandler' driver.
INFO - 2023-12-26 20:56:07 --> Session: Class initialized using 'CodeIgniter\Session\Handlers\FileHandler' driver.
INFO - 2023-12-26 20:56:23 --> Session: Class initialized using 'CodeIgniter\Session\Handlers\FileHandler' driver.
INFO - 2023-12-26 20:56:32 --> Session: Class initialized using 'CodeIgniter\Session\Handlers\FileHandler' driver.
INFO - 2023-12-26 20:56:36 --> Session: Class initialized using 'CodeIgniter\Session\Handlers\FileHandler' driver.
INFO - 2023-12-26 20:57:00 --> Session: Class initialized using 'CodeIgniter\Session\Handlers\FileHandler' driver.
INFO - 2023-12-26 21:00:47 --> Session: Class initialized using 'CodeIgniter\Session\Handlers\FileHandler' driver.
INFO - 2023-12-26 21:00:48 --> Session: Class initialized using 'CodeIgniter\Session\Handlers\FileHandler' driver.
INFO - 2023-12-26 21:01:01 --> Session: Class initialized using 'CodeIgniter\Session\Handlers\FileHandler' driver.
INFO - 2023-12-26 21:02:42 --> Session: Class initialized using 'CodeIgniter\Session\Handlers\FileHandler' driver.
INFO - 2023-12-26 21:02:43 --> Session: Class initialized using 'CodeIgniter\Session\Handlers\FileHandler' driver.
INFO - 2023-12-26 21:03:15 --> Session: Class initialized using 'CodeIgniter\Session\Handlers\FileHandler' driver.
INFO - 2023-12-26 21:03:16 --> Session: Class initialized using 'CodeIgniter\Session\Handlers\FileHandler' driver.
INFO - 2023-12-26 21:04:03 --> Session: Class initialized using 'CodeIgniter\Session\Handlers\FileHandler' driver.
INFO - 2023-12-26 21:04:26 --> Session: Class initialized using 'CodeIgniter\Session\Handlers\FileHandler' driver.
ERROR - 2023-12-26 21:04:26 --> mysqli_sql_exception: You have an error in your SQL syntax; check the manual that corresponds to your MySQL server version for the right syntax to use near ') as total_unreceived
FROM `orders_status`
JOIN `purchase_items` ON `purchase_it' at line 1 in /Applications/MAMP/htdocs/smartwholesale/oa-app-api/vendor/codeigniter4/framework/system/Database/MySQLi/Connection.php:295
Stack trace:
#0 /Applications/MAMP/htdocs/smartwholesale/oa-app-api/vendor/codeigniter4/framework/system/Database/MySQLi/Connection.php(295): mysqli->query('SELECT ABS(((SU...', 0)
#1 /Applications/MAMP/htdocs/smartwholesale/oa-app-api/vendor/codeigniter4/framework/system/Database/BaseConnection.php(691): CodeIgniter\Database\MySQLi\Connection->execute('SELECT ABS(((SU...')
#2 /Applications/MAMP/htdocs/smartwholesale/oa-app-api/vendor/codeigniter4/framework/system/Database/BaseConnection.php(605): CodeIgniter\Database\BaseConnection->simpleQuery('SELECT ABS(((SU...')
#3 /Applications/MAMP/htdocs/smartwholesale/oa-app-api/vendor/codeigniter4/framework/system/Database/BaseBuilder.php(1616): CodeIgniter\Database\BaseConnection->query('SELECT ABS(((SU...', Array, false)
#4 /Applications/MAMP/htdocs/smartwholesale/oa-app-api/app/Models/pnp/OrderStatusModel.php(244): CodeIgniter\Database\BaseBuilder->get()
#5 /Applications/MAMP/htdocs/smartwholesale/oa-app-api/app/Controllers/pnp/Home.php(1157): App\Models\pnp\OrderStatusModel->getTotalUnreceived('2023-12-26')
#6 /Applications/MAMP/htdocs/smartwholesale/oa-app-api/vendor/codeigniter4/framework/system/CodeIgniter.php(934): App\Controllers\pnp\Home->dashboard()
#7 /Applications/MAMP/htdocs/smartwholesale/oa-app-api/vendor/codeigniter4/framework/system/CodeIgniter.php(499): CodeIgniter\CodeIgniter->runController(Object(App\Controllers\pnp\Home))
#8 /Applications/MAMP/htdocs/smartwholesale/oa-app-api/vendor/codeigniter4/framework/system/CodeIgniter.php(368): CodeIgniter\CodeIgniter->handleRequest(NULL, Object(Config\Cache), false)
#9 /Applications/MAMP/htdocs/smartwholesale/oa-app-api/public/index.php(67): CodeIgniter\CodeIgniter->run()
#10 /Applications/MAMP/htdocs/smartwholesale/oa-app-api/vendor/codeigniter4/framework/system/Commands/Server/rewrite.php(47): require_once('/Applications/M...')
#11 {main}
CRITICAL - 2023-12-26 21:04:26 --> You have an error in your SQL syntax; check the manual that corresponds to your MySQL server version for the right syntax to use near ') as total_unreceived
FROM `orders_status`
JOIN `purchase_items` ON `purchase_it' at line 1
in SYSTEMPATH/Database/MySQLi/Connection.php on line 295.
 1 SYSTEMPATH/Database/MySQLi/Connection.php(295): mysqli->query('SELECT ABS(((SUM(qty_received) + SUM(qty_returned)) ))) as total_unreceived
FROM `orders_status`
JOIN `purchase_items` ON `purchase_items`.`id` = `orders_status`.`purchased_item_id`
JOIN `lead_lists` ON `lead_lists`.`id` = `purchase_items`.`lead_id`
WHERE `lead_lists`.`file_id` = \'26\'
AND DATE(orders_status.received_date) = \'2023-12-26\'
GROUP BY `orders_status`.`id`', 0)
 2 SYSTEMPATH/Database/BaseConnection.php(691): CodeIgniter\Database\MySQLi\Connection->execute('SELECT ABS(((SUM(qty_received) + SUM(qty_returned)) ))) as total_unreceived
FROM `orders_status`
JOIN `purchase_items` ON `purchase_items`.`id` = `orders_status`.`purchased_item_id`
JOIN `lead_lists` ON `lead_lists`.`id` = `purchase_items`.`lead_id`
WHERE `lead_lists`.`file_id` = \'26\'
AND DATE(orders_status.received_date) = \'2023-12-26\'
GROUP BY `orders_status`.`id`')
 3 SYSTEMPATH/Database/BaseConnection.php(605): CodeIgniter\Database\BaseConnection->simpleQuery('SELECT ABS(((SUM(qty_received) + SUM(qty_returned)) ))) as total_unreceived
FROM `orders_status`
JOIN `purchase_items` ON `purchase_items`.`id` = `orders_status`.`purchased_item_id`
JOIN `lead_lists` ON `lead_lists`.`id` = `purchase_items`.`lead_id`
WHERE `lead_lists`.`file_id` = \'26\'
AND DATE(orders_status.received_date) = \'2023-12-26\'
GROUP BY `orders_status`.`id`')
 4 SYSTEMPATH/Database/BaseBuilder.php(1616): CodeIgniter\Database\BaseConnection->query('SELECT ABS(((SUM(qty_received) + SUM(qty_returned)) ))) as total_unreceived
FROM `orders_status`
JOIN `purchase_items` ON `purchase_items`.`id` = `orders_status`.`purchased_item_id`
JOIN `lead_lists` ON `lead_lists`.`id` = `purchase_items`.`lead_id`
WHERE `lead_lists`.`file_id` = :lead_lists.file_id:
AND DATE(orders_status.received_date) = :DATE(orders_status.received_date):
GROUP BY `orders_status`.`id`', [...], false)
 5 APPPATH/Models/pnp/OrderStatusModel.php(244): CodeIgniter\Database\BaseBuilder->get()
 6 APPPATH/Controllers/pnp/Home.php(1157): App\Models\pnp\OrderStatusModel->getTotalUnreceived('2023-12-26')
 7 SYSTEMPATH/CodeIgniter.php(934): App\Controllers\pnp\Home->dashboard()
 8 SYSTEMPATH/CodeIgniter.php(499): CodeIgniter\CodeIgniter->runController(Object(App\Controllers\pnp\Home))
 9 SYSTEMPATH/CodeIgniter.php(368): CodeIgniter\CodeIgniter->handleRequest(null, Object(Config\Cache), false)
10 FCPATH/index.php(67): CodeIgniter\CodeIgniter->run()
11 SYSTEMPATH/Commands/Server/rewrite.php(47): require_once('/Applications/MAMP/htdocs/smartwholesale/oa-app-api/public/index.php')
INFO - 2023-12-26 21:04:33 --> Session: Class initialized using 'CodeIgniter\Session\Handlers\FileHandler' driver.
INFO - 2023-12-26 21:04:43 --> Session: Class initialized using 'CodeIgniter\Session\Handlers\FileHandler' driver.
INFO - 2023-12-26 21:04:53 --> Session: Class initialized using 'CodeIgniter\Session\Handlers\FileHandler' driver.
INFO - 2023-12-26 21:05:07 --> Session: Class initialized using 'CodeIgniter\Session\Handlers\FileHandler' driver.
INFO - 2023-12-26 21:05:28 --> Session: Class initialized using 'CodeIgniter\Session\Handlers\FileHandler' driver.
ERROR - 2023-12-26 21:05:28 --> mysqli_sql_exception: FUNCTION oa-app-api.IS_NULL does not exist in /Applications/MAMP/htdocs/smartwholesale/oa-app-api/vendor/codeigniter4/framework/system/Database/MySQLi/Connection.php:295
Stack trace:
#0 /Applications/MAMP/htdocs/smartwholesale/oa-app-api/vendor/codeigniter4/framework/system/Database/MySQLi/Connection.php(295): mysqli->query('SELECT ((SUM(qt...', 0)
#1 /Applications/MAMP/htdocs/smartwholesale/oa-app-api/vendor/codeigniter4/framework/system/Database/BaseConnection.php(691): CodeIgniter\Database\MySQLi\Connection->execute('SELECT ((SUM(qt...')
#2 /Applications/MAMP/htdocs/smartwholesale/oa-app-api/vendor/codeigniter4/framework/system/Database/BaseConnection.php(605): CodeIgniter\Database\BaseConnection->simpleQuery('SELECT ((SUM(qt...')
#3 /Applications/MAMP/htdocs/smartwholesale/oa-app-api/vendor/codeigniter4/framework/system/Database/BaseBuilder.php(1616): CodeIgniter\Database\BaseConnection->query('SELECT ((SUM(qt...', Array, false)
#4 /Applications/MAMP/htdocs/smartwholesale/oa-app-api/app/Models/pnp/OrderStatusModel.php(244): CodeIgniter\Database\BaseBuilder->get()
#5 /Applications/MAMP/htdocs/smartwholesale/oa-app-api/app/Controllers/pnp/Home.php(1157): App\Models\pnp\OrderStatusModel->getTotalUnreceived('2023-12-26')
#6 /Applications/MAMP/htdocs/smartwholesale/oa-app-api/vendor/codeigniter4/framework/system/CodeIgniter.php(934): App\Controllers\pnp\Home->dashboard()
#7 /Applications/MAMP/htdocs/smartwholesale/oa-app-api/vendor/codeigniter4/framework/system/CodeIgniter.php(499): CodeIgniter\CodeIgniter->runController(Object(App\Controllers\pnp\Home))
#8 /Applications/MAMP/htdocs/smartwholesale/oa-app-api/vendor/codeigniter4/framework/system/CodeIgniter.php(368): CodeIgniter\CodeIgniter->handleRequest(NULL, Object(Config\Cache), false)
#9 /Applications/MAMP/htdocs/smartwholesale/oa-app-api/public/index.php(67): CodeIgniter\CodeIgniter->run()
#10 /Applications/MAMP/htdocs/smartwholesale/oa-app-api/vendor/codeigniter4/framework/system/Commands/Server/rewrite.php(47): require_once('/Applications/M...')
#11 {main}
CRITICAL - 2023-12-26 21:05:28 --> FUNCTION oa-app-api.IS_NULL does not exist
in SYSTEMPATH/Database/MySQLi/Connection.php on line 295.
 1 SYSTEMPATH/Database/MySQLi/Connection.php(295): mysqli->query('SELECT ((SUM(qty_received + IS_NULL(qty_returned, 0))) - SUM(purchase_items.qty)) as total_unreceived
FROM `orders_status`
JOIN `purchase_items` ON `purchase_items`.`id` = `orders_status`.`purchased_item_id`
JOIN `lead_lists` ON `lead_lists`.`id` = `purchase_items`.`lead_id`
WHERE `lead_lists`.`file_id` = \'26\'
AND DATE(orders_status.received_date) = \'2023-12-26\'
GROUP BY `orders_status`.`id`', 0)
 2 SYSTEMPATH/Database/BaseConnection.php(691): CodeIgniter\Database\MySQLi\Connection->execute('SELECT ((SUM(qty_received + IS_NULL(qty_returned, 0))) - SUM(purchase_items.qty)) as total_unreceived
FROM `orders_status`
JOIN `purchase_items` ON `purchase_items`.`id` = `orders_status`.`purchased_item_id`
JOIN `lead_lists` ON `lead_lists`.`id` = `purchase_items`.`lead_id`
WHERE `lead_lists`.`file_id` = \'26\'
AND DATE(orders_status.received_date) = \'2023-12-26\'
GROUP BY `orders_status`.`id`')
 3 SYSTEMPATH/Database/BaseConnection.php(605): CodeIgniter\Database\BaseConnection->simpleQuery('SELECT ((SUM(qty_received + IS_NULL(qty_returned, 0))) - SUM(purchase_items.qty)) as total_unreceived
FROM `orders_status`
JOIN `purchase_items` ON `purchase_items`.`id` = `orders_status`.`purchased_item_id`
JOIN `lead_lists` ON `lead_lists`.`id` = `purchase_items`.`lead_id`
WHERE `lead_lists`.`file_id` = \'26\'
AND DATE(orders_status.received_date) = \'2023-12-26\'
GROUP BY `orders_status`.`id`')
 4 SYSTEMPATH/Database/BaseBuilder.php(1616): CodeIgniter\Database\BaseConnection->query('SELECT ((SUM(qty_received + IS_NULL(qty_returned, 0))) - SUM(purchase_items.qty)) as total_unreceived
FROM `orders_status`
JOIN `purchase_items` ON `purchase_items`.`id` = `orders_status`.`purchased_item_id`
JOIN `lead_lists` ON `lead_lists`.`id` = `purchase_items`.`lead_id`
WHERE `lead_lists`.`file_id` = :lead_lists.file_id:
AND DATE(orders_status.received_date) = :DATE(orders_status.received_date):
GROUP BY `orders_status`.`id`', [...], false)
 5 APPPATH/Models/pnp/OrderStatusModel.php(244): CodeIgniter\Database\BaseBuilder->get()
 6 APPPATH/Controllers/pnp/Home.php(1157): App\Models\pnp\OrderStatusModel->getTotalUnreceived('2023-12-26')
 7 SYSTEMPATH/CodeIgniter.php(934): App\Controllers\pnp\Home->dashboard()
 8 SYSTEMPATH/CodeIgniter.php(499): CodeIgniter\CodeIgniter->runController(Object(App\Controllers\pnp\Home))
 9 SYSTEMPATH/CodeIgniter.php(368): CodeIgniter\CodeIgniter->handleRequest(null, Object(Config\Cache), false)
10 FCPATH/index.php(67): CodeIgniter\CodeIgniter->run()
11 SYSTEMPATH/Commands/Server/rewrite.php(47): require_once('/Applications/MAMP/htdocs/smartwholesale/oa-app-api/public/index.php')
INFO - 2023-12-26 21:05:35 --> Session: Class initialized using 'CodeIgniter\Session\Handlers\FileHandler' driver.
ERROR - 2023-12-26 21:05:35 --> mysqli_sql_exception: FUNCTION oa-app-api.IF_NULL does not exist in /Applications/MAMP/htdocs/smartwholesale/oa-app-api/vendor/codeigniter4/framework/system/Database/MySQLi/Connection.php:295
Stack trace:
#0 /Applications/MAMP/htdocs/smartwholesale/oa-app-api/vendor/codeigniter4/framework/system/Database/MySQLi/Connection.php(295): mysqli->query('SELECT ((SUM(qt...', 0)
#1 /Applications/MAMP/htdocs/smartwholesale/oa-app-api/vendor/codeigniter4/framework/system/Database/BaseConnection.php(691): CodeIgniter\Database\MySQLi\Connection->execute('SELECT ((SUM(qt...')
#2 /Applications/MAMP/htdocs/smartwholesale/oa-app-api/vendor/codeigniter4/framework/system/Database/BaseConnection.php(605): CodeIgniter\Database\BaseConnection->simpleQuery('SELECT ((SUM(qt...')
#3 /Applications/MAMP/htdocs/smartwholesale/oa-app-api/vendor/codeigniter4/framework/system/Database/BaseBuilder.php(1616): CodeIgniter\Database\BaseConnection->query('SELECT ((SUM(qt...', Array, false)
#4 /Applications/MAMP/htdocs/smartwholesale/oa-app-api/app/Models/pnp/OrderStatusModel.php(244): CodeIgniter\Database\BaseBuilder->get()
#5 /Applications/MAMP/htdocs/smartwholesale/oa-app-api/app/Controllers/pnp/Home.php(1157): App\Models\pnp\OrderStatusModel->getTotalUnreceived('2023-12-26')
#6 /Applications/MAMP/htdocs/smartwholesale/oa-app-api/vendor/codeigniter4/framework/system/CodeIgniter.php(934): App\Controllers\pnp\Home->dashboard()
#7 /Applications/MAMP/htdocs/smartwholesale/oa-app-api/vendor/codeigniter4/framework/system/CodeIgniter.php(499): CodeIgniter\CodeIgniter->runController(Object(App\Controllers\pnp\Home))
#8 /Applications/MAMP/htdocs/smartwholesale/oa-app-api/vendor/codeigniter4/framework/system/CodeIgniter.php(368): CodeIgniter\CodeIgniter->handleRequest(NULL, Object(Config\Cache), false)
#9 /Applications/MAMP/htdocs/smartwholesale/oa-app-api/public/index.php(67): CodeIgniter\CodeIgniter->run()
#10 /Applications/MAMP/htdocs/smartwholesale/oa-app-api/vendor/codeigniter4/framework/system/Commands/Server/rewrite.php(47): require_once('/Applications/M...')
#11 {main}
CRITICAL - 2023-12-26 21:05:35 --> FUNCTION oa-app-api.IF_NULL does not exist
in SYSTEMPATH/Database/MySQLi/Connection.php on line 295.
 1 SYSTEMPATH/Database/MySQLi/Connection.php(295): mysqli->query('SELECT ((SUM(qty_received + IF_NULL(qty_returned, 0))) - SUM(purchase_items.qty)) as total_unreceived
FROM `orders_status`
JOIN `purchase_items` ON `purchase_items`.`id` = `orders_status`.`purchased_item_id`
JOIN `lead_lists` ON `lead_lists`.`id` = `purchase_items`.`lead_id`
WHERE `lead_lists`.`file_id` = \'26\'
AND DATE(orders_status.received_date) = \'2023-12-26\'
GROUP BY `orders_status`.`id`', 0)
 2 SYSTEMPATH/Database/BaseConnection.php(691): CodeIgniter\Database\MySQLi\Connection->execute('SELECT ((SUM(qty_received + IF_NULL(qty_returned, 0))) - SUM(purchase_items.qty)) as total_unreceived
FROM `orders_status`
JOIN `purchase_items` ON `purchase_items`.`id` = `orders_status`.`purchased_item_id`
JOIN `lead_lists` ON `lead_lists`.`id` = `purchase_items`.`lead_id`
WHERE `lead_lists`.`file_id` = \'26\'
AND DATE(orders_status.received_date) = \'2023-12-26\'
GROUP BY `orders_status`.`id`')
 3 SYSTEMPATH/Database/BaseConnection.php(605): CodeIgniter\Database\BaseConnection->simpleQuery('SELECT ((SUM(qty_received + IF_NULL(qty_returned, 0))) - SUM(purchase_items.qty)) as total_unreceived
FROM `orders_status`
JOIN `purchase_items` ON `purchase_items`.`id` = `orders_status`.`purchased_item_id`
JOIN `lead_lists` ON `lead_lists`.`id` = `purchase_items`.`lead_id`
WHERE `lead_lists`.`file_id` = \'26\'
AND DATE(orders_status.received_date) = \'2023-12-26\'
GROUP BY `orders_status`.`id`')
 4 SYSTEMPATH/Database/BaseBuilder.php(1616): CodeIgniter\Database\BaseConnection->query('SELECT ((SUM(qty_received + IF_NULL(qty_returned, 0))) - SUM(purchase_items.qty)) as total_unreceived
FROM `orders_status`
JOIN `purchase_items` ON `purchase_items`.`id` = `orders_status`.`purchased_item_id`
JOIN `lead_lists` ON `lead_lists`.`id` = `purchase_items`.`lead_id`
WHERE `lead_lists`.`file_id` = :lead_lists.file_id:
AND DATE(orders_status.received_date) = :DATE(orders_status.received_date):
GROUP BY `orders_status`.`id`', [...], false)
 5 APPPATH/Models/pnp/OrderStatusModel.php(244): CodeIgniter\Database\BaseBuilder->get()
 6 APPPATH/Controllers/pnp/Home.php(1157): App\Models\pnp\OrderStatusModel->getTotalUnreceived('2023-12-26')
 7 SYSTEMPATH/CodeIgniter.php(934): App\Controllers\pnp\Home->dashboard()
 8 SYSTEMPATH/CodeIgniter.php(499): CodeIgniter\CodeIgniter->runController(Object(App\Controllers\pnp\Home))
 9 SYSTEMPATH/CodeIgniter.php(368): CodeIgniter\CodeIgniter->handleRequest(null, Object(Config\Cache), false)
10 FCPATH/index.php(67): CodeIgniter\CodeIgniter->run()
11 SYSTEMPATH/Commands/Server/rewrite.php(47): require_once('/Applications/MAMP/htdocs/smartwholesale/oa-app-api/public/index.php')
INFO - 2023-12-26 21:05:36 --> Session: Class initialized using 'CodeIgniter\Session\Handlers\FileHandler' driver.
ERROR - 2023-12-26 21:05:36 --> mysqli_sql_exception: FUNCTION oa-app-api.IF_NULL does not exist in /Applications/MAMP/htdocs/smartwholesale/oa-app-api/vendor/codeigniter4/framework/system/Database/MySQLi/Connection.php:295
Stack trace:
#0 /Applications/MAMP/htdocs/smartwholesale/oa-app-api/vendor/codeigniter4/framework/system/Database/MySQLi/Connection.php(295): mysqli->query('SELECT ((SUM(qt...', 0)
#1 /Applications/MAMP/htdocs/smartwholesale/oa-app-api/vendor/codeigniter4/framework/system/Database/BaseConnection.php(691): CodeIgniter\Database\MySQLi\Connection->execute('SELECT ((SUM(qt...')
#2 /Applications/MAMP/htdocs/smartwholesale/oa-app-api/vendor/codeigniter4/framework/system/Database/BaseConnection.php(605): CodeIgniter\Database\BaseConnection->simpleQuery('SELECT ((SUM(qt...')
#3 /Applications/MAMP/htdocs/smartwholesale/oa-app-api/vendor/codeigniter4/framework/system/Database/BaseBuilder.php(1616): CodeIgniter\Database\BaseConnection->query('SELECT ((SUM(qt...', Array, false)
#4 /Applications/MAMP/htdocs/smartwholesale/oa-app-api/app/Models/pnp/OrderStatusModel.php(244): CodeIgniter\Database\BaseBuilder->get()
#5 /Applications/MAMP/htdocs/smartwholesale/oa-app-api/app/Controllers/pnp/Home.php(1157): App\Models\pnp\OrderStatusModel->getTotalUnreceived('2023-12-26')
#6 /Applications/MAMP/htdocs/smartwholesale/oa-app-api/vendor/codeigniter4/framework/system/CodeIgniter.php(934): App\Controllers\pnp\Home->dashboard()
#7 /Applications/MAMP/htdocs/smartwholesale/oa-app-api/vendor/codeigniter4/framework/system/CodeIgniter.php(499): CodeIgniter\CodeIgniter->runController(Object(App\Controllers\pnp\Home))
#8 /Applications/MAMP/htdocs/smartwholesale/oa-app-api/vendor/codeigniter4/framework/system/CodeIgniter.php(368): CodeIgniter\CodeIgniter->handleRequest(NULL, Object(Config\Cache), false)
#9 /Applications/MAMP/htdocs/smartwholesale/oa-app-api/public/index.php(67): CodeIgniter\CodeIgniter->run()
#10 /Applications/MAMP/htdocs/smartwholesale/oa-app-api/vendor/codeigniter4/framework/system/Commands/Server/rewrite.php(47): require_once('/Applications/M...')
#11 {main}
CRITICAL - 2023-12-26 21:05:36 --> FUNCTION oa-app-api.IF_NULL does not exist
in SYSTEMPATH/Database/MySQLi/Connection.php on line 295.
 1 SYSTEMPATH/Database/MySQLi/Connection.php(295): mysqli->query('SELECT ((SUM(qty_received + IF_NULL(qty_returned, 0))) - SUM(purchase_items.qty)) as total_unreceived
FROM `orders_status`
JOIN `purchase_items` ON `purchase_items`.`id` = `orders_status`.`purchased_item_id`
JOIN `lead_lists` ON `lead_lists`.`id` = `purchase_items`.`lead_id`
WHERE `lead_lists`.`file_id` = \'26\'
AND DATE(orders_status.received_date) = \'2023-12-26\'
GROUP BY `orders_status`.`id`', 0)
 2 SYSTEMPATH/Database/BaseConnection.php(691): CodeIgniter\Database\MySQLi\Connection->execute('SELECT ((SUM(qty_received + IF_NULL(qty_returned, 0))) - SUM(purchase_items.qty)) as total_unreceived
FROM `orders_status`
JOIN `purchase_items` ON `purchase_items`.`id` = `orders_status`.`purchased_item_id`
JOIN `lead_lists` ON `lead_lists`.`id` = `purchase_items`.`lead_id`
WHERE `lead_lists`.`file_id` = \'26\'
AND DATE(orders_status.received_date) = \'2023-12-26\'
GROUP BY `orders_status`.`id`')
 3 SYSTEMPATH/Database/BaseConnection.php(605): CodeIgniter\Database\BaseConnection->simpleQuery('SELECT ((SUM(qty_received + IF_NULL(qty_returned, 0))) - SUM(purchase_items.qty)) as total_unreceived
FROM `orders_status`
JOIN `purchase_items` ON `purchase_items`.`id` = `orders_status`.`purchased_item_id`
JOIN `lead_lists` ON `lead_lists`.`id` = `purchase_items`.`lead_id`
WHERE `lead_lists`.`file_id` = \'26\'
AND DATE(orders_status.received_date) = \'2023-12-26\'
GROUP BY `orders_status`.`id`')
 4 SYSTEMPATH/Database/BaseBuilder.php(1616): CodeIgniter\Database\BaseConnection->query('SELECT ((SUM(qty_received + IF_NULL(qty_returned, 0))) - SUM(purchase_items.qty)) as total_unreceived
FROM `orders_status`
JOIN `purchase_items` ON `purchase_items`.`id` = `orders_status`.`purchased_item_id`
JOIN `lead_lists` ON `lead_lists`.`id` = `purchase_items`.`lead_id`
WHERE `lead_lists`.`file_id` = :lead_lists.file_id:
AND DATE(orders_status.received_date) = :DATE(orders_status.received_date):
GROUP BY `orders_status`.`id`', [...], false)
 5 APPPATH/Models/pnp/OrderStatusModel.php(244): CodeIgniter\Database\BaseBuilder->get()
 6 APPPATH/Controllers/pnp/Home.php(1157): App\Models\pnp\OrderStatusModel->getTotalUnreceived('2023-12-26')
 7 SYSTEMPATH/CodeIgniter.php(934): App\Controllers\pnp\Home->dashboard()
 8 SYSTEMPATH/CodeIgniter.php(499): CodeIgniter\CodeIgniter->runController(Object(App\Controllers\pnp\Home))
 9 SYSTEMPATH/CodeIgniter.php(368): CodeIgniter\CodeIgniter->handleRequest(null, Object(Config\Cache), false)
10 FCPATH/index.php(67): CodeIgniter\CodeIgniter->run()
11 SYSTEMPATH/Commands/Server/rewrite.php(47): require_once('/Applications/MAMP/htdocs/smartwholesale/oa-app-api/public/index.php')
INFO - 2023-12-26 21:05:53 --> Session: Class initialized using 'CodeIgniter\Session\Handlers\FileHandler' driver.
INFO - 2023-12-26 21:06:03 --> Session: Class initialized using 'CodeIgniter\Session\Handlers\FileHandler' driver.
INFO - 2023-12-26 21:06:12 --> Session: Class initialized using 'CodeIgniter\Session\Handlers\FileHandler' driver.
INFO - 2023-12-26 21:17:14 --> Session: Class initialized using 'CodeIgniter\Session\Handlers\FileHandler' driver.
WARNING - 2023-12-26 21:17:14 --> [DEPRECATED] round(): Passing null to parameter #1 ($num) of type int|float is deprecated in APPPATH/Views/pnp/dashboard.php on line 182.
 1 APPPATH/Views/pnp/dashboard.php(182): round(null, 2)
 2 SYSTEMPATH/View/View.php(213): include('/Applications/MAMP/htdocs/smartwholesale/oa-app-api/app/Views/pnp/dashboard.php')
 3 SYSTEMPATH/View/View.php(216): CodeIgniter\View\View->CodeIgniter\View\{closure}()
 4 SYSTEMPATH/Common.php(1184): CodeIgniter\View\View->render('pnp/dashboard', [], true)
 5 APPPATH/Controllers/pnp/Home.php(1190): view('pnp/dashboard', [...])
 6 SYSTEMPATH/CodeIgniter.php(934): App\Controllers\pnp\Home->dashboard()
 7 SYSTEMPATH/CodeIgniter.php(499): CodeIgniter\CodeIgniter->runController(Object(App\Controllers\pnp\Home))
 8 SYSTEMPATH/CodeIgniter.php(368): CodeIgniter\CodeIgniter->handleRequest(null, Object(Config\Cache), false)
 9 FCPATH/index.php(67): CodeIgniter\CodeIgniter->run()
10 SYSTEMPATH/Commands/Server/rewrite.php(47): require_once('/Applications/MAMP/htdocs/smartwholesale/oa-app-api/public/index.php')
WARNING - 2023-12-26 21:17:14 --> [DEPRECATED] round(): Passing null to parameter #1 ($num) of type int|float is deprecated in APPPATH/Views/pnp/dashboard.php on line 189.
 1 APPPATH/Views/pnp/dashboard.php(189): round(null, 2)
 2 SYSTEMPATH/View/View.php(213): include('/Applications/MAMP/htdocs/smartwholesale/oa-app-api/app/Views/pnp/dashboard.php')
 3 SYSTEMPATH/View/View.php(216): CodeIgniter\View\View->CodeIgniter\View\{closure}()
 4 SYSTEMPATH/Common.php(1184): CodeIgniter\View\View->render('pnp/dashboard', [], true)
 5 APPPATH/Controllers/pnp/Home.php(1190): view('pnp/dashboard', [...])
 6 SYSTEMPATH/CodeIgniter.php(934): App\Controllers\pnp\Home->dashboard()
 7 SYSTEMPATH/CodeIgniter.php(499): CodeIgniter\CodeIgniter->runController(Object(App\Controllers\pnp\Home))
 8 SYSTEMPATH/CodeIgniter.php(368): CodeIgniter\CodeIgniter->handleRequest(null, Object(Config\Cache), false)
 9 FCPATH/index.php(67): CodeIgniter\CodeIgniter->run()
10 SYSTEMPATH/Commands/Server/rewrite.php(47): require_once('/Applications/MAMP/htdocs/smartwholesale/oa-app-api/public/index.php')
