CRITICAL - 2024-02-13 12:40:58 --> Undefined array key "buyer1"
in APPPATH/Controllers/pnp/Order.php on line 191.
 1 APPPATH/Controllers/pnp/Order.php(191): CodeIgniter\Debug\Exceptions->errorHandler()
 2 SYSTEMPATH/CodeIgniter.php(934): App\Controllers\pnp\Order->saveBuyersItem()
 3 SYSTEMPATH/CodeIgniter.php(499): CodeIgniter\CodeIgniter->runController()
 4 SYSTEMPATH/CodeIgniter.php(368): CodeIgniter\CodeIgniter->handleRequest()
 5 FCPATH/index.php(67): CodeIgniter\CodeIgniter->run()
CRITICAL - 2024-02-13 12:41:02 --> Undefined array key "buyer1"
in APPPATH/Controllers/pnp/Order.php on line 191.
 1 APPPATH/Controllers/pnp/Order.php(191): CodeIgniter\Debug\Exceptions->errorHandler()
 2 SYSTEMPATH/CodeIgniter.php(934): App\Controllers\pnp\Order->saveBuyersItem()
 3 SYSTEMPATH/CodeIgniter.php(499): CodeIgniter\CodeIgniter->runController()
 4 SYSTEMPATH/CodeIgniter.php(368): CodeIgniter\CodeIgniter->handleRequest()
 5 FCPATH/index.php(67): CodeIgniter\CodeIgniter->run()
CRITICAL - 2024-02-13 12:41:02 --> Undefined array key "buyer1"
in APPPATH/Controllers/pnp/Order.php on line 191.
 1 APPPATH/Controllers/pnp/Order.php(191): CodeIgniter\Debug\Exceptions->errorHandler()
 2 SYSTEMPATH/CodeIgniter.php(934): App\Controllers\pnp\Order->saveBuyersItem()
 3 SYSTEMPATH/CodeIgniter.php(499): CodeIgniter\CodeIgniter->runController()
 4 SYSTEMPATH/CodeIgniter.php(368): CodeIgniter\CodeIgniter->handleRequest()
 5 FCPATH/index.php(67): CodeIgniter\CodeIgniter->run()
CRITICAL - 2024-02-13 12:41:02 --> Undefined array key "buyer1"
in APPPATH/Controllers/pnp/Order.php on line 191.
 1 APPPATH/Controllers/pnp/Order.php(191): CodeIgniter\Debug\Exceptions->errorHandler()
 2 SYSTEMPATH/CodeIgniter.php(934): App\Controllers\pnp\Order->saveBuyersItem()
 3 SYSTEMPATH/CodeIgniter.php(499): CodeIgniter\CodeIgniter->runController()
 4 SYSTEMPATH/CodeIgniter.php(368): CodeIgniter\CodeIgniter->handleRequest()
 5 FCPATH/index.php(67): CodeIgniter\CodeIgniter->run()
