INFO - 2023-04-02 07:18:21 --> Session: Class initialized using 'CodeIgniter\Session\Handlers\FileHandler' driver.
CRITICAL - 2023-04-02 10:41:52 --> Undefined variable: cost
in APPPATH/Controllers/Purchase.php on line 96.
 1 APPPATH/Controllers/Purchase.php(96): CodeIgniter\Debug\Exceptions->errorHandler(8, 'Undefined variable: cost', '/Applications/MAMP/htdocs/smartwholesale/oaclients/app/Controllers/Purchase.php', 96, [...])
 2 SYSTEMPATH/CodeIgniter.php(934): App\Controllers\Purchase->uploadFiles()
 3 SYSTEMPATH/CodeIgniter.php(499): CodeIgniter\CodeIgniter->runController(Object(App\Controllers\Purchase))
 4 SYSTEMPATH/CodeIgniter.php(368): CodeIgniter\CodeIgniter->handleRequest(null, Object(Config\Cache), false)
 5 FCPATH/index.php(67): CodeIgniter\CodeIgniter->run()
 6 SYSTEMPATH/Commands/Server/rewrite.php(47): require_once('/Applications/MAMP/htdocs/smartwholesale/oaclients/public/index.php')
CRITICAL - 2023-04-02 10:41:52 --> Allowed memory size of 134217728 bytes exhausted (tried to allocate 71307264 bytes)
【Previous Exception】
ErrorException
Undefined variable: cost
#0 /Applications/MAMP/htdocs/smartwholesale/oaclients/app/Controllers/Purchase.php(96): CodeIgniter\Debug\Exceptions->errorHandler(8, 'Undefined varia...', '/Applications/M...', 96, Array)
#1 /Applications/MAMP/htdocs/smartwholesale/oaclients/vendor/codeigniter4/framework/system/CodeIgniter.php(934): App\Controllers\Purchase->uploadFiles()
#2 /Applications/MAMP/htdocs/smartwholesale/oaclients/vendor/codeigniter4/framework/system/CodeIgniter.php(499): CodeIgniter\CodeIgniter->runController(Object(App\Controllers\Purchase))
#3 /Applications/MAMP/htdocs/smartwholesale/oaclients/vendor/codeigniter4/framework/system/CodeIgniter.php(368): CodeIgniter\CodeIgniter->handleRequest(NULL, Object(Config\Cache), false)
#4 /Applications/MAMP/htdocs/smartwholesale/oaclients/public/index.php(67): CodeIgniter\CodeIgniter->run()
#5 /Applications/MAMP/htdocs/smartwholesale/oaclients/vendor/codeigniter4/framework/system/Commands/Server/rewrite.php(47): require_once('/Applications/M...')
#6 {main}
in APPPATH/Views/errors/html/error_exception.php on line 101.
 1 [internal function]: CodeIgniter\Debug\Exceptions->shutdownHandler()
CRITICAL - 2023-04-02 10:44:08 --> Undefined variable: cost
in APPPATH/Controllers/Purchase.php on line 97.
 1 APPPATH/Controllers/Purchase.php(97): CodeIgniter\Debug\Exceptions->errorHandler(8, 'Undefined variable: cost', '/Applications/MAMP/htdocs/smartwholesale/oaclients/app/Controllers/Purchase.php', 97, [...])
 2 SYSTEMPATH/CodeIgniter.php(934): App\Controllers\Purchase->uploadFiles()
 3 SYSTEMPATH/CodeIgniter.php(499): CodeIgniter\CodeIgniter->runController(Object(App\Controllers\Purchase))
 4 SYSTEMPATH/CodeIgniter.php(368): CodeIgniter\CodeIgniter->handleRequest(null, Object(Config\Cache), false)
 5 FCPATH/index.php(67): CodeIgniter\CodeIgniter->run()
 6 SYSTEMPATH/Commands/Server/rewrite.php(47): require_once('/Applications/MAMP/htdocs/smartwholesale/oaclients/public/index.php')
CRITICAL - 2023-04-02 10:44:08 --> Allowed memory size of 134217728 bytes exhausted (tried to allocate 58724352 bytes)
【Previous Exception】
ErrorException
Undefined variable: cost
#0 /Applications/MAMP/htdocs/smartwholesale/oaclients/app/Controllers/Purchase.php(97): CodeIgniter\Debug\Exceptions->errorHandler(8, 'Undefined varia...', '/Applications/M...', 97, Array)
#1 /Applications/MAMP/htdocs/smartwholesale/oaclients/vendor/codeigniter4/framework/system/CodeIgniter.php(934): App\Controllers\Purchase->uploadFiles()
#2 /Applications/MAMP/htdocs/smartwholesale/oaclients/vendor/codeigniter4/framework/system/CodeIgniter.php(499): CodeIgniter\CodeIgniter->runController(Object(App\Controllers\Purchase))
#3 /Applications/MAMP/htdocs/smartwholesale/oaclients/vendor/codeigniter4/framework/system/CodeIgniter.php(368): CodeIgniter\CodeIgniter->handleRequest(NULL, Object(Config\Cache), false)
#4 /Applications/MAMP/htdocs/smartwholesale/oaclients/public/index.php(67): CodeIgniter\CodeIgniter->run()
#5 /Applications/MAMP/htdocs/smartwholesale/oaclients/vendor/codeigniter4/framework/system/Commands/Server/rewrite.php(47): require_once('/Applications/M...')
#6 {main}
in APPPATH/Views/errors/html/error_exception.php on line 101.
 1 [internal function]: CodeIgniter\Debug\Exceptions->shutdownHandler()
INFO - 2023-04-02 10:44:52 --> Session: Class initialized using 'CodeIgniter\Session\Handlers\FileHandler' driver.
INFO - 2023-04-02 10:48:24 --> Session: Class initialized using 'CodeIgniter\Session\Handlers\FileHandler' driver.
CRITICAL - 2023-04-02 10:50:36 --> Undefined offset: 12
in APPPATH/Controllers/Purchase.php on line 94.
 1 APPPATH/Controllers/Purchase.php(94): CodeIgniter\Debug\Exceptions->errorHandler(8, 'Undefined offset: 12', '/Applications/MAMP/htdocs/smartwholesale/oaclients/app/Controllers/Purchase.php', 94, [...])
 2 SYSTEMPATH/CodeIgniter.php(934): App\Controllers\Purchase->uploadFiles()
 3 SYSTEMPATH/CodeIgniter.php(499): CodeIgniter\CodeIgniter->runController(Object(App\Controllers\Purchase))
 4 SYSTEMPATH/CodeIgniter.php(368): CodeIgniter\CodeIgniter->handleRequest(null, Object(Config\Cache), false)
 5 FCPATH/index.php(67): CodeIgniter\CodeIgniter->run()
 6 SYSTEMPATH/Commands/Server/rewrite.php(47): require_once('/Applications/MAMP/htdocs/smartwholesale/oaclients/public/index.php')
CRITICAL - 2023-04-02 10:50:36 --> Allowed memory size of 134217728 bytes exhausted (tried to allocate 60821504 bytes)
【Previous Exception】
ErrorException
Undefined offset: 12
#0 /Applications/MAMP/htdocs/smartwholesale/oaclients/app/Controllers/Purchase.php(94): CodeIgniter\Debug\Exceptions->errorHandler(8, 'Undefined offse...', '/Applications/M...', 94, Array)
#1 /Applications/MAMP/htdocs/smartwholesale/oaclients/vendor/codeigniter4/framework/system/CodeIgniter.php(934): App\Controllers\Purchase->uploadFiles()
#2 /Applications/MAMP/htdocs/smartwholesale/oaclients/vendor/codeigniter4/framework/system/CodeIgniter.php(499): CodeIgniter\CodeIgniter->runController(Object(App\Controllers\Purchase))
#3 /Applications/MAMP/htdocs/smartwholesale/oaclients/vendor/codeigniter4/framework/system/CodeIgniter.php(368): CodeIgniter\CodeIgniter->handleRequest(NULL, Object(Config\Cache), false)
#4 /Applications/MAMP/htdocs/smartwholesale/oaclients/public/index.php(67): CodeIgniter\CodeIgniter->run()
#5 /Applications/MAMP/htdocs/smartwholesale/oaclients/vendor/codeigniter4/framework/system/Commands/Server/rewrite.php(47): require_once('/Applications/M...')
#6 {main}
in APPPATH/Views/errors/html/error_exception.php on line 101.
 1 [internal function]: CodeIgniter\Debug\Exceptions->shutdownHandler()
CRITICAL - 2023-04-02 10:51:44 --> Undefined offset: 12
in APPPATH/Controllers/Purchase.php on line 94.
 1 APPPATH/Controllers/Purchase.php(94): CodeIgniter\Debug\Exceptions->errorHandler(8, 'Undefined offset: 12', '/Applications/MAMP/htdocs/smartwholesale/oaclients/app/Controllers/Purchase.php', 94, [...])
 2 SYSTEMPATH/CodeIgniter.php(934): App\Controllers\Purchase->uploadFiles()
 3 SYSTEMPATH/CodeIgniter.php(499): CodeIgniter\CodeIgniter->runController(Object(App\Controllers\Purchase))
 4 SYSTEMPATH/CodeIgniter.php(368): CodeIgniter\CodeIgniter->handleRequest(null, Object(Config\Cache), false)
 5 FCPATH/index.php(67): CodeIgniter\CodeIgniter->run()
 6 SYSTEMPATH/Commands/Server/rewrite.php(47): require_once('/Applications/MAMP/htdocs/smartwholesale/oaclients/public/index.php')
CRITICAL - 2023-04-02 10:51:44 --> Allowed memory size of 134217728 bytes exhausted (tried to allocate 98570240 bytes)
【Previous Exception】
ErrorException
Undefined offset: 12
#0 /Applications/MAMP/htdocs/smartwholesale/oaclients/app/Controllers/Purchase.php(94): CodeIgniter\Debug\Exceptions->errorHandler(8, 'Undefined offse...', '/Applications/M...', 94, Array)
#1 /Applications/MAMP/htdocs/smartwholesale/oaclients/vendor/codeigniter4/framework/system/CodeIgniter.php(934): App\Controllers\Purchase->uploadFiles()
#2 /Applications/MAMP/htdocs/smartwholesale/oaclients/vendor/codeigniter4/framework/system/CodeIgniter.php(499): CodeIgniter\CodeIgniter->runController(Object(App\Controllers\Purchase))
#3 /Applications/MAMP/htdocs/smartwholesale/oaclients/vendor/codeigniter4/framework/system/CodeIgniter.php(368): CodeIgniter\CodeIgniter->handleRequest(NULL, Object(Config\Cache), false)
#4 /Applications/MAMP/htdocs/smartwholesale/oaclients/public/index.php(67): CodeIgniter\CodeIgniter->run()
#5 /Applications/MAMP/htdocs/smartwholesale/oaclients/vendor/codeigniter4/framework/system/Commands/Server/rewrite.php(47): require_once('/Applications/M...')
#6 {main}
in APPPATH/Views/errors/html/error_exception.php on line 101.
 1 [internal function]: CodeIgniter\Debug\Exceptions->shutdownHandler()
CRITICAL - 2023-04-02 10:52:03 --> Undefined offset: 12
in APPPATH/Controllers/Purchase.php on line 94.
 1 APPPATH/Controllers/Purchase.php(94): CodeIgniter\Debug\Exceptions->errorHandler(8, 'Undefined offset: 12', '/Applications/MAMP/htdocs/smartwholesale/oaclients/app/Controllers/Purchase.php', 94, [...])
 2 SYSTEMPATH/CodeIgniter.php(934): App\Controllers\Purchase->uploadFiles()
 3 SYSTEMPATH/CodeIgniter.php(499): CodeIgniter\CodeIgniter->runController(Object(App\Controllers\Purchase))
 4 SYSTEMPATH/CodeIgniter.php(368): CodeIgniter\CodeIgniter->handleRequest(null, Object(Config\Cache), false)
 5 FCPATH/index.php(67): CodeIgniter\CodeIgniter->run()
 6 SYSTEMPATH/Commands/Server/rewrite.php(47): require_once('/Applications/MAMP/htdocs/smartwholesale/oaclients/public/index.php')
CRITICAL - 2023-04-02 10:52:03 --> Allowed memory size of 134217728 bytes exhausted (tried to allocate 98570240 bytes)
【Previous Exception】
ErrorException
Undefined offset: 12
#0 /Applications/MAMP/htdocs/smartwholesale/oaclients/app/Controllers/Purchase.php(94): CodeIgniter\Debug\Exceptions->errorHandler(8, 'Undefined offse...', '/Applications/M...', 94, Array)
#1 /Applications/MAMP/htdocs/smartwholesale/oaclients/vendor/codeigniter4/framework/system/CodeIgniter.php(934): App\Controllers\Purchase->uploadFiles()
#2 /Applications/MAMP/htdocs/smartwholesale/oaclients/vendor/codeigniter4/framework/system/CodeIgniter.php(499): CodeIgniter\CodeIgniter->runController(Object(App\Controllers\Purchase))
#3 /Applications/MAMP/htdocs/smartwholesale/oaclients/vendor/codeigniter4/framework/system/CodeIgniter.php(368): CodeIgniter\CodeIgniter->handleRequest(NULL, Object(Config\Cache), false)
#4 /Applications/MAMP/htdocs/smartwholesale/oaclients/public/index.php(67): CodeIgniter\CodeIgniter->run()
#5 /Applications/MAMP/htdocs/smartwholesale/oaclients/vendor/codeigniter4/framework/system/Commands/Server/rewrite.php(47): require_once('/Applications/M...')
#6 {main}
in APPPATH/Views/errors/html/error_exception.php on line 101.
 1 [internal function]: CodeIgniter\Debug\Exceptions->shutdownHandler()
CRITICAL - 2023-04-02 10:52:30 --> Undefined offset: 12
in APPPATH/Controllers/Purchase.php on line 94.
 1 APPPATH/Controllers/Purchase.php(94): CodeIgniter\Debug\Exceptions->errorHandler(8, 'Undefined offset: 12', '/Applications/MAMP/htdocs/smartwholesale/oaclients/app/Controllers/Purchase.php', 94, [...])
 2 SYSTEMPATH/CodeIgniter.php(934): App\Controllers\Purchase->uploadFiles()
 3 SYSTEMPATH/CodeIgniter.php(499): CodeIgniter\CodeIgniter->runController(Object(App\Controllers\Purchase))
 4 SYSTEMPATH/CodeIgniter.php(368): CodeIgniter\CodeIgniter->handleRequest(null, Object(Config\Cache), false)
 5 FCPATH/index.php(67): CodeIgniter\CodeIgniter->run()
 6 SYSTEMPATH/Commands/Server/rewrite.php(47): require_once('/Applications/MAMP/htdocs/smartwholesale/oaclients/public/index.php')
CRITICAL - 2023-04-02 10:52:31 --> Allowed memory size of 134217728 bytes exhausted (tried to allocate 98570240 bytes)
【Previous Exception】
ErrorException
Undefined offset: 12
#0 /Applications/MAMP/htdocs/smartwholesale/oaclients/app/Controllers/Purchase.php(94): CodeIgniter\Debug\Exceptions->errorHandler(8, 'Undefined offse...', '/Applications/M...', 94, Array)
#1 /Applications/MAMP/htdocs/smartwholesale/oaclients/vendor/codeigniter4/framework/system/CodeIgniter.php(934): App\Controllers\Purchase->uploadFiles()
#2 /Applications/MAMP/htdocs/smartwholesale/oaclients/vendor/codeigniter4/framework/system/CodeIgniter.php(499): CodeIgniter\CodeIgniter->runController(Object(App\Controllers\Purchase))
#3 /Applications/MAMP/htdocs/smartwholesale/oaclients/vendor/codeigniter4/framework/system/CodeIgniter.php(368): CodeIgniter\CodeIgniter->handleRequest(NULL, Object(Config\Cache), false)
#4 /Applications/MAMP/htdocs/smartwholesale/oaclients/public/index.php(67): CodeIgniter\CodeIgniter->run()
#5 /Applications/MAMP/htdocs/smartwholesale/oaclients/vendor/codeigniter4/framework/system/Commands/Server/rewrite.php(47): require_once('/Applications/M...')
#6 {main}
in APPPATH/Views/errors/html/error_exception.php on line 101.
 1 [internal function]: CodeIgniter\Debug\Exceptions->shutdownHandler()
