INFO - 2023-11-28 17:17:35 --> Session: Class initialized using 'CodeIgniter\Session\Handlers\FileHandler' driver.
INFO - 2023-11-28 17:18:17 --> Session: Class initialized using 'CodeIgniter\Session\Handlers\FileHandler' driver.
INFO - 2023-11-28 17:18:17 --> Session: Class initialized using 'CodeIgniter\Session\Handlers\FileHandler' driver.
WARNING - 2023-11-28 17:18:17 --> [DEPRECATED] round(): Passing null to parameter #1 ($num) of type int|float is deprecated in APPPATH/Views/dashboard.php on line 182.
 1 APPPATH/Views/dashboard.php(182): round(null, 2)
 2 SYSTEMPATH/View/View.php(213): include('/Applications/MAMP/htdocs/smartwholesale/oa-app/app/Views/dashboard.php')
 3 SYSTEMPATH/View/View.php(216): CodeIgniter\View\View->CodeIgniter\View\{closure}()
 4 SYSTEMPATH/Common.php(1184): CodeIgniter\View\View->render('dashboard', [], true)
 5 APPPATH/Controllers/Home.php(2214): view('dashboard', [...])
 6 SYSTEMPATH/CodeIgniter.php(934): App\Controllers\Home->dashboard()
 7 SYSTEMPATH/CodeIgniter.php(499): CodeIgniter\CodeIgniter->runController(Object(App\Controllers\Home))
 8 SYSTEMPATH/CodeIgniter.php(368): CodeIgniter\CodeIgniter->handleRequest(null, Object(Config\Cache), false)
 9 FCPATH/index.php(67): CodeIgniter\CodeIgniter->run()
10 SYSTEMPATH/Commands/Server/rewrite.php(47): require_once('/Applications/MAMP/htdocs/smartwholesale/oa-app/public/index.php')
WARNING - 2023-11-28 17:18:17 --> [DEPRECATED] round(): Passing null to parameter #1 ($num) of type int|float is deprecated in APPPATH/Views/dashboard.php on line 189.
 1 APPPATH/Views/dashboard.php(189): round(null, 2)
 2 SYSTEMPATH/View/View.php(213): include('/Applications/MAMP/htdocs/smartwholesale/oa-app/app/Views/dashboard.php')
 3 SYSTEMPATH/View/View.php(216): CodeIgniter\View\View->CodeIgniter\View\{closure}()
 4 SYSTEMPATH/Common.php(1184): CodeIgniter\View\View->render('dashboard', [], true)
 5 APPPATH/Controllers/Home.php(2214): view('dashboard', [...])
 6 SYSTEMPATH/CodeIgniter.php(934): App\Controllers\Home->dashboard()
 7 SYSTEMPATH/CodeIgniter.php(499): CodeIgniter\CodeIgniter->runController(Object(App\Controllers\Home))
 8 SYSTEMPATH/CodeIgniter.php(368): CodeIgniter\CodeIgniter->handleRequest(null, Object(Config\Cache), false)
 9 FCPATH/index.php(67): CodeIgniter\CodeIgniter->run()
10 SYSTEMPATH/Commands/Server/rewrite.php(47): require_once('/Applications/MAMP/htdocs/smartwholesale/oa-app/public/index.php')
INFO - 2023-11-28 17:18:27 --> Session: Class initialized using 'CodeIgniter\Session\Handlers\FileHandler' driver.
INFO - 2023-11-28 17:18:29 --> Session: Class initialized using 'CodeIgniter\Session\Handlers\FileHandler' driver.
INFO - 2023-11-28 17:18:35 --> Session: Class initialized using 'CodeIgniter\Session\Handlers\FileHandler' driver.
INFO - 2023-11-28 17:18:37 --> Session: Class initialized using 'CodeIgniter\Session\Handlers\FileHandler' driver.
INFO - 2023-11-28 17:18:50 --> Session: Class initialized using 'CodeIgniter\Session\Handlers\FileHandler' driver.
INFO - 2023-11-28 17:18:50 --> Session: Class initialized using 'CodeIgniter\Session\Handlers\FileHandler' driver.
INFO - 2023-11-28 17:18:52 --> Session: Class initialized using 'CodeIgniter\Session\Handlers\FileHandler' driver.
INFO - 2023-11-28 17:19:06 --> Session: Class initialized using 'CodeIgniter\Session\Handlers\FileHandler' driver.
CRITICAL - 2023-11-28 17:19:08 --> Trying to access array offset on value of type null
in APPPATH/Controllers/Shipment.php on line 118.
 1 APPPATH/Controllers/Shipment.php(118): CodeIgniter\Debug\Exceptions->errorHandler(2, 'Trying to access array offset on value of type null', '/Applications/MAMP/htdocs/smartwholesale/oa-app/app/Controllers/Shipment.php', 118)
 2 APPPATH/Controllers/Order.php(449): App\Controllers\Shipment->trackingShipment('2', '4')
 3 SYSTEMPATH/CodeIgniter.php(934): App\Controllers\Order->saveBuyersItem()
 4 SYSTEMPATH/CodeIgniter.php(499): CodeIgniter\CodeIgniter->runController(Object(App\Controllers\Order))
 5 SYSTEMPATH/CodeIgniter.php(368): CodeIgniter\CodeIgniter->handleRequest(null, Object(Config\Cache), false)
 6 FCPATH/index.php(67): CodeIgniter\CodeIgniter->run()
 7 SYSTEMPATH/Commands/Server/rewrite.php(47): require_once('/Applications/MAMP/htdocs/smartwholesale/oa-app/public/index.php')
INFO - 2023-11-28 17:19:16 --> Session: Class initialized using 'CodeIgniter\Session\Handlers\FileHandler' driver.
INFO - 2023-11-28 17:19:18 --> Session: Class initialized using 'CodeIgniter\Session\Handlers\FileHandler' driver.
INFO - 2023-11-28 17:19:30 --> Session: Class initialized using 'CodeIgniter\Session\Handlers\FileHandler' driver.
INFO - 2023-11-28 17:19:33 --> Session: Class initialized using 'CodeIgniter\Session\Handlers\FileHandler' driver.
INFO - 2023-11-28 17:19:38 --> Session: Class initialized using 'CodeIgniter\Session\Handlers\FileHandler' driver.
INFO - 2023-11-28 17:19:48 --> Session: Class initialized using 'CodeIgniter\Session\Handlers\FileHandler' driver.
INFO - 2023-11-28 17:19:50 --> Session: Class initialized using 'CodeIgniter\Session\Handlers\FileHandler' driver.
INFO - 2023-11-28 19:50:16 --> Session: Class initialized using 'CodeIgniter\Session\Handlers\FileHandler' driver.
INFO - 2023-11-28 19:50:31 --> Session: Class initialized using 'CodeIgniter\Session\Handlers\FileHandler' driver.
INFO - 2023-11-28 19:50:31 --> Session: Class initialized using 'CodeIgniter\Session\Handlers\FileHandler' driver.
WARNING - 2023-11-28 19:50:31 --> [DEPRECATED] round(): Passing null to parameter #1 ($num) of type int|float is deprecated in APPPATH/Views/dashboard.php on line 182.
 1 APPPATH/Views/dashboard.php(182): round(null, 2)
 2 SYSTEMPATH/View/View.php(213): include('/Applications/MAMP/htdocs/smartwholesale/oa-app/app/Views/dashboard.php')
 3 SYSTEMPATH/View/View.php(216): CodeIgniter\View\View->CodeIgniter\View\{closure}()
 4 SYSTEMPATH/Common.php(1184): CodeIgniter\View\View->render('dashboard', [], true)
 5 APPPATH/Controllers/Home.php(2214): view('dashboard', [...])
 6 SYSTEMPATH/CodeIgniter.php(934): App\Controllers\Home->dashboard()
 7 SYSTEMPATH/CodeIgniter.php(499): CodeIgniter\CodeIgniter->runController(Object(App\Controllers\Home))
 8 SYSTEMPATH/CodeIgniter.php(368): CodeIgniter\CodeIgniter->handleRequest(null, Object(Config\Cache), false)
 9 FCPATH/index.php(67): CodeIgniter\CodeIgniter->run()
10 SYSTEMPATH/Commands/Server/rewrite.php(47): require_once('/Applications/MAMP/htdocs/smartwholesale/oa-app/public/index.php')
WARNING - 2023-11-28 19:50:31 --> [DEPRECATED] round(): Passing null to parameter #1 ($num) of type int|float is deprecated in APPPATH/Views/dashboard.php on line 182.
 1 APPPATH/Views/dashboard.php(182): round(null, 2)
 2 SYSTEMPATH/View/View.php(213): include('/Applications/MAMP/htdocs/smartwholesale/oa-app/app/Views/dashboard.php')
 3 SYSTEMPATH/View/View.php(216): CodeIgniter\View\View->CodeIgniter\View\{closure}()
 4 SYSTEMPATH/Common.php(1184): CodeIgniter\View\View->render('dashboard', [], true)
 5 APPPATH/Controllers/Home.php(2214): view('dashboard', [...])
 6 SYSTEMPATH/CodeIgniter.php(934): App\Controllers\Home->dashboard()
 7 SYSTEMPATH/CodeIgniter.php(499): CodeIgniter\CodeIgniter->runController(Object(App\Controllers\Home))
 8 SYSTEMPATH/CodeIgniter.php(368): CodeIgniter\CodeIgniter->handleRequest(null, Object(Config\Cache), false)
 9 FCPATH/index.php(67): CodeIgniter\CodeIgniter->run()
10 SYSTEMPATH/Commands/Server/rewrite.php(47): require_once('/Applications/MAMP/htdocs/smartwholesale/oa-app/public/index.php')
WARNING - 2023-11-28 19:50:31 --> [DEPRECATED] round(): Passing null to parameter #1 ($num) of type int|float is deprecated in APPPATH/Views/dashboard.php on line 189.
 1 APPPATH/Views/dashboard.php(189): round(null, 2)
 2 SYSTEMPATH/View/View.php(213): include('/Applications/MAMP/htdocs/smartwholesale/oa-app/app/Views/dashboard.php')
 3 SYSTEMPATH/View/View.php(216): CodeIgniter\View\View->CodeIgniter\View\{closure}()
 4 SYSTEMPATH/Common.php(1184): CodeIgniter\View\View->render('dashboard', [], true)
 5 APPPATH/Controllers/Home.php(2214): view('dashboard', [...])
 6 SYSTEMPATH/CodeIgniter.php(934): App\Controllers\Home->dashboard()
 7 SYSTEMPATH/CodeIgniter.php(499): CodeIgniter\CodeIgniter->runController(Object(App\Controllers\Home))
 8 SYSTEMPATH/CodeIgniter.php(368): CodeIgniter\CodeIgniter->handleRequest(null, Object(Config\Cache), false)
 9 FCPATH/index.php(67): CodeIgniter\CodeIgniter->run()
10 SYSTEMPATH/Commands/Server/rewrite.php(47): require_once('/Applications/MAMP/htdocs/smartwholesale/oa-app/public/index.php')
WARNING - 2023-11-28 19:50:31 --> [DEPRECATED] round(): Passing null to parameter #1 ($num) of type int|float is deprecated in APPPATH/Views/dashboard.php on line 189.
 1 APPPATH/Views/dashboard.php(189): round(null, 2)
 2 SYSTEMPATH/View/View.php(213): include('/Applications/MAMP/htdocs/smartwholesale/oa-app/app/Views/dashboard.php')
 3 SYSTEMPATH/View/View.php(216): CodeIgniter\View\View->CodeIgniter\View\{closure}()
 4 SYSTEMPATH/Common.php(1184): CodeIgniter\View\View->render('dashboard', [], true)
 5 APPPATH/Controllers/Home.php(2214): view('dashboard', [...])
 6 SYSTEMPATH/CodeIgniter.php(934): App\Controllers\Home->dashboard()
 7 SYSTEMPATH/CodeIgniter.php(499): CodeIgniter\CodeIgniter->runController(Object(App\Controllers\Home))
 8 SYSTEMPATH/CodeIgniter.php(368): CodeIgniter\CodeIgniter->handleRequest(null, Object(Config\Cache), false)
 9 FCPATH/index.php(67): CodeIgniter\CodeIgniter->run()
10 SYSTEMPATH/Commands/Server/rewrite.php(47): require_once('/Applications/MAMP/htdocs/smartwholesale/oa-app/public/index.php')
INFO - 2023-11-28 19:52:25 --> Session: Class initialized using 'CodeIgniter\Session\Handlers\FileHandler' driver.
INFO - 2023-11-28 19:52:27 --> Session: Class initialized using 'CodeIgniter\Session\Handlers\FileHandler' driver.
INFO - 2023-11-28 19:52:31 --> Session: Class initialized using 'CodeIgniter\Session\Handlers\FileHandler' driver.
INFO - 2023-11-28 19:52:52 --> Session: Class initialized using 'CodeIgniter\Session\Handlers\FileHandler' driver.
INFO - 2023-11-28 20:11:30 --> Session: Class initialized using 'CodeIgniter\Session\Handlers\FileHandler' driver.
INFO - 2023-11-28 20:12:13 --> Session: Class initialized using 'CodeIgniter\Session\Handlers\FileHandler' driver.
INFO - 2023-11-28 20:12:16 --> Session: Class initialized using 'CodeIgniter\Session\Handlers\FileHandler' driver.
INFO - 2023-11-28 20:12:18 --> Session: Class initialized using 'CodeIgniter\Session\Handlers\FileHandler' driver.
INFO - 2023-11-28 20:12:19 --> Session: Class initialized using 'CodeIgniter\Session\Handlers\FileHandler' driver.
INFO - 2023-11-28 20:12:30 --> Session: Class initialized using 'CodeIgniter\Session\Handlers\FileHandler' driver.
INFO - 2023-11-28 20:12:40 --> Session: Class initialized using 'CodeIgniter\Session\Handlers\FileHandler' driver.
INFO - 2023-11-28 20:14:06 --> Session: Class initialized using 'CodeIgniter\Session\Handlers\FileHandler' driver.
INFO - 2023-11-28 20:14:30 --> Session: Class initialized using 'CodeIgniter\Session\Handlers\FileHandler' driver.
INFO - 2023-11-28 20:14:33 --> Session: Class initialized using 'CodeIgniter\Session\Handlers\FileHandler' driver.
INFO - 2023-11-28 20:14:58 --> Session: Class initialized using 'CodeIgniter\Session\Handlers\FileHandler' driver.
INFO - 2023-11-28 20:16:13 --> Session: Class initialized using 'CodeIgniter\Session\Handlers\FileHandler' driver.
INFO - 2023-11-28 20:16:58 --> Session: Class initialized using 'CodeIgniter\Session\Handlers\FileHandler' driver.
INFO - 2023-11-28 20:17:01 --> Session: Class initialized using 'CodeIgniter\Session\Handlers\FileHandler' driver.
INFO - 2023-11-28 20:17:02 --> Session: Class initialized using 'CodeIgniter\Session\Handlers\FileHandler' driver.
INFO - 2023-11-28 20:17:05 --> Session: Class initialized using 'CodeIgniter\Session\Handlers\FileHandler' driver.
INFO - 2023-11-28 20:17:50 --> Session: Class initialized using 'CodeIgniter\Session\Handlers\FileHandler' driver.
INFO - 2023-11-28 20:17:52 --> Session: Class initialized using 'CodeIgniter\Session\Handlers\FileHandler' driver.
INFO - 2023-11-28 20:17:54 --> Session: Class initialized using 'CodeIgniter\Session\Handlers\FileHandler' driver.
INFO - 2023-11-28 20:18:06 --> Session: Class initialized using 'CodeIgniter\Session\Handlers\FileHandler' driver.
ERROR - 2023-11-28 20:18:06 --> mysqli_sql_exception: Unknown column 'purchase_items.id' in 'where clause' in /Applications/MAMP/htdocs/smartwholesale/oa-app/vendor/codeigniter4/framework/system/Database/MySQLi/Connection.php:295
Stack trace:
#0 /Applications/MAMP/htdocs/smartwholesale/oa-app/vendor/codeigniter4/framework/system/Database/MySQLi/Connection.php(295): mysqli->query('SELECT *\nFROM `...', 0)
#1 /Applications/MAMP/htdocs/smartwholesale/oa-app/vendor/codeigniter4/framework/system/Database/BaseConnection.php(691): CodeIgniter\Database\MySQLi\Connection->execute('SELECT *\nFROM `...')
#2 /Applications/MAMP/htdocs/smartwholesale/oa-app/vendor/codeigniter4/framework/system/Database/BaseConnection.php(605): CodeIgniter\Database\BaseConnection->simpleQuery('SELECT *\nFROM `...')
#3 /Applications/MAMP/htdocs/smartwholesale/oa-app/vendor/codeigniter4/framework/system/Database/BaseBuilder.php(1616): CodeIgniter\Database\BaseConnection->query('SELECT *\nFROM `...', Array, false)
#4 /Applications/MAMP/htdocs/smartwholesale/oa-app/app/Models/TrackingModel.php(57): CodeIgniter\Database\BaseBuilder->get()
#5 /Applications/MAMP/htdocs/smartwholesale/oa-app/app/Controllers/Shipment.php(188): App\Models\TrackingModel->getShipmentByItem('11')
#6 /Applications/MAMP/htdocs/smartwholesale/oa-app/vendor/codeigniter4/framework/system/CodeIgniter.php(934): App\Controllers\Shipment->getShipmentInfoByItem()
#7 /Applications/MAMP/htdocs/smartwholesale/oa-app/vendor/codeigniter4/framework/system/CodeIgniter.php(499): CodeIgniter\CodeIgniter->runController(Object(App\Controllers\Shipment))
#8 /Applications/MAMP/htdocs/smartwholesale/oa-app/vendor/codeigniter4/framework/system/CodeIgniter.php(368): CodeIgniter\CodeIgniter->handleRequest(NULL, Object(Config\Cache), false)
#9 /Applications/MAMP/htdocs/smartwholesale/oa-app/public/index.php(67): CodeIgniter\CodeIgniter->run()
#10 /Applications/MAMP/htdocs/smartwholesale/oa-app/vendor/codeigniter4/framework/system/Commands/Server/rewrite.php(47): require_once('/Applications/M...')
#11 {main}
CRITICAL - 2023-11-28 20:18:06 --> Unknown column 'purchase_items.id' in 'where clause'
in SYSTEMPATH/Database/MySQLi/Connection.php on line 295.
 1 SYSTEMPATH/Database/MySQLi/Connection.php(295): mysqli->query('SELECT *
FROM `tracking_shipments`
LEFT JOIN `tracking_details` ON `tracking_details`.`shipment_id` = `tracking_shipments`.`id`
LEFT JOIN `tracking_items` ON `tracking_items`.`shipment_id` = `tracking_shipments`.`id`
LEFT JOIN `buyer_details` ON `buyer_details`.`id` = `tracking_items`.`buyer_id`
LEFT JOIN `buyers` ON `buyers`.`id` = `buyer_details`.`buyer`
WHERE `purchase_items`.`id` = \'11\'
GROUP BY `tracking_items`.`id`
ORDER BY `tracking_shipments`.`id` DESC', 0)
 2 SYSTEMPATH/Database/BaseConnection.php(691): CodeIgniter\Database\MySQLi\Connection->execute('SELECT *
FROM `tracking_shipments`
LEFT JOIN `tracking_details` ON `tracking_details`.`shipment_id` = `tracking_shipments`.`id`
LEFT JOIN `tracking_items` ON `tracking_items`.`shipment_id` = `tracking_shipments`.`id`
LEFT JOIN `buyer_details` ON `buyer_details`.`id` = `tracking_items`.`buyer_id`
LEFT JOIN `buyers` ON `buyers`.`id` = `buyer_details`.`buyer`
WHERE `purchase_items`.`id` = \'11\'
GROUP BY `tracking_items`.`id`
ORDER BY `tracking_shipments`.`id` DESC')
 3 SYSTEMPATH/Database/BaseConnection.php(605): CodeIgniter\Database\BaseConnection->simpleQuery('SELECT *
FROM `tracking_shipments`
LEFT JOIN `tracking_details` ON `tracking_details`.`shipment_id` = `tracking_shipments`.`id`
LEFT JOIN `tracking_items` ON `tracking_items`.`shipment_id` = `tracking_shipments`.`id`
LEFT JOIN `buyer_details` ON `buyer_details`.`id` = `tracking_items`.`buyer_id`
LEFT JOIN `buyers` ON `buyers`.`id` = `buyer_details`.`buyer`
WHERE `purchase_items`.`id` = \'11\'
GROUP BY `tracking_items`.`id`
ORDER BY `tracking_shipments`.`id` DESC')
 4 SYSTEMPATH/Database/BaseBuilder.php(1616): CodeIgniter\Database\BaseConnection->query('SELECT *
FROM `tracking_shipments`
LEFT JOIN `tracking_details` ON `tracking_details`.`shipment_id` = `tracking_shipments`.`id`
LEFT JOIN `tracking_items` ON `tracking_items`.`shipment_id` = `tracking_shipments`.`id`
LEFT JOIN `buyer_details` ON `buyer_details`.`id` = `tracking_items`.`buyer_id`
LEFT JOIN `buyers` ON `buyers`.`id` = `buyer_details`.`buyer`
WHERE `purchase_items`.`id` = :purchase_items.id:
GROUP BY `tracking_items`.`id`
ORDER BY `tracking_shipments`.`id` DESC', [...], false)
 5 APPPATH/Models/TrackingModel.php(57): CodeIgniter\Database\BaseBuilder->get()
 6 APPPATH/Controllers/Shipment.php(188): App\Models\TrackingModel->getShipmentByItem('11')
 7 SYSTEMPATH/CodeIgniter.php(934): App\Controllers\Shipment->getShipmentInfoByItem()
 8 SYSTEMPATH/CodeIgniter.php(499): CodeIgniter\CodeIgniter->runController(Object(App\Controllers\Shipment))
 9 SYSTEMPATH/CodeIgniter.php(368): CodeIgniter\CodeIgniter->handleRequest(null, Object(Config\Cache), false)
10 FCPATH/index.php(67): CodeIgniter\CodeIgniter->run()
11 SYSTEMPATH/Commands/Server/rewrite.php(47): require_once('/Applications/MAMP/htdocs/smartwholesale/oa-app/public/index.php')
INFO - 2023-11-28 20:18:32 --> Session: Class initialized using 'CodeIgniter\Session\Handlers\FileHandler' driver.
INFO - 2023-11-28 20:18:35 --> Session: Class initialized using 'CodeIgniter\Session\Handlers\FileHandler' driver.
INFO - 2023-11-28 20:27:46 --> Session: Class initialized using 'CodeIgniter\Session\Handlers\FileHandler' driver.
INFO - 2023-11-28 20:27:58 --> Session: Class initialized using 'CodeIgniter\Session\Handlers\FileHandler' driver.
INFO - 2023-11-28 20:29:07 --> Session: Class initialized using 'CodeIgniter\Session\Handlers\FileHandler' driver.
INFO - 2023-11-28 20:29:42 --> Session: Class initialized using 'CodeIgniter\Session\Handlers\FileHandler' driver.
INFO - 2023-11-28 20:30:07 --> Session: Class initialized using 'CodeIgniter\Session\Handlers\FileHandler' driver.
ERROR - 2023-11-28 20:30:24 --> mysqli_sql_exception: Column count doesn't match value count at row 1 in /Applications/MAMP/htdocs/smartwholesale/oa-app/vendor/codeigniter4/framework/system/Database/MySQLi/Connection.php:295
Stack trace:
#0 /Applications/MAMP/htdocs/smartwholesale/oa-app/vendor/codeigniter4/framework/system/Database/MySQLi/Connection.php(295): mysqli->query('INSERT IGNORE I...', 0)
#1 /Applications/MAMP/htdocs/smartwholesale/oa-app/vendor/codeigniter4/framework/system/Database/BaseConnection.php(691): CodeIgniter\Database\MySQLi\Connection->execute('INSERT IGNORE I...')
#2 /Applications/MAMP/htdocs/smartwholesale/oa-app/vendor/codeigniter4/framework/system/Database/BaseConnection.php(605): CodeIgniter\Database\BaseConnection->simpleQuery('INSERT IGNORE I...')
#3 /Applications/MAMP/htdocs/smartwholesale/oa-app/app/Models/TrackingModel.php(81): CodeIgniter\Database\BaseConnection->query('INSERT IGNORE I...')
#4 /Applications/MAMP/htdocs/smartwholesale/oa-app/app/Controllers/Shipment.php(164): App\Models\TrackingModel->addDetails('2', 1, '11')
#5 /Applications/MAMP/htdocs/smartwholesale/oa-app/app/Controllers/Order.php(448): App\Controllers\Shipment->trackingShipment('2', '399272574780', '11')
#6 /Applications/MAMP/htdocs/smartwholesale/oa-app/vendor/codeigniter4/framework/system/CodeIgniter.php(934): App\Controllers\Order->saveBuyersItem()
#7 /Applications/MAMP/htdocs/smartwholesale/oa-app/vendor/codeigniter4/framework/system/CodeIgniter.php(499): CodeIgniter\CodeIgniter->runController(Object(App\Controllers\Order))
#8 /Applications/MAMP/htdocs/smartwholesale/oa-app/vendor/codeigniter4/framework/system/CodeIgniter.php(368): CodeIgniter\CodeIgniter->handleRequest(NULL, Object(Config\Cache), false)
#9 /Applications/MAMP/htdocs/smartwholesale/oa-app/public/index.php(67): CodeIgniter\CodeIgniter->run()
#10 /Applications/MAMP/htdocs/smartwholesale/oa-app/vendor/codeigniter4/framework/system/Commands/Server/rewrite.php(47): require_once('/Applications/M...')
#11 {main}
CRITICAL - 2023-11-28 20:30:24 --> Column count doesn't match value count at row 1
in SYSTEMPATH/Database/MySQLi/Connection.php on line 295.
 1 SYSTEMPATH/Database/MySQLi/Connection.php(295): mysqli->query('INSERT IGNORE INTO tracking_items(buyer_id, shipment_id) VALUES(\'2\', \'1\', \'11\')', 0)
 2 SYSTEMPATH/Database/BaseConnection.php(691): CodeIgniter\Database\MySQLi\Connection->execute('INSERT IGNORE INTO tracking_items(buyer_id, shipment_id) VALUES(\'2\', \'1\', \'11\')')
 3 SYSTEMPATH/Database/BaseConnection.php(605): CodeIgniter\Database\BaseConnection->simpleQuery('INSERT IGNORE INTO tracking_items(buyer_id, shipment_id) VALUES(\'2\', \'1\', \'11\')')
 4 APPPATH/Models/TrackingModel.php(81): CodeIgniter\Database\BaseConnection->query('INSERT IGNORE INTO tracking_items(buyer_id, shipment_id) VALUES(\'2\', \'1\', \'11\')')
 5 APPPATH/Controllers/Shipment.php(164): App\Models\TrackingModel->addDetails('2', 1, '11')
 6 APPPATH/Controllers/Order.php(448): App\Controllers\Shipment->trackingShipment('2', '399272574780', '11')
 7 SYSTEMPATH/CodeIgniter.php(934): App\Controllers\Order->saveBuyersItem()
 8 SYSTEMPATH/CodeIgniter.php(499): CodeIgniter\CodeIgniter->runController(Object(App\Controllers\Order))
 9 SYSTEMPATH/CodeIgniter.php(368): CodeIgniter\CodeIgniter->handleRequest(null, Object(Config\Cache), false)
10 FCPATH/index.php(67): CodeIgniter\CodeIgniter->run()
11 SYSTEMPATH/Commands/Server/rewrite.php(47): require_once('/Applications/MAMP/htdocs/smartwholesale/oa-app/public/index.php')
INFO - 2023-11-28 20:33:13 --> Session: Class initialized using 'CodeIgniter\Session\Handlers\FileHandler' driver.
INFO - 2023-11-28 20:33:20 --> Session: Class initialized using 'CodeIgniter\Session\Handlers\FileHandler' driver.
INFO - 2023-11-28 20:34:26 --> Session: Class initialized using 'CodeIgniter\Session\Handlers\FileHandler' driver.
INFO - 2023-11-28 20:34:32 --> Session: Class initialized using 'CodeIgniter\Session\Handlers\FileHandler' driver.
INFO - 2023-11-28 20:34:34 --> Session: Class initialized using 'CodeIgniter\Session\Handlers\FileHandler' driver.
INFO - 2023-11-28 20:36:36 --> Session: Class initialized using 'CodeIgniter\Session\Handlers\FileHandler' driver.
ERROR - 2023-11-28 20:36:36 --> mysqli_sql_exception: Unknown column 'buyer_details.purchase_id' in 'on clause' in /Applications/MAMP/htdocs/smartwholesale/oa-app/vendor/codeigniter4/framework/system/Database/MySQLi/Connection.php:295
Stack trace:
#0 /Applications/MAMP/htdocs/smartwholesale/oa-app/vendor/codeigniter4/framework/system/Database/MySQLi/Connection.php(295): mysqli->query('SELECT *\nFROM `...', 0)
#1 /Applications/MAMP/htdocs/smartwholesale/oa-app/vendor/codeigniter4/framework/system/Database/BaseConnection.php(691): CodeIgniter\Database\MySQLi\Connection->execute('SELECT *\nFROM `...')
#2 /Applications/MAMP/htdocs/smartwholesale/oa-app/vendor/codeigniter4/framework/system/Database/BaseConnection.php(605): CodeIgniter\Database\BaseConnection->simpleQuery('SELECT *\nFROM `...')
#3 /Applications/MAMP/htdocs/smartwholesale/oa-app/vendor/codeigniter4/framework/system/Database/BaseBuilder.php(1616): CodeIgniter\Database\BaseConnection->query('SELECT *\nFROM `...', Array, false)
#4 /Applications/MAMP/htdocs/smartwholesale/oa-app/app/Models/TrackingModel.php(57): CodeIgniter\Database\BaseBuilder->get()
#5 /Applications/MAMP/htdocs/smartwholesale/oa-app/app/Controllers/Shipment.php(187): App\Models\TrackingModel->getShipmentByItem('11')
#6 /Applications/MAMP/htdocs/smartwholesale/oa-app/vendor/codeigniter4/framework/system/CodeIgniter.php(934): App\Controllers\Shipment->getShipmentInfoByItem()
#7 /Applications/MAMP/htdocs/smartwholesale/oa-app/vendor/codeigniter4/framework/system/CodeIgniter.php(499): CodeIgniter\CodeIgniter->runController(Object(App\Controllers\Shipment))
#8 /Applications/MAMP/htdocs/smartwholesale/oa-app/vendor/codeigniter4/framework/system/CodeIgniter.php(368): CodeIgniter\CodeIgniter->handleRequest(NULL, Object(Config\Cache), false)
#9 /Applications/MAMP/htdocs/smartwholesale/oa-app/public/index.php(67): CodeIgniter\CodeIgniter->run()
#10 /Applications/MAMP/htdocs/smartwholesale/oa-app/vendor/codeigniter4/framework/system/Commands/Server/rewrite.php(47): require_once('/Applications/M...')
#11 {main}
CRITICAL - 2023-11-28 20:36:36 --> Unknown column 'buyer_details.purchase_id' in 'on clause'
in SYSTEMPATH/Database/MySQLi/Connection.php on line 295.
 1 SYSTEMPATH/Database/MySQLi/Connection.php(295): mysqli->query('SELECT *
FROM `tracking_shipments`
LEFT JOIN `tracking_details` ON `tracking_details`.`shipment_id` = `tracking_shipments`.`id`
LEFT JOIN `tracking_items` ON `tracking_items`.`shipment_id` = `tracking_shipments`.`id`
LEFT JOIN `purchase_items` ON `purchase_items`.`id` = `buyer_details`.`purchase_id`
JOIN `lead_lists` ON `lead_lists`.`id` = `purchase_items`.`lead_id`
GROUP BY `tracking_items`.`id`
ORDER BY `tracking_shipments`.`id` DESC', 0)
 2 SYSTEMPATH/Database/BaseConnection.php(691): CodeIgniter\Database\MySQLi\Connection->execute('SELECT *
FROM `tracking_shipments`
LEFT JOIN `tracking_details` ON `tracking_details`.`shipment_id` = `tracking_shipments`.`id`
LEFT JOIN `tracking_items` ON `tracking_items`.`shipment_id` = `tracking_shipments`.`id`
LEFT JOIN `purchase_items` ON `purchase_items`.`id` = `buyer_details`.`purchase_id`
JOIN `lead_lists` ON `lead_lists`.`id` = `purchase_items`.`lead_id`
GROUP BY `tracking_items`.`id`
ORDER BY `tracking_shipments`.`id` DESC')
 3 SYSTEMPATH/Database/BaseConnection.php(605): CodeIgniter\Database\BaseConnection->simpleQuery('SELECT *
FROM `tracking_shipments`
LEFT JOIN `tracking_details` ON `tracking_details`.`shipment_id` = `tracking_shipments`.`id`
LEFT JOIN `tracking_items` ON `tracking_items`.`shipment_id` = `tracking_shipments`.`id`
LEFT JOIN `purchase_items` ON `purchase_items`.`id` = `buyer_details`.`purchase_id`
JOIN `lead_lists` ON `lead_lists`.`id` = `purchase_items`.`lead_id`
GROUP BY `tracking_items`.`id`
ORDER BY `tracking_shipments`.`id` DESC')
 4 SYSTEMPATH/Database/BaseBuilder.php(1616): CodeIgniter\Database\BaseConnection->query('SELECT *
FROM `tracking_shipments`
LEFT JOIN `tracking_details` ON `tracking_details`.`shipment_id` = `tracking_shipments`.`id`
LEFT JOIN `tracking_items` ON `tracking_items`.`shipment_id` = `tracking_shipments`.`id`
LEFT JOIN `purchase_items` ON `purchase_items`.`id` = `buyer_details`.`purchase_id`
JOIN `lead_lists` ON `lead_lists`.`id` = `purchase_items`.`lead_id`
GROUP BY `tracking_items`.`id`
ORDER BY `tracking_shipments`.`id` DESC', [], false)
 5 APPPATH/Models/TrackingModel.php(57): CodeIgniter\Database\BaseBuilder->get()
 6 APPPATH/Controllers/Shipment.php(187): App\Models\TrackingModel->getShipmentByItem('11')
 7 SYSTEMPATH/CodeIgniter.php(934): App\Controllers\Shipment->getShipmentInfoByItem()
 8 SYSTEMPATH/CodeIgniter.php(499): CodeIgniter\CodeIgniter->runController(Object(App\Controllers\Shipment))
 9 SYSTEMPATH/CodeIgniter.php(368): CodeIgniter\CodeIgniter->handleRequest(null, Object(Config\Cache), false)
10 FCPATH/index.php(67): CodeIgniter\CodeIgniter->run()
11 SYSTEMPATH/Commands/Server/rewrite.php(47): require_once('/Applications/MAMP/htdocs/smartwholesale/oa-app/public/index.php')
INFO - 2023-11-28 20:37:08 --> Session: Class initialized using 'CodeIgniter\Session\Handlers\FileHandler' driver.
INFO - 2023-11-28 20:38:50 --> Session: Class initialized using 'CodeIgniter\Session\Handlers\FileHandler' driver.
INFO - 2023-11-28 20:42:22 --> Session: Class initialized using 'CodeIgniter\Session\Handlers\FileHandler' driver.
ERROR - 2023-11-28 20:42:22 --> mysqli_sql_exception: Unknown column 'purchase_items.purchase_id' in 'on clause' in /Applications/MAMP/htdocs/smartwholesale/oa-app/vendor/codeigniter4/framework/system/Database/MySQLi/Connection.php:295
Stack trace:
#0 /Applications/MAMP/htdocs/smartwholesale/oa-app/vendor/codeigniter4/framework/system/Database/MySQLi/Connection.php(295): mysqli->query('SELECT *\nFROM `...', 0)
#1 /Applications/MAMP/htdocs/smartwholesale/oa-app/vendor/codeigniter4/framework/system/Database/BaseConnection.php(691): CodeIgniter\Database\MySQLi\Connection->execute('SELECT *\nFROM `...')
#2 /Applications/MAMP/htdocs/smartwholesale/oa-app/vendor/codeigniter4/framework/system/Database/BaseConnection.php(605): CodeIgniter\Database\BaseConnection->simpleQuery('SELECT *\nFROM `...')
#3 /Applications/MAMP/htdocs/smartwholesale/oa-app/vendor/codeigniter4/framework/system/Database/BaseBuilder.php(1616): CodeIgniter\Database\BaseConnection->query('SELECT *\nFROM `...', Array, false)
#4 /Applications/MAMP/htdocs/smartwholesale/oa-app/app/Models/TrackingModel.php(57): CodeIgniter\Database\BaseBuilder->get()
#5 /Applications/MAMP/htdocs/smartwholesale/oa-app/app/Controllers/Shipment.php(187): App\Models\TrackingModel->getShipmentByItem('11')
#6 /Applications/MAMP/htdocs/smartwholesale/oa-app/vendor/codeigniter4/framework/system/CodeIgniter.php(934): App\Controllers\Shipment->getShipmentInfoByItem()
#7 /Applications/MAMP/htdocs/smartwholesale/oa-app/vendor/codeigniter4/framework/system/CodeIgniter.php(499): CodeIgniter\CodeIgniter->runController(Object(App\Controllers\Shipment))
#8 /Applications/MAMP/htdocs/smartwholesale/oa-app/vendor/codeigniter4/framework/system/CodeIgniter.php(368): CodeIgniter\CodeIgniter->handleRequest(NULL, Object(Config\Cache), false)
#9 /Applications/MAMP/htdocs/smartwholesale/oa-app/public/index.php(67): CodeIgniter\CodeIgniter->run()
#10 /Applications/MAMP/htdocs/smartwholesale/oa-app/vendor/codeigniter4/framework/system/Commands/Server/rewrite.php(47): require_once('/Applications/M...')
#11 {main}
CRITICAL - 2023-11-28 20:42:22 --> Unknown column 'purchase_items.purchase_id' in 'on clause'
in SYSTEMPATH/Database/MySQLi/Connection.php on line 295.
 1 SYSTEMPATH/Database/MySQLi/Connection.php(295): mysqli->query('SELECT *
FROM `tracking_shipments`
LEFT JOIN `tracking_details` ON `tracking_details`.`shipment_id` = `tracking_shipments`.`id`
LEFT JOIN `tracking_items` ON `tracking_items`.`shipment_id` = `tracking_shipments`.`id`
JOIN `purchase_items` ON `purchase_items`.`id` = `tracking_items`.`purch_id`
JOIN `lead_lists` ON `lead_lists`.`id` = `purchase_items`.`lead_id`
JOIN `buyer_details` ON `buyer_details`.`id` = `purchase_items`.`purchase_id`
JOIN `buyers` ON `buyers`.`id` = `buyer_details`.`buyer`
GROUP BY `tracking_items`.`id`
ORDER BY `tracking_shipments`.`id` DESC', 0)
 2 SYSTEMPATH/Database/BaseConnection.php(691): CodeIgniter\Database\MySQLi\Connection->execute('SELECT *
FROM `tracking_shipments`
LEFT JOIN `tracking_details` ON `tracking_details`.`shipment_id` = `tracking_shipments`.`id`
LEFT JOIN `tracking_items` ON `tracking_items`.`shipment_id` = `tracking_shipments`.`id`
JOIN `purchase_items` ON `purchase_items`.`id` = `tracking_items`.`purch_id`
JOIN `lead_lists` ON `lead_lists`.`id` = `purchase_items`.`lead_id`
JOIN `buyer_details` ON `buyer_details`.`id` = `purchase_items`.`purchase_id`
JOIN `buyers` ON `buyers`.`id` = `buyer_details`.`buyer`
GROUP BY `tracking_items`.`id`
ORDER BY `tracking_shipments`.`id` DESC')
 3 SYSTEMPATH/Database/BaseConnection.php(605): CodeIgniter\Database\BaseConnection->simpleQuery('SELECT *
FROM `tracking_shipments`
LEFT JOIN `tracking_details` ON `tracking_details`.`shipment_id` = `tracking_shipments`.`id`
LEFT JOIN `tracking_items` ON `tracking_items`.`shipment_id` = `tracking_shipments`.`id`
JOIN `purchase_items` ON `purchase_items`.`id` = `tracking_items`.`purch_id`
JOIN `lead_lists` ON `lead_lists`.`id` = `purchase_items`.`lead_id`
JOIN `buyer_details` ON `buyer_details`.`id` = `purchase_items`.`purchase_id`
JOIN `buyers` ON `buyers`.`id` = `buyer_details`.`buyer`
GROUP BY `tracking_items`.`id`
ORDER BY `tracking_shipments`.`id` DESC')
 4 SYSTEMPATH/Database/BaseBuilder.php(1616): CodeIgniter\Database\BaseConnection->query('SELECT *
FROM `tracking_shipments`
LEFT JOIN `tracking_details` ON `tracking_details`.`shipment_id` = `tracking_shipments`.`id`
LEFT JOIN `tracking_items` ON `tracking_items`.`shipment_id` = `tracking_shipments`.`id`
JOIN `purchase_items` ON `purchase_items`.`id` = `tracking_items`.`purch_id`
JOIN `lead_lists` ON `lead_lists`.`id` = `purchase_items`.`lead_id`
JOIN `buyer_details` ON `buyer_details`.`id` = `purchase_items`.`purchase_id`
JOIN `buyers` ON `buyers`.`id` = `buyer_details`.`buyer`
GROUP BY `tracking_items`.`id`
ORDER BY `tracking_shipments`.`id` DESC', [], false)
 5 APPPATH/Models/TrackingModel.php(57): CodeIgniter\Database\BaseBuilder->get()
 6 APPPATH/Controllers/Shipment.php(187): App\Models\TrackingModel->getShipmentByItem('11')
 7 SYSTEMPATH/CodeIgniter.php(934): App\Controllers\Shipment->getShipmentInfoByItem()
 8 SYSTEMPATH/CodeIgniter.php(499): CodeIgniter\CodeIgniter->runController(Object(App\Controllers\Shipment))
 9 SYSTEMPATH/CodeIgniter.php(368): CodeIgniter\CodeIgniter->handleRequest(null, Object(Config\Cache), false)
10 FCPATH/index.php(67): CodeIgniter\CodeIgniter->run()
11 SYSTEMPATH/Commands/Server/rewrite.php(47): require_once('/Applications/MAMP/htdocs/smartwholesale/oa-app/public/index.php')
INFO - 2023-11-28 20:42:42 --> Session: Class initialized using 'CodeIgniter\Session\Handlers\FileHandler' driver.
INFO - 2023-11-28 20:43:05 --> Session: Class initialized using 'CodeIgniter\Session\Handlers\FileHandler' driver.
INFO - 2023-11-28 20:44:09 --> Session: Class initialized using 'CodeIgniter\Session\Handlers\FileHandler' driver.
INFO - 2023-11-28 20:44:14 --> Session: Class initialized using 'CodeIgniter\Session\Handlers\FileHandler' driver.
INFO - 2023-11-28 20:49:10 --> Session: Class initialized using 'CodeIgniter\Session\Handlers\FileHandler' driver.
INFO - 2023-11-28 20:49:12 --> Session: Class initialized using 'CodeIgniter\Session\Handlers\FileHandler' driver.
INFO - 2023-11-28 20:51:51 --> Session: Class initialized using 'CodeIgniter\Session\Handlers\FileHandler' driver.
INFO - 2023-11-28 21:02:45 --> Session: Class initialized using 'CodeIgniter\Session\Handlers\FileHandler' driver.
INFO - 2023-11-28 21:15:50 --> Session: Class initialized using 'CodeIgniter\Session\Handlers\FileHandler' driver.
INFO - 2023-11-28 21:23:14 --> Session: Class initialized using 'CodeIgniter\Session\Handlers\FileHandler' driver.
