INFO - 2024-02-20 00:59:00 --> Session: Class initialized using 'CodeIgniter\Session\Handlers\FileHandler' driver.
INFO - 2024-02-20 00:59:16 --> Session: Class initialized using 'CodeIgniter\Session\Handlers\FileHandler' driver.
INFO - 2024-02-20 00:59:18 --> Session: Class initialized using 'CodeIgniter\Session\Handlers\FileHandler' driver.
ERROR - 2024-02-20 01:00:05 --> Error connecting to the database: mysqli_sql_exception: Connection refused in /Applications/MAMP/htdocs/smartwholesale/oa-app-api/vendor/codeigniter4/framework/system/Database/MySQLi/Connection.php:173
Stack trace:
#0 /Applications/MAMP/htdocs/smartwholesale/oa-app-api/vendor/codeigniter4/framework/system/Database/MySQLi/Connection.php(173): mysqli->real_connect('127.0.0.1', 'root', Object(SensitiveParameterValue), 'oa-app-api', 3306, '', 0)
#1 /Applications/MAMP/htdocs/smartwholesale/oa-app-api/vendor/codeigniter4/framework/system/Database/BaseConnection.php(391): CodeIgniter\Database\MySQLi\Connection->connect(false)
#2 /Applications/MAMP/htdocs/smartwholesale/oa-app-api/vendor/codeigniter4/framework/system/Database/BaseConnection.php(573): CodeIgniter\Database\BaseConnection->initialize()
#3 /Applications/MAMP/htdocs/smartwholesale/oa-app-api/vendor/codeigniter4/framework/system/Database/BaseBuilder.php(1749): CodeIgniter\Database\BaseConnection->query('SELECT *\nFROM `...', Array, false)
#4 /Applications/MAMP/htdocs/smartwholesale/oa-app-api/vendor/codeigniter4/framework/system/Model.php(840): CodeIgniter\Database\BaseBuilder->getWhere(Array)
#5 /Applications/MAMP/htdocs/smartwholesale/oa-app-api/app/Controllers/Auth.php(303): CodeIgniter\Model->__call('getWhere', Array)
#6 /Applications/MAMP/htdocs/smartwholesale/oa-app-api/vendor/codeigniter4/framework/system/CodeIgniter.php(934): App\Controllers\Auth->b2bLoginProcess()
#7 /Applications/MAMP/htdocs/smartwholesale/oa-app-api/vendor/codeigniter4/framework/system/CodeIgniter.php(499): CodeIgniter\CodeIgniter->runController(Object(App\Controllers\Auth))
#8 /Applications/MAMP/htdocs/smartwholesale/oa-app-api/vendor/codeigniter4/framework/system/CodeIgniter.php(368): CodeIgniter\CodeIgniter->handleRequest(NULL, Object(Config\Cache), false)
#9 /Applications/MAMP/htdocs/smartwholesale/oa-app-api/public/index.php(67): CodeIgniter\CodeIgniter->run()
#10 /Applications/MAMP/htdocs/smartwholesale/oa-app-api/vendor/codeigniter4/framework/system/Commands/Server/rewrite.php(47): require_once('/Applications/M...')
#11 {main}

Next CodeIgniter\Database\Exceptions\DatabaseException: Connection refused in /Applications/MAMP/htdocs/smartwholesale/oa-app-api/vendor/codeigniter4/framework/system/Database/MySQLi/Connection.php:218
Stack trace:
#0 /Applications/MAMP/htdocs/smartwholesale/oa-app-api/vendor/codeigniter4/framework/system/Database/BaseConnection.php(391): CodeIgniter\Database\MySQLi\Connection->connect(false)
#1 /Applications/MAMP/htdocs/smartwholesale/oa-app-api/vendor/codeigniter4/framework/system/Database/BaseConnection.php(573): CodeIgniter\Database\BaseConnection->initialize()
#2 /Applications/MAMP/htdocs/smartwholesale/oa-app-api/vendor/codeigniter4/framework/system/Database/BaseBuilder.php(1749): CodeIgniter\Database\BaseConnection->query('SELECT *\nFROM `...', Array, false)
#3 /Applications/MAMP/htdocs/smartwholesale/oa-app-api/vendor/codeigniter4/framework/system/Model.php(840): CodeIgniter\Database\BaseBuilder->getWhere(Array)
#4 /Applications/MAMP/htdocs/smartwholesale/oa-app-api/app/Controllers/Auth.php(303): CodeIgniter\Model->__call('getWhere', Array)
#5 /Applications/MAMP/htdocs/smartwholesale/oa-app-api/vendor/codeigniter4/framework/system/CodeIgniter.php(934): App\Controllers\Auth->b2bLoginProcess()
#6 /Applications/MAMP/htdocs/smartwholesale/oa-app-api/vendor/codeigniter4/framework/system/CodeIgniter.php(499): CodeIgniter\CodeIgniter->runController(Object(App\Controllers\Auth))
#7 /Applications/MAMP/htdocs/smartwholesale/oa-app-api/vendor/codeigniter4/framework/system/CodeIgniter.php(368): CodeIgniter\CodeIgniter->handleRequest(NULL, Object(Config\Cache), false)
#8 /Applications/MAMP/htdocs/smartwholesale/oa-app-api/public/index.php(67): CodeIgniter\CodeIgniter->run()
#9 /Applications/MAMP/htdocs/smartwholesale/oa-app-api/vendor/codeigniter4/framework/system/Commands/Server/rewrite.php(47): require_once('/Applications/M...')
#10 {main}
CRITICAL - 2024-02-20 01:00:05 --> Unable to connect to the database.
Main connection [MySQLi]: Connection refused
in SYSTEMPATH/Database/BaseConnection.php on line 427.
 1 SYSTEMPATH/Database/BaseConnection.php(573): CodeIgniter\Database\BaseConnection->initialize()
 2 SYSTEMPATH/Database/BaseBuilder.php(1749): CodeIgniter\Database\BaseConnection->query('SELECT *
FROM `users`
WHERE `email` = :email:
AND `type` = :type:', [...], false)
 3 SYSTEMPATH/Model.php(840): CodeIgniter\Database\BaseBuilder->getWhere([...])
 4 APPPATH/Controllers/Auth.php(303): CodeIgniter\Model->__call('getWhere', [...])
 5 SYSTEMPATH/CodeIgniter.php(934): App\Controllers\Auth->b2bLoginProcess()
 6 SYSTEMPATH/CodeIgniter.php(499): CodeIgniter\CodeIgniter->runController(Object(App\Controllers\Auth))
 7 SYSTEMPATH/CodeIgniter.php(368): CodeIgniter\CodeIgniter->handleRequest(null, Object(Config\Cache), false)
 8 FCPATH/index.php(67): CodeIgniter\CodeIgniter->run()
 9 SYSTEMPATH/Commands/Server/rewrite.php(47): require_once('/Applications/MAMP/htdocs/smartwholesale/oa-app-api/public/index.php')
ERROR - 2024-02-20 01:01:28 --> Error connecting to the database: mysqli_sql_exception: Connection refused in /Applications/MAMP/htdocs/smartwholesale/oa-app-api/vendor/codeigniter4/framework/system/Database/MySQLi/Connection.php:173
Stack trace:
#0 /Applications/MAMP/htdocs/smartwholesale/oa-app-api/vendor/codeigniter4/framework/system/Database/MySQLi/Connection.php(173): mysqli->real_connect('127.0.0.1', 'root', Object(SensitiveParameterValue), 'oa-app-api', 3306, '', 0)
#1 /Applications/MAMP/htdocs/smartwholesale/oa-app-api/vendor/codeigniter4/framework/system/Database/BaseConnection.php(391): CodeIgniter\Database\MySQLi\Connection->connect(false)
#2 /Applications/MAMP/htdocs/smartwholesale/oa-app-api/vendor/codeigniter4/framework/system/Database/BaseConnection.php(573): CodeIgniter\Database\BaseConnection->initialize()
#3 /Applications/MAMP/htdocs/smartwholesale/oa-app-api/vendor/codeigniter4/framework/system/Database/BaseBuilder.php(1749): CodeIgniter\Database\BaseConnection->query('SELECT *\nFROM `...', Array, false)
#4 /Applications/MAMP/htdocs/smartwholesale/oa-app-api/vendor/codeigniter4/framework/system/Model.php(840): CodeIgniter\Database\BaseBuilder->getWhere(Array)
#5 /Applications/MAMP/htdocs/smartwholesale/oa-app-api/app/Controllers/Auth.php(303): CodeIgniter\Model->__call('getWhere', Array)
#6 /Applications/MAMP/htdocs/smartwholesale/oa-app-api/vendor/codeigniter4/framework/system/CodeIgniter.php(934): App\Controllers\Auth->b2bLoginProcess()
#7 /Applications/MAMP/htdocs/smartwholesale/oa-app-api/vendor/codeigniter4/framework/system/CodeIgniter.php(499): CodeIgniter\CodeIgniter->runController(Object(App\Controllers\Auth))
#8 /Applications/MAMP/htdocs/smartwholesale/oa-app-api/vendor/codeigniter4/framework/system/CodeIgniter.php(368): CodeIgniter\CodeIgniter->handleRequest(NULL, Object(Config\Cache), false)
#9 /Applications/MAMP/htdocs/smartwholesale/oa-app-api/public/index.php(67): CodeIgniter\CodeIgniter->run()
#10 /Applications/MAMP/htdocs/smartwholesale/oa-app-api/vendor/codeigniter4/framework/system/Commands/Server/rewrite.php(47): require_once('/Applications/M...')
#11 {main}

Next CodeIgniter\Database\Exceptions\DatabaseException: Connection refused in /Applications/MAMP/htdocs/smartwholesale/oa-app-api/vendor/codeigniter4/framework/system/Database/MySQLi/Connection.php:218
Stack trace:
#0 /Applications/MAMP/htdocs/smartwholesale/oa-app-api/vendor/codeigniter4/framework/system/Database/BaseConnection.php(391): CodeIgniter\Database\MySQLi\Connection->connect(false)
#1 /Applications/MAMP/htdocs/smartwholesale/oa-app-api/vendor/codeigniter4/framework/system/Database/BaseConnection.php(573): CodeIgniter\Database\BaseConnection->initialize()
#2 /Applications/MAMP/htdocs/smartwholesale/oa-app-api/vendor/codeigniter4/framework/system/Database/BaseBuilder.php(1749): CodeIgniter\Database\BaseConnection->query('SELECT *\nFROM `...', Array, false)
#3 /Applications/MAMP/htdocs/smartwholesale/oa-app-api/vendor/codeigniter4/framework/system/Model.php(840): CodeIgniter\Database\BaseBuilder->getWhere(Array)
#4 /Applications/MAMP/htdocs/smartwholesale/oa-app-api/app/Controllers/Auth.php(303): CodeIgniter\Model->__call('getWhere', Array)
#5 /Applications/MAMP/htdocs/smartwholesale/oa-app-api/vendor/codeigniter4/framework/system/CodeIgniter.php(934): App\Controllers\Auth->b2bLoginProcess()
#6 /Applications/MAMP/htdocs/smartwholesale/oa-app-api/vendor/codeigniter4/framework/system/CodeIgniter.php(499): CodeIgniter\CodeIgniter->runController(Object(App\Controllers\Auth))
#7 /Applications/MAMP/htdocs/smartwholesale/oa-app-api/vendor/codeigniter4/framework/system/CodeIgniter.php(368): CodeIgniter\CodeIgniter->handleRequest(NULL, Object(Config\Cache), false)
#8 /Applications/MAMP/htdocs/smartwholesale/oa-app-api/public/index.php(67): CodeIgniter\CodeIgniter->run()
#9 /Applications/MAMP/htdocs/smartwholesale/oa-app-api/vendor/codeigniter4/framework/system/Commands/Server/rewrite.php(47): require_once('/Applications/M...')
#10 {main}
CRITICAL - 2024-02-20 01:01:28 --> Unable to connect to the database.
Main connection [MySQLi]: Connection refused
in SYSTEMPATH/Database/BaseConnection.php on line 427.
 1 SYSTEMPATH/Database/BaseConnection.php(573): CodeIgniter\Database\BaseConnection->initialize()
 2 SYSTEMPATH/Database/BaseBuilder.php(1749): CodeIgniter\Database\BaseConnection->query('SELECT *
FROM `users`
WHERE `email` = :email:
AND `type` = :type:', [...], false)
 3 SYSTEMPATH/Model.php(840): CodeIgniter\Database\BaseBuilder->getWhere([...])
 4 APPPATH/Controllers/Auth.php(303): CodeIgniter\Model->__call('getWhere', [...])
 5 SYSTEMPATH/CodeIgniter.php(934): App\Controllers\Auth->b2bLoginProcess()
 6 SYSTEMPATH/CodeIgniter.php(499): CodeIgniter\CodeIgniter->runController(Object(App\Controllers\Auth))
 7 SYSTEMPATH/CodeIgniter.php(368): CodeIgniter\CodeIgniter->handleRequest(null, Object(Config\Cache), false)
 8 FCPATH/index.php(67): CodeIgniter\CodeIgniter->run()
 9 SYSTEMPATH/Commands/Server/rewrite.php(47): require_once('/Applications/MAMP/htdocs/smartwholesale/oa-app-api/public/index.php')
ERROR - 2024-02-20 01:02:23 --> Error connecting to the database: mysqli_sql_exception: Connection refused in /Applications/MAMP/htdocs/smartwholesale/oa-app-api/vendor/codeigniter4/framework/system/Database/MySQLi/Connection.php:173
Stack trace:
#0 /Applications/MAMP/htdocs/smartwholesale/oa-app-api/vendor/codeigniter4/framework/system/Database/MySQLi/Connection.php(173): mysqli->real_connect('127.0.0.1', 'root', Object(SensitiveParameterValue), 'oa-app-api', 3306, '', 0)
#1 /Applications/MAMP/htdocs/smartwholesale/oa-app-api/vendor/codeigniter4/framework/system/Database/BaseConnection.php(391): CodeIgniter\Database\MySQLi\Connection->connect(false)
#2 /Applications/MAMP/htdocs/smartwholesale/oa-app-api/vendor/codeigniter4/framework/system/Database/BaseConnection.php(573): CodeIgniter\Database\BaseConnection->initialize()
#3 /Applications/MAMP/htdocs/smartwholesale/oa-app-api/vendor/codeigniter4/framework/system/Database/BaseBuilder.php(1749): CodeIgniter\Database\BaseConnection->query('SELECT *\nFROM `...', Array, false)
#4 /Applications/MAMP/htdocs/smartwholesale/oa-app-api/vendor/codeigniter4/framework/system/Model.php(840): CodeIgniter\Database\BaseBuilder->getWhere(Array)
#5 /Applications/MAMP/htdocs/smartwholesale/oa-app-api/app/Controllers/Auth.php(303): CodeIgniter\Model->__call('getWhere', Array)
#6 /Applications/MAMP/htdocs/smartwholesale/oa-app-api/vendor/codeigniter4/framework/system/CodeIgniter.php(934): App\Controllers\Auth->b2bLoginProcess()
#7 /Applications/MAMP/htdocs/smartwholesale/oa-app-api/vendor/codeigniter4/framework/system/CodeIgniter.php(499): CodeIgniter\CodeIgniter->runController(Object(App\Controllers\Auth))
#8 /Applications/MAMP/htdocs/smartwholesale/oa-app-api/vendor/codeigniter4/framework/system/CodeIgniter.php(368): CodeIgniter\CodeIgniter->handleRequest(NULL, Object(Config\Cache), false)
#9 /Applications/MAMP/htdocs/smartwholesale/oa-app-api/public/index.php(67): CodeIgniter\CodeIgniter->run()
#10 /Applications/MAMP/htdocs/smartwholesale/oa-app-api/vendor/codeigniter4/framework/system/Commands/Server/rewrite.php(47): require_once('/Applications/M...')
#11 {main}

Next CodeIgniter\Database\Exceptions\DatabaseException: Connection refused in /Applications/MAMP/htdocs/smartwholesale/oa-app-api/vendor/codeigniter4/framework/system/Database/MySQLi/Connection.php:218
Stack trace:
#0 /Applications/MAMP/htdocs/smartwholesale/oa-app-api/vendor/codeigniter4/framework/system/Database/BaseConnection.php(391): CodeIgniter\Database\MySQLi\Connection->connect(false)
#1 /Applications/MAMP/htdocs/smartwholesale/oa-app-api/vendor/codeigniter4/framework/system/Database/BaseConnection.php(573): CodeIgniter\Database\BaseConnection->initialize()
#2 /Applications/MAMP/htdocs/smartwholesale/oa-app-api/vendor/codeigniter4/framework/system/Database/BaseBuilder.php(1749): CodeIgniter\Database\BaseConnection->query('SELECT *\nFROM `...', Array, false)
#3 /Applications/MAMP/htdocs/smartwholesale/oa-app-api/vendor/codeigniter4/framework/system/Model.php(840): CodeIgniter\Database\BaseBuilder->getWhere(Array)
#4 /Applications/MAMP/htdocs/smartwholesale/oa-app-api/app/Controllers/Auth.php(303): CodeIgniter\Model->__call('getWhere', Array)
#5 /Applications/MAMP/htdocs/smartwholesale/oa-app-api/vendor/codeigniter4/framework/system/CodeIgniter.php(934): App\Controllers\Auth->b2bLoginProcess()
#6 /Applications/MAMP/htdocs/smartwholesale/oa-app-api/vendor/codeigniter4/framework/system/CodeIgniter.php(499): CodeIgniter\CodeIgniter->runController(Object(App\Controllers\Auth))
#7 /Applications/MAMP/htdocs/smartwholesale/oa-app-api/vendor/codeigniter4/framework/system/CodeIgniter.php(368): CodeIgniter\CodeIgniter->handleRequest(NULL, Object(Config\Cache), false)
#8 /Applications/MAMP/htdocs/smartwholesale/oa-app-api/public/index.php(67): CodeIgniter\CodeIgniter->run()
#9 /Applications/MAMP/htdocs/smartwholesale/oa-app-api/vendor/codeigniter4/framework/system/Commands/Server/rewrite.php(47): require_once('/Applications/M...')
#10 {main}
CRITICAL - 2024-02-20 01:02:23 --> Unable to connect to the database.
Main connection [MySQLi]: Connection refused
in SYSTEMPATH/Database/BaseConnection.php on line 427.
 1 SYSTEMPATH/Database/BaseConnection.php(573): CodeIgniter\Database\BaseConnection->initialize()
 2 SYSTEMPATH/Database/BaseBuilder.php(1749): CodeIgniter\Database\BaseConnection->query('SELECT *
FROM `users`
WHERE `email` = :email:
AND `type` = :type:', [...], false)
 3 SYSTEMPATH/Model.php(840): CodeIgniter\Database\BaseBuilder->getWhere([...])
 4 APPPATH/Controllers/Auth.php(303): CodeIgniter\Model->__call('getWhere', [...])
 5 SYSTEMPATH/CodeIgniter.php(934): App\Controllers\Auth->b2bLoginProcess()
 6 SYSTEMPATH/CodeIgniter.php(499): CodeIgniter\CodeIgniter->runController(Object(App\Controllers\Auth))
 7 SYSTEMPATH/CodeIgniter.php(368): CodeIgniter\CodeIgniter->handleRequest(null, Object(Config\Cache), false)
 8 FCPATH/index.php(67): CodeIgniter\CodeIgniter->run()
 9 SYSTEMPATH/Commands/Server/rewrite.php(47): require_once('/Applications/MAMP/htdocs/smartwholesale/oa-app-api/public/index.php')
ERROR - 2024-02-20 01:02:57 --> Error connecting to the database: mysqli_sql_exception: No such file or directory in /Applications/MAMP/htdocs/smartwholesale/oa-app-api/vendor/codeigniter4/framework/system/Database/MySQLi/Connection.php:173
Stack trace:
#0 /Applications/MAMP/htdocs/smartwholesale/oa-app-api/vendor/codeigniter4/framework/system/Database/MySQLi/Connection.php(173): mysqli->real_connect('localhost', 'root', Object(SensitiveParameterValue), 'oa-app-api', 3306, '', 0)
#1 /Applications/MAMP/htdocs/smartwholesale/oa-app-api/vendor/codeigniter4/framework/system/Database/BaseConnection.php(391): CodeIgniter\Database\MySQLi\Connection->connect(false)
#2 /Applications/MAMP/htdocs/smartwholesale/oa-app-api/vendor/codeigniter4/framework/system/Database/BaseConnection.php(573): CodeIgniter\Database\BaseConnection->initialize()
#3 /Applications/MAMP/htdocs/smartwholesale/oa-app-api/vendor/codeigniter4/framework/system/Database/BaseBuilder.php(1749): CodeIgniter\Database\BaseConnection->query('SELECT *\nFROM `...', Array, false)
#4 /Applications/MAMP/htdocs/smartwholesale/oa-app-api/vendor/codeigniter4/framework/system/Model.php(840): CodeIgniter\Database\BaseBuilder->getWhere(Array)
#5 /Applications/MAMP/htdocs/smartwholesale/oa-app-api/app/Controllers/Auth.php(303): CodeIgniter\Model->__call('getWhere', Array)
#6 /Applications/MAMP/htdocs/smartwholesale/oa-app-api/vendor/codeigniter4/framework/system/CodeIgniter.php(934): App\Controllers\Auth->b2bLoginProcess()
#7 /Applications/MAMP/htdocs/smartwholesale/oa-app-api/vendor/codeigniter4/framework/system/CodeIgniter.php(499): CodeIgniter\CodeIgniter->runController(Object(App\Controllers\Auth))
#8 /Applications/MAMP/htdocs/smartwholesale/oa-app-api/vendor/codeigniter4/framework/system/CodeIgniter.php(368): CodeIgniter\CodeIgniter->handleRequest(NULL, Object(Config\Cache), false)
#9 /Applications/MAMP/htdocs/smartwholesale/oa-app-api/public/index.php(67): CodeIgniter\CodeIgniter->run()
#10 /Applications/MAMP/htdocs/smartwholesale/oa-app-api/vendor/codeigniter4/framework/system/Commands/Server/rewrite.php(47): require_once('/Applications/M...')
#11 {main}

Next CodeIgniter\Database\Exceptions\DatabaseException: No such file or directory in /Applications/MAMP/htdocs/smartwholesale/oa-app-api/vendor/codeigniter4/framework/system/Database/MySQLi/Connection.php:218
Stack trace:
#0 /Applications/MAMP/htdocs/smartwholesale/oa-app-api/vendor/codeigniter4/framework/system/Database/BaseConnection.php(391): CodeIgniter\Database\MySQLi\Connection->connect(false)
#1 /Applications/MAMP/htdocs/smartwholesale/oa-app-api/vendor/codeigniter4/framework/system/Database/BaseConnection.php(573): CodeIgniter\Database\BaseConnection->initialize()
#2 /Applications/MAMP/htdocs/smartwholesale/oa-app-api/vendor/codeigniter4/framework/system/Database/BaseBuilder.php(1749): CodeIgniter\Database\BaseConnection->query('SELECT *\nFROM `...', Array, false)
#3 /Applications/MAMP/htdocs/smartwholesale/oa-app-api/vendor/codeigniter4/framework/system/Model.php(840): CodeIgniter\Database\BaseBuilder->getWhere(Array)
#4 /Applications/MAMP/htdocs/smartwholesale/oa-app-api/app/Controllers/Auth.php(303): CodeIgniter\Model->__call('getWhere', Array)
#5 /Applications/MAMP/htdocs/smartwholesale/oa-app-api/vendor/codeigniter4/framework/system/CodeIgniter.php(934): App\Controllers\Auth->b2bLoginProcess()
#6 /Applications/MAMP/htdocs/smartwholesale/oa-app-api/vendor/codeigniter4/framework/system/CodeIgniter.php(499): CodeIgniter\CodeIgniter->runController(Object(App\Controllers\Auth))
#7 /Applications/MAMP/htdocs/smartwholesale/oa-app-api/vendor/codeigniter4/framework/system/CodeIgniter.php(368): CodeIgniter\CodeIgniter->handleRequest(NULL, Object(Config\Cache), false)
#8 /Applications/MAMP/htdocs/smartwholesale/oa-app-api/public/index.php(67): CodeIgniter\CodeIgniter->run()
#9 /Applications/MAMP/htdocs/smartwholesale/oa-app-api/vendor/codeigniter4/framework/system/Commands/Server/rewrite.php(47): require_once('/Applications/M...')
#10 {main}
CRITICAL - 2024-02-20 01:02:57 --> Unable to connect to the database.
Main connection [MySQLi]: No such file or directory
in SYSTEMPATH/Database/BaseConnection.php on line 427.
 1 SYSTEMPATH/Database/BaseConnection.php(573): CodeIgniter\Database\BaseConnection->initialize()
 2 SYSTEMPATH/Database/BaseBuilder.php(1749): CodeIgniter\Database\BaseConnection->query('SELECT *
FROM `users`
WHERE `email` = :email:
AND `type` = :type:', [...], false)
 3 SYSTEMPATH/Model.php(840): CodeIgniter\Database\BaseBuilder->getWhere([...])
 4 APPPATH/Controllers/Auth.php(303): CodeIgniter\Model->__call('getWhere', [...])
 5 SYSTEMPATH/CodeIgniter.php(934): App\Controllers\Auth->b2bLoginProcess()
 6 SYSTEMPATH/CodeIgniter.php(499): CodeIgniter\CodeIgniter->runController(Object(App\Controllers\Auth))
 7 SYSTEMPATH/CodeIgniter.php(368): CodeIgniter\CodeIgniter->handleRequest(null, Object(Config\Cache), false)
 8 FCPATH/index.php(67): CodeIgniter\CodeIgniter->run()
 9 SYSTEMPATH/Commands/Server/rewrite.php(47): require_once('/Applications/MAMP/htdocs/smartwholesale/oa-app-api/public/index.php')
ERROR - 2024-02-20 01:03:51 --> Error connecting to the database: mysqli_sql_exception: No such file or directory in /Applications/MAMP/htdocs/smartwholesale/oa-app-api/vendor/codeigniter4/framework/system/Database/MySQLi/Connection.php:173
Stack trace:
#0 /Applications/MAMP/htdocs/smartwholesale/oa-app-api/vendor/codeigniter4/framework/system/Database/MySQLi/Connection.php(173): mysqli->real_connect('localhost', 'root', Object(SensitiveParameterValue), 'oa-app-api', 3306, '', 0)
#1 /Applications/MAMP/htdocs/smartwholesale/oa-app-api/vendor/codeigniter4/framework/system/Database/BaseConnection.php(391): CodeIgniter\Database\MySQLi\Connection->connect(false)
#2 /Applications/MAMP/htdocs/smartwholesale/oa-app-api/vendor/codeigniter4/framework/system/Database/BaseConnection.php(573): CodeIgniter\Database\BaseConnection->initialize()
#3 /Applications/MAMP/htdocs/smartwholesale/oa-app-api/vendor/codeigniter4/framework/system/Database/BaseBuilder.php(1749): CodeIgniter\Database\BaseConnection->query('SELECT *\nFROM `...', Array, false)
#4 /Applications/MAMP/htdocs/smartwholesale/oa-app-api/vendor/codeigniter4/framework/system/Model.php(840): CodeIgniter\Database\BaseBuilder->getWhere(Array)
#5 /Applications/MAMP/htdocs/smartwholesale/oa-app-api/app/Controllers/Auth.php(303): CodeIgniter\Model->__call('getWhere', Array)
#6 /Applications/MAMP/htdocs/smartwholesale/oa-app-api/vendor/codeigniter4/framework/system/CodeIgniter.php(934): App\Controllers\Auth->b2bLoginProcess()
#7 /Applications/MAMP/htdocs/smartwholesale/oa-app-api/vendor/codeigniter4/framework/system/CodeIgniter.php(499): CodeIgniter\CodeIgniter->runController(Object(App\Controllers\Auth))
#8 /Applications/MAMP/htdocs/smartwholesale/oa-app-api/vendor/codeigniter4/framework/system/CodeIgniter.php(368): CodeIgniter\CodeIgniter->handleRequest(NULL, Object(Config\Cache), false)
#9 /Applications/MAMP/htdocs/smartwholesale/oa-app-api/public/index.php(67): CodeIgniter\CodeIgniter->run()
#10 /Applications/MAMP/htdocs/smartwholesale/oa-app-api/vendor/codeigniter4/framework/system/Commands/Server/rewrite.php(47): require_once('/Applications/M...')
#11 {main}

Next CodeIgniter\Database\Exceptions\DatabaseException: No such file or directory in /Applications/MAMP/htdocs/smartwholesale/oa-app-api/vendor/codeigniter4/framework/system/Database/MySQLi/Connection.php:218
Stack trace:
#0 /Applications/MAMP/htdocs/smartwholesale/oa-app-api/vendor/codeigniter4/framework/system/Database/BaseConnection.php(391): CodeIgniter\Database\MySQLi\Connection->connect(false)
#1 /Applications/MAMP/htdocs/smartwholesale/oa-app-api/vendor/codeigniter4/framework/system/Database/BaseConnection.php(573): CodeIgniter\Database\BaseConnection->initialize()
#2 /Applications/MAMP/htdocs/smartwholesale/oa-app-api/vendor/codeigniter4/framework/system/Database/BaseBuilder.php(1749): CodeIgniter\Database\BaseConnection->query('SELECT *\nFROM `...', Array, false)
#3 /Applications/MAMP/htdocs/smartwholesale/oa-app-api/vendor/codeigniter4/framework/system/Model.php(840): CodeIgniter\Database\BaseBuilder->getWhere(Array)
#4 /Applications/MAMP/htdocs/smartwholesale/oa-app-api/app/Controllers/Auth.php(303): CodeIgniter\Model->__call('getWhere', Array)
#5 /Applications/MAMP/htdocs/smartwholesale/oa-app-api/vendor/codeigniter4/framework/system/CodeIgniter.php(934): App\Controllers\Auth->b2bLoginProcess()
#6 /Applications/MAMP/htdocs/smartwholesale/oa-app-api/vendor/codeigniter4/framework/system/CodeIgniter.php(499): CodeIgniter\CodeIgniter->runController(Object(App\Controllers\Auth))
#7 /Applications/MAMP/htdocs/smartwholesale/oa-app-api/vendor/codeigniter4/framework/system/CodeIgniter.php(368): CodeIgniter\CodeIgniter->handleRequest(NULL, Object(Config\Cache), false)
#8 /Applications/MAMP/htdocs/smartwholesale/oa-app-api/public/index.php(67): CodeIgniter\CodeIgniter->run()
#9 /Applications/MAMP/htdocs/smartwholesale/oa-app-api/vendor/codeigniter4/framework/system/Commands/Server/rewrite.php(47): require_once('/Applications/M...')
#10 {main}
CRITICAL - 2024-02-20 01:03:51 --> Unable to connect to the database.
Main connection [MySQLi]: No such file or directory
in SYSTEMPATH/Database/BaseConnection.php on line 427.
 1 SYSTEMPATH/Database/BaseConnection.php(573): CodeIgniter\Database\BaseConnection->initialize()
 2 SYSTEMPATH/Database/BaseBuilder.php(1749): CodeIgniter\Database\BaseConnection->query('SELECT *
FROM `users`
WHERE `email` = :email:
AND `type` = :type:', [...], false)
 3 SYSTEMPATH/Model.php(840): CodeIgniter\Database\BaseBuilder->getWhere([...])
 4 APPPATH/Controllers/Auth.php(303): CodeIgniter\Model->__call('getWhere', [...])
 5 SYSTEMPATH/CodeIgniter.php(934): App\Controllers\Auth->b2bLoginProcess()
 6 SYSTEMPATH/CodeIgniter.php(499): CodeIgniter\CodeIgniter->runController(Object(App\Controllers\Auth))
 7 SYSTEMPATH/CodeIgniter.php(368): CodeIgniter\CodeIgniter->handleRequest(null, Object(Config\Cache), false)
 8 FCPATH/index.php(67): CodeIgniter\CodeIgniter->run()
 9 SYSTEMPATH/Commands/Server/rewrite.php(47): require_once('/Applications/MAMP/htdocs/smartwholesale/oa-app-api/public/index.php')
ERROR - 2024-02-20 01:10:53 --> Error connecting to the database: mysqli_sql_exception: No such file or directory in /Applications/MAMP/htdocs/smartwholesale/oa-app-api/vendor/codeigniter4/framework/system/Database/MySQLi/Connection.php:173
Stack trace:
#0 /Applications/MAMP/htdocs/smartwholesale/oa-app-api/vendor/codeigniter4/framework/system/Database/MySQLi/Connection.php(173): mysqli->real_connect('localhost', 'root', Object(SensitiveParameterValue), 'oa-app-api', 3306, '', 0)
#1 /Applications/MAMP/htdocs/smartwholesale/oa-app-api/vendor/codeigniter4/framework/system/Database/BaseConnection.php(391): CodeIgniter\Database\MySQLi\Connection->connect(false)
#2 /Applications/MAMP/htdocs/smartwholesale/oa-app-api/vendor/codeigniter4/framework/system/Database/BaseConnection.php(573): CodeIgniter\Database\BaseConnection->initialize()
#3 /Applications/MAMP/htdocs/smartwholesale/oa-app-api/vendor/codeigniter4/framework/system/Database/BaseBuilder.php(1749): CodeIgniter\Database\BaseConnection->query('SELECT *\nFROM `...', Array, false)
#4 /Applications/MAMP/htdocs/smartwholesale/oa-app-api/vendor/codeigniter4/framework/system/Model.php(840): CodeIgniter\Database\BaseBuilder->getWhere(Array)
#5 /Applications/MAMP/htdocs/smartwholesale/oa-app-api/app/Controllers/Auth.php(303): CodeIgniter\Model->__call('getWhere', Array)
#6 /Applications/MAMP/htdocs/smartwholesale/oa-app-api/vendor/codeigniter4/framework/system/CodeIgniter.php(934): App\Controllers\Auth->b2bLoginProcess()
#7 /Applications/MAMP/htdocs/smartwholesale/oa-app-api/vendor/codeigniter4/framework/system/CodeIgniter.php(499): CodeIgniter\CodeIgniter->runController(Object(App\Controllers\Auth))
#8 /Applications/MAMP/htdocs/smartwholesale/oa-app-api/vendor/codeigniter4/framework/system/CodeIgniter.php(368): CodeIgniter\CodeIgniter->handleRequest(NULL, Object(Config\Cache), false)
#9 /Applications/MAMP/htdocs/smartwholesale/oa-app-api/public/index.php(67): CodeIgniter\CodeIgniter->run()
#10 /Applications/MAMP/htdocs/smartwholesale/oa-app-api/vendor/codeigniter4/framework/system/Commands/Server/rewrite.php(47): require_once('/Applications/M...')
#11 {main}

Next CodeIgniter\Database\Exceptions\DatabaseException: No such file or directory in /Applications/MAMP/htdocs/smartwholesale/oa-app-api/vendor/codeigniter4/framework/system/Database/MySQLi/Connection.php:218
Stack trace:
#0 /Applications/MAMP/htdocs/smartwholesale/oa-app-api/vendor/codeigniter4/framework/system/Database/BaseConnection.php(391): CodeIgniter\Database\MySQLi\Connection->connect(false)
#1 /Applications/MAMP/htdocs/smartwholesale/oa-app-api/vendor/codeigniter4/framework/system/Database/BaseConnection.php(573): CodeIgniter\Database\BaseConnection->initialize()
#2 /Applications/MAMP/htdocs/smartwholesale/oa-app-api/vendor/codeigniter4/framework/system/Database/BaseBuilder.php(1749): CodeIgniter\Database\BaseConnection->query('SELECT *\nFROM `...', Array, false)
#3 /Applications/MAMP/htdocs/smartwholesale/oa-app-api/vendor/codeigniter4/framework/system/Model.php(840): CodeIgniter\Database\BaseBuilder->getWhere(Array)
#4 /Applications/MAMP/htdocs/smartwholesale/oa-app-api/app/Controllers/Auth.php(303): CodeIgniter\Model->__call('getWhere', Array)
#5 /Applications/MAMP/htdocs/smartwholesale/oa-app-api/vendor/codeigniter4/framework/system/CodeIgniter.php(934): App\Controllers\Auth->b2bLoginProcess()
#6 /Applications/MAMP/htdocs/smartwholesale/oa-app-api/vendor/codeigniter4/framework/system/CodeIgniter.php(499): CodeIgniter\CodeIgniter->runController(Object(App\Controllers\Auth))
#7 /Applications/MAMP/htdocs/smartwholesale/oa-app-api/vendor/codeigniter4/framework/system/CodeIgniter.php(368): CodeIgniter\CodeIgniter->handleRequest(NULL, Object(Config\Cache), false)
#8 /Applications/MAMP/htdocs/smartwholesale/oa-app-api/public/index.php(67): CodeIgniter\CodeIgniter->run()
#9 /Applications/MAMP/htdocs/smartwholesale/oa-app-api/vendor/codeigniter4/framework/system/Commands/Server/rewrite.php(47): require_once('/Applications/M...')
#10 {main}
CRITICAL - 2024-02-20 01:10:53 --> Unable to connect to the database.
Main connection [MySQLi]: No such file or directory
in SYSTEMPATH/Database/BaseConnection.php on line 427.
 1 SYSTEMPATH/Database/BaseConnection.php(573): CodeIgniter\Database\BaseConnection->initialize()
 2 SYSTEMPATH/Database/BaseBuilder.php(1749): CodeIgniter\Database\BaseConnection->query('SELECT *
FROM `users`
WHERE `email` = :email:
AND `type` = :type:', [...], false)
 3 SYSTEMPATH/Model.php(840): CodeIgniter\Database\BaseBuilder->getWhere([...])
 4 APPPATH/Controllers/Auth.php(303): CodeIgniter\Model->__call('getWhere', [...])
 5 SYSTEMPATH/CodeIgniter.php(934): App\Controllers\Auth->b2bLoginProcess()
 6 SYSTEMPATH/CodeIgniter.php(499): CodeIgniter\CodeIgniter->runController(Object(App\Controllers\Auth))
 7 SYSTEMPATH/CodeIgniter.php(368): CodeIgniter\CodeIgniter->handleRequest(null, Object(Config\Cache), false)
 8 FCPATH/index.php(67): CodeIgniter\CodeIgniter->run()
 9 SYSTEMPATH/Commands/Server/rewrite.php(47): require_once('/Applications/MAMP/htdocs/smartwholesale/oa-app-api/public/index.php')
ERROR - 2024-02-20 01:13:12 --> Error connecting to the database: mysqli_sql_exception: Connection refused in /Applications/MAMP/htdocs/smartwholesale/oa-app-api/vendor/codeigniter4/framework/system/Database/MySQLi/Connection.php:173
Stack trace:
#0 /Applications/MAMP/htdocs/smartwholesale/oa-app-api/vendor/codeigniter4/framework/system/Database/MySQLi/Connection.php(173): mysqli->real_connect('127.0.0.1', 'root', Object(SensitiveParameterValue), 'oa-app-api', 3306, '', 0)
#1 /Applications/MAMP/htdocs/smartwholesale/oa-app-api/vendor/codeigniter4/framework/system/Database/BaseConnection.php(391): CodeIgniter\Database\MySQLi\Connection->connect(false)
#2 /Applications/MAMP/htdocs/smartwholesale/oa-app-api/vendor/codeigniter4/framework/system/Database/BaseConnection.php(573): CodeIgniter\Database\BaseConnection->initialize()
#3 /Applications/MAMP/htdocs/smartwholesale/oa-app-api/vendor/codeigniter4/framework/system/Database/BaseBuilder.php(1749): CodeIgniter\Database\BaseConnection->query('SELECT *\nFROM `...', Array, false)
#4 /Applications/MAMP/htdocs/smartwholesale/oa-app-api/vendor/codeigniter4/framework/system/Model.php(840): CodeIgniter\Database\BaseBuilder->getWhere(Array)
#5 /Applications/MAMP/htdocs/smartwholesale/oa-app-api/app/Controllers/Auth.php(303): CodeIgniter\Model->__call('getWhere', Array)
#6 /Applications/MAMP/htdocs/smartwholesale/oa-app-api/vendor/codeigniter4/framework/system/CodeIgniter.php(934): App\Controllers\Auth->b2bLoginProcess()
#7 /Applications/MAMP/htdocs/smartwholesale/oa-app-api/vendor/codeigniter4/framework/system/CodeIgniter.php(499): CodeIgniter\CodeIgniter->runController(Object(App\Controllers\Auth))
#8 /Applications/MAMP/htdocs/smartwholesale/oa-app-api/vendor/codeigniter4/framework/system/CodeIgniter.php(368): CodeIgniter\CodeIgniter->handleRequest(NULL, Object(Config\Cache), false)
#9 /Applications/MAMP/htdocs/smartwholesale/oa-app-api/public/index.php(67): CodeIgniter\CodeIgniter->run()
#10 /Applications/MAMP/htdocs/smartwholesale/oa-app-api/vendor/codeigniter4/framework/system/Commands/Server/rewrite.php(47): require_once('/Applications/M...')
#11 {main}

Next CodeIgniter\Database\Exceptions\DatabaseException: Connection refused in /Applications/MAMP/htdocs/smartwholesale/oa-app-api/vendor/codeigniter4/framework/system/Database/MySQLi/Connection.php:218
Stack trace:
#0 /Applications/MAMP/htdocs/smartwholesale/oa-app-api/vendor/codeigniter4/framework/system/Database/BaseConnection.php(391): CodeIgniter\Database\MySQLi\Connection->connect(false)
#1 /Applications/MAMP/htdocs/smartwholesale/oa-app-api/vendor/codeigniter4/framework/system/Database/BaseConnection.php(573): CodeIgniter\Database\BaseConnection->initialize()
#2 /Applications/MAMP/htdocs/smartwholesale/oa-app-api/vendor/codeigniter4/framework/system/Database/BaseBuilder.php(1749): CodeIgniter\Database\BaseConnection->query('SELECT *\nFROM `...', Array, false)
#3 /Applications/MAMP/htdocs/smartwholesale/oa-app-api/vendor/codeigniter4/framework/system/Model.php(840): CodeIgniter\Database\BaseBuilder->getWhere(Array)
#4 /Applications/MAMP/htdocs/smartwholesale/oa-app-api/app/Controllers/Auth.php(303): CodeIgniter\Model->__call('getWhere', Array)
#5 /Applications/MAMP/htdocs/smartwholesale/oa-app-api/vendor/codeigniter4/framework/system/CodeIgniter.php(934): App\Controllers\Auth->b2bLoginProcess()
#6 /Applications/MAMP/htdocs/smartwholesale/oa-app-api/vendor/codeigniter4/framework/system/CodeIgniter.php(499): CodeIgniter\CodeIgniter->runController(Object(App\Controllers\Auth))
#7 /Applications/MAMP/htdocs/smartwholesale/oa-app-api/vendor/codeigniter4/framework/system/CodeIgniter.php(368): CodeIgniter\CodeIgniter->handleRequest(NULL, Object(Config\Cache), false)
#8 /Applications/MAMP/htdocs/smartwholesale/oa-app-api/public/index.php(67): CodeIgniter\CodeIgniter->run()
#9 /Applications/MAMP/htdocs/smartwholesale/oa-app-api/vendor/codeigniter4/framework/system/Commands/Server/rewrite.php(47): require_once('/Applications/M...')
#10 {main}
CRITICAL - 2024-02-20 01:13:12 --> Unable to connect to the database.
Main connection [MySQLi]: Connection refused
in SYSTEMPATH/Database/BaseConnection.php on line 427.
 1 SYSTEMPATH/Database/BaseConnection.php(573): CodeIgniter\Database\BaseConnection->initialize()
 2 SYSTEMPATH/Database/BaseBuilder.php(1749): CodeIgniter\Database\BaseConnection->query('SELECT *
FROM `users`
WHERE `email` = :email:
AND `type` = :type:', [...], false)
 3 SYSTEMPATH/Model.php(840): CodeIgniter\Database\BaseBuilder->getWhere([...])
 4 APPPATH/Controllers/Auth.php(303): CodeIgniter\Model->__call('getWhere', [...])
 5 SYSTEMPATH/CodeIgniter.php(934): App\Controllers\Auth->b2bLoginProcess()
 6 SYSTEMPATH/CodeIgniter.php(499): CodeIgniter\CodeIgniter->runController(Object(App\Controllers\Auth))
 7 SYSTEMPATH/CodeIgniter.php(368): CodeIgniter\CodeIgniter->handleRequest(null, Object(Config\Cache), false)
 8 FCPATH/index.php(67): CodeIgniter\CodeIgniter->run()
 9 SYSTEMPATH/Commands/Server/rewrite.php(47): require_once('/Applications/MAMP/htdocs/smartwholesale/oa-app-api/public/index.php')
ERROR - 2024-02-20 01:13:53 --> Error connecting to the database: mysqli_sql_exception: Connection refused in /Applications/MAMP/htdocs/smartwholesale/oa-app-api/vendor/codeigniter4/framework/system/Database/MySQLi/Connection.php:173
Stack trace:
#0 /Applications/MAMP/htdocs/smartwholesale/oa-app-api/vendor/codeigniter4/framework/system/Database/MySQLi/Connection.php(173): mysqli->real_connect('127.0.0.1', 'root', Object(SensitiveParameterValue), 'oa-app-api', 3306, '', 0)
#1 /Applications/MAMP/htdocs/smartwholesale/oa-app-api/vendor/codeigniter4/framework/system/Database/BaseConnection.php(391): CodeIgniter\Database\MySQLi\Connection->connect(false)
#2 /Applications/MAMP/htdocs/smartwholesale/oa-app-api/vendor/codeigniter4/framework/system/Database/BaseConnection.php(573): CodeIgniter\Database\BaseConnection->initialize()
#3 /Applications/MAMP/htdocs/smartwholesale/oa-app-api/vendor/codeigniter4/framework/system/Database/BaseBuilder.php(1749): CodeIgniter\Database\BaseConnection->query('SELECT *\nFROM `...', Array, false)
#4 /Applications/MAMP/htdocs/smartwholesale/oa-app-api/vendor/codeigniter4/framework/system/Model.php(840): CodeIgniter\Database\BaseBuilder->getWhere(Array)
#5 /Applications/MAMP/htdocs/smartwholesale/oa-app-api/app/Controllers/Auth.php(303): CodeIgniter\Model->__call('getWhere', Array)
#6 /Applications/MAMP/htdocs/smartwholesale/oa-app-api/vendor/codeigniter4/framework/system/CodeIgniter.php(934): App\Controllers\Auth->b2bLoginProcess()
#7 /Applications/MAMP/htdocs/smartwholesale/oa-app-api/vendor/codeigniter4/framework/system/CodeIgniter.php(499): CodeIgniter\CodeIgniter->runController(Object(App\Controllers\Auth))
#8 /Applications/MAMP/htdocs/smartwholesale/oa-app-api/vendor/codeigniter4/framework/system/CodeIgniter.php(368): CodeIgniter\CodeIgniter->handleRequest(NULL, Object(Config\Cache), false)
#9 /Applications/MAMP/htdocs/smartwholesale/oa-app-api/public/index.php(67): CodeIgniter\CodeIgniter->run()
#10 /Applications/MAMP/htdocs/smartwholesale/oa-app-api/vendor/codeigniter4/framework/system/Commands/Server/rewrite.php(47): require_once('/Applications/M...')
#11 {main}

Next CodeIgniter\Database\Exceptions\DatabaseException: Connection refused in /Applications/MAMP/htdocs/smartwholesale/oa-app-api/vendor/codeigniter4/framework/system/Database/MySQLi/Connection.php:218
Stack trace:
#0 /Applications/MAMP/htdocs/smartwholesale/oa-app-api/vendor/codeigniter4/framework/system/Database/BaseConnection.php(391): CodeIgniter\Database\MySQLi\Connection->connect(false)
#1 /Applications/MAMP/htdocs/smartwholesale/oa-app-api/vendor/codeigniter4/framework/system/Database/BaseConnection.php(573): CodeIgniter\Database\BaseConnection->initialize()
#2 /Applications/MAMP/htdocs/smartwholesale/oa-app-api/vendor/codeigniter4/framework/system/Database/BaseBuilder.php(1749): CodeIgniter\Database\BaseConnection->query('SELECT *\nFROM `...', Array, false)
#3 /Applications/MAMP/htdocs/smartwholesale/oa-app-api/vendor/codeigniter4/framework/system/Model.php(840): CodeIgniter\Database\BaseBuilder->getWhere(Array)
#4 /Applications/MAMP/htdocs/smartwholesale/oa-app-api/app/Controllers/Auth.php(303): CodeIgniter\Model->__call('getWhere', Array)
#5 /Applications/MAMP/htdocs/smartwholesale/oa-app-api/vendor/codeigniter4/framework/system/CodeIgniter.php(934): App\Controllers\Auth->b2bLoginProcess()
#6 /Applications/MAMP/htdocs/smartwholesale/oa-app-api/vendor/codeigniter4/framework/system/CodeIgniter.php(499): CodeIgniter\CodeIgniter->runController(Object(App\Controllers\Auth))
#7 /Applications/MAMP/htdocs/smartwholesale/oa-app-api/vendor/codeigniter4/framework/system/CodeIgniter.php(368): CodeIgniter\CodeIgniter->handleRequest(NULL, Object(Config\Cache), false)
#8 /Applications/MAMP/htdocs/smartwholesale/oa-app-api/public/index.php(67): CodeIgniter\CodeIgniter->run()
#9 /Applications/MAMP/htdocs/smartwholesale/oa-app-api/vendor/codeigniter4/framework/system/Commands/Server/rewrite.php(47): require_once('/Applications/M...')
#10 {main}
CRITICAL - 2024-02-20 01:13:53 --> Unable to connect to the database.
Main connection [MySQLi]: Connection refused
in SYSTEMPATH/Database/BaseConnection.php on line 427.
 1 SYSTEMPATH/Database/BaseConnection.php(573): CodeIgniter\Database\BaseConnection->initialize()
 2 SYSTEMPATH/Database/BaseBuilder.php(1749): CodeIgniter\Database\BaseConnection->query('SELECT *
FROM `users`
WHERE `email` = :email:
AND `type` = :type:', [...], false)
 3 SYSTEMPATH/Model.php(840): CodeIgniter\Database\BaseBuilder->getWhere([...])
 4 APPPATH/Controllers/Auth.php(303): CodeIgniter\Model->__call('getWhere', [...])
 5 SYSTEMPATH/CodeIgniter.php(934): App\Controllers\Auth->b2bLoginProcess()
 6 SYSTEMPATH/CodeIgniter.php(499): CodeIgniter\CodeIgniter->runController(Object(App\Controllers\Auth))
 7 SYSTEMPATH/CodeIgniter.php(368): CodeIgniter\CodeIgniter->handleRequest(null, Object(Config\Cache), false)
 8 FCPATH/index.php(67): CodeIgniter\CodeIgniter->run()
 9 SYSTEMPATH/Commands/Server/rewrite.php(47): require_once('/Applications/MAMP/htdocs/smartwholesale/oa-app-api/public/index.php')
ERROR - 2024-02-20 01:14:28 --> Error connecting to the database: mysqli_sql_exception: Connection refused in /Applications/MAMP/htdocs/smartwholesale/oa-app-api/vendor/codeigniter4/framework/system/Database/MySQLi/Connection.php:173
Stack trace:
#0 /Applications/MAMP/htdocs/smartwholesale/oa-app-api/vendor/codeigniter4/framework/system/Database/MySQLi/Connection.php(173): mysqli->real_connect('127.0.0.1', 'root', Object(SensitiveParameterValue), 'oa-app-api', 3306, '', 0)
#1 /Applications/MAMP/htdocs/smartwholesale/oa-app-api/vendor/codeigniter4/framework/system/Database/BaseConnection.php(391): CodeIgniter\Database\MySQLi\Connection->connect(false)
#2 /Applications/MAMP/htdocs/smartwholesale/oa-app-api/vendor/codeigniter4/framework/system/Database/BaseConnection.php(573): CodeIgniter\Database\BaseConnection->initialize()
#3 /Applications/MAMP/htdocs/smartwholesale/oa-app-api/vendor/codeigniter4/framework/system/Database/BaseBuilder.php(1749): CodeIgniter\Database\BaseConnection->query('SELECT *\nFROM `...', Array, false)
#4 /Applications/MAMP/htdocs/smartwholesale/oa-app-api/vendor/codeigniter4/framework/system/Model.php(840): CodeIgniter\Database\BaseBuilder->getWhere(Array)
#5 /Applications/MAMP/htdocs/smartwholesale/oa-app-api/app/Controllers/Auth.php(303): CodeIgniter\Model->__call('getWhere', Array)
#6 /Applications/MAMP/htdocs/smartwholesale/oa-app-api/vendor/codeigniter4/framework/system/CodeIgniter.php(934): App\Controllers\Auth->b2bLoginProcess()
#7 /Applications/MAMP/htdocs/smartwholesale/oa-app-api/vendor/codeigniter4/framework/system/CodeIgniter.php(499): CodeIgniter\CodeIgniter->runController(Object(App\Controllers\Auth))
#8 /Applications/MAMP/htdocs/smartwholesale/oa-app-api/vendor/codeigniter4/framework/system/CodeIgniter.php(368): CodeIgniter\CodeIgniter->handleRequest(NULL, Object(Config\Cache), false)
#9 /Applications/MAMP/htdocs/smartwholesale/oa-app-api/public/index.php(67): CodeIgniter\CodeIgniter->run()
#10 /Applications/MAMP/htdocs/smartwholesale/oa-app-api/vendor/codeigniter4/framework/system/Commands/Server/rewrite.php(47): require_once('/Applications/M...')
#11 {main}

Next CodeIgniter\Database\Exceptions\DatabaseException: Connection refused in /Applications/MAMP/htdocs/smartwholesale/oa-app-api/vendor/codeigniter4/framework/system/Database/MySQLi/Connection.php:218
Stack trace:
#0 /Applications/MAMP/htdocs/smartwholesale/oa-app-api/vendor/codeigniter4/framework/system/Database/BaseConnection.php(391): CodeIgniter\Database\MySQLi\Connection->connect(false)
#1 /Applications/MAMP/htdocs/smartwholesale/oa-app-api/vendor/codeigniter4/framework/system/Database/BaseConnection.php(573): CodeIgniter\Database\BaseConnection->initialize()
#2 /Applications/MAMP/htdocs/smartwholesale/oa-app-api/vendor/codeigniter4/framework/system/Database/BaseBuilder.php(1749): CodeIgniter\Database\BaseConnection->query('SELECT *\nFROM `...', Array, false)
#3 /Applications/MAMP/htdocs/smartwholesale/oa-app-api/vendor/codeigniter4/framework/system/Model.php(840): CodeIgniter\Database\BaseBuilder->getWhere(Array)
#4 /Applications/MAMP/htdocs/smartwholesale/oa-app-api/app/Controllers/Auth.php(303): CodeIgniter\Model->__call('getWhere', Array)
#5 /Applications/MAMP/htdocs/smartwholesale/oa-app-api/vendor/codeigniter4/framework/system/CodeIgniter.php(934): App\Controllers\Auth->b2bLoginProcess()
#6 /Applications/MAMP/htdocs/smartwholesale/oa-app-api/vendor/codeigniter4/framework/system/CodeIgniter.php(499): CodeIgniter\CodeIgniter->runController(Object(App\Controllers\Auth))
#7 /Applications/MAMP/htdocs/smartwholesale/oa-app-api/vendor/codeigniter4/framework/system/CodeIgniter.php(368): CodeIgniter\CodeIgniter->handleRequest(NULL, Object(Config\Cache), false)
#8 /Applications/MAMP/htdocs/smartwholesale/oa-app-api/public/index.php(67): CodeIgniter\CodeIgniter->run()
#9 /Applications/MAMP/htdocs/smartwholesale/oa-app-api/vendor/codeigniter4/framework/system/Commands/Server/rewrite.php(47): require_once('/Applications/M...')
#10 {main}
CRITICAL - 2024-02-20 01:14:28 --> Unable to connect to the database.
Main connection [MySQLi]: Connection refused
in SYSTEMPATH/Database/BaseConnection.php on line 427.
 1 SYSTEMPATH/Database/BaseConnection.php(573): CodeIgniter\Database\BaseConnection->initialize()
 2 SYSTEMPATH/Database/BaseBuilder.php(1749): CodeIgniter\Database\BaseConnection->query('SELECT *
FROM `users`
WHERE `email` = :email:
AND `type` = :type:', [...], false)
 3 SYSTEMPATH/Model.php(840): CodeIgniter\Database\BaseBuilder->getWhere([...])
 4 APPPATH/Controllers/Auth.php(303): CodeIgniter\Model->__call('getWhere', [...])
 5 SYSTEMPATH/CodeIgniter.php(934): App\Controllers\Auth->b2bLoginProcess()
 6 SYSTEMPATH/CodeIgniter.php(499): CodeIgniter\CodeIgniter->runController(Object(App\Controllers\Auth))
 7 SYSTEMPATH/CodeIgniter.php(368): CodeIgniter\CodeIgniter->handleRequest(null, Object(Config\Cache), false)
 8 FCPATH/index.php(67): CodeIgniter\CodeIgniter->run()
 9 SYSTEMPATH/Commands/Server/rewrite.php(47): require_once('/Applications/MAMP/htdocs/smartwholesale/oa-app-api/public/index.php')
ERROR - 2024-02-20 01:15:01 --> Error connecting to the database: mysqli_sql_exception: Connection refused in /Applications/MAMP/htdocs/smartwholesale/oa-app-api/vendor/codeigniter4/framework/system/Database/MySQLi/Connection.php:173
Stack trace:
#0 /Applications/MAMP/htdocs/smartwholesale/oa-app-api/vendor/codeigniter4/framework/system/Database/MySQLi/Connection.php(173): mysqli->real_connect('127.0.0.1', 'root', Object(SensitiveParameterValue), 'oa-app-api', 3306, '', 0)
#1 /Applications/MAMP/htdocs/smartwholesale/oa-app-api/vendor/codeigniter4/framework/system/Database/BaseConnection.php(391): CodeIgniter\Database\MySQLi\Connection->connect(false)
#2 /Applications/MAMP/htdocs/smartwholesale/oa-app-api/vendor/codeigniter4/framework/system/Database/BaseConnection.php(573): CodeIgniter\Database\BaseConnection->initialize()
#3 /Applications/MAMP/htdocs/smartwholesale/oa-app-api/vendor/codeigniter4/framework/system/Database/BaseBuilder.php(1749): CodeIgniter\Database\BaseConnection->query('SELECT *\nFROM `...', Array, false)
#4 /Applications/MAMP/htdocs/smartwholesale/oa-app-api/vendor/codeigniter4/framework/system/Model.php(840): CodeIgniter\Database\BaseBuilder->getWhere(Array)
#5 /Applications/MAMP/htdocs/smartwholesale/oa-app-api/app/Controllers/Auth.php(303): CodeIgniter\Model->__call('getWhere', Array)
#6 /Applications/MAMP/htdocs/smartwholesale/oa-app-api/vendor/codeigniter4/framework/system/CodeIgniter.php(934): App\Controllers\Auth->b2bLoginProcess()
#7 /Applications/MAMP/htdocs/smartwholesale/oa-app-api/vendor/codeigniter4/framework/system/CodeIgniter.php(499): CodeIgniter\CodeIgniter->runController(Object(App\Controllers\Auth))
#8 /Applications/MAMP/htdocs/smartwholesale/oa-app-api/vendor/codeigniter4/framework/system/CodeIgniter.php(368): CodeIgniter\CodeIgniter->handleRequest(NULL, Object(Config\Cache), false)
#9 /Applications/MAMP/htdocs/smartwholesale/oa-app-api/public/index.php(67): CodeIgniter\CodeIgniter->run()
#10 /Applications/MAMP/htdocs/smartwholesale/oa-app-api/vendor/codeigniter4/framework/system/Commands/Server/rewrite.php(47): require_once('/Applications/M...')
#11 {main}

Next CodeIgniter\Database\Exceptions\DatabaseException: Connection refused in /Applications/MAMP/htdocs/smartwholesale/oa-app-api/vendor/codeigniter4/framework/system/Database/MySQLi/Connection.php:218
Stack trace:
#0 /Applications/MAMP/htdocs/smartwholesale/oa-app-api/vendor/codeigniter4/framework/system/Database/BaseConnection.php(391): CodeIgniter\Database\MySQLi\Connection->connect(false)
#1 /Applications/MAMP/htdocs/smartwholesale/oa-app-api/vendor/codeigniter4/framework/system/Database/BaseConnection.php(573): CodeIgniter\Database\BaseConnection->initialize()
#2 /Applications/MAMP/htdocs/smartwholesale/oa-app-api/vendor/codeigniter4/framework/system/Database/BaseBuilder.php(1749): CodeIgniter\Database\BaseConnection->query('SELECT *\nFROM `...', Array, false)
#3 /Applications/MAMP/htdocs/smartwholesale/oa-app-api/vendor/codeigniter4/framework/system/Model.php(840): CodeIgniter\Database\BaseBuilder->getWhere(Array)
#4 /Applications/MAMP/htdocs/smartwholesale/oa-app-api/app/Controllers/Auth.php(303): CodeIgniter\Model->__call('getWhere', Array)
#5 /Applications/MAMP/htdocs/smartwholesale/oa-app-api/vendor/codeigniter4/framework/system/CodeIgniter.php(934): App\Controllers\Auth->b2bLoginProcess()
#6 /Applications/MAMP/htdocs/smartwholesale/oa-app-api/vendor/codeigniter4/framework/system/CodeIgniter.php(499): CodeIgniter\CodeIgniter->runController(Object(App\Controllers\Auth))
#7 /Applications/MAMP/htdocs/smartwholesale/oa-app-api/vendor/codeigniter4/framework/system/CodeIgniter.php(368): CodeIgniter\CodeIgniter->handleRequest(NULL, Object(Config\Cache), false)
#8 /Applications/MAMP/htdocs/smartwholesale/oa-app-api/public/index.php(67): CodeIgniter\CodeIgniter->run()
#9 /Applications/MAMP/htdocs/smartwholesale/oa-app-api/vendor/codeigniter4/framework/system/Commands/Server/rewrite.php(47): require_once('/Applications/M...')
#10 {main}
CRITICAL - 2024-02-20 01:15:01 --> Unable to connect to the database.
Main connection [MySQLi]: Connection refused
in SYSTEMPATH/Database/BaseConnection.php on line 427.
 1 SYSTEMPATH/Database/BaseConnection.php(573): CodeIgniter\Database\BaseConnection->initialize()
 2 SYSTEMPATH/Database/BaseBuilder.php(1749): CodeIgniter\Database\BaseConnection->query('SELECT *
FROM `users`
WHERE `email` = :email:
AND `type` = :type:', [...], false)
 3 SYSTEMPATH/Model.php(840): CodeIgniter\Database\BaseBuilder->getWhere([...])
 4 APPPATH/Controllers/Auth.php(303): CodeIgniter\Model->__call('getWhere', [...])
 5 SYSTEMPATH/CodeIgniter.php(934): App\Controllers\Auth->b2bLoginProcess()
 6 SYSTEMPATH/CodeIgniter.php(499): CodeIgniter\CodeIgniter->runController(Object(App\Controllers\Auth))
 7 SYSTEMPATH/CodeIgniter.php(368): CodeIgniter\CodeIgniter->handleRequest(null, Object(Config\Cache), false)
 8 FCPATH/index.php(67): CodeIgniter\CodeIgniter->run()
 9 SYSTEMPATH/Commands/Server/rewrite.php(47): require_once('/Applications/MAMP/htdocs/smartwholesale/oa-app-api/public/index.php')
ERROR - 2024-02-20 01:17:01 --> Error connecting to the database: mysqli_sql_exception: Connection refused in /Applications/MAMP/htdocs/smartwholesale/oa-app-api/vendor/codeigniter4/framework/system/Database/MySQLi/Connection.php:173
Stack trace:
#0 /Applications/MAMP/htdocs/smartwholesale/oa-app-api/vendor/codeigniter4/framework/system/Database/MySQLi/Connection.php(173): mysqli->real_connect('127.0.0.1', 'root', Object(SensitiveParameterValue), 'oa-app-api', 3306, '', 0)
#1 /Applications/MAMP/htdocs/smartwholesale/oa-app-api/vendor/codeigniter4/framework/system/Database/BaseConnection.php(391): CodeIgniter\Database\MySQLi\Connection->connect(false)
#2 /Applications/MAMP/htdocs/smartwholesale/oa-app-api/vendor/codeigniter4/framework/system/Database/BaseConnection.php(573): CodeIgniter\Database\BaseConnection->initialize()
#3 /Applications/MAMP/htdocs/smartwholesale/oa-app-api/vendor/codeigniter4/framework/system/Database/BaseBuilder.php(1749): CodeIgniter\Database\BaseConnection->query('SELECT *\nFROM `...', Array, false)
#4 /Applications/MAMP/htdocs/smartwholesale/oa-app-api/vendor/codeigniter4/framework/system/Model.php(840): CodeIgniter\Database\BaseBuilder->getWhere(Array)
#5 /Applications/MAMP/htdocs/smartwholesale/oa-app-api/app/Controllers/Auth.php(303): CodeIgniter\Model->__call('getWhere', Array)
#6 /Applications/MAMP/htdocs/smartwholesale/oa-app-api/vendor/codeigniter4/framework/system/CodeIgniter.php(934): App\Controllers\Auth->b2bLoginProcess()
#7 /Applications/MAMP/htdocs/smartwholesale/oa-app-api/vendor/codeigniter4/framework/system/CodeIgniter.php(499): CodeIgniter\CodeIgniter->runController(Object(App\Controllers\Auth))
#8 /Applications/MAMP/htdocs/smartwholesale/oa-app-api/vendor/codeigniter4/framework/system/CodeIgniter.php(368): CodeIgniter\CodeIgniter->handleRequest(NULL, Object(Config\Cache), false)
#9 /Applications/MAMP/htdocs/smartwholesale/oa-app-api/public/index.php(67): CodeIgniter\CodeIgniter->run()
#10 /Applications/MAMP/htdocs/smartwholesale/oa-app-api/vendor/codeigniter4/framework/system/Commands/Server/rewrite.php(47): require_once('/Applications/M...')
#11 {main}

Next CodeIgniter\Database\Exceptions\DatabaseException: Connection refused in /Applications/MAMP/htdocs/smartwholesale/oa-app-api/vendor/codeigniter4/framework/system/Database/MySQLi/Connection.php:218
Stack trace:
#0 /Applications/MAMP/htdocs/smartwholesale/oa-app-api/vendor/codeigniter4/framework/system/Database/BaseConnection.php(391): CodeIgniter\Database\MySQLi\Connection->connect(false)
#1 /Applications/MAMP/htdocs/smartwholesale/oa-app-api/vendor/codeigniter4/framework/system/Database/BaseConnection.php(573): CodeIgniter\Database\BaseConnection->initialize()
#2 /Applications/MAMP/htdocs/smartwholesale/oa-app-api/vendor/codeigniter4/framework/system/Database/BaseBuilder.php(1749): CodeIgniter\Database\BaseConnection->query('SELECT *\nFROM `...', Array, false)
#3 /Applications/MAMP/htdocs/smartwholesale/oa-app-api/vendor/codeigniter4/framework/system/Model.php(840): CodeIgniter\Database\BaseBuilder->getWhere(Array)
#4 /Applications/MAMP/htdocs/smartwholesale/oa-app-api/app/Controllers/Auth.php(303): CodeIgniter\Model->__call('getWhere', Array)
#5 /Applications/MAMP/htdocs/smartwholesale/oa-app-api/vendor/codeigniter4/framework/system/CodeIgniter.php(934): App\Controllers\Auth->b2bLoginProcess()
#6 /Applications/MAMP/htdocs/smartwholesale/oa-app-api/vendor/codeigniter4/framework/system/CodeIgniter.php(499): CodeIgniter\CodeIgniter->runController(Object(App\Controllers\Auth))
#7 /Applications/MAMP/htdocs/smartwholesale/oa-app-api/vendor/codeigniter4/framework/system/CodeIgniter.php(368): CodeIgniter\CodeIgniter->handleRequest(NULL, Object(Config\Cache), false)
#8 /Applications/MAMP/htdocs/smartwholesale/oa-app-api/public/index.php(67): CodeIgniter\CodeIgniter->run()
#9 /Applications/MAMP/htdocs/smartwholesale/oa-app-api/vendor/codeigniter4/framework/system/Commands/Server/rewrite.php(47): require_once('/Applications/M...')
#10 {main}
CRITICAL - 2024-02-20 01:17:01 --> Unable to connect to the database.
Main connection [MySQLi]: Connection refused
in SYSTEMPATH/Database/BaseConnection.php on line 427.
 1 SYSTEMPATH/Database/BaseConnection.php(573): CodeIgniter\Database\BaseConnection->initialize()
 2 SYSTEMPATH/Database/BaseBuilder.php(1749): CodeIgniter\Database\BaseConnection->query('SELECT *
FROM `users`
WHERE `email` = :email:
AND `type` = :type:', [...], false)
 3 SYSTEMPATH/Model.php(840): CodeIgniter\Database\BaseBuilder->getWhere([...])
 4 APPPATH/Controllers/Auth.php(303): CodeIgniter\Model->__call('getWhere', [...])
 5 SYSTEMPATH/CodeIgniter.php(934): App\Controllers\Auth->b2bLoginProcess()
 6 SYSTEMPATH/CodeIgniter.php(499): CodeIgniter\CodeIgniter->runController(Object(App\Controllers\Auth))
 7 SYSTEMPATH/CodeIgniter.php(368): CodeIgniter\CodeIgniter->handleRequest(null, Object(Config\Cache), false)
 8 FCPATH/index.php(67): CodeIgniter\CodeIgniter->run()
 9 SYSTEMPATH/Commands/Server/rewrite.php(47): require_once('/Applications/MAMP/htdocs/smartwholesale/oa-app-api/public/index.php')
ERROR - 2024-02-20 01:23:15 --> Error connecting to the database: mysqli_sql_exception: Connection refused in /Applications/MAMP/htdocs/smartwholesale/oa-app-api/vendor/codeigniter4/framework/system/Database/MySQLi/Connection.php:173
Stack trace:
#0 /Applications/MAMP/htdocs/smartwholesale/oa-app-api/vendor/codeigniter4/framework/system/Database/MySQLi/Connection.php(173): mysqli->real_connect('127.0.0.1', 'root', Object(SensitiveParameterValue), 'oa-app-api', 3306, '', 0)
#1 /Applications/MAMP/htdocs/smartwholesale/oa-app-api/vendor/codeigniter4/framework/system/Database/BaseConnection.php(391): CodeIgniter\Database\MySQLi\Connection->connect(false)
#2 /Applications/MAMP/htdocs/smartwholesale/oa-app-api/vendor/codeigniter4/framework/system/Database/BaseConnection.php(573): CodeIgniter\Database\BaseConnection->initialize()
#3 /Applications/MAMP/htdocs/smartwholesale/oa-app-api/vendor/codeigniter4/framework/system/Database/BaseBuilder.php(1749): CodeIgniter\Database\BaseConnection->query('SELECT *\nFROM `...', Array, false)
#4 /Applications/MAMP/htdocs/smartwholesale/oa-app-api/vendor/codeigniter4/framework/system/Model.php(840): CodeIgniter\Database\BaseBuilder->getWhere(Array)
#5 /Applications/MAMP/htdocs/smartwholesale/oa-app-api/app/Controllers/Auth.php(303): CodeIgniter\Model->__call('getWhere', Array)
#6 /Applications/MAMP/htdocs/smartwholesale/oa-app-api/vendor/codeigniter4/framework/system/CodeIgniter.php(934): App\Controllers\Auth->b2bLoginProcess()
#7 /Applications/MAMP/htdocs/smartwholesale/oa-app-api/vendor/codeigniter4/framework/system/CodeIgniter.php(499): CodeIgniter\CodeIgniter->runController(Object(App\Controllers\Auth))
#8 /Applications/MAMP/htdocs/smartwholesale/oa-app-api/vendor/codeigniter4/framework/system/CodeIgniter.php(368): CodeIgniter\CodeIgniter->handleRequest(NULL, Object(Config\Cache), false)
#9 /Applications/MAMP/htdocs/smartwholesale/oa-app-api/public/index.php(67): CodeIgniter\CodeIgniter->run()
#10 /Applications/MAMP/htdocs/smartwholesale/oa-app-api/vendor/codeigniter4/framework/system/Commands/Server/rewrite.php(47): require_once('/Applications/M...')
#11 {main}

Next CodeIgniter\Database\Exceptions\DatabaseException: Connection refused in /Applications/MAMP/htdocs/smartwholesale/oa-app-api/vendor/codeigniter4/framework/system/Database/MySQLi/Connection.php:218
Stack trace:
#0 /Applications/MAMP/htdocs/smartwholesale/oa-app-api/vendor/codeigniter4/framework/system/Database/BaseConnection.php(391): CodeIgniter\Database\MySQLi\Connection->connect(false)
#1 /Applications/MAMP/htdocs/smartwholesale/oa-app-api/vendor/codeigniter4/framework/system/Database/BaseConnection.php(573): CodeIgniter\Database\BaseConnection->initialize()
#2 /Applications/MAMP/htdocs/smartwholesale/oa-app-api/vendor/codeigniter4/framework/system/Database/BaseBuilder.php(1749): CodeIgniter\Database\BaseConnection->query('SELECT *\nFROM `...', Array, false)
#3 /Applications/MAMP/htdocs/smartwholesale/oa-app-api/vendor/codeigniter4/framework/system/Model.php(840): CodeIgniter\Database\BaseBuilder->getWhere(Array)
#4 /Applications/MAMP/htdocs/smartwholesale/oa-app-api/app/Controllers/Auth.php(303): CodeIgniter\Model->__call('getWhere', Array)
#5 /Applications/MAMP/htdocs/smartwholesale/oa-app-api/vendor/codeigniter4/framework/system/CodeIgniter.php(934): App\Controllers\Auth->b2bLoginProcess()
#6 /Applications/MAMP/htdocs/smartwholesale/oa-app-api/vendor/codeigniter4/framework/system/CodeIgniter.php(499): CodeIgniter\CodeIgniter->runController(Object(App\Controllers\Auth))
#7 /Applications/MAMP/htdocs/smartwholesale/oa-app-api/vendor/codeigniter4/framework/system/CodeIgniter.php(368): CodeIgniter\CodeIgniter->handleRequest(NULL, Object(Config\Cache), false)
#8 /Applications/MAMP/htdocs/smartwholesale/oa-app-api/public/index.php(67): CodeIgniter\CodeIgniter->run()
#9 /Applications/MAMP/htdocs/smartwholesale/oa-app-api/vendor/codeigniter4/framework/system/Commands/Server/rewrite.php(47): require_once('/Applications/M...')
#10 {main}
CRITICAL - 2024-02-20 01:23:15 --> Unable to connect to the database.
Main connection [MySQLi]: Connection refused
in SYSTEMPATH/Database/BaseConnection.php on line 427.
 1 SYSTEMPATH/Database/BaseConnection.php(573): CodeIgniter\Database\BaseConnection->initialize()
 2 SYSTEMPATH/Database/BaseBuilder.php(1749): CodeIgniter\Database\BaseConnection->query('SELECT *
FROM `users`
WHERE `email` = :email:
AND `type` = :type:', [...], false)
 3 SYSTEMPATH/Model.php(840): CodeIgniter\Database\BaseBuilder->getWhere([...])
 4 APPPATH/Controllers/Auth.php(303): CodeIgniter\Model->__call('getWhere', [...])
 5 SYSTEMPATH/CodeIgniter.php(934): App\Controllers\Auth->b2bLoginProcess()
 6 SYSTEMPATH/CodeIgniter.php(499): CodeIgniter\CodeIgniter->runController(Object(App\Controllers\Auth))
 7 SYSTEMPATH/CodeIgniter.php(368): CodeIgniter\CodeIgniter->handleRequest(null, Object(Config\Cache), false)
 8 FCPATH/index.php(67): CodeIgniter\CodeIgniter->run()
 9 SYSTEMPATH/Commands/Server/rewrite.php(47): require_once('/Applications/MAMP/htdocs/smartwholesale/oa-app-api/public/index.php')
INFO - 2024-02-20 01:23:49 --> Session: Class initialized using 'CodeIgniter\Session\Handlers\FileHandler' driver.
ERROR - 2024-02-20 01:23:59 --> Error connecting to the database: mysqli_sql_exception: Connection refused in /Applications/MAMP/htdocs/smartwholesale/oa-app-api/vendor/codeigniter4/framework/system/Database/MySQLi/Connection.php:173
Stack trace:
#0 /Applications/MAMP/htdocs/smartwholesale/oa-app-api/vendor/codeigniter4/framework/system/Database/MySQLi/Connection.php(173): mysqli->real_connect('127.0.0.1', 'root', Object(SensitiveParameterValue), 'oa-app-api', 3306, '', 0)
#1 /Applications/MAMP/htdocs/smartwholesale/oa-app-api/vendor/codeigniter4/framework/system/Database/BaseConnection.php(391): CodeIgniter\Database\MySQLi\Connection->connect(false)
#2 /Applications/MAMP/htdocs/smartwholesale/oa-app-api/vendor/codeigniter4/framework/system/Database/BaseConnection.php(573): CodeIgniter\Database\BaseConnection->initialize()
#3 /Applications/MAMP/htdocs/smartwholesale/oa-app-api/vendor/codeigniter4/framework/system/Database/BaseBuilder.php(1749): CodeIgniter\Database\BaseConnection->query('SELECT *\nFROM `...', Array, false)
#4 /Applications/MAMP/htdocs/smartwholesale/oa-app-api/vendor/codeigniter4/framework/system/Model.php(840): CodeIgniter\Database\BaseBuilder->getWhere(Array)
#5 /Applications/MAMP/htdocs/smartwholesale/oa-app-api/app/Controllers/Auth.php(242): CodeIgniter\Model->__call('getWhere', Array)
#6 /Applications/MAMP/htdocs/smartwholesale/oa-app-api/vendor/codeigniter4/framework/system/CodeIgniter.php(934): App\Controllers\Auth->pnpLoginProcess()
#7 /Applications/MAMP/htdocs/smartwholesale/oa-app-api/vendor/codeigniter4/framework/system/CodeIgniter.php(499): CodeIgniter\CodeIgniter->runController(Object(App\Controllers\Auth))
#8 /Applications/MAMP/htdocs/smartwholesale/oa-app-api/vendor/codeigniter4/framework/system/CodeIgniter.php(368): CodeIgniter\CodeIgniter->handleRequest(NULL, Object(Config\Cache), false)
#9 /Applications/MAMP/htdocs/smartwholesale/oa-app-api/public/index.php(67): CodeIgniter\CodeIgniter->run()
#10 /Applications/MAMP/htdocs/smartwholesale/oa-app-api/vendor/codeigniter4/framework/system/Commands/Server/rewrite.php(47): require_once('/Applications/M...')
#11 {main}

Next CodeIgniter\Database\Exceptions\DatabaseException: Connection refused in /Applications/MAMP/htdocs/smartwholesale/oa-app-api/vendor/codeigniter4/framework/system/Database/MySQLi/Connection.php:218
Stack trace:
#0 /Applications/MAMP/htdocs/smartwholesale/oa-app-api/vendor/codeigniter4/framework/system/Database/BaseConnection.php(391): CodeIgniter\Database\MySQLi\Connection->connect(false)
#1 /Applications/MAMP/htdocs/smartwholesale/oa-app-api/vendor/codeigniter4/framework/system/Database/BaseConnection.php(573): CodeIgniter\Database\BaseConnection->initialize()
#2 /Applications/MAMP/htdocs/smartwholesale/oa-app-api/vendor/codeigniter4/framework/system/Database/BaseBuilder.php(1749): CodeIgniter\Database\BaseConnection->query('SELECT *\nFROM `...', Array, false)
#3 /Applications/MAMP/htdocs/smartwholesale/oa-app-api/vendor/codeigniter4/framework/system/Model.php(840): CodeIgniter\Database\BaseBuilder->getWhere(Array)
#4 /Applications/MAMP/htdocs/smartwholesale/oa-app-api/app/Controllers/Auth.php(242): CodeIgniter\Model->__call('getWhere', Array)
#5 /Applications/MAMP/htdocs/smartwholesale/oa-app-api/vendor/codeigniter4/framework/system/CodeIgniter.php(934): App\Controllers\Auth->pnpLoginProcess()
#6 /Applications/MAMP/htdocs/smartwholesale/oa-app-api/vendor/codeigniter4/framework/system/CodeIgniter.php(499): CodeIgniter\CodeIgniter->runController(Object(App\Controllers\Auth))
#7 /Applications/MAMP/htdocs/smartwholesale/oa-app-api/vendor/codeigniter4/framework/system/CodeIgniter.php(368): CodeIgniter\CodeIgniter->handleRequest(NULL, Object(Config\Cache), false)
#8 /Applications/MAMP/htdocs/smartwholesale/oa-app-api/public/index.php(67): CodeIgniter\CodeIgniter->run()
#9 /Applications/MAMP/htdocs/smartwholesale/oa-app-api/vendor/codeigniter4/framework/system/Commands/Server/rewrite.php(47): require_once('/Applications/M...')
#10 {main}
CRITICAL - 2024-02-20 01:23:59 --> Unable to connect to the database.
Main connection [MySQLi]: Connection refused
in SYSTEMPATH/Database/BaseConnection.php on line 427.
 1 SYSTEMPATH/Database/BaseConnection.php(573): CodeIgniter\Database\BaseConnection->initialize()
 2 SYSTEMPATH/Database/BaseBuilder.php(1749): CodeIgniter\Database\BaseConnection->query('SELECT *
FROM `users`
WHERE `email` = :email:
AND `type` = :type:', [...], false)
 3 SYSTEMPATH/Model.php(840): CodeIgniter\Database\BaseBuilder->getWhere([...])
 4 APPPATH/Controllers/Auth.php(242): CodeIgniter\Model->__call('getWhere', [...])
 5 SYSTEMPATH/CodeIgniter.php(934): App\Controllers\Auth->pnpLoginProcess()
 6 SYSTEMPATH/CodeIgniter.php(499): CodeIgniter\CodeIgniter->runController(Object(App\Controllers\Auth))
 7 SYSTEMPATH/CodeIgniter.php(368): CodeIgniter\CodeIgniter->handleRequest(null, Object(Config\Cache), false)
 8 FCPATH/index.php(67): CodeIgniter\CodeIgniter->run()
 9 SYSTEMPATH/Commands/Server/rewrite.php(47): require_once('/Applications/MAMP/htdocs/smartwholesale/oa-app-api/public/index.php')
ERROR - 2024-02-20 01:24:09 --> Error connecting to the database: mysqli_sql_exception: No such file or directory in /Applications/MAMP/htdocs/smartwholesale/oa-app-api/vendor/codeigniter4/framework/system/Database/MySQLi/Connection.php:173
Stack trace:
#0 /Applications/MAMP/htdocs/smartwholesale/oa-app-api/vendor/codeigniter4/framework/system/Database/MySQLi/Connection.php(173): mysqli->real_connect('localhost', 'root', Object(SensitiveParameterValue), 'oa-app-api', 3306, '', 0)
#1 /Applications/MAMP/htdocs/smartwholesale/oa-app-api/vendor/codeigniter4/framework/system/Database/BaseConnection.php(391): CodeIgniter\Database\MySQLi\Connection->connect(false)
#2 /Applications/MAMP/htdocs/smartwholesale/oa-app-api/vendor/codeigniter4/framework/system/Database/BaseConnection.php(573): CodeIgniter\Database\BaseConnection->initialize()
#3 /Applications/MAMP/htdocs/smartwholesale/oa-app-api/vendor/codeigniter4/framework/system/Database/BaseBuilder.php(1749): CodeIgniter\Database\BaseConnection->query('SELECT *\nFROM `...', Array, false)
#4 /Applications/MAMP/htdocs/smartwholesale/oa-app-api/vendor/codeigniter4/framework/system/Model.php(840): CodeIgniter\Database\BaseBuilder->getWhere(Array)
#5 /Applications/MAMP/htdocs/smartwholesale/oa-app-api/app/Controllers/Auth.php(242): CodeIgniter\Model->__call('getWhere', Array)
#6 /Applications/MAMP/htdocs/smartwholesale/oa-app-api/vendor/codeigniter4/framework/system/CodeIgniter.php(934): App\Controllers\Auth->pnpLoginProcess()
#7 /Applications/MAMP/htdocs/smartwholesale/oa-app-api/vendor/codeigniter4/framework/system/CodeIgniter.php(499): CodeIgniter\CodeIgniter->runController(Object(App\Controllers\Auth))
#8 /Applications/MAMP/htdocs/smartwholesale/oa-app-api/vendor/codeigniter4/framework/system/CodeIgniter.php(368): CodeIgniter\CodeIgniter->handleRequest(NULL, Object(Config\Cache), false)
#9 /Applications/MAMP/htdocs/smartwholesale/oa-app-api/public/index.php(67): CodeIgniter\CodeIgniter->run()
#10 /Applications/MAMP/htdocs/smartwholesale/oa-app-api/vendor/codeigniter4/framework/system/Commands/Server/rewrite.php(47): require_once('/Applications/M...')
#11 {main}

Next CodeIgniter\Database\Exceptions\DatabaseException: No such file or directory in /Applications/MAMP/htdocs/smartwholesale/oa-app-api/vendor/codeigniter4/framework/system/Database/MySQLi/Connection.php:218
Stack trace:
#0 /Applications/MAMP/htdocs/smartwholesale/oa-app-api/vendor/codeigniter4/framework/system/Database/BaseConnection.php(391): CodeIgniter\Database\MySQLi\Connection->connect(false)
#1 /Applications/MAMP/htdocs/smartwholesale/oa-app-api/vendor/codeigniter4/framework/system/Database/BaseConnection.php(573): CodeIgniter\Database\BaseConnection->initialize()
#2 /Applications/MAMP/htdocs/smartwholesale/oa-app-api/vendor/codeigniter4/framework/system/Database/BaseBuilder.php(1749): CodeIgniter\Database\BaseConnection->query('SELECT *\nFROM `...', Array, false)
#3 /Applications/MAMP/htdocs/smartwholesale/oa-app-api/vendor/codeigniter4/framework/system/Model.php(840): CodeIgniter\Database\BaseBuilder->getWhere(Array)
#4 /Applications/MAMP/htdocs/smartwholesale/oa-app-api/app/Controllers/Auth.php(242): CodeIgniter\Model->__call('getWhere', Array)
#5 /Applications/MAMP/htdocs/smartwholesale/oa-app-api/vendor/codeigniter4/framework/system/CodeIgniter.php(934): App\Controllers\Auth->pnpLoginProcess()
#6 /Applications/MAMP/htdocs/smartwholesale/oa-app-api/vendor/codeigniter4/framework/system/CodeIgniter.php(499): CodeIgniter\CodeIgniter->runController(Object(App\Controllers\Auth))
#7 /Applications/MAMP/htdocs/smartwholesale/oa-app-api/vendor/codeigniter4/framework/system/CodeIgniter.php(368): CodeIgniter\CodeIgniter->handleRequest(NULL, Object(Config\Cache), false)
#8 /Applications/MAMP/htdocs/smartwholesale/oa-app-api/public/index.php(67): CodeIgniter\CodeIgniter->run()
#9 /Applications/MAMP/htdocs/smartwholesale/oa-app-api/vendor/codeigniter4/framework/system/Commands/Server/rewrite.php(47): require_once('/Applications/M...')
#10 {main}
CRITICAL - 2024-02-20 01:24:09 --> Unable to connect to the database.
Main connection [MySQLi]: No such file or directory
in SYSTEMPATH/Database/BaseConnection.php on line 427.
 1 SYSTEMPATH/Database/BaseConnection.php(573): CodeIgniter\Database\BaseConnection->initialize()
 2 SYSTEMPATH/Database/BaseBuilder.php(1749): CodeIgniter\Database\BaseConnection->query('SELECT *
FROM `users`
WHERE `email` = :email:
AND `type` = :type:', [...], false)
 3 SYSTEMPATH/Model.php(840): CodeIgniter\Database\BaseBuilder->getWhere([...])
 4 APPPATH/Controllers/Auth.php(242): CodeIgniter\Model->__call('getWhere', [...])
 5 SYSTEMPATH/CodeIgniter.php(934): App\Controllers\Auth->pnpLoginProcess()
 6 SYSTEMPATH/CodeIgniter.php(499): CodeIgniter\CodeIgniter->runController(Object(App\Controllers\Auth))
 7 SYSTEMPATH/CodeIgniter.php(368): CodeIgniter\CodeIgniter->handleRequest(null, Object(Config\Cache), false)
 8 FCPATH/index.php(67): CodeIgniter\CodeIgniter->run()
 9 SYSTEMPATH/Commands/Server/rewrite.php(47): require_once('/Applications/MAMP/htdocs/smartwholesale/oa-app-api/public/index.php')
ERROR - 2024-02-20 01:24:14 --> Error connecting to the database: mysqli_sql_exception: Connection refused in /Applications/MAMP/htdocs/smartwholesale/oa-app-api/vendor/codeigniter4/framework/system/Database/MySQLi/Connection.php:173
Stack trace:
#0 /Applications/MAMP/htdocs/smartwholesale/oa-app-api/vendor/codeigniter4/framework/system/Database/MySQLi/Connection.php(173): mysqli->real_connect('127.0.0.1', 'root', Object(SensitiveParameterValue), 'oa-app-api', 3306, '', 0)
#1 /Applications/MAMP/htdocs/smartwholesale/oa-app-api/vendor/codeigniter4/framework/system/Database/BaseConnection.php(391): CodeIgniter\Database\MySQLi\Connection->connect(false)
#2 /Applications/MAMP/htdocs/smartwholesale/oa-app-api/vendor/codeigniter4/framework/system/Database/BaseConnection.php(573): CodeIgniter\Database\BaseConnection->initialize()
#3 /Applications/MAMP/htdocs/smartwholesale/oa-app-api/vendor/codeigniter4/framework/system/Database/BaseBuilder.php(1749): CodeIgniter\Database\BaseConnection->query('SELECT *\nFROM `...', Array, false)
#4 /Applications/MAMP/htdocs/smartwholesale/oa-app-api/vendor/codeigniter4/framework/system/Model.php(840): CodeIgniter\Database\BaseBuilder->getWhere(Array)
#5 /Applications/MAMP/htdocs/smartwholesale/oa-app-api/app/Controllers/Auth.php(242): CodeIgniter\Model->__call('getWhere', Array)
#6 /Applications/MAMP/htdocs/smartwholesale/oa-app-api/vendor/codeigniter4/framework/system/CodeIgniter.php(934): App\Controllers\Auth->pnpLoginProcess()
#7 /Applications/MAMP/htdocs/smartwholesale/oa-app-api/vendor/codeigniter4/framework/system/CodeIgniter.php(499): CodeIgniter\CodeIgniter->runController(Object(App\Controllers\Auth))
#8 /Applications/MAMP/htdocs/smartwholesale/oa-app-api/vendor/codeigniter4/framework/system/CodeIgniter.php(368): CodeIgniter\CodeIgniter->handleRequest(NULL, Object(Config\Cache), false)
#9 /Applications/MAMP/htdocs/smartwholesale/oa-app-api/public/index.php(67): CodeIgniter\CodeIgniter->run()
#10 /Applications/MAMP/htdocs/smartwholesale/oa-app-api/vendor/codeigniter4/framework/system/Commands/Server/rewrite.php(47): require_once('/Applications/M...')
#11 {main}

Next CodeIgniter\Database\Exceptions\DatabaseException: Connection refused in /Applications/MAMP/htdocs/smartwholesale/oa-app-api/vendor/codeigniter4/framework/system/Database/MySQLi/Connection.php:218
Stack trace:
#0 /Applications/MAMP/htdocs/smartwholesale/oa-app-api/vendor/codeigniter4/framework/system/Database/BaseConnection.php(391): CodeIgniter\Database\MySQLi\Connection->connect(false)
#1 /Applications/MAMP/htdocs/smartwholesale/oa-app-api/vendor/codeigniter4/framework/system/Database/BaseConnection.php(573): CodeIgniter\Database\BaseConnection->initialize()
#2 /Applications/MAMP/htdocs/smartwholesale/oa-app-api/vendor/codeigniter4/framework/system/Database/BaseBuilder.php(1749): CodeIgniter\Database\BaseConnection->query('SELECT *\nFROM `...', Array, false)
#3 /Applications/MAMP/htdocs/smartwholesale/oa-app-api/vendor/codeigniter4/framework/system/Model.php(840): CodeIgniter\Database\BaseBuilder->getWhere(Array)
#4 /Applications/MAMP/htdocs/smartwholesale/oa-app-api/app/Controllers/Auth.php(242): CodeIgniter\Model->__call('getWhere', Array)
#5 /Applications/MAMP/htdocs/smartwholesale/oa-app-api/vendor/codeigniter4/framework/system/CodeIgniter.php(934): App\Controllers\Auth->pnpLoginProcess()
#6 /Applications/MAMP/htdocs/smartwholesale/oa-app-api/vendor/codeigniter4/framework/system/CodeIgniter.php(499): CodeIgniter\CodeIgniter->runController(Object(App\Controllers\Auth))
#7 /Applications/MAMP/htdocs/smartwholesale/oa-app-api/vendor/codeigniter4/framework/system/CodeIgniter.php(368): CodeIgniter\CodeIgniter->handleRequest(NULL, Object(Config\Cache), false)
#8 /Applications/MAMP/htdocs/smartwholesale/oa-app-api/public/index.php(67): CodeIgniter\CodeIgniter->run()
#9 /Applications/MAMP/htdocs/smartwholesale/oa-app-api/vendor/codeigniter4/framework/system/Commands/Server/rewrite.php(47): require_once('/Applications/M...')
#10 {main}
CRITICAL - 2024-02-20 01:24:14 --> Unable to connect to the database.
Main connection [MySQLi]: Connection refused
in SYSTEMPATH/Database/BaseConnection.php on line 427.
 1 SYSTEMPATH/Database/BaseConnection.php(573): CodeIgniter\Database\BaseConnection->initialize()
 2 SYSTEMPATH/Database/BaseBuilder.php(1749): CodeIgniter\Database\BaseConnection->query('SELECT *
FROM `users`
WHERE `email` = :email:
AND `type` = :type:', [...], false)
 3 SYSTEMPATH/Model.php(840): CodeIgniter\Database\BaseBuilder->getWhere([...])
 4 APPPATH/Controllers/Auth.php(242): CodeIgniter\Model->__call('getWhere', [...])
 5 SYSTEMPATH/CodeIgniter.php(934): App\Controllers\Auth->pnpLoginProcess()
 6 SYSTEMPATH/CodeIgniter.php(499): CodeIgniter\CodeIgniter->runController(Object(App\Controllers\Auth))
 7 SYSTEMPATH/CodeIgniter.php(368): CodeIgniter\CodeIgniter->handleRequest(null, Object(Config\Cache), false)
 8 FCPATH/index.php(67): CodeIgniter\CodeIgniter->run()
 9 SYSTEMPATH/Commands/Server/rewrite.php(47): require_once('/Applications/MAMP/htdocs/smartwholesale/oa-app-api/public/index.php')
ERROR - 2024-02-20 01:25:22 --> Error connecting to the database: mysqli_sql_exception: Connection refused in /Applications/MAMP/htdocs/smartwholesale/oa-app-api/vendor/codeigniter4/framework/system/Database/MySQLi/Connection.php:173
Stack trace:
#0 /Applications/MAMP/htdocs/smartwholesale/oa-app-api/vendor/codeigniter4/framework/system/Database/MySQLi/Connection.php(173): mysqli->real_connect('127.0.0.1', 'root', Object(SensitiveParameterValue), 'oa-app-api', 3306, '', 0)
#1 /Applications/MAMP/htdocs/smartwholesale/oa-app-api/vendor/codeigniter4/framework/system/Database/BaseConnection.php(391): CodeIgniter\Database\MySQLi\Connection->connect(false)
#2 /Applications/MAMP/htdocs/smartwholesale/oa-app-api/vendor/codeigniter4/framework/system/Database/BaseConnection.php(573): CodeIgniter\Database\BaseConnection->initialize()
#3 /Applications/MAMP/htdocs/smartwholesale/oa-app-api/vendor/codeigniter4/framework/system/Database/BaseBuilder.php(1749): CodeIgniter\Database\BaseConnection->query('SELECT *\nFROM `...', Array, false)
#4 /Applications/MAMP/htdocs/smartwholesale/oa-app-api/vendor/codeigniter4/framework/system/Model.php(840): CodeIgniter\Database\BaseBuilder->getWhere(Array)
#5 /Applications/MAMP/htdocs/smartwholesale/oa-app-api/app/Controllers/Auth.php(242): CodeIgniter\Model->__call('getWhere', Array)
#6 /Applications/MAMP/htdocs/smartwholesale/oa-app-api/vendor/codeigniter4/framework/system/CodeIgniter.php(934): App\Controllers\Auth->pnpLoginProcess()
#7 /Applications/MAMP/htdocs/smartwholesale/oa-app-api/vendor/codeigniter4/framework/system/CodeIgniter.php(499): CodeIgniter\CodeIgniter->runController(Object(App\Controllers\Auth))
#8 /Applications/MAMP/htdocs/smartwholesale/oa-app-api/vendor/codeigniter4/framework/system/CodeIgniter.php(368): CodeIgniter\CodeIgniter->handleRequest(NULL, Object(Config\Cache), false)
#9 /Applications/MAMP/htdocs/smartwholesale/oa-app-api/public/index.php(67): CodeIgniter\CodeIgniter->run()
#10 /Applications/MAMP/htdocs/smartwholesale/oa-app-api/vendor/codeigniter4/framework/system/Commands/Server/rewrite.php(47): require_once('/Applications/M...')
#11 {main}

Next CodeIgniter\Database\Exceptions\DatabaseException: Connection refused in /Applications/MAMP/htdocs/smartwholesale/oa-app-api/vendor/codeigniter4/framework/system/Database/MySQLi/Connection.php:218
Stack trace:
#0 /Applications/MAMP/htdocs/smartwholesale/oa-app-api/vendor/codeigniter4/framework/system/Database/BaseConnection.php(391): CodeIgniter\Database\MySQLi\Connection->connect(false)
#1 /Applications/MAMP/htdocs/smartwholesale/oa-app-api/vendor/codeigniter4/framework/system/Database/BaseConnection.php(573): CodeIgniter\Database\BaseConnection->initialize()
#2 /Applications/MAMP/htdocs/smartwholesale/oa-app-api/vendor/codeigniter4/framework/system/Database/BaseBuilder.php(1749): CodeIgniter\Database\BaseConnection->query('SELECT *\nFROM `...', Array, false)
#3 /Applications/MAMP/htdocs/smartwholesale/oa-app-api/vendor/codeigniter4/framework/system/Model.php(840): CodeIgniter\Database\BaseBuilder->getWhere(Array)
#4 /Applications/MAMP/htdocs/smartwholesale/oa-app-api/app/Controllers/Auth.php(242): CodeIgniter\Model->__call('getWhere', Array)
#5 /Applications/MAMP/htdocs/smartwholesale/oa-app-api/vendor/codeigniter4/framework/system/CodeIgniter.php(934): App\Controllers\Auth->pnpLoginProcess()
#6 /Applications/MAMP/htdocs/smartwholesale/oa-app-api/vendor/codeigniter4/framework/system/CodeIgniter.php(499): CodeIgniter\CodeIgniter->runController(Object(App\Controllers\Auth))
#7 /Applications/MAMP/htdocs/smartwholesale/oa-app-api/vendor/codeigniter4/framework/system/CodeIgniter.php(368): CodeIgniter\CodeIgniter->handleRequest(NULL, Object(Config\Cache), false)
#8 /Applications/MAMP/htdocs/smartwholesale/oa-app-api/public/index.php(67): CodeIgniter\CodeIgniter->run()
#9 /Applications/MAMP/htdocs/smartwholesale/oa-app-api/vendor/codeigniter4/framework/system/Commands/Server/rewrite.php(47): require_once('/Applications/M...')
#10 {main}
CRITICAL - 2024-02-20 01:25:22 --> Unable to connect to the database.
Main connection [MySQLi]: Connection refused
in SYSTEMPATH/Database/BaseConnection.php on line 427.
 1 SYSTEMPATH/Database/BaseConnection.php(573): CodeIgniter\Database\BaseConnection->initialize()
 2 SYSTEMPATH/Database/BaseBuilder.php(1749): CodeIgniter\Database\BaseConnection->query('SELECT *
FROM `users`
WHERE `email` = :email:
AND `type` = :type:', [...], false)
 3 SYSTEMPATH/Model.php(840): CodeIgniter\Database\BaseBuilder->getWhere([...])
 4 APPPATH/Controllers/Auth.php(242): CodeIgniter\Model->__call('getWhere', [...])
 5 SYSTEMPATH/CodeIgniter.php(934): App\Controllers\Auth->pnpLoginProcess()
 6 SYSTEMPATH/CodeIgniter.php(499): CodeIgniter\CodeIgniter->runController(Object(App\Controllers\Auth))
 7 SYSTEMPATH/CodeIgniter.php(368): CodeIgniter\CodeIgniter->handleRequest(null, Object(Config\Cache), false)
 8 FCPATH/index.php(67): CodeIgniter\CodeIgniter->run()
 9 SYSTEMPATH/Commands/Server/rewrite.php(47): require_once('/Applications/MAMP/htdocs/smartwholesale/oa-app-api/public/index.php')
INFO - 2024-02-20 01:26:13 --> Session: Class initialized using 'CodeIgniter\Session\Handlers\FileHandler' driver.
INFO - 2024-02-20 01:26:15 --> Session: Class initialized using 'CodeIgniter\Session\Handlers\FileHandler' driver.
ERROR - 2024-02-20 01:26:18 --> mysqli_sql_exception: Expression #1 of SELECT list is not in GROUP BY clause and contains nonaggregated column 'oa-app-api.messages.id' which is not functionally dependent on columns in GROUP BY clause; this is incompatible with sql_mode=only_full_group_by in /Applications/MAMP/htdocs/smartwholesale/oa-app-api/vendor/codeigniter4/framework/system/Database/MySQLi/Connection.php:295
Stack trace:
#0 /Applications/MAMP/htdocs/smartwholesale/oa-app-api/vendor/codeigniter4/framework/system/Database/MySQLi/Connection.php(295): mysqli->query('SELECT *\nFROM `...', 0)
#1 /Applications/MAMP/htdocs/smartwholesale/oa-app-api/vendor/codeigniter4/framework/system/Database/BaseConnection.php(691): CodeIgniter\Database\MySQLi\Connection->execute('SELECT *\nFROM `...')
#2 /Applications/MAMP/htdocs/smartwholesale/oa-app-api/vendor/codeigniter4/framework/system/Database/BaseConnection.php(605): CodeIgniter\Database\BaseConnection->simpleQuery('SELECT *\nFROM `...')
#3 /Applications/MAMP/htdocs/smartwholesale/oa-app-api/vendor/codeigniter4/framework/system/Database/BaseBuilder.php(1616): CodeIgniter\Database\BaseConnection->query('SELECT *\nFROM `...', Array, false)
#4 /Applications/MAMP/htdocs/smartwholesale/oa-app-api/app/Models/pnp/MessageModel.php(33): CodeIgniter\Database\BaseBuilder->get()
#5 /Applications/MAMP/htdocs/smartwholesale/oa-app-api/app/Controllers/Home.php(48): App\Models\pnp\MessageModel->getUsers(Array)
#6 /Applications/MAMP/htdocs/smartwholesale/oa-app-api/vendor/codeigniter4/framework/system/CodeIgniter.php(934): App\Controllers\Home->chat()
#7 /Applications/MAMP/htdocs/smartwholesale/oa-app-api/vendor/codeigniter4/framework/system/CodeIgniter.php(499): CodeIgniter\CodeIgniter->runController(Object(App\Controllers\Home))
#8 /Applications/MAMP/htdocs/smartwholesale/oa-app-api/vendor/codeigniter4/framework/system/CodeIgniter.php(368): CodeIgniter\CodeIgniter->handleRequest(NULL, Object(Config\Cache), false)
#9 /Applications/MAMP/htdocs/smartwholesale/oa-app-api/public/index.php(67): CodeIgniter\CodeIgniter->run()
#10 /Applications/MAMP/htdocs/smartwholesale/oa-app-api/vendor/codeigniter4/framework/system/Commands/Server/rewrite.php(47): require_once('/Applications/M...')
#11 {main}
CRITICAL - 2024-02-20 01:26:18 --> Expression #1 of SELECT list is not in GROUP BY clause and contains nonaggregated column 'oa-app-api.messages.id' which is not functionally dependent on columns in GROUP BY clause; this is incompatible with sql_mode=only_full_group_by
in SYSTEMPATH/Database/MySQLi/Connection.php on line 295.
 1 SYSTEMPATH/Database/MySQLi/Connection.php(295): mysqli->query('SELECT *
FROM `messages`
JOIN `users` ON `users`.`oauth_uid` = `messages`.`author`
WHERE `users`.`role` != \'superadministrator\'
GROUP BY `users`.`oauth_uid`
ORDER BY `messages`.`id` DESC', 0)
 2 SYSTEMPATH/Database/BaseConnection.php(691): CodeIgniter\Database\MySQLi\Connection->execute('SELECT *
FROM `messages`
JOIN `users` ON `users`.`oauth_uid` = `messages`.`author`
WHERE `users`.`role` != \'superadministrator\'
GROUP BY `users`.`oauth_uid`
ORDER BY `messages`.`id` DESC')
 3 SYSTEMPATH/Database/BaseConnection.php(605): CodeIgniter\Database\BaseConnection->simpleQuery('SELECT *
FROM `messages`
JOIN `users` ON `users`.`oauth_uid` = `messages`.`author`
WHERE `users`.`role` != \'superadministrator\'
GROUP BY `users`.`oauth_uid`
ORDER BY `messages`.`id` DESC')
 4 SYSTEMPATH/Database/BaseBuilder.php(1616): CodeIgniter\Database\BaseConnection->query('SELECT *
FROM `messages`
JOIN `users` ON `users`.`oauth_uid` = `messages`.`author`
WHERE `users`.`role` != :users.role:
GROUP BY `users`.`oauth_uid`
ORDER BY `messages`.`id` DESC', [...], false)
 5 APPPATH/Models/pnp/MessageModel.php(33): CodeIgniter\Database\BaseBuilder->get()
 6 APPPATH/Controllers/Home.php(48): App\Models\pnp\MessageModel->getUsers([])
 7 SYSTEMPATH/CodeIgniter.php(934): App\Controllers\Home->chat()
 8 SYSTEMPATH/CodeIgniter.php(499): CodeIgniter\CodeIgniter->runController(Object(App\Controllers\Home))
 9 SYSTEMPATH/CodeIgniter.php(368): CodeIgniter\CodeIgniter->handleRequest(null, Object(Config\Cache), false)
10 FCPATH/index.php(67): CodeIgniter\CodeIgniter->run()
11 SYSTEMPATH/Commands/Server/rewrite.php(47): require_once('/Applications/MAMP/htdocs/smartwholesale/oa-app-api/public/index.php')
INFO - 2024-02-20 01:26:50 --> Session: Class initialized using 'CodeIgniter\Session\Handlers\FileHandler' driver.
INFO - 2024-02-20 01:26:51 --> Session: Class initialized using 'CodeIgniter\Session\Handlers\FileHandler' driver.
INFO - 2024-02-20 01:26:52 --> Session: Class initialized using 'CodeIgniter\Session\Handlers\FileHandler' driver.
INFO - 2024-02-20 01:27:05 --> Session: Class initialized using 'CodeIgniter\Session\Handlers\FileHandler' driver.
INFO - 2024-02-20 01:27:47 --> Session: Class initialized using 'CodeIgniter\Session\Handlers\FileHandler' driver.
INFO - 2024-02-20 01:29:11 --> Session: Class initialized using 'CodeIgniter\Session\Handlers\FileHandler' driver.
INFO - 2024-02-20 01:29:49 --> Session: Class initialized using 'CodeIgniter\Session\Handlers\FileHandler' driver.
INFO - 2024-02-20 01:29:58 --> Session: Class initialized using 'CodeIgniter\Session\Handlers\FileHandler' driver.
INFO - 2024-02-20 01:32:27 --> Session: Class initialized using 'CodeIgniter\Session\Handlers\FileHandler' driver.
INFO - 2024-02-20 01:34:19 --> Session: Class initialized using 'CodeIgniter\Session\Handlers\FileHandler' driver.
INFO - 2024-02-20 01:35:20 --> Session: Class initialized using 'CodeIgniter\Session\Handlers\FileHandler' driver.
INFO - 2024-02-20 01:35:33 --> Session: Class initialized using 'CodeIgniter\Session\Handlers\FileHandler' driver.
INFO - 2024-02-20 01:36:02 --> Session: Class initialized using 'CodeIgniter\Session\Handlers\FileHandler' driver.
INFO - 2024-02-20 01:36:10 --> Session: Class initialized using 'CodeIgniter\Session\Handlers\FileHandler' driver.
INFO - 2024-02-20 01:36:15 --> Session: Class initialized using 'CodeIgniter\Session\Handlers\FileHandler' driver.
INFO - 2024-02-20 01:36:20 --> Session: Class initialized using 'CodeIgniter\Session\Handlers\FileHandler' driver.
