INFO - 2023-05-01 03:49:11 --> Session: Class initialized using 'CodeIgniter\Session\Handlers\FileHandler' driver.
INFO - 2023-05-01 03:49:11 --> Session: Class initialized using 'CodeIgniter\Session\Handlers\FileHandler' driver.
INFO - 2023-05-01 03:49:14 --> Session: Class initialized using 'CodeIgniter\Session\Handlers\FileHandler' driver.
INFO - 2023-05-01 03:49:14 --> Session: Class initialized using 'CodeIgniter\Session\Handlers\FileHandler' driver.
INFO - 2023-05-01 03:53:12 --> Session: Class initialized using 'CodeIgniter\Session\Handlers\FileHandler' driver.
INFO - 2023-05-01 15:05:01 --> Session: Class initialized using 'CodeIgniter\Session\Handlers\FileHandler' driver.
INFO - 2023-05-01 15:05:01 --> Session: Class initialized using 'CodeIgniter\Session\Handlers\FileHandler' driver.
INFO - 2023-05-01 15:05:02 --> Session: Class initialized using 'CodeIgniter\Session\Handlers\FileHandler' driver.
INFO - 2023-05-01 15:05:02 --> Session: Class initialized using 'CodeIgniter\Session\Handlers\FileHandler' driver.
INFO - 2023-05-01 15:09:46 --> Session: Class initialized using 'CodeIgniter\Session\Handlers\FileHandler' driver.
INFO - 2023-05-01 15:10:48 --> Session: Class initialized using 'CodeIgniter\Session\Handlers\FileHandler' driver.
INFO - 2023-05-01 15:11:16 --> Session: Class initialized using 'CodeIgniter\Session\Handlers\FileHandler' driver.
INFO - 2023-05-01 15:16:01 --> Session: Class initialized using 'CodeIgniter\Session\Handlers\FileHandler' driver.
ERROR - 2023-05-01 15:16:01 --> mysqli_sql_exception: Unknown column 'order_status.purchase_item_id' in 'on clause' in /Applications/MAMP/htdocs/smartwholesale/oaclients/vendor/codeigniter4/framework/system/Database/MySQLi/Connection.php:295
Stack trace:
#0 /Applications/MAMP/htdocs/smartwholesale/oaclients/vendor/codeigniter4/framework/system/Database/MySQLi/Connection.php(295): mysqli->query('SELECT SUM(purc...', 0)
#1 /Applications/MAMP/htdocs/smartwholesale/oaclients/vendor/codeigniter4/framework/system/Database/BaseConnection.php(691): CodeIgniter\Database\MySQLi\Connection->execute('SELECT SUM(purc...')
#2 /Applications/MAMP/htdocs/smartwholesale/oaclients/vendor/codeigniter4/framework/system/Database/BaseConnection.php(605): CodeIgniter\Database\BaseConnection->simpleQuery('SELECT SUM(purc...')
#3 /Applications/MAMP/htdocs/smartwholesale/oaclients/vendor/codeigniter4/framework/system/Database/BaseBuilder.php(1616): CodeIgniter\Database\BaseConnection->query('SELECT SUM(purc...', Array, false)
#4 /Applications/MAMP/htdocs/smartwholesale/oaclients/vendor/codeigniter4/framework/system/Model.php(840): CodeIgniter\Database\BaseBuilder->get()
#5 /Applications/MAMP/htdocs/smartwholesale/oaclients/app/Models/OrderStatusModel.php(61): CodeIgniter\Model->__call('get', Array)
#6 /Applications/MAMP/htdocs/smartwholesale/oaclients/app/Controllers/Home.php(322): App\Models\OrderStatusModel->totalUnReceivedCompleted()
#7 /Applications/MAMP/htdocs/smartwholesale/oaclients/vendor/codeigniter4/framework/system/CodeIgniter.php(934): App\Controllers\Home->warehouse()
#8 /Applications/MAMP/htdocs/smartwholesale/oaclients/vendor/codeigniter4/framework/system/CodeIgniter.php(499): CodeIgniter\CodeIgniter->runController(Object(App\Controllers\Home))
#9 /Applications/MAMP/htdocs/smartwholesale/oaclients/vendor/codeigniter4/framework/system/CodeIgniter.php(368): CodeIgniter\CodeIgniter->handleRequest(NULL, Object(Config\Cache), false)
#10 /Applications/MAMP/htdocs/smartwholesale/oaclients/public/index.php(67): CodeIgniter\CodeIgniter->run()
#11 /Applications/MAMP/htdocs/smartwholesale/oaclients/vendor/codeigniter4/framework/system/Commands/Server/rewrite.php(47): require_once('/Applications/M...')
#12 {main}
CRITICAL - 2023-05-01 15:16:01 --> Unknown column 'order_status.purchase_item_id' in 'on clause'
in SYSTEMPATH/Database/MySQLi/Connection.php on line 295.
 1 SYSTEMPATH/Database/MySQLi/Connection.php(295): mysqli->query('SELECT SUM(purchase_items.qty - orders_status.qty_received) as total
FROM `orders_status`
JOIN `purchase_items` ON `purchase_items`.`id` = `order_status`.`purchase_item_id`
WHERE `orders_status`.`status` != \'delivered\'', 0)
 2 SYSTEMPATH/Database/BaseConnection.php(691): CodeIgniter\Database\MySQLi\Connection->execute('SELECT SUM(purchase_items.qty - orders_status.qty_received) as total
FROM `orders_status`
JOIN `purchase_items` ON `purchase_items`.`id` = `order_status`.`purchase_item_id`
WHERE `orders_status`.`status` != \'delivered\'')
 3 SYSTEMPATH/Database/BaseConnection.php(605): CodeIgniter\Database\BaseConnection->simpleQuery('SELECT SUM(purchase_items.qty - orders_status.qty_received) as total
FROM `orders_status`
JOIN `purchase_items` ON `purchase_items`.`id` = `order_status`.`purchase_item_id`
WHERE `orders_status`.`status` != \'delivered\'')
 4 SYSTEMPATH/Database/BaseBuilder.php(1616): CodeIgniter\Database\BaseConnection->query('SELECT SUM(purchase_items.qty - orders_status.qty_received) as total
FROM `orders_status`
JOIN `purchase_items` ON `purchase_items`.`id` = `order_status`.`purchase_item_id`
WHERE `orders_status`.`status` != :orders_status.status:', [...], false)
 5 SYSTEMPATH/Model.php(840): CodeIgniter\Database\BaseBuilder->get()
 6 APPPATH/Models/OrderStatusModel.php(61): CodeIgniter\Model->__call('get', [])
 7 APPPATH/Controllers/Home.php(322): App\Models\OrderStatusModel->totalUnReceivedCompleted()
 8 SYSTEMPATH/CodeIgniter.php(934): App\Controllers\Home->warehouse()
 9 SYSTEMPATH/CodeIgniter.php(499): CodeIgniter\CodeIgniter->runController(Object(App\Controllers\Home))
10 SYSTEMPATH/CodeIgniter.php(368): CodeIgniter\CodeIgniter->handleRequest(null, Object(Config\Cache), false)
11 FCPATH/index.php(67): CodeIgniter\CodeIgniter->run()
12 SYSTEMPATH/Commands/Server/rewrite.php(47): require_once('/Applications/MAMP/htdocs/smartwholesale/oaclients/public/index.php')
INFO - 2023-05-01 15:16:10 --> Session: Class initialized using 'CodeIgniter\Session\Handlers\FileHandler' driver.
ERROR - 2023-05-01 15:16:10 --> mysqli_sql_exception: Unknown column 'order_status.purchased_item_id' in 'on clause' in /Applications/MAMP/htdocs/smartwholesale/oaclients/vendor/codeigniter4/framework/system/Database/MySQLi/Connection.php:295
Stack trace:
#0 /Applications/MAMP/htdocs/smartwholesale/oaclients/vendor/codeigniter4/framework/system/Database/MySQLi/Connection.php(295): mysqli->query('SELECT SUM(purc...', 0)
#1 /Applications/MAMP/htdocs/smartwholesale/oaclients/vendor/codeigniter4/framework/system/Database/BaseConnection.php(691): CodeIgniter\Database\MySQLi\Connection->execute('SELECT SUM(purc...')
#2 /Applications/MAMP/htdocs/smartwholesale/oaclients/vendor/codeigniter4/framework/system/Database/BaseConnection.php(605): CodeIgniter\Database\BaseConnection->simpleQuery('SELECT SUM(purc...')
#3 /Applications/MAMP/htdocs/smartwholesale/oaclients/vendor/codeigniter4/framework/system/Database/BaseBuilder.php(1616): CodeIgniter\Database\BaseConnection->query('SELECT SUM(purc...', Array, false)
#4 /Applications/MAMP/htdocs/smartwholesale/oaclients/vendor/codeigniter4/framework/system/Model.php(840): CodeIgniter\Database\BaseBuilder->get()
#5 /Applications/MAMP/htdocs/smartwholesale/oaclients/app/Models/OrderStatusModel.php(61): CodeIgniter\Model->__call('get', Array)
#6 /Applications/MAMP/htdocs/smartwholesale/oaclients/app/Controllers/Home.php(322): App\Models\OrderStatusModel->totalUnReceivedCompleted()
#7 /Applications/MAMP/htdocs/smartwholesale/oaclients/vendor/codeigniter4/framework/system/CodeIgniter.php(934): App\Controllers\Home->warehouse()
#8 /Applications/MAMP/htdocs/smartwholesale/oaclients/vendor/codeigniter4/framework/system/CodeIgniter.php(499): CodeIgniter\CodeIgniter->runController(Object(App\Controllers\Home))
#9 /Applications/MAMP/htdocs/smartwholesale/oaclients/vendor/codeigniter4/framework/system/CodeIgniter.php(368): CodeIgniter\CodeIgniter->handleRequest(NULL, Object(Config\Cache), false)
#10 /Applications/MAMP/htdocs/smartwholesale/oaclients/public/index.php(67): CodeIgniter\CodeIgniter->run()
#11 /Applications/MAMP/htdocs/smartwholesale/oaclients/vendor/codeigniter4/framework/system/Commands/Server/rewrite.php(47): require_once('/Applications/M...')
#12 {main}
CRITICAL - 2023-05-01 15:16:10 --> Unknown column 'order_status.purchased_item_id' in 'on clause'
in SYSTEMPATH/Database/MySQLi/Connection.php on line 295.
 1 SYSTEMPATH/Database/MySQLi/Connection.php(295): mysqli->query('SELECT SUM(purchase_items.qty - orders_status.qty_received) as total
FROM `orders_status`
JOIN `purchase_items` ON `purchase_items`.`id` = `order_status`.`purchased_item_id`
WHERE `orders_status`.`status` != \'delivered\'', 0)
 2 SYSTEMPATH/Database/BaseConnection.php(691): CodeIgniter\Database\MySQLi\Connection->execute('SELECT SUM(purchase_items.qty - orders_status.qty_received) as total
FROM `orders_status`
JOIN `purchase_items` ON `purchase_items`.`id` = `order_status`.`purchased_item_id`
WHERE `orders_status`.`status` != \'delivered\'')
 3 SYSTEMPATH/Database/BaseConnection.php(605): CodeIgniter\Database\BaseConnection->simpleQuery('SELECT SUM(purchase_items.qty - orders_status.qty_received) as total
FROM `orders_status`
JOIN `purchase_items` ON `purchase_items`.`id` = `order_status`.`purchased_item_id`
WHERE `orders_status`.`status` != \'delivered\'')
 4 SYSTEMPATH/Database/BaseBuilder.php(1616): CodeIgniter\Database\BaseConnection->query('SELECT SUM(purchase_items.qty - orders_status.qty_received) as total
FROM `orders_status`
JOIN `purchase_items` ON `purchase_items`.`id` = `order_status`.`purchased_item_id`
WHERE `orders_status`.`status` != :orders_status.status:', [...], false)
 5 SYSTEMPATH/Model.php(840): CodeIgniter\Database\BaseBuilder->get()
 6 APPPATH/Models/OrderStatusModel.php(61): CodeIgniter\Model->__call('get', [])
 7 APPPATH/Controllers/Home.php(322): App\Models\OrderStatusModel->totalUnReceivedCompleted()
 8 SYSTEMPATH/CodeIgniter.php(934): App\Controllers\Home->warehouse()
 9 SYSTEMPATH/CodeIgniter.php(499): CodeIgniter\CodeIgniter->runController(Object(App\Controllers\Home))
10 SYSTEMPATH/CodeIgniter.php(368): CodeIgniter\CodeIgniter->handleRequest(null, Object(Config\Cache), false)
11 FCPATH/index.php(67): CodeIgniter\CodeIgniter->run()
12 SYSTEMPATH/Commands/Server/rewrite.php(47): require_once('/Applications/MAMP/htdocs/smartwholesale/oaclients/public/index.php')
INFO - 2023-05-01 15:16:32 --> Session: Class initialized using 'CodeIgniter\Session\Handlers\FileHandler' driver.
ERROR - 2023-05-01 15:16:32 --> mysqli_sql_exception: Unknown column 'orders_status.purchase_item_id' in 'on clause' in /Applications/MAMP/htdocs/smartwholesale/oaclients/vendor/codeigniter4/framework/system/Database/MySQLi/Connection.php:295
Stack trace:
#0 /Applications/MAMP/htdocs/smartwholesale/oaclients/vendor/codeigniter4/framework/system/Database/MySQLi/Connection.php(295): mysqli->query('SELECT SUM(purc...', 0)
#1 /Applications/MAMP/htdocs/smartwholesale/oaclients/vendor/codeigniter4/framework/system/Database/BaseConnection.php(691): CodeIgniter\Database\MySQLi\Connection->execute('SELECT SUM(purc...')
#2 /Applications/MAMP/htdocs/smartwholesale/oaclients/vendor/codeigniter4/framework/system/Database/BaseConnection.php(605): CodeIgniter\Database\BaseConnection->simpleQuery('SELECT SUM(purc...')
#3 /Applications/MAMP/htdocs/smartwholesale/oaclients/vendor/codeigniter4/framework/system/Database/BaseBuilder.php(1616): CodeIgniter\Database\BaseConnection->query('SELECT SUM(purc...', Array, false)
#4 /Applications/MAMP/htdocs/smartwholesale/oaclients/vendor/codeigniter4/framework/system/Model.php(840): CodeIgniter\Database\BaseBuilder->get()
#5 /Applications/MAMP/htdocs/smartwholesale/oaclients/app/Models/OrderStatusModel.php(61): CodeIgniter\Model->__call('get', Array)
#6 /Applications/MAMP/htdocs/smartwholesale/oaclients/app/Controllers/Home.php(322): App\Models\OrderStatusModel->totalUnReceivedCompleted()
#7 /Applications/MAMP/htdocs/smartwholesale/oaclients/vendor/codeigniter4/framework/system/CodeIgniter.php(934): App\Controllers\Home->warehouse()
#8 /Applications/MAMP/htdocs/smartwholesale/oaclients/vendor/codeigniter4/framework/system/CodeIgniter.php(499): CodeIgniter\CodeIgniter->runController(Object(App\Controllers\Home))
#9 /Applications/MAMP/htdocs/smartwholesale/oaclients/vendor/codeigniter4/framework/system/CodeIgniter.php(368): CodeIgniter\CodeIgniter->handleRequest(NULL, Object(Config\Cache), false)
#10 /Applications/MAMP/htdocs/smartwholesale/oaclients/public/index.php(67): CodeIgniter\CodeIgniter->run()
#11 /Applications/MAMP/htdocs/smartwholesale/oaclients/vendor/codeigniter4/framework/system/Commands/Server/rewrite.php(47): require_once('/Applications/M...')
#12 {main}
CRITICAL - 2023-05-01 15:16:32 --> Unknown column 'orders_status.purchase_item_id' in 'on clause'
in SYSTEMPATH/Database/MySQLi/Connection.php on line 295.
 1 SYSTEMPATH/Database/MySQLi/Connection.php(295): mysqli->query('SELECT SUM(purchase_items.qty - orders_status.qty_received) as total
FROM `orders_status`
JOIN `purchase_items` ON `purchase_items`.`id` = `orders_status`.`purchase_item_id`
WHERE `orders_status`.`status` != \'delivered\'', 0)
 2 SYSTEMPATH/Database/BaseConnection.php(691): CodeIgniter\Database\MySQLi\Connection->execute('SELECT SUM(purchase_items.qty - orders_status.qty_received) as total
FROM `orders_status`
JOIN `purchase_items` ON `purchase_items`.`id` = `orders_status`.`purchase_item_id`
WHERE `orders_status`.`status` != \'delivered\'')
 3 SYSTEMPATH/Database/BaseConnection.php(605): CodeIgniter\Database\BaseConnection->simpleQuery('SELECT SUM(purchase_items.qty - orders_status.qty_received) as total
FROM `orders_status`
JOIN `purchase_items` ON `purchase_items`.`id` = `orders_status`.`purchase_item_id`
WHERE `orders_status`.`status` != \'delivered\'')
 4 SYSTEMPATH/Database/BaseBuilder.php(1616): CodeIgniter\Database\BaseConnection->query('SELECT SUM(purchase_items.qty - orders_status.qty_received) as total
FROM `orders_status`
JOIN `purchase_items` ON `purchase_items`.`id` = `orders_status`.`purchase_item_id`
WHERE `orders_status`.`status` != :orders_status.status:', [...], false)
 5 SYSTEMPATH/Model.php(840): CodeIgniter\Database\BaseBuilder->get()
 6 APPPATH/Models/OrderStatusModel.php(61): CodeIgniter\Model->__call('get', [])
 7 APPPATH/Controllers/Home.php(322): App\Models\OrderStatusModel->totalUnReceivedCompleted()
 8 SYSTEMPATH/CodeIgniter.php(934): App\Controllers\Home->warehouse()
 9 SYSTEMPATH/CodeIgniter.php(499): CodeIgniter\CodeIgniter->runController(Object(App\Controllers\Home))
10 SYSTEMPATH/CodeIgniter.php(368): CodeIgniter\CodeIgniter->handleRequest(null, Object(Config\Cache), false)
11 FCPATH/index.php(67): CodeIgniter\CodeIgniter->run()
12 SYSTEMPATH/Commands/Server/rewrite.php(47): require_once('/Applications/MAMP/htdocs/smartwholesale/oaclients/public/index.php')
INFO - 2023-05-01 15:16:46 --> Session: Class initialized using 'CodeIgniter\Session\Handlers\FileHandler' driver.
INFO - 2023-05-01 15:19:26 --> Session: Class initialized using 'CodeIgniter\Session\Handlers\FileHandler' driver.
INFO - 2023-05-01 15:24:40 --> Session: Class initialized using 'CodeIgniter\Session\Handlers\FileHandler' driver.
ERROR - 2023-05-01 15:24:40 --> mysqli_sql_exception: Unknown column 'purchase_items.qty_received' in 'field list' in /Applications/MAMP/htdocs/smartwholesale/oaclients/vendor/codeigniter4/framework/system/Database/MySQLi/Connection.php:295
Stack trace:
#0 /Applications/MAMP/htdocs/smartwholesale/oaclients/vendor/codeigniter4/framework/system/Database/MySQLi/Connection.php(295): mysqli->query('SELECT SUM(purc...', 0)
#1 /Applications/MAMP/htdocs/smartwholesale/oaclients/vendor/codeigniter4/framework/system/Database/BaseConnection.php(691): CodeIgniter\Database\MySQLi\Connection->execute('SELECT SUM(purc...')
#2 /Applications/MAMP/htdocs/smartwholesale/oaclients/vendor/codeigniter4/framework/system/Database/BaseConnection.php(605): CodeIgniter\Database\BaseConnection->simpleQuery('SELECT SUM(purc...')
#3 /Applications/MAMP/htdocs/smartwholesale/oaclients/vendor/codeigniter4/framework/system/Database/BaseBuilder.php(1616): CodeIgniter\Database\BaseConnection->query('SELECT SUM(purc...', Array, false)
#4 /Applications/MAMP/htdocs/smartwholesale/oaclients/vendor/codeigniter4/framework/system/Model.php(840): CodeIgniter\Database\BaseBuilder->get()
#5 /Applications/MAMP/htdocs/smartwholesale/oaclients/app/Models/OrderStatusModel.php(80): CodeIgniter\Model->__call('get', Array)
#6 /Applications/MAMP/htdocs/smartwholesale/oaclients/app/Controllers/Home.php(324): App\Models\OrderStatusModel->totalUnassigned()
#7 /Applications/MAMP/htdocs/smartwholesale/oaclients/vendor/codeigniter4/framework/system/CodeIgniter.php(934): App\Controllers\Home->warehouse()
#8 /Applications/MAMP/htdocs/smartwholesale/oaclients/vendor/codeigniter4/framework/system/CodeIgniter.php(499): CodeIgniter\CodeIgniter->runController(Object(App\Controllers\Home))
#9 /Applications/MAMP/htdocs/smartwholesale/oaclients/vendor/codeigniter4/framework/system/CodeIgniter.php(368): CodeIgniter\CodeIgniter->handleRequest(NULL, Object(Config\Cache), false)
#10 /Applications/MAMP/htdocs/smartwholesale/oaclients/public/index.php(67): CodeIgniter\CodeIgniter->run()
#11 /Applications/MAMP/htdocs/smartwholesale/oaclients/vendor/codeigniter4/framework/system/Commands/Server/rewrite.php(47): require_once('/Applications/M...')
#12 {main}
CRITICAL - 2023-05-01 15:24:40 --> Unknown column 'purchase_items.qty_received' in 'field list'
in SYSTEMPATH/Database/MySQLi/Connection.php on line 295.
 1 SYSTEMPATH/Database/MySQLi/Connection.php(295): mysqli->query('SELECT SUM(purchase_items.qty_received - orders_status.qty_assigned) as total
FROM `orders_status`
JOIN `purchase_items` ON `purchase_items`.`id` = `orders_status`.`purchased_item_id`
WHERE `orders_status`.`status` != \'delivered\'', 0)
 2 SYSTEMPATH/Database/BaseConnection.php(691): CodeIgniter\Database\MySQLi\Connection->execute('SELECT SUM(purchase_items.qty_received - orders_status.qty_assigned) as total
FROM `orders_status`
JOIN `purchase_items` ON `purchase_items`.`id` = `orders_status`.`purchased_item_id`
WHERE `orders_status`.`status` != \'delivered\'')
 3 SYSTEMPATH/Database/BaseConnection.php(605): CodeIgniter\Database\BaseConnection->simpleQuery('SELECT SUM(purchase_items.qty_received - orders_status.qty_assigned) as total
FROM `orders_status`
JOIN `purchase_items` ON `purchase_items`.`id` = `orders_status`.`purchased_item_id`
WHERE `orders_status`.`status` != \'delivered\'')
 4 SYSTEMPATH/Database/BaseBuilder.php(1616): CodeIgniter\Database\BaseConnection->query('SELECT SUM(purchase_items.qty_received - orders_status.qty_assigned) as total
FROM `orders_status`
JOIN `purchase_items` ON `purchase_items`.`id` = `orders_status`.`purchased_item_id`
WHERE `orders_status`.`status` != :orders_status.status:', [...], false)
 5 SYSTEMPATH/Model.php(840): CodeIgniter\Database\BaseBuilder->get()
 6 APPPATH/Models/OrderStatusModel.php(80): CodeIgniter\Model->__call('get', [])
 7 APPPATH/Controllers/Home.php(324): App\Models\OrderStatusModel->totalUnassigned()
 8 SYSTEMPATH/CodeIgniter.php(934): App\Controllers\Home->warehouse()
 9 SYSTEMPATH/CodeIgniter.php(499): CodeIgniter\CodeIgniter->runController(Object(App\Controllers\Home))
10 SYSTEMPATH/CodeIgniter.php(368): CodeIgniter\CodeIgniter->handleRequest(null, Object(Config\Cache), false)
11 FCPATH/index.php(67): CodeIgniter\CodeIgniter->run()
12 SYSTEMPATH/Commands/Server/rewrite.php(47): require_once('/Applications/MAMP/htdocs/smartwholesale/oaclients/public/index.php')
INFO - 2023-05-01 15:24:53 --> Session: Class initialized using 'CodeIgniter\Session\Handlers\FileHandler' driver.
INFO - 2023-05-01 15:25:22 --> Session: Class initialized using 'CodeIgniter\Session\Handlers\FileHandler' driver.
INFO - 2023-05-01 15:29:21 --> Session: Class initialized using 'CodeIgniter\Session\Handlers\FileHandler' driver.
INFO - 2023-05-01 15:29:32 --> Session: Class initialized using 'CodeIgniter\Session\Handlers\FileHandler' driver.
INFO - 2023-05-01 15:31:57 --> Session: Class initialized using 'CodeIgniter\Session\Handlers\FileHandler' driver.
INFO - 2023-05-01 15:32:00 --> Session: Class initialized using 'CodeIgniter\Session\Handlers\FileHandler' driver.
INFO - 2023-05-01 15:32:00 --> Session: Class initialized using 'CodeIgniter\Session\Handlers\FileHandler' driver.
INFO - 2023-05-01 15:32:02 --> Session: Class initialized using 'CodeIgniter\Session\Handlers\FileHandler' driver.
INFO - 2023-05-01 15:32:21 --> Session: Class initialized using 'CodeIgniter\Session\Handlers\FileHandler' driver.
INFO - 2023-05-01 15:34:46 --> Session: Class initialized using 'CodeIgniter\Session\Handlers\FileHandler' driver.
ERROR - 2023-05-01 15:34:46 --> mysqli_sql_exception: Unknown column 'orders_status.purchase_date' in 'field list' in /Applications/MAMP/htdocs/smartwholesale/oaclients/vendor/codeigniter4/framework/system/Database/MySQLi/Connection.php:295
Stack trace:
#0 /Applications/MAMP/htdocs/smartwholesale/oaclients/vendor/codeigniter4/framework/system/Database/MySQLi/Connection.php(295): mysqli->query('SELECT `orders_...', 0)
#1 /Applications/MAMP/htdocs/smartwholesale/oaclients/vendor/codeigniter4/framework/system/Database/BaseConnection.php(691): CodeIgniter\Database\MySQLi\Connection->execute('SELECT `orders_...')
#2 /Applications/MAMP/htdocs/smartwholesale/oaclients/vendor/codeigniter4/framework/system/Database/BaseConnection.php(605): CodeIgniter\Database\BaseConnection->simpleQuery('SELECT `orders_...')
#3 /Applications/MAMP/htdocs/smartwholesale/oaclients/vendor/codeigniter4/framework/system/Database/BaseBuilder.php(1616): CodeIgniter\Database\BaseConnection->query('SELECT `orders_...', Array, false)
#4 /Applications/MAMP/htdocs/smartwholesale/oaclients/vendor/codeigniter4/framework/system/Model.php(840): CodeIgniter\Database\BaseBuilder->get()
#5 /Applications/MAMP/htdocs/smartwholesale/oaclients/app/Models/OrderStatusModel.php(92): CodeIgniter\Model->__call('get', Array)
#6 /Applications/MAMP/htdocs/smartwholesale/oaclients/app/Controllers/Home.php(332): App\Models\OrderStatusModel->shippedNoClient()
#7 /Applications/MAMP/htdocs/smartwholesale/oaclients/vendor/codeigniter4/framework/system/CodeIgniter.php(934): App\Controllers\Home->warehouse()
#8 /Applications/MAMP/htdocs/smartwholesale/oaclients/vendor/codeigniter4/framework/system/CodeIgniter.php(499): CodeIgniter\CodeIgniter->runController(Object(App\Controllers\Home))
#9 /Applications/MAMP/htdocs/smartwholesale/oaclients/vendor/codeigniter4/framework/system/CodeIgniter.php(368): CodeIgniter\CodeIgniter->handleRequest(NULL, Object(Config\Cache), false)
#10 /Applications/MAMP/htdocs/smartwholesale/oaclients/public/index.php(67): CodeIgniter\CodeIgniter->run()
#11 /Applications/MAMP/htdocs/smartwholesale/oaclients/vendor/codeigniter4/framework/system/Commands/Server/rewrite.php(47): require_once('/Applications/M...')
#12 {main}
CRITICAL - 2023-05-01 15:34:46 --> Unknown column 'orders_status.purchase_date' in 'field list'
in SYSTEMPATH/Database/MySQLi/Connection.php on line 295.
 1 SYSTEMPATH/Database/MySQLi/Connection.php(295): mysqli->query('SELECT `orders_status`.`purchase_date`, `buyer_details`.`order_number`
FROM `orders_status`
JOIN `purchase_items` ON `purchase_items`.`id` = `orders_status`.`purchased_item_id`
JOIN `buyer_details` ON `buyer_details`.`purchase_id` = `purchase_items`.`id`
JOIN `clients` ON `clients`.`order_id` = `purchase_items`.`id`
WHERE `clients`.`client_name` IS NULL', 0)
 2 SYSTEMPATH/Database/BaseConnection.php(691): CodeIgniter\Database\MySQLi\Connection->execute('SELECT `orders_status`.`purchase_date`, `buyer_details`.`order_number`
FROM `orders_status`
JOIN `purchase_items` ON `purchase_items`.`id` = `orders_status`.`purchased_item_id`
JOIN `buyer_details` ON `buyer_details`.`purchase_id` = `purchase_items`.`id`
JOIN `clients` ON `clients`.`order_id` = `purchase_items`.`id`
WHERE `clients`.`client_name` IS NULL')
 3 SYSTEMPATH/Database/BaseConnection.php(605): CodeIgniter\Database\BaseConnection->simpleQuery('SELECT `orders_status`.`purchase_date`, `buyer_details`.`order_number`
FROM `orders_status`
JOIN `purchase_items` ON `purchase_items`.`id` = `orders_status`.`purchased_item_id`
JOIN `buyer_details` ON `buyer_details`.`purchase_id` = `purchase_items`.`id`
JOIN `clients` ON `clients`.`order_id` = `purchase_items`.`id`
WHERE `clients`.`client_name` IS NULL')
 4 SYSTEMPATH/Database/BaseBuilder.php(1616): CodeIgniter\Database\BaseConnection->query('SELECT `orders_status`.`purchase_date`, `buyer_details`.`order_number`
FROM `orders_status`
JOIN `purchase_items` ON `purchase_items`.`id` = `orders_status`.`purchased_item_id`
JOIN `buyer_details` ON `buyer_details`.`purchase_id` = `purchase_items`.`id`
JOIN `clients` ON `clients`.`order_id` = `purchase_items`.`id`
WHERE `clients`.`client_name` IS NULL', [], false)
 5 SYSTEMPATH/Model.php(840): CodeIgniter\Database\BaseBuilder->get()
 6 APPPATH/Models/OrderStatusModel.php(92): CodeIgniter\Model->__call('get', [])
 7 APPPATH/Controllers/Home.php(332): App\Models\OrderStatusModel->shippedNoClient()
 8 SYSTEMPATH/CodeIgniter.php(934): App\Controllers\Home->warehouse()
 9 SYSTEMPATH/CodeIgniter.php(499): CodeIgniter\CodeIgniter->runController(Object(App\Controllers\Home))
10 SYSTEMPATH/CodeIgniter.php(368): CodeIgniter\CodeIgniter->handleRequest(null, Object(Config\Cache), false)
11 FCPATH/index.php(67): CodeIgniter\CodeIgniter->run()
12 SYSTEMPATH/Commands/Server/rewrite.php(47): require_once('/Applications/MAMP/htdocs/smartwholesale/oaclients/public/index.php')
INFO - 2023-05-01 15:37:33 --> Session: Class initialized using 'CodeIgniter\Session\Handlers\FileHandler' driver.
INFO - 2023-05-01 15:37:53 --> Session: Class initialized using 'CodeIgniter\Session\Handlers\FileHandler' driver.
INFO - 2023-05-01 15:38:29 --> Session: Class initialized using 'CodeIgniter\Session\Handlers\FileHandler' driver.
INFO - 2023-05-01 16:15:02 --> Session: Class initialized using 'CodeIgniter\Session\Handlers\FileHandler' driver.
INFO - 2023-05-01 16:34:03 --> Session: Class initialized using 'CodeIgniter\Session\Handlers\FileHandler' driver.
ERROR - 2023-05-01 16:34:03 --> mysqli_sql_exception: Unknown column 'buyer_details.order_number' in 'field list' in /Applications/MAMP/htdocs/smartwholesale/oaclients/vendor/codeigniter4/framework/system/Database/MySQLi/Connection.php:295
Stack trace:
#0 /Applications/MAMP/htdocs/smartwholesale/oaclients/vendor/codeigniter4/framework/system/Database/MySQLi/Connection.php(295): mysqli->query('SELECT `orders_...', 0)
#1 /Applications/MAMP/htdocs/smartwholesale/oaclients/vendor/codeigniter4/framework/system/Database/BaseConnection.php(691): CodeIgniter\Database\MySQLi\Connection->execute('SELECT `orders_...')
#2 /Applications/MAMP/htdocs/smartwholesale/oaclients/vendor/codeigniter4/framework/system/Database/BaseConnection.php(605): CodeIgniter\Database\BaseConnection->simpleQuery('SELECT `orders_...')
#3 /Applications/MAMP/htdocs/smartwholesale/oaclients/vendor/codeigniter4/framework/system/Database/BaseBuilder.php(1616): CodeIgniter\Database\BaseConnection->query('SELECT `orders_...', Array, false)
#4 /Applications/MAMP/htdocs/smartwholesale/oaclients/vendor/codeigniter4/framework/system/Model.php(840): CodeIgniter\Database\BaseBuilder->get()
#5 /Applications/MAMP/htdocs/smartwholesale/oaclients/app/Models/OrderStatusModel.php(93): CodeIgniter\Model->__call('get', Array)
#6 /Applications/MAMP/htdocs/smartwholesale/oaclients/app/Controllers/Home.php(335): App\Models\OrderStatusModel->shippedNoClient()
#7 /Applications/MAMP/htdocs/smartwholesale/oaclients/vendor/codeigniter4/framework/system/CodeIgniter.php(934): App\Controllers\Home->warehouse()
#8 /Applications/MAMP/htdocs/smartwholesale/oaclients/vendor/codeigniter4/framework/system/CodeIgniter.php(499): CodeIgniter\CodeIgniter->runController(Object(App\Controllers\Home))
#9 /Applications/MAMP/htdocs/smartwholesale/oaclients/vendor/codeigniter4/framework/system/CodeIgniter.php(368): CodeIgniter\CodeIgniter->handleRequest(NULL, Object(Config\Cache), false)
#10 /Applications/MAMP/htdocs/smartwholesale/oaclients/public/index.php(67): CodeIgniter\CodeIgniter->run()
#11 /Applications/MAMP/htdocs/smartwholesale/oaclients/vendor/codeigniter4/framework/system/Commands/Server/rewrite.php(47): require_once('/Applications/M...')
#12 {main}
CRITICAL - 2023-05-01 16:34:03 --> Unknown column 'buyer_details.order_number' in 'field list'
in SYSTEMPATH/Database/MySQLi/Connection.php on line 295.
 1 SYSTEMPATH/Database/MySQLi/Connection.php(295): mysqli->query('SELECT `orders_status`.`purchased_item_id`, `lead_lists`.`title`, `orders_status`.`purchased_date`, `buyer_details`.`order_number`
FROM `orders_status`
JOIN `purchase_items` ON `purchase_items`.`id` = `orders_status`.`purchased_item_id`
JOIN `lead_lists` ON `lead_lists`.`id` = `purchase_items`.`lead_id`
JOIN `clients` ON `clients`.`order_id` = `orders_status`.`order_id`
WHERE `clients`.`client_name` IS NULL
AND `orders_status`.`status` = \'shipped\'', 0)
 2 SYSTEMPATH/Database/BaseConnection.php(691): CodeIgniter\Database\MySQLi\Connection->execute('SELECT `orders_status`.`purchased_item_id`, `lead_lists`.`title`, `orders_status`.`purchased_date`, `buyer_details`.`order_number`
FROM `orders_status`
JOIN `purchase_items` ON `purchase_items`.`id` = `orders_status`.`purchased_item_id`
JOIN `lead_lists` ON `lead_lists`.`id` = `purchase_items`.`lead_id`
JOIN `clients` ON `clients`.`order_id` = `orders_status`.`order_id`
WHERE `clients`.`client_name` IS NULL
AND `orders_status`.`status` = \'shipped\'')
 3 SYSTEMPATH/Database/BaseConnection.php(605): CodeIgniter\Database\BaseConnection->simpleQuery('SELECT `orders_status`.`purchased_item_id`, `lead_lists`.`title`, `orders_status`.`purchased_date`, `buyer_details`.`order_number`
FROM `orders_status`
JOIN `purchase_items` ON `purchase_items`.`id` = `orders_status`.`purchased_item_id`
JOIN `lead_lists` ON `lead_lists`.`id` = `purchase_items`.`lead_id`
JOIN `clients` ON `clients`.`order_id` = `orders_status`.`order_id`
WHERE `clients`.`client_name` IS NULL
AND `orders_status`.`status` = \'shipped\'')
 4 SYSTEMPATH/Database/BaseBuilder.php(1616): CodeIgniter\Database\BaseConnection->query('SELECT `orders_status`.`purchased_item_id`, `lead_lists`.`title`, `orders_status`.`purchased_date`, `buyer_details`.`order_number`
FROM `orders_status`
JOIN `purchase_items` ON `purchase_items`.`id` = `orders_status`.`purchased_item_id`
JOIN `lead_lists` ON `lead_lists`.`id` = `purchase_items`.`lead_id`
JOIN `clients` ON `clients`.`order_id` = `orders_status`.`order_id`
WHERE `clients`.`client_name` IS NULL
AND `orders_status`.`status` = :orders_status.status:', [...], false)
 5 SYSTEMPATH/Model.php(840): CodeIgniter\Database\BaseBuilder->get()
 6 APPPATH/Models/OrderStatusModel.php(93): CodeIgniter\Model->__call('get', [])
 7 APPPATH/Controllers/Home.php(335): App\Models\OrderStatusModel->shippedNoClient()
 8 SYSTEMPATH/CodeIgniter.php(934): App\Controllers\Home->warehouse()
 9 SYSTEMPATH/CodeIgniter.php(499): CodeIgniter\CodeIgniter->runController(Object(App\Controllers\Home))
10 SYSTEMPATH/CodeIgniter.php(368): CodeIgniter\CodeIgniter->handleRequest(null, Object(Config\Cache), false)
11 FCPATH/index.php(67): CodeIgniter\CodeIgniter->run()
12 SYSTEMPATH/Commands/Server/rewrite.php(47): require_once('/Applications/MAMP/htdocs/smartwholesale/oaclients/public/index.php')
INFO - 2023-05-01 16:35:51 --> Session: Class initialized using 'CodeIgniter\Session\Handlers\FileHandler' driver.
CRITICAL - 2023-05-01 16:35:51 --> Call to a member function getNumRows() on array
in APPPATH/Views/warehouse/dashboard.php on line 507.
 1 SYSTEMPATH/View/View.php(213): include()
 2 SYSTEMPATH/View/View.php(216): CodeIgniter\View\View->CodeIgniter\View\{closure}()
 3 SYSTEMPATH/Common.php(1184): CodeIgniter\View\View->render('warehouse/dashboard', [], true)
 4 APPPATH/Controllers/Home.php(504): view('warehouse/dashboard', [...])
 5 SYSTEMPATH/CodeIgniter.php(934): App\Controllers\Home->warehouse()
 6 SYSTEMPATH/CodeIgniter.php(499): CodeIgniter\CodeIgniter->runController(Object(App\Controllers\Home))
 7 SYSTEMPATH/CodeIgniter.php(368): CodeIgniter\CodeIgniter->handleRequest(null, Object(Config\Cache), false)
 8 FCPATH/index.php(67): CodeIgniter\CodeIgniter->run()
 9 SYSTEMPATH/Commands/Server/rewrite.php(47): require_once('/Applications/MAMP/htdocs/smartwholesale/oaclients/public/index.php')
INFO - 2023-05-01 16:38:03 --> Session: Class initialized using 'CodeIgniter\Session\Handlers\FileHandler' driver.
CRITICAL - 2023-05-01 16:38:03 --> Undefined variable: deleiveredNoClientlists
in APPPATH/Views/warehouse/dashboard.php on line 510.
 1 APPPATH/Views/warehouse/dashboard.php(510): CodeIgniter\Debug\Exceptions->errorHandler(8, 'Undefined variable: deleiveredNoClientlists', '/Applications/MAMP/htdocs/smartwholesale/oaclients/app/Views/warehouse/dashboard.php', 510, [...])
 2 SYSTEMPATH/View/View.php(213): include('/Applications/MAMP/htdocs/smartwholesale/oaclients/app/Views/warehouse/dashboard.php')
 3 SYSTEMPATH/View/View.php(216): CodeIgniter\View\View->CodeIgniter\View\{closure}()
 4 SYSTEMPATH/Common.php(1184): CodeIgniter\View\View->render('warehouse/dashboard', [], true)
 5 APPPATH/Controllers/Home.php(504): view('warehouse/dashboard', [...])
 6 SYSTEMPATH/CodeIgniter.php(934): App\Controllers\Home->warehouse()
 7 SYSTEMPATH/CodeIgniter.php(499): CodeIgniter\CodeIgniter->runController(Object(App\Controllers\Home))
 8 SYSTEMPATH/CodeIgniter.php(368): CodeIgniter\CodeIgniter->handleRequest(null, Object(Config\Cache), false)
 9 FCPATH/index.php(67): CodeIgniter\CodeIgniter->run()
10 SYSTEMPATH/Commands/Server/rewrite.php(47): require_once('/Applications/MAMP/htdocs/smartwholesale/oaclients/public/index.php')
INFO - 2023-05-01 16:38:18 --> Session: Class initialized using 'CodeIgniter\Session\Handlers\FileHandler' driver.
CRITICAL - 2023-05-01 16:38:18 --> Use of undefined constant returned - assumed 'returned' (this will throw an Error in a future version of PHP)
in APPPATH/Views/warehouse/dashboard.php on line 516.
 1 APPPATH/Views/warehouse/dashboard.php(516): CodeIgniter\Debug\Exceptions->errorHandler(2, 'Use of undefined constant returned - assumed \'returned\' (this will throw an Error in a future version of PHP)', '/Applications/MAMP/htdocs/smartwholesale/oaclients/app/Views/warehouse/dashboard.php', 516, [...])
 2 SYSTEMPATH/View/View.php(213): include('/Applications/MAMP/htdocs/smartwholesale/oaclients/app/Views/warehouse/dashboard.php')
 3 SYSTEMPATH/View/View.php(216): CodeIgniter\View\View->CodeIgniter\View\{closure}()
 4 SYSTEMPATH/Common.php(1184): CodeIgniter\View\View->render('warehouse/dashboard', [], true)
 5 APPPATH/Controllers/Home.php(504): view('warehouse/dashboard', [...])
 6 SYSTEMPATH/CodeIgniter.php(934): App\Controllers\Home->warehouse()
 7 SYSTEMPATH/CodeIgniter.php(499): CodeIgniter\CodeIgniter->runController(Object(App\Controllers\Home))
 8 SYSTEMPATH/CodeIgniter.php(368): CodeIgniter\CodeIgniter->handleRequest(null, Object(Config\Cache), false)
 9 FCPATH/index.php(67): CodeIgniter\CodeIgniter->run()
10 SYSTEMPATH/Commands/Server/rewrite.php(47): require_once('/Applications/MAMP/htdocs/smartwholesale/oaclients/public/index.php')
INFO - 2023-05-01 16:38:31 --> Session: Class initialized using 'CodeIgniter\Session\Handlers\FileHandler' driver.
CRITICAL - 2023-05-01 16:38:31 --> Undefined variable: shippedNoClientas
in APPPATH/Views/warehouse/dashboard.php on line 530.
 1 APPPATH/Views/warehouse/dashboard.php(530): CodeIgniter\Debug\Exceptions->errorHandler(8, 'Undefined variable: shippedNoClientas', '/Applications/MAMP/htdocs/smartwholesale/oaclients/app/Views/warehouse/dashboard.php', 530, [...])
 2 SYSTEMPATH/View/View.php(213): include('/Applications/MAMP/htdocs/smartwholesale/oaclients/app/Views/warehouse/dashboard.php')
 3 SYSTEMPATH/View/View.php(216): CodeIgniter\View\View->CodeIgniter\View\{closure}()
 4 SYSTEMPATH/Common.php(1184): CodeIgniter\View\View->render('warehouse/dashboard', [], true)
 5 APPPATH/Controllers/Home.php(504): view('warehouse/dashboard', [...])
 6 SYSTEMPATH/CodeIgniter.php(934): App\Controllers\Home->warehouse()
 7 SYSTEMPATH/CodeIgniter.php(499): CodeIgniter\CodeIgniter->runController(Object(App\Controllers\Home))
 8 SYSTEMPATH/CodeIgniter.php(368): CodeIgniter\CodeIgniter->handleRequest(null, Object(Config\Cache), false)
 9 FCPATH/index.php(67): CodeIgniter\CodeIgniter->run()
10 SYSTEMPATH/Commands/Server/rewrite.php(47): require_once('/Applications/MAMP/htdocs/smartwholesale/oaclients/public/index.php')
INFO - 2023-05-01 16:38:55 --> Session: Class initialized using 'CodeIgniter\Session\Handlers\FileHandler' driver.
CRITICAL - 2023-05-01 16:38:55 --> Call to a member function getNumRows() on array
in APPPATH/Views/warehouse/dashboard.php on line 604.
 1 SYSTEMPATH/View/View.php(213): include()
 2 SYSTEMPATH/View/View.php(216): CodeIgniter\View\View->CodeIgniter\View\{closure}()
 3 SYSTEMPATH/Common.php(1184): CodeIgniter\View\View->render('warehouse/dashboard', [], true)
 4 APPPATH/Controllers/Home.php(504): view('warehouse/dashboard', [...])
 5 SYSTEMPATH/CodeIgniter.php(934): App\Controllers\Home->warehouse()
 6 SYSTEMPATH/CodeIgniter.php(499): CodeIgniter\CodeIgniter->runController(Object(App\Controllers\Home))
 7 SYSTEMPATH/CodeIgniter.php(368): CodeIgniter\CodeIgniter->handleRequest(null, Object(Config\Cache), false)
 8 FCPATH/index.php(67): CodeIgniter\CodeIgniter->run()
 9 SYSTEMPATH/Commands/Server/rewrite.php(47): require_once('/Applications/MAMP/htdocs/smartwholesale/oaclients/public/index.php')
INFO - 2023-05-01 16:39:56 --> Session: Class initialized using 'CodeIgniter\Session\Handlers\FileHandler' driver.
INFO - 2023-05-01 16:53:02 --> Session: Class initialized using 'CodeIgniter\Session\Handlers\FileHandler' driver.
CRITICAL - 2023-05-01 16:53:02 --> Undefined index: purchased_date
in APPPATH/Views/warehouse/dashboard.php on line 594.
 1 APPPATH/Views/warehouse/dashboard.php(594): CodeIgniter\Debug\Exceptions->errorHandler(8, 'Undefined index: purchased_date', '/Applications/MAMP/htdocs/smartwholesale/oaclients/app/Views/warehouse/dashboard.php', 594, [...])
 2 SYSTEMPATH/View/View.php(213): include('/Applications/MAMP/htdocs/smartwholesale/oaclients/app/Views/warehouse/dashboard.php')
 3 SYSTEMPATH/View/View.php(216): CodeIgniter\View\View->CodeIgniter\View\{closure}()
 4 SYSTEMPATH/Common.php(1184): CodeIgniter\View\View->render('warehouse/dashboard', [], true)
 5 APPPATH/Controllers/Home.php(504): view('warehouse/dashboard', [...])
 6 SYSTEMPATH/CodeIgniter.php(934): App\Controllers\Home->warehouse()
 7 SYSTEMPATH/CodeIgniter.php(499): CodeIgniter\CodeIgniter->runController(Object(App\Controllers\Home))
 8 SYSTEMPATH/CodeIgniter.php(368): CodeIgniter\CodeIgniter->handleRequest(null, Object(Config\Cache), false)
 9 FCPATH/index.php(67): CodeIgniter\CodeIgniter->run()
10 SYSTEMPATH/Commands/Server/rewrite.php(47): require_once('/Applications/MAMP/htdocs/smartwholesale/oaclients/public/index.php')
INFO - 2023-05-01 16:54:38 --> Session: Class initialized using 'CodeIgniter\Session\Handlers\FileHandler' driver.
CRITICAL - 2023-05-01 16:54:38 --> Undefined property: stdClass::$purchase_date
in APPPATH/Controllers/Home.php on line 431.
 1 APPPATH/Controllers/Home.php(431): CodeIgniter\Debug\Exceptions->errorHandler(8, 'Undefined property: stdClass::$purchase_date', '/Applications/MAMP/htdocs/smartwholesale/oaclients/app/Controllers/Home.php', 431, [...])
 2 SYSTEMPATH/CodeIgniter.php(934): App\Controllers\Home->warehouse()
 3 SYSTEMPATH/CodeIgniter.php(499): CodeIgniter\CodeIgniter->runController(Object(App\Controllers\Home))
 4 SYSTEMPATH/CodeIgniter.php(368): CodeIgniter\CodeIgniter->handleRequest(null, Object(Config\Cache), false)
 5 FCPATH/index.php(67): CodeIgniter\CodeIgniter->run()
 6 SYSTEMPATH/Commands/Server/rewrite.php(47): require_once('/Applications/MAMP/htdocs/smartwholesale/oaclients/public/index.php')
INFO - 2023-05-01 16:55:23 --> Session: Class initialized using 'CodeIgniter\Session\Handlers\FileHandler' driver.
INFO - 2023-05-01 16:56:00 --> Session: Class initialized using 'CodeIgniter\Session\Handlers\FileHandler' driver.
INFO - 2023-05-01 16:58:40 --> Session: Class initialized using 'CodeIgniter\Session\Handlers\FileHandler' driver.
INFO - 2023-05-01 16:58:40 --> Session: Class initialized using 'CodeIgniter\Session\Handlers\FileHandler' driver.
INFO - 2023-05-01 16:58:44 --> Session: Class initialized using 'CodeIgniter\Session\Handlers\FileHandler' driver.
INFO - 2023-05-01 16:58:44 --> Session: Class initialized using 'CodeIgniter\Session\Handlers\FileHandler' driver.
INFO - 2023-05-01 16:59:21 --> Session: Class initialized using 'CodeIgniter\Session\Handlers\FileHandler' driver.
INFO - 2023-05-01 17:00:43 --> Session: Class initialized using 'CodeIgniter\Session\Handlers\FileHandler' driver.
INFO - 2023-05-01 17:02:47 --> Session: Class initialized using 'CodeIgniter\Session\Handlers\FileHandler' driver.
INFO - 2023-05-01 17:02:48 --> Session: Class initialized using 'CodeIgniter\Session\Handlers\FileHandler' driver.
INFO - 2023-05-01 17:06:29 --> Session: Class initialized using 'CodeIgniter\Session\Handlers\FileHandler' driver.
INFO - 2023-05-01 17:06:45 --> Session: Class initialized using 'CodeIgniter\Session\Handlers\FileHandler' driver.
INFO - 2023-05-01 17:06:45 --> Session: Class initialized using 'CodeIgniter\Session\Handlers\FileHandler' driver.
INFO - 2023-05-01 17:06:49 --> Session: Class initialized using 'CodeIgniter\Session\Handlers\FileHandler' driver.
INFO - 2023-05-01 17:06:49 --> Session: Class initialized using 'CodeIgniter\Session\Handlers\FileHandler' driver.
INFO - 2023-05-01 17:06:54 --> Session: Class initialized using 'CodeIgniter\Session\Handlers\FileHandler' driver.
INFO - 2023-05-01 17:06:54 --> Session: Class initialized using 'CodeIgniter\Session\Handlers\FileHandler' driver.
