INFO - 2023-07-21 09:01:56 --> Session: Class initialized using 'CodeIgniter\Session\Handlers\FileHandler' driver.
INFO - 2023-07-21 09:01:58 --> Session: Class initialized using 'CodeIgniter\Session\Handlers\FileHandler' driver.
INFO - 2023-07-21 09:01:58 --> Session: Class initialized using 'CodeIgniter\Session\Handlers\FileHandler' driver.
INFO - 2023-07-21 09:02:04 --> Session: Class initialized using 'CodeIgniter\Session\Handlers\FileHandler' driver.
INFO - 2023-07-21 09:02:06 --> Session: Class initialized using 'CodeIgniter\Session\Handlers\FileHandler' driver.
INFO - 2023-07-21 09:07:00 --> Session: Class initialized using 'CodeIgniter\Session\Handlers\FileHandler' driver.
INFO - 2023-07-21 09:07:01 --> Session: Class initialized using 'CodeIgniter\Session\Handlers\FileHandler' driver.
INFO - 2023-07-21 09:14:25 --> Session: Class initialized using 'CodeIgniter\Session\Handlers\FileHandler' driver.
INFO - 2023-07-21 10:23:54 --> Session: Class initialized using 'CodeIgniter\Session\Handlers\FileHandler' driver.
INFO - 2023-07-21 10:23:57 --> Session: Class initialized using 'CodeIgniter\Session\Handlers\FileHandler' driver.
INFO - 2023-07-21 10:23:58 --> Session: Class initialized using 'CodeIgniter\Session\Handlers\FileHandler' driver.
INFO - 2023-07-21 10:25:28 --> Session: Class initialized using 'CodeIgniter\Session\Handlers\FileHandler' driver.
INFO - 2023-07-21 10:25:36 --> Session: Class initialized using 'CodeIgniter\Session\Handlers\FileHandler' driver.
INFO - 2023-07-21 10:38:19 --> Session: Class initialized using 'CodeIgniter\Session\Handlers\FileHandler' driver.
INFO - 2023-07-21 10:38:27 --> Session: Class initialized using 'CodeIgniter\Session\Handlers\FileHandler' driver.
INFO - 2023-07-21 10:42:19 --> Session: Class initialized using 'CodeIgniter\Session\Handlers\FileHandler' driver.
INFO - 2023-07-21 10:42:24 --> Session: Class initialized using 'CodeIgniter\Session\Handlers\FileHandler' driver.
INFO - 2023-07-21 10:42:40 --> Session: Class initialized using 'CodeIgniter\Session\Handlers\FileHandler' driver.
INFO - 2023-07-21 10:44:09 --> Session: Class initialized using 'CodeIgniter\Session\Handlers\FileHandler' driver.
INFO - 2023-07-21 10:44:16 --> Session: Class initialized using 'CodeIgniter\Session\Handlers\FileHandler' driver.
INFO - 2023-07-21 10:44:21 --> Session: Class initialized using 'CodeIgniter\Session\Handlers\FileHandler' driver.
INFO - 2023-07-21 10:44:23 --> Session: Class initialized using 'CodeIgniter\Session\Handlers\FileHandler' driver.
INFO - 2023-07-21 10:49:28 --> Session: Class initialized using 'CodeIgniter\Session\Handlers\FileHandler' driver.
INFO - 2023-07-21 10:49:57 --> Session: Class initialized using 'CodeIgniter\Session\Handlers\FileHandler' driver.
INFO - 2023-07-21 10:50:07 --> Session: Class initialized using 'CodeIgniter\Session\Handlers\FileHandler' driver.
INFO - 2023-07-21 10:57:37 --> Session: Class initialized using 'CodeIgniter\Session\Handlers\FileHandler' driver.
INFO - 2023-07-21 11:02:00 --> Session: Class initialized using 'CodeIgniter\Session\Handlers\FileHandler' driver.
INFO - 2023-07-21 11:02:49 --> Session: Class initialized using 'CodeIgniter\Session\Handlers\FileHandler' driver.
INFO - 2023-07-21 11:04:15 --> Session: Class initialized using 'CodeIgniter\Session\Handlers\FileHandler' driver.
INFO - 2023-07-21 11:06:33 --> Session: Class initialized using 'CodeIgniter\Session\Handlers\FileHandler' driver.
INFO - 2023-07-21 11:07:00 --> Session: Class initialized using 'CodeIgniter\Session\Handlers\FileHandler' driver.
INFO - 2023-07-21 11:07:05 --> Session: Class initialized using 'CodeIgniter\Session\Handlers\FileHandler' driver.
INFO - 2023-07-21 11:08:13 --> Session: Class initialized using 'CodeIgniter\Session\Handlers\FileHandler' driver.
CRITICAL - 2023-07-21 11:08:13 --> Undefined offset: 3
in APPPATH/Views/admin/needtoupload.php on line 207.
 1 APPPATH/Views/admin/needtoupload.php(207): CodeIgniter\Debug\Exceptions->errorHandler(8, 'Undefined offset: 3', '/Applications/MAMP/htdocs/smartwholesale/oaclients/app/Views/admin/needtoupload.php', 207, [...])
 2 SYSTEMPATH/View/View.php(213): include('/Applications/MAMP/htdocs/smartwholesale/oaclients/app/Views/admin/needtoupload.php')
 3 SYSTEMPATH/View/View.php(216): CodeIgniter\View\View->CodeIgniter\View\{closure}()
 4 SYSTEMPATH/Common.php(1184): CodeIgniter\View\View->render('admin/needtoupload', [], true)
 5 APPPATH/Controllers/Home.php(1230): view('admin/needtoupload', [...])
 6 SYSTEMPATH/CodeIgniter.php(934): App\Controllers\Home->needToUpload()
 7 SYSTEMPATH/CodeIgniter.php(499): CodeIgniter\CodeIgniter->runController(Object(App\Controllers\Home))
 8 SYSTEMPATH/CodeIgniter.php(368): CodeIgniter\CodeIgniter->handleRequest(null, Object(Config\Cache), false)
 9 FCPATH/index.php(67): CodeIgniter\CodeIgniter->run()
10 SYSTEMPATH/Commands/Server/rewrite.php(47): require_once('/Applications/MAMP/htdocs/smartwholesale/oaclients/public/index.php')
INFO - 2023-07-21 11:08:27 --> Session: Class initialized using 'CodeIgniter\Session\Handlers\FileHandler' driver.
INFO - 2023-07-21 11:08:37 --> Session: Class initialized using 'CodeIgniter\Session\Handlers\FileHandler' driver.
CRITICAL - 2023-07-21 11:08:37 --> Undefined offset: 3
in APPPATH/Views/admin/needtoupload.php on line 207.
 1 APPPATH/Views/admin/needtoupload.php(207): CodeIgniter\Debug\Exceptions->errorHandler(8, 'Undefined offset: 3', '/Applications/MAMP/htdocs/smartwholesale/oaclients/app/Views/admin/needtoupload.php', 207, [...])
 2 SYSTEMPATH/View/View.php(213): include('/Applications/MAMP/htdocs/smartwholesale/oaclients/app/Views/admin/needtoupload.php')
 3 SYSTEMPATH/View/View.php(216): CodeIgniter\View\View->CodeIgniter\View\{closure}()
 4 SYSTEMPATH/Common.php(1184): CodeIgniter\View\View->render('admin/needtoupload', [], true)
 5 APPPATH/Controllers/Home.php(1230): view('admin/needtoupload', [...])
 6 SYSTEMPATH/CodeIgniter.php(934): App\Controllers\Home->needToUpload()
 7 SYSTEMPATH/CodeIgniter.php(499): CodeIgniter\CodeIgniter->runController(Object(App\Controllers\Home))
 8 SYSTEMPATH/CodeIgniter.php(368): CodeIgniter\CodeIgniter->handleRequest(null, Object(Config\Cache), false)
 9 FCPATH/index.php(67): CodeIgniter\CodeIgniter->run()
10 SYSTEMPATH/Commands/Server/rewrite.php(47): require_once('/Applications/MAMP/htdocs/smartwholesale/oaclients/public/index.php')
INFO - 2023-07-21 11:09:08 --> Session: Class initialized using 'CodeIgniter\Session\Handlers\FileHandler' driver.
CRITICAL - 2023-07-21 11:09:08 --> Undefined offset: 3
in APPPATH/Views/admin/needtoupload.php on line 226.
 1 APPPATH/Views/admin/needtoupload.php(226): CodeIgniter\Debug\Exceptions->errorHandler(8, 'Undefined offset: 3', '/Applications/MAMP/htdocs/smartwholesale/oaclients/app/Views/admin/needtoupload.php', 226, [...])
 2 SYSTEMPATH/View/View.php(213): include('/Applications/MAMP/htdocs/smartwholesale/oaclients/app/Views/admin/needtoupload.php')
 3 SYSTEMPATH/View/View.php(216): CodeIgniter\View\View->CodeIgniter\View\{closure}()
 4 SYSTEMPATH/Common.php(1184): CodeIgniter\View\View->render('admin/needtoupload', [], true)
 5 APPPATH/Controllers/Home.php(1230): view('admin/needtoupload', [...])
 6 SYSTEMPATH/CodeIgniter.php(934): App\Controllers\Home->needToUpload()
 7 SYSTEMPATH/CodeIgniter.php(499): CodeIgniter\CodeIgniter->runController(Object(App\Controllers\Home))
 8 SYSTEMPATH/CodeIgniter.php(368): CodeIgniter\CodeIgniter->handleRequest(null, Object(Config\Cache), false)
 9 FCPATH/index.php(67): CodeIgniter\CodeIgniter->run()
10 SYSTEMPATH/Commands/Server/rewrite.php(47): require_once('/Applications/MAMP/htdocs/smartwholesale/oaclients/public/index.php')
INFO - 2023-07-21 11:09:19 --> Session: Class initialized using 'CodeIgniter\Session\Handlers\FileHandler' driver.
INFO - 2023-07-21 11:11:08 --> Session: Class initialized using 'CodeIgniter\Session\Handlers\FileHandler' driver.
INFO - 2023-07-21 11:11:40 --> Session: Class initialized using 'CodeIgniter\Session\Handlers\FileHandler' driver.
INFO - 2023-07-21 11:12:49 --> Session: Class initialized using 'CodeIgniter\Session\Handlers\FileHandler' driver.
INFO - 2023-07-21 11:19:30 --> Session: Class initialized using 'CodeIgniter\Session\Handlers\FileHandler' driver.
INFO - 2023-07-21 11:19:38 --> Session: Class initialized using 'CodeIgniter\Session\Handlers\FileHandler' driver.
INFO - 2023-07-21 11:20:21 --> Session: Class initialized using 'CodeIgniter\Session\Handlers\FileHandler' driver.
INFO - 2023-07-21 11:20:51 --> Session: Class initialized using 'CodeIgniter\Session\Handlers\FileHandler' driver.
INFO - 2023-07-21 11:21:47 --> Session: Class initialized using 'CodeIgniter\Session\Handlers\FileHandler' driver.
INFO - 2023-07-21 11:22:19 --> Session: Class initialized using 'CodeIgniter\Session\Handlers\FileHandler' driver.
INFO - 2023-07-21 11:22:39 --> Session: Class initialized using 'CodeIgniter\Session\Handlers\FileHandler' driver.
INFO - 2023-07-21 11:23:59 --> Session: Class initialized using 'CodeIgniter\Session\Handlers\FileHandler' driver.
INFO - 2023-07-21 11:24:12 --> Session: Class initialized using 'CodeIgniter\Session\Handlers\FileHandler' driver.
INFO - 2023-07-21 11:24:48 --> Session: Class initialized using 'CodeIgniter\Session\Handlers\FileHandler' driver.
INFO - 2023-07-21 11:26:20 --> Session: Class initialized using 'CodeIgniter\Session\Handlers\FileHandler' driver.
INFO - 2023-07-21 11:40:08 --> Session: Class initialized using 'CodeIgniter\Session\Handlers\FileHandler' driver.
INFO - 2023-07-21 11:40:43 --> Session: Class initialized using 'CodeIgniter\Session\Handlers\FileHandler' driver.
INFO - 2023-07-21 12:53:43 --> Session: Class initialized using 'CodeIgniter\Session\Handlers\FileHandler' driver.
INFO - 2023-07-21 13:06:37 --> Session: Class initialized using 'CodeIgniter\Session\Handlers\FileHandler' driver.
INFO - 2023-07-21 13:07:14 --> Session: Class initialized using 'CodeIgniter\Session\Handlers\FileHandler' driver.
INFO - 2023-07-21 13:09:37 --> Session: Class initialized using 'CodeIgniter\Session\Handlers\FileHandler' driver.
INFO - 2023-07-21 13:09:41 --> Session: Class initialized using 'CodeIgniter\Session\Handlers\FileHandler' driver.
INFO - 2023-07-21 13:10:19 --> Session: Class initialized using 'CodeIgniter\Session\Handlers\FileHandler' driver.
INFO - 2023-07-21 13:46:45 --> Session: Class initialized using 'CodeIgniter\Session\Handlers\FileHandler' driver.
INFO - 2023-07-21 13:46:51 --> Session: Class initialized using 'CodeIgniter\Session\Handlers\FileHandler' driver.
INFO - 2023-07-21 13:46:52 --> Session: Class initialized using 'CodeIgniter\Session\Handlers\FileHandler' driver.
CRITICAL - 2023-07-21 13:46:52 --> Undefined property: stdClass::$aid
in APPPATH/Controllers/Home.php on line 1083.
 1 APPPATH/Controllers/Home.php(1083): CodeIgniter\Debug\Exceptions->errorHandler(8, 'Undefined property: stdClass::$aid', '/Applications/MAMP/htdocs/smartwholesale/oaclients/app/Controllers/Home.php', 1083, [...])
 2 SYSTEMPATH/CodeIgniter.php(934): App\Controllers\Home->inventories()
 3 SYSTEMPATH/CodeIgniter.php(499): CodeIgniter\CodeIgniter->runController(Object(App\Controllers\Home))
 4 SYSTEMPATH/CodeIgniter.php(368): CodeIgniter\CodeIgniter->handleRequest(null, Object(Config\Cache), false)
 5 FCPATH/index.php(67): CodeIgniter\CodeIgniter->run()
 6 SYSTEMPATH/Commands/Server/rewrite.php(47): require_once('/Applications/MAMP/htdocs/smartwholesale/oaclients/public/index.php')
INFO - 2023-07-21 13:47:00 --> Session: Class initialized using 'CodeIgniter\Session\Handlers\FileHandler' driver.
INFO - 2023-07-21 13:47:02 --> Session: Class initialized using 'CodeIgniter\Session\Handlers\FileHandler' driver.
INFO - 2023-07-21 13:47:07 --> Session: Class initialized using 'CodeIgniter\Session\Handlers\FileHandler' driver.
INFO - 2023-07-21 13:47:08 --> Session: Class initialized using 'CodeIgniter\Session\Handlers\FileHandler' driver.
INFO - 2023-07-21 13:47:12 --> Session: Class initialized using 'CodeIgniter\Session\Handlers\FileHandler' driver.
INFO - 2023-07-21 13:47:13 --> Session: Class initialized using 'CodeIgniter\Session\Handlers\FileHandler' driver.
INFO - 2023-07-21 13:47:18 --> Session: Class initialized using 'CodeIgniter\Session\Handlers\FileHandler' driver.
INFO - 2023-07-21 13:47:22 --> Session: Class initialized using 'CodeIgniter\Session\Handlers\FileHandler' driver.
INFO - 2023-07-21 13:47:26 --> Session: Class initialized using 'CodeIgniter\Session\Handlers\FileHandler' driver.
CRITICAL - 2023-07-21 13:47:26 --> Undefined property: stdClass::$aid
in APPPATH/Controllers/Home.php on line 1083.
 1 APPPATH/Controllers/Home.php(1083): CodeIgniter\Debug\Exceptions->errorHandler(8, 'Undefined property: stdClass::$aid', '/Applications/MAMP/htdocs/smartwholesale/oaclients/app/Controllers/Home.php', 1083, [...])
 2 SYSTEMPATH/CodeIgniter.php(934): App\Controllers\Home->inventories()
 3 SYSTEMPATH/CodeIgniter.php(499): CodeIgniter\CodeIgniter->runController(Object(App\Controllers\Home))
 4 SYSTEMPATH/CodeIgniter.php(368): CodeIgniter\CodeIgniter->handleRequest(null, Object(Config\Cache), false)
 5 FCPATH/index.php(67): CodeIgniter\CodeIgniter->run()
 6 SYSTEMPATH/Commands/Server/rewrite.php(47): require_once('/Applications/MAMP/htdocs/smartwholesale/oaclients/public/index.php')
INFO - 2023-07-21 13:47:27 --> Session: Class initialized using 'CodeIgniter\Session\Handlers\FileHandler' driver.
INFO - 2023-07-21 13:47:32 --> Session: Class initialized using 'CodeIgniter\Session\Handlers\FileHandler' driver.
INFO - 2023-07-21 13:47:34 --> Session: Class initialized using 'CodeIgniter\Session\Handlers\FileHandler' driver.
CRITICAL - 2023-07-21 13:47:34 --> Undefined property: stdClass::$aid
in APPPATH/Controllers/Home.php on line 1083.
 1 APPPATH/Controllers/Home.php(1083): CodeIgniter\Debug\Exceptions->errorHandler(8, 'Undefined property: stdClass::$aid', '/Applications/MAMP/htdocs/smartwholesale/oaclients/app/Controllers/Home.php', 1083, [...])
 2 SYSTEMPATH/CodeIgniter.php(934): App\Controllers\Home->inventories()
 3 SYSTEMPATH/CodeIgniter.php(499): CodeIgniter\CodeIgniter->runController(Object(App\Controllers\Home))
 4 SYSTEMPATH/CodeIgniter.php(368): CodeIgniter\CodeIgniter->handleRequest(null, Object(Config\Cache), false)
 5 FCPATH/index.php(67): CodeIgniter\CodeIgniter->run()
 6 SYSTEMPATH/Commands/Server/rewrite.php(47): require_once('/Applications/MAMP/htdocs/smartwholesale/oaclients/public/index.php')
INFO - 2023-07-21 13:48:32 --> Session: Class initialized using 'CodeIgniter\Session\Handlers\FileHandler' driver.
INFO - 2023-07-21 13:49:26 --> Session: Class initialized using 'CodeIgniter\Session\Handlers\FileHandler' driver.
INFO - 2023-07-21 13:49:26 --> Session: Class initialized using 'CodeIgniter\Session\Handlers\FileHandler' driver.
INFO - 2023-07-21 13:49:32 --> Session: Class initialized using 'CodeIgniter\Session\Handlers\FileHandler' driver.
INFO - 2023-07-21 13:58:26 --> Session: Class initialized using 'CodeIgniter\Session\Handlers\FileHandler' driver.
INFO - 2023-07-21 13:59:50 --> Session: Class initialized using 'CodeIgniter\Session\Handlers\FileHandler' driver.
INFO - 2023-07-21 14:00:02 --> Session: Class initialized using 'CodeIgniter\Session\Handlers\FileHandler' driver.
INFO - 2023-07-21 14:00:09 --> Session: Class initialized using 'CodeIgniter\Session\Handlers\FileHandler' driver.
INFO - 2023-07-21 14:00:12 --> Session: Class initialized using 'CodeIgniter\Session\Handlers\FileHandler' driver.
INFO - 2023-07-21 14:00:17 --> Session: Class initialized using 'CodeIgniter\Session\Handlers\FileHandler' driver.
INFO - 2023-07-21 14:00:45 --> Session: Class initialized using 'CodeIgniter\Session\Handlers\FileHandler' driver.
INFO - 2023-07-21 14:00:47 --> Session: Class initialized using 'CodeIgniter\Session\Handlers\FileHandler' driver.
INFO - 2023-07-21 14:01:33 --> Session: Class initialized using 'CodeIgniter\Session\Handlers\FileHandler' driver.
CRITICAL - 2023-07-21 14:01:33 --> Call to undefined function null()
in APPPATH/Views/admin/needtoupload.php on line 117.
 1 SYSTEMPATH/View/View.php(213): include()
 2 SYSTEMPATH/View/View.php(216): CodeIgniter\View\View->CodeIgniter\View\{closure}()
 3 SYSTEMPATH/Common.php(1184): CodeIgniter\View\View->render('admin/needtoupload', [], true)
 4 APPPATH/Controllers/Home.php(1230): view('admin/needtoupload', [...])
 5 SYSTEMPATH/CodeIgniter.php(934): App\Controllers\Home->needToUpload()
 6 SYSTEMPATH/CodeIgniter.php(499): CodeIgniter\CodeIgniter->runController(Object(App\Controllers\Home))
 7 SYSTEMPATH/CodeIgniter.php(368): CodeIgniter\CodeIgniter->handleRequest(null, Object(Config\Cache), false)
 8 FCPATH/index.php(67): CodeIgniter\CodeIgniter->run()
 9 SYSTEMPATH/Commands/Server/rewrite.php(47): require_once('/Applications/MAMP/htdocs/smartwholesale/oaclients/public/index.php')
INFO - 2023-07-21 14:01:40 --> Session: Class initialized using 'CodeIgniter\Session\Handlers\FileHandler' driver.
INFO - 2023-07-21 14:07:25 --> Session: Class initialized using 'CodeIgniter\Session\Handlers\FileHandler' driver.
ERROR - 2023-07-21 14:07:25 --> mysqli_sql_exception: Unknown column 'assigned_items' in 'where clause' in /Applications/MAMP/htdocs/smartwholesale/oaclients/vendor/codeigniter4/framework/system/Database/MySQLi/Connection.php:295
Stack trace:
#0 /Applications/MAMP/htdocs/smartwholesale/oaclients/vendor/codeigniter4/framework/system/Database/MySQLi/Connection.php(295): mysqli->query('SELECT `orders_...', 0)
#1 /Applications/MAMP/htdocs/smartwholesale/oaclients/vendor/codeigniter4/framework/system/Database/BaseConnection.php(691): CodeIgniter\Database\MySQLi\Connection->execute('SELECT `orders_...')
#2 /Applications/MAMP/htdocs/smartwholesale/oaclients/vendor/codeigniter4/framework/system/Database/BaseConnection.php(605): CodeIgniter\Database\BaseConnection->simpleQuery('SELECT `orders_...')
#3 /Applications/MAMP/htdocs/smartwholesale/oaclients/vendor/codeigniter4/framework/system/Database/BaseBuilder.php(1616): CodeIgniter\Database\BaseConnection->query('SELECT `orders_...', Array, false)
#4 /Applications/MAMP/htdocs/smartwholesale/oaclients/app/Models/AssignModel.php(159): CodeIgniter\Database\BaseBuilder->get()
#5 /Applications/MAMP/htdocs/smartwholesale/oaclients/app/Controllers/Home.php(1157): App\Models\AssignModel->getAssignedData3('2023-07-14', '2023-07-21')
#6 /Applications/MAMP/htdocs/smartwholesale/oaclients/vendor/codeigniter4/framework/system/CodeIgniter.php(934): App\Controllers\Home->needToUpload()
#7 /Applications/MAMP/htdocs/smartwholesale/oaclients/vendor/codeigniter4/framework/system/CodeIgniter.php(499): CodeIgniter\CodeIgniter->runController(Object(App\Controllers\Home))
#8 /Applications/MAMP/htdocs/smartwholesale/oaclients/vendor/codeigniter4/framework/system/CodeIgniter.php(368): CodeIgniter\CodeIgniter->handleRequest(NULL, Object(Config\Cache), false)
#9 /Applications/MAMP/htdocs/smartwholesale/oaclients/public/index.php(67): CodeIgniter\CodeIgniter->run()
#10 /Applications/MAMP/htdocs/smartwholesale/oaclients/vendor/codeigniter4/framework/system/Commands/Server/rewrite.php(47): require_once('/Applications/M...')
#11 {main}
CRITICAL - 2023-07-21 14:07:25 --> Unknown column 'assigned_items' in 'where clause'
in SYSTEMPATH/Database/MySQLi/Connection.php on line 295.
 1 SYSTEMPATH/Database/MySQLi/Connection.php(295): mysqli->query('SELECT `orders_status`.*, `lead_lists`.`id` as `lid`, `lead_lists`.`title`, `lead_lists`.`asin`, `price`, `purchase_items`.`qty` as `qty_ordered`, `buy_cost`, `purchase_items`.`lead_id` as `uid`, `purchase_items`.`id` as `pid`, `client_name`, `company`, `assigned_items`.*, `assigned_items`.`id` as `aid`
FROM `orders_status`
JOIN `purchase_items` ON `purchase_items`.`id` = `orders_status`.`purchased_item_id`
JOIN `assigned_items` ON `assigned_items`.`item_id` = `purchase_items`.`id`
JOIN `lead_lists` ON `lead_lists`.`id` = `purchase_items`.`lead_id`
JOIN `scan_unlimited` ON `scan_unlimited`.`asin` = `lead_lists`.`asin`
LEFT JOIN `clients` ON `clients`.`order_id` = `assigned_items`.`order_id`
WHERE `orders_status`.`allocated_date` >= \'2023-07-14 00:00:00\'
AND `orders_status`.`allocated_date` <= \'2023-07-21 23:59:59\'
AND assigned_items.order_id is NOT NULL
AND `assigned_items` != 0
ORDER BY `assigned_items`.`order_id` ASC, `assigned_items`.`assigned_date` ASC', 0)
 2 SYSTEMPATH/Database/BaseConnection.php(691): CodeIgniter\Database\MySQLi\Connection->execute('SELECT `orders_status`.*, `lead_lists`.`id` as `lid`, `lead_lists`.`title`, `lead_lists`.`asin`, `price`, `purchase_items`.`qty` as `qty_ordered`, `buy_cost`, `purchase_items`.`lead_id` as `uid`, `purchase_items`.`id` as `pid`, `client_name`, `company`, `assigned_items`.*, `assigned_items`.`id` as `aid`
FROM `orders_status`
JOIN `purchase_items` ON `purchase_items`.`id` = `orders_status`.`purchased_item_id`
JOIN `assigned_items` ON `assigned_items`.`item_id` = `purchase_items`.`id`
JOIN `lead_lists` ON `lead_lists`.`id` = `purchase_items`.`lead_id`
JOIN `scan_unlimited` ON `scan_unlimited`.`asin` = `lead_lists`.`asin`
LEFT JOIN `clients` ON `clients`.`order_id` = `assigned_items`.`order_id`
WHERE `orders_status`.`allocated_date` >= \'2023-07-14 00:00:00\'
AND `orders_status`.`allocated_date` <= \'2023-07-21 23:59:59\'
AND assigned_items.order_id is NOT NULL
AND `assigned_items` != 0
ORDER BY `assigned_items`.`order_id` ASC, `assigned_items`.`assigned_date` ASC')
 3 SYSTEMPATH/Database/BaseConnection.php(605): CodeIgniter\Database\BaseConnection->simpleQuery('SELECT `orders_status`.*, `lead_lists`.`id` as `lid`, `lead_lists`.`title`, `lead_lists`.`asin`, `price`, `purchase_items`.`qty` as `qty_ordered`, `buy_cost`, `purchase_items`.`lead_id` as `uid`, `purchase_items`.`id` as `pid`, `client_name`, `company`, `assigned_items`.*, `assigned_items`.`id` as `aid`
FROM `orders_status`
JOIN `purchase_items` ON `purchase_items`.`id` = `orders_status`.`purchased_item_id`
JOIN `assigned_items` ON `assigned_items`.`item_id` = `purchase_items`.`id`
JOIN `lead_lists` ON `lead_lists`.`id` = `purchase_items`.`lead_id`
JOIN `scan_unlimited` ON `scan_unlimited`.`asin` = `lead_lists`.`asin`
LEFT JOIN `clients` ON `clients`.`order_id` = `assigned_items`.`order_id`
WHERE `orders_status`.`allocated_date` >= \'2023-07-14 00:00:00\'
AND `orders_status`.`allocated_date` <= \'2023-07-21 23:59:59\'
AND assigned_items.order_id is NOT NULL
AND `assigned_items` != 0
ORDER BY `assigned_items`.`order_id` ASC, `assigned_items`.`assigned_date` ASC')
 4 SYSTEMPATH/Database/BaseBuilder.php(1616): CodeIgniter\Database\BaseConnection->query('SELECT `orders_status`.*, `lead_lists`.`id` as `lid`, `lead_lists`.`title`, `lead_lists`.`asin`, `price`, `purchase_items`.`qty` as `qty_ordered`, `buy_cost`, `purchase_items`.`lead_id` as `uid`, `purchase_items`.`id` as `pid`, `client_name`, `company`, `assigned_items`.*, `assigned_items`.`id` as `aid`
FROM `orders_status`
JOIN `purchase_items` ON `purchase_items`.`id` = `orders_status`.`purchased_item_id`
JOIN `assigned_items` ON `assigned_items`.`item_id` = `purchase_items`.`id`
JOIN `lead_lists` ON `lead_lists`.`id` = `purchase_items`.`lead_id`
JOIN `scan_unlimited` ON `scan_unlimited`.`asin` = `lead_lists`.`asin`
LEFT JOIN `clients` ON `clients`.`order_id` = `assigned_items`.`order_id`
WHERE `orders_status`.`allocated_date` >= :orders_status.allocated_date:
AND `orders_status`.`allocated_date` <= :orders_status.allocated_date.1:
AND assigned_items.order_id is NOT NULL
AND `assigned_items` != 0
ORDER BY `assigned_items`.`order_id` ASC, `assigned_items`.`assigned_date` ASC', [...], false)
 5 APPPATH/Models/AssignModel.php(159): CodeIgniter\Database\BaseBuilder->get()
 6 APPPATH/Controllers/Home.php(1157): App\Models\AssignModel->getAssignedData3('2023-07-14', '2023-07-21')
 7 SYSTEMPATH/CodeIgniter.php(934): App\Controllers\Home->needToUpload()
 8 SYSTEMPATH/CodeIgniter.php(499): CodeIgniter\CodeIgniter->runController(Object(App\Controllers\Home))
 9 SYSTEMPATH/CodeIgniter.php(368): CodeIgniter\CodeIgniter->handleRequest(null, Object(Config\Cache), false)
10 FCPATH/index.php(67): CodeIgniter\CodeIgniter->run()
11 SYSTEMPATH/Commands/Server/rewrite.php(47): require_once('/Applications/MAMP/htdocs/smartwholesale/oaclients/public/index.php')
INFO - 2023-07-21 14:08:26 --> Session: Class initialized using 'CodeIgniter\Session\Handlers\FileHandler' driver.
ERROR - 2023-07-21 14:08:26 --> mysqli_sql_exception: Unknown column 'assigned_items' in 'where clause' in /Applications/MAMP/htdocs/smartwholesale/oaclients/vendor/codeigniter4/framework/system/Database/MySQLi/Connection.php:295
Stack trace:
#0 /Applications/MAMP/htdocs/smartwholesale/oaclients/vendor/codeigniter4/framework/system/Database/MySQLi/Connection.php(295): mysqli->query('SELECT `orders_...', 0)
#1 /Applications/MAMP/htdocs/smartwholesale/oaclients/vendor/codeigniter4/framework/system/Database/BaseConnection.php(691): CodeIgniter\Database\MySQLi\Connection->execute('SELECT `orders_...')
#2 /Applications/MAMP/htdocs/smartwholesale/oaclients/vendor/codeigniter4/framework/system/Database/BaseConnection.php(605): CodeIgniter\Database\BaseConnection->simpleQuery('SELECT `orders_...')
#3 /Applications/MAMP/htdocs/smartwholesale/oaclients/vendor/codeigniter4/framework/system/Database/BaseBuilder.php(1616): CodeIgniter\Database\BaseConnection->query('SELECT `orders_...', Array, false)
#4 /Applications/MAMP/htdocs/smartwholesale/oaclients/app/Models/AssignModel.php(159): CodeIgniter\Database\BaseBuilder->get()
#5 /Applications/MAMP/htdocs/smartwholesale/oaclients/app/Controllers/Home.php(1157): App\Models\AssignModel->getAssignedData3('2023-07-14', '2023-07-21')
#6 /Applications/MAMP/htdocs/smartwholesale/oaclients/vendor/codeigniter4/framework/system/CodeIgniter.php(934): App\Controllers\Home->needToUpload()
#7 /Applications/MAMP/htdocs/smartwholesale/oaclients/vendor/codeigniter4/framework/system/CodeIgniter.php(499): CodeIgniter\CodeIgniter->runController(Object(App\Controllers\Home))
#8 /Applications/MAMP/htdocs/smartwholesale/oaclients/vendor/codeigniter4/framework/system/CodeIgniter.php(368): CodeIgniter\CodeIgniter->handleRequest(NULL, Object(Config\Cache), false)
#9 /Applications/MAMP/htdocs/smartwholesale/oaclients/public/index.php(67): CodeIgniter\CodeIgniter->run()
#10 /Applications/MAMP/htdocs/smartwholesale/oaclients/vendor/codeigniter4/framework/system/Commands/Server/rewrite.php(47): require_once('/Applications/M...')
#11 {main}
CRITICAL - 2023-07-21 14:08:26 --> Unknown column 'assigned_items' in 'where clause'
in SYSTEMPATH/Database/MySQLi/Connection.php on line 295.
 1 SYSTEMPATH/Database/MySQLi/Connection.php(295): mysqli->query('SELECT `orders_status`.*, `lead_lists`.`id` as `lid`, `lead_lists`.`title`, `lead_lists`.`asin`, `price`, `purchase_items`.`qty` as `qty_ordered`, `buy_cost`, `purchase_items`.`lead_id` as `uid`, `purchase_items`.`id` as `pid`, `client_name`, `company`, `assigned_items`.*, `assigned_items`.`id` as `aid`
FROM `orders_status`
JOIN `purchase_items` ON `purchase_items`.`id` = `orders_status`.`purchased_item_id`
JOIN `assigned_items` ON `assigned_items`.`item_id` = `purchase_items`.`id`
JOIN `lead_lists` ON `lead_lists`.`id` = `purchase_items`.`lead_id`
JOIN `scan_unlimited` ON `scan_unlimited`.`asin` = `lead_lists`.`asin`
LEFT JOIN `clients` ON `clients`.`order_id` = `assigned_item`.`order_id`
WHERE `orders_status`.`allocated_date` >= \'2023-07-14 00:00:00\'
AND `orders_status`.`allocated_date` <= \'2023-07-21 23:59:59\'
AND assigned_items.order_id is NOT NULL
AND `assigned_items` != 0
ORDER BY `assigned_items`.`order_id` ASC, `assigned_items`.`assigned_date` ASC', 0)
 2 SYSTEMPATH/Database/BaseConnection.php(691): CodeIgniter\Database\MySQLi\Connection->execute('SELECT `orders_status`.*, `lead_lists`.`id` as `lid`, `lead_lists`.`title`, `lead_lists`.`asin`, `price`, `purchase_items`.`qty` as `qty_ordered`, `buy_cost`, `purchase_items`.`lead_id` as `uid`, `purchase_items`.`id` as `pid`, `client_name`, `company`, `assigned_items`.*, `assigned_items`.`id` as `aid`
FROM `orders_status`
JOIN `purchase_items` ON `purchase_items`.`id` = `orders_status`.`purchased_item_id`
JOIN `assigned_items` ON `assigned_items`.`item_id` = `purchase_items`.`id`
JOIN `lead_lists` ON `lead_lists`.`id` = `purchase_items`.`lead_id`
JOIN `scan_unlimited` ON `scan_unlimited`.`asin` = `lead_lists`.`asin`
LEFT JOIN `clients` ON `clients`.`order_id` = `assigned_item`.`order_id`
WHERE `orders_status`.`allocated_date` >= \'2023-07-14 00:00:00\'
AND `orders_status`.`allocated_date` <= \'2023-07-21 23:59:59\'
AND assigned_items.order_id is NOT NULL
AND `assigned_items` != 0
ORDER BY `assigned_items`.`order_id` ASC, `assigned_items`.`assigned_date` ASC')
 3 SYSTEMPATH/Database/BaseConnection.php(605): CodeIgniter\Database\BaseConnection->simpleQuery('SELECT `orders_status`.*, `lead_lists`.`id` as `lid`, `lead_lists`.`title`, `lead_lists`.`asin`, `price`, `purchase_items`.`qty` as `qty_ordered`, `buy_cost`, `purchase_items`.`lead_id` as `uid`, `purchase_items`.`id` as `pid`, `client_name`, `company`, `assigned_items`.*, `assigned_items`.`id` as `aid`
FROM `orders_status`
JOIN `purchase_items` ON `purchase_items`.`id` = `orders_status`.`purchased_item_id`
JOIN `assigned_items` ON `assigned_items`.`item_id` = `purchase_items`.`id`
JOIN `lead_lists` ON `lead_lists`.`id` = `purchase_items`.`lead_id`
JOIN `scan_unlimited` ON `scan_unlimited`.`asin` = `lead_lists`.`asin`
LEFT JOIN `clients` ON `clients`.`order_id` = `assigned_item`.`order_id`
WHERE `orders_status`.`allocated_date` >= \'2023-07-14 00:00:00\'
AND `orders_status`.`allocated_date` <= \'2023-07-21 23:59:59\'
AND assigned_items.order_id is NOT NULL
AND `assigned_items` != 0
ORDER BY `assigned_items`.`order_id` ASC, `assigned_items`.`assigned_date` ASC')
 4 SYSTEMPATH/Database/BaseBuilder.php(1616): CodeIgniter\Database\BaseConnection->query('SELECT `orders_status`.*, `lead_lists`.`id` as `lid`, `lead_lists`.`title`, `lead_lists`.`asin`, `price`, `purchase_items`.`qty` as `qty_ordered`, `buy_cost`, `purchase_items`.`lead_id` as `uid`, `purchase_items`.`id` as `pid`, `client_name`, `company`, `assigned_items`.*, `assigned_items`.`id` as `aid`
FROM `orders_status`
JOIN `purchase_items` ON `purchase_items`.`id` = `orders_status`.`purchased_item_id`
JOIN `assigned_items` ON `assigned_items`.`item_id` = `purchase_items`.`id`
JOIN `lead_lists` ON `lead_lists`.`id` = `purchase_items`.`lead_id`
JOIN `scan_unlimited` ON `scan_unlimited`.`asin` = `lead_lists`.`asin`
LEFT JOIN `clients` ON `clients`.`order_id` = `assigned_item`.`order_id`
WHERE `orders_status`.`allocated_date` >= :orders_status.allocated_date:
AND `orders_status`.`allocated_date` <= :orders_status.allocated_date.1:
AND assigned_items.order_id is NOT NULL
AND `assigned_items` != 0
ORDER BY `assigned_items`.`order_id` ASC, `assigned_items`.`assigned_date` ASC', [...], false)
 5 APPPATH/Models/AssignModel.php(159): CodeIgniter\Database\BaseBuilder->get()
 6 APPPATH/Controllers/Home.php(1157): App\Models\AssignModel->getAssignedData3('2023-07-14', '2023-07-21')
 7 SYSTEMPATH/CodeIgniter.php(934): App\Controllers\Home->needToUpload()
 8 SYSTEMPATH/CodeIgniter.php(499): CodeIgniter\CodeIgniter->runController(Object(App\Controllers\Home))
 9 SYSTEMPATH/CodeIgniter.php(368): CodeIgniter\CodeIgniter->handleRequest(null, Object(Config\Cache), false)
10 FCPATH/index.php(67): CodeIgniter\CodeIgniter->run()
11 SYSTEMPATH/Commands/Server/rewrite.php(47): require_once('/Applications/MAMP/htdocs/smartwholesale/oaclients/public/index.php')
INFO - 2023-07-21 14:08:51 --> Session: Class initialized using 'CodeIgniter\Session\Handlers\FileHandler' driver.
INFO - 2023-07-21 17:43:07 --> Session: Class initialized using 'CodeIgniter\Session\Handlers\FileHandler' driver.
INFO - 2023-07-21 17:43:07 --> Session: Class initialized using 'CodeIgniter\Session\Handlers\FileHandler' driver.
INFO - 2023-07-21 17:43:09 --> Session: Class initialized using 'CodeIgniter\Session\Handlers\FileHandler' driver.
INFO - 2023-07-21 17:43:09 --> Session: Class initialized using 'CodeIgniter\Session\Handlers\FileHandler' driver.
