ERROR - 2023-12-17 23:36:35 --> mysqli_sql_exception: Unknown column 'type' in 'where clause' in /home/quickprep/htdocs/quickprep.ai/public/oa-app/vendor/codeigniter4/framework/system/Database/MySQLi/Connection.php:295
Stack trace:
#0 /home/quickprep/htdocs/quickprep.ai/public/oa-app/vendor/codeigniter4/framework/system/Database/MySQLi/Connection.php(295): mysqli->query()
#1 /home/quickprep/htdocs/quickprep.ai/public/oa-app/vendor/codeigniter4/framework/system/Database/BaseConnection.php(691): CodeIgniter\Database\MySQLi\Connection->execute()
#2 /home/quickprep/htdocs/quickprep.ai/public/oa-app/vendor/codeigniter4/framework/system/Database/BaseConnection.php(605): CodeIgniter\Database\BaseConnection->simpleQuery()
#3 /home/quickprep/htdocs/quickprep.ai/public/oa-app/vendor/codeigniter4/framework/system/Database/BaseBuilder.php(1749): CodeIgniter\Database\BaseConnection->query()
#4 /home/quickprep/htdocs/quickprep.ai/public/oa-app/vendor/codeigniter4/framework/system/Model.php(840): CodeIgniter\Database\BaseBuilder->getWhere()
#5 /home/quickprep/htdocs/quickprep.ai/public/oa-app/app/Controllers/Auth.php(242): CodeIgniter\Model->__call()
#6 /home/quickprep/htdocs/quickprep.ai/public/oa-app/vendor/codeigniter4/framework/system/CodeIgniter.php(934): App\Controllers\Auth->pnpLoginProcess()
#7 /home/quickprep/htdocs/quickprep.ai/public/oa-app/vendor/codeigniter4/framework/system/CodeIgniter.php(499): CodeIgniter\CodeIgniter->runController()
#8 /home/quickprep/htdocs/quickprep.ai/public/oa-app/vendor/codeigniter4/framework/system/CodeIgniter.php(368): CodeIgniter\CodeIgniter->handleRequest()
#9 /home/quickprep/htdocs/quickprep.ai/public/index.php(67): CodeIgniter\CodeIgniter->run()
#10 {main}
CRITICAL - 2023-12-17 23:36:35 --> Unknown column 'type' in 'where clause'
in SYSTEMPATH/Database/MySQLi/Connection.php on line 295.
 1 SYSTEMPATH/Database/MySQLi/Connection.php(295): mysqli->query()
 2 SYSTEMPATH/Database/BaseConnection.php(691): CodeIgniter\Database\MySQLi\Connection->execute()
 3 SYSTEMPATH/Database/BaseConnection.php(605): CodeIgniter\Database\BaseConnection->simpleQuery()
 4 SYSTEMPATH/Database/BaseBuilder.php(1749): CodeIgniter\Database\BaseConnection->query()
 5 SYSTEMPATH/Model.php(840): CodeIgniter\Database\BaseBuilder->getWhere()
 6 APPPATH/Controllers/Auth.php(242): CodeIgniter\Model->__call()
 7 SYSTEMPATH/CodeIgniter.php(934): App\Controllers\Auth->pnpLoginProcess()
 8 SYSTEMPATH/CodeIgniter.php(499): CodeIgniter\CodeIgniter->runController()
 9 SYSTEMPATH/CodeIgniter.php(368): CodeIgniter\CodeIgniter->handleRequest()
10 FCPATH/index.php(67): CodeIgniter\CodeIgniter->run()
ERROR - 2023-12-17 23:37:12 --> mysqli_sql_exception: Unknown column 'type' in 'where clause' in /home/quickprep/htdocs/quickprep.ai/public/oa-app/vendor/codeigniter4/framework/system/Database/MySQLi/Connection.php:295
Stack trace:
#0 /home/quickprep/htdocs/quickprep.ai/public/oa-app/vendor/codeigniter4/framework/system/Database/MySQLi/Connection.php(295): mysqli->query()
#1 /home/quickprep/htdocs/quickprep.ai/public/oa-app/vendor/codeigniter4/framework/system/Database/BaseConnection.php(691): CodeIgniter\Database\MySQLi\Connection->execute()
#2 /home/quickprep/htdocs/quickprep.ai/public/oa-app/vendor/codeigniter4/framework/system/Database/BaseConnection.php(605): CodeIgniter\Database\BaseConnection->simpleQuery()
#3 /home/quickprep/htdocs/quickprep.ai/public/oa-app/vendor/codeigniter4/framework/system/Database/BaseBuilder.php(1749): CodeIgniter\Database\BaseConnection->query()
#4 /home/quickprep/htdocs/quickprep.ai/public/oa-app/vendor/codeigniter4/framework/system/Model.php(840): CodeIgniter\Database\BaseBuilder->getWhere()
#5 /home/quickprep/htdocs/quickprep.ai/public/oa-app/app/Controllers/Auth.php(242): CodeIgniter\Model->__call()
#6 /home/quickprep/htdocs/quickprep.ai/public/oa-app/vendor/codeigniter4/framework/system/CodeIgniter.php(934): App\Controllers\Auth->pnpLoginProcess()
#7 /home/quickprep/htdocs/quickprep.ai/public/oa-app/vendor/codeigniter4/framework/system/CodeIgniter.php(499): CodeIgniter\CodeIgniter->runController()
#8 /home/quickprep/htdocs/quickprep.ai/public/oa-app/vendor/codeigniter4/framework/system/CodeIgniter.php(368): CodeIgniter\CodeIgniter->handleRequest()
#9 /home/quickprep/htdocs/quickprep.ai/public/index.php(67): CodeIgniter\CodeIgniter->run()
#10 {main}
CRITICAL - 2023-12-17 23:37:12 --> Unknown column 'type' in 'where clause'
in SYSTEMPATH/Database/MySQLi/Connection.php on line 295.
 1 SYSTEMPATH/Database/MySQLi/Connection.php(295): mysqli->query()
 2 SYSTEMPATH/Database/BaseConnection.php(691): CodeIgniter\Database\MySQLi\Connection->execute()
 3 SYSTEMPATH/Database/BaseConnection.php(605): CodeIgniter\Database\BaseConnection->simpleQuery()
 4 SYSTEMPATH/Database/BaseBuilder.php(1749): CodeIgniter\Database\BaseConnection->query()
 5 SYSTEMPATH/Model.php(840): CodeIgniter\Database\BaseBuilder->getWhere()
 6 APPPATH/Controllers/Auth.php(242): CodeIgniter\Model->__call()
 7 SYSTEMPATH/CodeIgniter.php(934): App\Controllers\Auth->pnpLoginProcess()
 8 SYSTEMPATH/CodeIgniter.php(499): CodeIgniter\CodeIgniter->runController()
 9 SYSTEMPATH/CodeIgniter.php(368): CodeIgniter\CodeIgniter->handleRequest()
10 FCPATH/index.php(67): CodeIgniter\CodeIgniter->run()
ERROR - 2023-12-17 23:37:14 --> mysqli_sql_exception: Unknown column 'type' in 'where clause' in /home/quickprep/htdocs/quickprep.ai/public/oa-app/vendor/codeigniter4/framework/system/Database/MySQLi/Connection.php:295
Stack trace:
#0 /home/quickprep/htdocs/quickprep.ai/public/oa-app/vendor/codeigniter4/framework/system/Database/MySQLi/Connection.php(295): mysqli->query()
#1 /home/quickprep/htdocs/quickprep.ai/public/oa-app/vendor/codeigniter4/framework/system/Database/BaseConnection.php(691): CodeIgniter\Database\MySQLi\Connection->execute()
#2 /home/quickprep/htdocs/quickprep.ai/public/oa-app/vendor/codeigniter4/framework/system/Database/BaseConnection.php(605): CodeIgniter\Database\BaseConnection->simpleQuery()
#3 /home/quickprep/htdocs/quickprep.ai/public/oa-app/vendor/codeigniter4/framework/system/Database/BaseBuilder.php(1749): CodeIgniter\Database\BaseConnection->query()
#4 /home/quickprep/htdocs/quickprep.ai/public/oa-app/vendor/codeigniter4/framework/system/Model.php(840): CodeIgniter\Database\BaseBuilder->getWhere()
#5 /home/quickprep/htdocs/quickprep.ai/public/oa-app/app/Controllers/Auth.php(242): CodeIgniter\Model->__call()
#6 /home/quickprep/htdocs/quickprep.ai/public/oa-app/vendor/codeigniter4/framework/system/CodeIgniter.php(934): App\Controllers\Auth->pnpLoginProcess()
#7 /home/quickprep/htdocs/quickprep.ai/public/oa-app/vendor/codeigniter4/framework/system/CodeIgniter.php(499): CodeIgniter\CodeIgniter->runController()
#8 /home/quickprep/htdocs/quickprep.ai/public/oa-app/vendor/codeigniter4/framework/system/CodeIgniter.php(368): CodeIgniter\CodeIgniter->handleRequest()
#9 /home/quickprep/htdocs/quickprep.ai/public/index.php(67): CodeIgniter\CodeIgniter->run()
#10 {main}
CRITICAL - 2023-12-17 23:37:14 --> Unknown column 'type' in 'where clause'
in SYSTEMPATH/Database/MySQLi/Connection.php on line 295.
 1 SYSTEMPATH/Database/MySQLi/Connection.php(295): mysqli->query()
 2 SYSTEMPATH/Database/BaseConnection.php(691): CodeIgniter\Database\MySQLi\Connection->execute()
 3 SYSTEMPATH/Database/BaseConnection.php(605): CodeIgniter\Database\BaseConnection->simpleQuery()
 4 SYSTEMPATH/Database/BaseBuilder.php(1749): CodeIgniter\Database\BaseConnection->query()
 5 SYSTEMPATH/Model.php(840): CodeIgniter\Database\BaseBuilder->getWhere()
 6 APPPATH/Controllers/Auth.php(242): CodeIgniter\Model->__call()
 7 SYSTEMPATH/CodeIgniter.php(934): App\Controllers\Auth->pnpLoginProcess()
 8 SYSTEMPATH/CodeIgniter.php(499): CodeIgniter\CodeIgniter->runController()
 9 SYSTEMPATH/CodeIgniter.php(368): CodeIgniter\CodeIgniter->handleRequest()
10 FCPATH/index.php(67): CodeIgniter\CodeIgniter->run()
