INFO - 2023-08-06 13:06:37 --> Session: Class initialized using 'CodeIgniter\Session\Handlers\FileHandler' driver.
INFO - 2023-08-06 13:06:37 --> Session: Class initialized using 'CodeIgniter\Session\Handlers\FileHandler' driver.
INFO - 2023-08-06 18:09:54 --> Session: Class initialized using 'CodeIgniter\Session\Handlers\FileHandler' driver.
INFO - 2023-08-06 18:09:57 --> Session: Class initialized using 'CodeIgniter\Session\Handlers\FileHandler' driver.
INFO - 2023-08-06 18:09:57 --> Session: Class initialized using 'CodeIgniter\Session\Handlers\FileHandler' driver.
INFO - 2023-08-06 18:10:01 --> Session: Class initialized using 'CodeIgniter\Session\Handlers\FileHandler' driver.
INFO - 2023-08-06 18:10:04 --> Session: Class initialized using 'CodeIgniter\Session\Handlers\FileHandler' driver.
WARNING - 2023-08-06 18:10:04 --> [DEPRECATED] strlen(): Passing null to parameter #1 ($string) of type string is deprecated in APPPATH/Views/admin/selections.php on line 50.
 1 SYSTEMPATH/View/View.php(213): include('/Applications/MAMP/htdocs/smartwholesale/oaclients/app/Views/admin/selections.php')
 2 SYSTEMPATH/View/View.php(216): CodeIgniter\View\View->CodeIgniter\View\{closure}()
 3 SYSTEMPATH/Common.php(1184): CodeIgniter\View\View->render('admin/selections', [], true)
 4 APPPATH/Controllers/Home.php(472): view('admin/selections', [...])
 5 SYSTEMPATH/CodeIgniter.php(934): App\Controllers\Home->selections()
 6 SYSTEMPATH/CodeIgniter.php(499): CodeIgniter\CodeIgniter->runController(Object(App\Controllers\Home))
 7 SYSTEMPATH/CodeIgniter.php(368): CodeIgniter\CodeIgniter->handleRequest(null, Object(Config\Cache), false)
 8 FCPATH/index.php(67): CodeIgniter\CodeIgniter->run()
 9 SYSTEMPATH/Commands/Server/rewrite.php(47): require_once('/Applications/MAMP/htdocs/smartwholesale/oaclients/public/index.php')
WARNING - 2023-08-06 18:10:04 --> [DEPRECATED] strlen(): Passing null to parameter #1 ($string) of type string is deprecated in APPPATH/Views/admin/selections.php on line 50.
 1 SYSTEMPATH/View/View.php(213): include('/Applications/MAMP/htdocs/smartwholesale/oaclients/app/Views/admin/selections.php')
 2 SYSTEMPATH/View/View.php(216): CodeIgniter\View\View->CodeIgniter\View\{closure}()
 3 SYSTEMPATH/Common.php(1184): CodeIgniter\View\View->render('admin/selections', [], true)
 4 APPPATH/Controllers/Home.php(472): view('admin/selections', [...])
 5 SYSTEMPATH/CodeIgniter.php(934): App\Controllers\Home->selections()
 6 SYSTEMPATH/CodeIgniter.php(499): CodeIgniter\CodeIgniter->runController(Object(App\Controllers\Home))
 7 SYSTEMPATH/CodeIgniter.php(368): CodeIgniter\CodeIgniter->handleRequest(null, Object(Config\Cache), false)
 8 FCPATH/index.php(67): CodeIgniter\CodeIgniter->run()
 9 SYSTEMPATH/Commands/Server/rewrite.php(47): require_once('/Applications/MAMP/htdocs/smartwholesale/oaclients/public/index.php')
WARNING - 2023-08-06 18:10:04 --> [DEPRECATED] strlen(): Passing null to parameter #1 ($string) of type string is deprecated in APPPATH/Views/admin/selections.php on line 50.
 1 SYSTEMPATH/View/View.php(213): include('/Applications/MAMP/htdocs/smartwholesale/oaclients/app/Views/admin/selections.php')
 2 SYSTEMPATH/View/View.php(216): CodeIgniter\View\View->CodeIgniter\View\{closure}()
 3 SYSTEMPATH/Common.php(1184): CodeIgniter\View\View->render('admin/selections', [], true)
 4 APPPATH/Controllers/Home.php(472): view('admin/selections', [...])
 5 SYSTEMPATH/CodeIgniter.php(934): App\Controllers\Home->selections()
 6 SYSTEMPATH/CodeIgniter.php(499): CodeIgniter\CodeIgniter->runController(Object(App\Controllers\Home))
 7 SYSTEMPATH/CodeIgniter.php(368): CodeIgniter\CodeIgniter->handleRequest(null, Object(Config\Cache), false)
 8 FCPATH/index.php(67): CodeIgniter\CodeIgniter->run()
 9 SYSTEMPATH/Commands/Server/rewrite.php(47): require_once('/Applications/MAMP/htdocs/smartwholesale/oaclients/public/index.php')
WARNING - 2023-08-06 18:10:04 --> [DEPRECATED] strlen(): Passing null to parameter #1 ($string) of type string is deprecated in APPPATH/Views/admin/selections.php on line 50.
 1 SYSTEMPATH/View/View.php(213): include('/Applications/MAMP/htdocs/smartwholesale/oaclients/app/Views/admin/selections.php')
 2 SYSTEMPATH/View/View.php(216): CodeIgniter\View\View->CodeIgniter\View\{closure}()
 3 SYSTEMPATH/Common.php(1184): CodeIgniter\View\View->render('admin/selections', [], true)
 4 APPPATH/Controllers/Home.php(472): view('admin/selections', [...])
 5 SYSTEMPATH/CodeIgniter.php(934): App\Controllers\Home->selections()
 6 SYSTEMPATH/CodeIgniter.php(499): CodeIgniter\CodeIgniter->runController(Object(App\Controllers\Home))
 7 SYSTEMPATH/CodeIgniter.php(368): CodeIgniter\CodeIgniter->handleRequest(null, Object(Config\Cache), false)
 8 FCPATH/index.php(67): CodeIgniter\CodeIgniter->run()
 9 SYSTEMPATH/Commands/Server/rewrite.php(47): require_once('/Applications/MAMP/htdocs/smartwholesale/oaclients/public/index.php')
WARNING - 2023-08-06 18:10:04 --> [DEPRECATED] strlen(): Passing null to parameter #1 ($string) of type string is deprecated in APPPATH/Views/admin/selections.php on line 50.
 1 SYSTEMPATH/View/View.php(213): include('/Applications/MAMP/htdocs/smartwholesale/oaclients/app/Views/admin/selections.php')
 2 SYSTEMPATH/View/View.php(216): CodeIgniter\View\View->CodeIgniter\View\{closure}()
 3 SYSTEMPATH/Common.php(1184): CodeIgniter\View\View->render('admin/selections', [], true)
 4 APPPATH/Controllers/Home.php(472): view('admin/selections', [...])
 5 SYSTEMPATH/CodeIgniter.php(934): App\Controllers\Home->selections()
 6 SYSTEMPATH/CodeIgniter.php(499): CodeIgniter\CodeIgniter->runController(Object(App\Controllers\Home))
 7 SYSTEMPATH/CodeIgniter.php(368): CodeIgniter\CodeIgniter->handleRequest(null, Object(Config\Cache), false)
 8 FCPATH/index.php(67): CodeIgniter\CodeIgniter->run()
 9 SYSTEMPATH/Commands/Server/rewrite.php(47): require_once('/Applications/MAMP/htdocs/smartwholesale/oaclients/public/index.php')
WARNING - 2023-08-06 18:10:04 --> [DEPRECATED] strlen(): Passing null to parameter #1 ($string) of type string is deprecated in APPPATH/Views/admin/selections.php on line 50.
 1 SYSTEMPATH/View/View.php(213): include('/Applications/MAMP/htdocs/smartwholesale/oaclients/app/Views/admin/selections.php')
 2 SYSTEMPATH/View/View.php(216): CodeIgniter\View\View->CodeIgniter\View\{closure}()
 3 SYSTEMPATH/Common.php(1184): CodeIgniter\View\View->render('admin/selections', [], true)
 4 APPPATH/Controllers/Home.php(472): view('admin/selections', [...])
 5 SYSTEMPATH/CodeIgniter.php(934): App\Controllers\Home->selections()
 6 SYSTEMPATH/CodeIgniter.php(499): CodeIgniter\CodeIgniter->runController(Object(App\Controllers\Home))
 7 SYSTEMPATH/CodeIgniter.php(368): CodeIgniter\CodeIgniter->handleRequest(null, Object(Config\Cache), false)
 8 FCPATH/index.php(67): CodeIgniter\CodeIgniter->run()
 9 SYSTEMPATH/Commands/Server/rewrite.php(47): require_once('/Applications/MAMP/htdocs/smartwholesale/oaclients/public/index.php')
WARNING - 2023-08-06 18:10:04 --> [DEPRECATED] strlen(): Passing null to parameter #1 ($string) of type string is deprecated in APPPATH/Views/admin/selections.php on line 50.
 1 SYSTEMPATH/View/View.php(213): include('/Applications/MAMP/htdocs/smartwholesale/oaclients/app/Views/admin/selections.php')
 2 SYSTEMPATH/View/View.php(216): CodeIgniter\View\View->CodeIgniter\View\{closure}()
 3 SYSTEMPATH/Common.php(1184): CodeIgniter\View\View->render('admin/selections', [], true)
 4 APPPATH/Controllers/Home.php(472): view('admin/selections', [...])
 5 SYSTEMPATH/CodeIgniter.php(934): App\Controllers\Home->selections()
 6 SYSTEMPATH/CodeIgniter.php(499): CodeIgniter\CodeIgniter->runController(Object(App\Controllers\Home))
 7 SYSTEMPATH/CodeIgniter.php(368): CodeIgniter\CodeIgniter->handleRequest(null, Object(Config\Cache), false)
 8 FCPATH/index.php(67): CodeIgniter\CodeIgniter->run()
 9 SYSTEMPATH/Commands/Server/rewrite.php(47): require_once('/Applications/MAMP/htdocs/smartwholesale/oaclients/public/index.php')
WARNING - 2023-08-06 18:10:04 --> [DEPRECATED] strlen(): Passing null to parameter #1 ($string) of type string is deprecated in APPPATH/Views/admin/selections.php on line 50.
 1 SYSTEMPATH/View/View.php(213): include('/Applications/MAMP/htdocs/smartwholesale/oaclients/app/Views/admin/selections.php')
 2 SYSTEMPATH/View/View.php(216): CodeIgniter\View\View->CodeIgniter\View\{closure}()
 3 SYSTEMPATH/Common.php(1184): CodeIgniter\View\View->render('admin/selections', [], true)
 4 APPPATH/Controllers/Home.php(472): view('admin/selections', [...])
 5 SYSTEMPATH/CodeIgniter.php(934): App\Controllers\Home->selections()
 6 SYSTEMPATH/CodeIgniter.php(499): CodeIgniter\CodeIgniter->runController(Object(App\Controllers\Home))
 7 SYSTEMPATH/CodeIgniter.php(368): CodeIgniter\CodeIgniter->handleRequest(null, Object(Config\Cache), false)
 8 FCPATH/index.php(67): CodeIgniter\CodeIgniter->run()
 9 SYSTEMPATH/Commands/Server/rewrite.php(47): require_once('/Applications/MAMP/htdocs/smartwholesale/oaclients/public/index.php')
WARNING - 2023-08-06 18:10:04 --> [DEPRECATED] strlen(): Passing null to parameter #1 ($string) of type string is deprecated in APPPATH/Views/admin/selections.php on line 50.
 1 SYSTEMPATH/View/View.php(213): include('/Applications/MAMP/htdocs/smartwholesale/oaclients/app/Views/admin/selections.php')
 2 SYSTEMPATH/View/View.php(216): CodeIgniter\View\View->CodeIgniter\View\{closure}()
 3 SYSTEMPATH/Common.php(1184): CodeIgniter\View\View->render('admin/selections', [], true)
 4 APPPATH/Controllers/Home.php(472): view('admin/selections', [...])
 5 SYSTEMPATH/CodeIgniter.php(934): App\Controllers\Home->selections()
 6 SYSTEMPATH/CodeIgniter.php(499): CodeIgniter\CodeIgniter->runController(Object(App\Controllers\Home))
 7 SYSTEMPATH/CodeIgniter.php(368): CodeIgniter\CodeIgniter->handleRequest(null, Object(Config\Cache), false)
 8 FCPATH/index.php(67): CodeIgniter\CodeIgniter->run()
 9 SYSTEMPATH/Commands/Server/rewrite.php(47): require_once('/Applications/MAMP/htdocs/smartwholesale/oaclients/public/index.php')
WARNING - 2023-08-06 18:10:04 --> [DEPRECATED] strlen(): Passing null to parameter #1 ($string) of type string is deprecated in APPPATH/Views/admin/selections.php on line 50.
 1 SYSTEMPATH/View/View.php(213): include('/Applications/MAMP/htdocs/smartwholesale/oaclients/app/Views/admin/selections.php')
 2 SYSTEMPATH/View/View.php(216): CodeIgniter\View\View->CodeIgniter\View\{closure}()
 3 SYSTEMPATH/Common.php(1184): CodeIgniter\View\View->render('admin/selections', [], true)
 4 APPPATH/Controllers/Home.php(472): view('admin/selections', [...])
 5 SYSTEMPATH/CodeIgniter.php(934): App\Controllers\Home->selections()
 6 SYSTEMPATH/CodeIgniter.php(499): CodeIgniter\CodeIgniter->runController(Object(App\Controllers\Home))
 7 SYSTEMPATH/CodeIgniter.php(368): CodeIgniter\CodeIgniter->handleRequest(null, Object(Config\Cache), false)
 8 FCPATH/index.php(67): CodeIgniter\CodeIgniter->run()
 9 SYSTEMPATH/Commands/Server/rewrite.php(47): require_once('/Applications/MAMP/htdocs/smartwholesale/oaclients/public/index.php')
WARNING - 2023-08-06 18:10:04 --> [DEPRECATED] strlen(): Passing null to parameter #1 ($string) of type string is deprecated in APPPATH/Views/admin/selections.php on line 50.
 1 SYSTEMPATH/View/View.php(213): include('/Applications/MAMP/htdocs/smartwholesale/oaclients/app/Views/admin/selections.php')
 2 SYSTEMPATH/View/View.php(216): CodeIgniter\View\View->CodeIgniter\View\{closure}()
 3 SYSTEMPATH/Common.php(1184): CodeIgniter\View\View->render('admin/selections', [], true)
 4 APPPATH/Controllers/Home.php(472): view('admin/selections', [...])
 5 SYSTEMPATH/CodeIgniter.php(934): App\Controllers\Home->selections()
 6 SYSTEMPATH/CodeIgniter.php(499): CodeIgniter\CodeIgniter->runController(Object(App\Controllers\Home))
 7 SYSTEMPATH/CodeIgniter.php(368): CodeIgniter\CodeIgniter->handleRequest(null, Object(Config\Cache), false)
 8 FCPATH/index.php(67): CodeIgniter\CodeIgniter->run()
 9 SYSTEMPATH/Commands/Server/rewrite.php(47): require_once('/Applications/MAMP/htdocs/smartwholesale/oaclients/public/index.php')
WARNING - 2023-08-06 18:10:04 --> [DEPRECATED] strlen(): Passing null to parameter #1 ($string) of type string is deprecated in APPPATH/Views/admin/selections.php on line 50.
 1 SYSTEMPATH/View/View.php(213): include('/Applications/MAMP/htdocs/smartwholesale/oaclients/app/Views/admin/selections.php')
 2 SYSTEMPATH/View/View.php(216): CodeIgniter\View\View->CodeIgniter\View\{closure}()
 3 SYSTEMPATH/Common.php(1184): CodeIgniter\View\View->render('admin/selections', [], true)
 4 APPPATH/Controllers/Home.php(472): view('admin/selections', [...])
 5 SYSTEMPATH/CodeIgniter.php(934): App\Controllers\Home->selections()
 6 SYSTEMPATH/CodeIgniter.php(499): CodeIgniter\CodeIgniter->runController(Object(App\Controllers\Home))
 7 SYSTEMPATH/CodeIgniter.php(368): CodeIgniter\CodeIgniter->handleRequest(null, Object(Config\Cache), false)
 8 FCPATH/index.php(67): CodeIgniter\CodeIgniter->run()
 9 SYSTEMPATH/Commands/Server/rewrite.php(47): require_once('/Applications/MAMP/htdocs/smartwholesale/oaclients/public/index.php')
WARNING - 2023-08-06 18:10:04 --> [DEPRECATED] strlen(): Passing null to parameter #1 ($string) of type string is deprecated in APPPATH/Views/admin/selections.php on line 50.
 1 SYSTEMPATH/View/View.php(213): include('/Applications/MAMP/htdocs/smartwholesale/oaclients/app/Views/admin/selections.php')
 2 SYSTEMPATH/View/View.php(216): CodeIgniter\View\View->CodeIgniter\View\{closure}()
 3 SYSTEMPATH/Common.php(1184): CodeIgniter\View\View->render('admin/selections', [], true)
 4 APPPATH/Controllers/Home.php(472): view('admin/selections', [...])
 5 SYSTEMPATH/CodeIgniter.php(934): App\Controllers\Home->selections()
 6 SYSTEMPATH/CodeIgniter.php(499): CodeIgniter\CodeIgniter->runController(Object(App\Controllers\Home))
 7 SYSTEMPATH/CodeIgniter.php(368): CodeIgniter\CodeIgniter->handleRequest(null, Object(Config\Cache), false)
 8 FCPATH/index.php(67): CodeIgniter\CodeIgniter->run()
 9 SYSTEMPATH/Commands/Server/rewrite.php(47): require_once('/Applications/MAMP/htdocs/smartwholesale/oaclients/public/index.php')
WARNING - 2023-08-06 18:10:04 --> [DEPRECATED] strlen(): Passing null to parameter #1 ($string) of type string is deprecated in APPPATH/Views/admin/selections.php on line 50.
 1 SYSTEMPATH/View/View.php(213): include('/Applications/MAMP/htdocs/smartwholesale/oaclients/app/Views/admin/selections.php')
 2 SYSTEMPATH/View/View.php(216): CodeIgniter\View\View->CodeIgniter\View\{closure}()
 3 SYSTEMPATH/Common.php(1184): CodeIgniter\View\View->render('admin/selections', [], true)
 4 APPPATH/Controllers/Home.php(472): view('admin/selections', [...])
 5 SYSTEMPATH/CodeIgniter.php(934): App\Controllers\Home->selections()
 6 SYSTEMPATH/CodeIgniter.php(499): CodeIgniter\CodeIgniter->runController(Object(App\Controllers\Home))
 7 SYSTEMPATH/CodeIgniter.php(368): CodeIgniter\CodeIgniter->handleRequest(null, Object(Config\Cache), false)
 8 FCPATH/index.php(67): CodeIgniter\CodeIgniter->run()
 9 SYSTEMPATH/Commands/Server/rewrite.php(47): require_once('/Applications/MAMP/htdocs/smartwholesale/oaclients/public/index.php')
WARNING - 2023-08-06 18:10:04 --> [DEPRECATED] strlen(): Passing null to parameter #1 ($string) of type string is deprecated in APPPATH/Views/admin/selections.php on line 50.
 1 SYSTEMPATH/View/View.php(213): include('/Applications/MAMP/htdocs/smartwholesale/oaclients/app/Views/admin/selections.php')
 2 SYSTEMPATH/View/View.php(216): CodeIgniter\View\View->CodeIgniter\View\{closure}()
 3 SYSTEMPATH/Common.php(1184): CodeIgniter\View\View->render('admin/selections', [], true)
 4 APPPATH/Controllers/Home.php(472): view('admin/selections', [...])
 5 SYSTEMPATH/CodeIgniter.php(934): App\Controllers\Home->selections()
 6 SYSTEMPATH/CodeIgniter.php(499): CodeIgniter\CodeIgniter->runController(Object(App\Controllers\Home))
 7 SYSTEMPATH/CodeIgniter.php(368): CodeIgniter\CodeIgniter->handleRequest(null, Object(Config\Cache), false)
 8 FCPATH/index.php(67): CodeIgniter\CodeIgniter->run()
 9 SYSTEMPATH/Commands/Server/rewrite.php(47): require_once('/Applications/MAMP/htdocs/smartwholesale/oaclients/public/index.php')
WARNING - 2023-08-06 18:10:04 --> [DEPRECATED] strlen(): Passing null to parameter #1 ($string) of type string is deprecated in APPPATH/Views/admin/selections.php on line 50.
 1 SYSTEMPATH/View/View.php(213): include('/Applications/MAMP/htdocs/smartwholesale/oaclients/app/Views/admin/selections.php')
 2 SYSTEMPATH/View/View.php(216): CodeIgniter\View\View->CodeIgniter\View\{closure}()
 3 SYSTEMPATH/Common.php(1184): CodeIgniter\View\View->render('admin/selections', [], true)
 4 APPPATH/Controllers/Home.php(472): view('admin/selections', [...])
 5 SYSTEMPATH/CodeIgniter.php(934): App\Controllers\Home->selections()
 6 SYSTEMPATH/CodeIgniter.php(499): CodeIgniter\CodeIgniter->runController(Object(App\Controllers\Home))
 7 SYSTEMPATH/CodeIgniter.php(368): CodeIgniter\CodeIgniter->handleRequest(null, Object(Config\Cache), false)
 8 FCPATH/index.php(67): CodeIgniter\CodeIgniter->run()
 9 SYSTEMPATH/Commands/Server/rewrite.php(47): require_once('/Applications/MAMP/htdocs/smartwholesale/oaclients/public/index.php')
WARNING - 2023-08-06 18:10:04 --> [DEPRECATED] strlen(): Passing null to parameter #1 ($string) of type string is deprecated in APPPATH/Views/admin/selections.php on line 50.
 1 SYSTEMPATH/View/View.php(213): include('/Applications/MAMP/htdocs/smartwholesale/oaclients/app/Views/admin/selections.php')
 2 SYSTEMPATH/View/View.php(216): CodeIgniter\View\View->CodeIgniter\View\{closure}()
 3 SYSTEMPATH/Common.php(1184): CodeIgniter\View\View->render('admin/selections', [], true)
 4 APPPATH/Controllers/Home.php(472): view('admin/selections', [...])
 5 SYSTEMPATH/CodeIgniter.php(934): App\Controllers\Home->selections()
 6 SYSTEMPATH/CodeIgniter.php(499): CodeIgniter\CodeIgniter->runController(Object(App\Controllers\Home))
 7 SYSTEMPATH/CodeIgniter.php(368): CodeIgniter\CodeIgniter->handleRequest(null, Object(Config\Cache), false)
 8 FCPATH/index.php(67): CodeIgniter\CodeIgniter->run()
 9 SYSTEMPATH/Commands/Server/rewrite.php(47): require_once('/Applications/MAMP/htdocs/smartwholesale/oaclients/public/index.php')
WARNING - 2023-08-06 18:10:04 --> [DEPRECATED] strlen(): Passing null to parameter #1 ($string) of type string is deprecated in APPPATH/Views/admin/selections.php on line 50.
 1 SYSTEMPATH/View/View.php(213): include('/Applications/MAMP/htdocs/smartwholesale/oaclients/app/Views/admin/selections.php')
 2 SYSTEMPATH/View/View.php(216): CodeIgniter\View\View->CodeIgniter\View\{closure}()
 3 SYSTEMPATH/Common.php(1184): CodeIgniter\View\View->render('admin/selections', [], true)
 4 APPPATH/Controllers/Home.php(472): view('admin/selections', [...])
 5 SYSTEMPATH/CodeIgniter.php(934): App\Controllers\Home->selections()
 6 SYSTEMPATH/CodeIgniter.php(499): CodeIgniter\CodeIgniter->runController(Object(App\Controllers\Home))
 7 SYSTEMPATH/CodeIgniter.php(368): CodeIgniter\CodeIgniter->handleRequest(null, Object(Config\Cache), false)
 8 FCPATH/index.php(67): CodeIgniter\CodeIgniter->run()
 9 SYSTEMPATH/Commands/Server/rewrite.php(47): require_once('/Applications/MAMP/htdocs/smartwholesale/oaclients/public/index.php')
WARNING - 2023-08-06 18:10:04 --> [DEPRECATED] strlen(): Passing null to parameter #1 ($string) of type string is deprecated in APPPATH/Views/admin/selections.php on line 50.
 1 SYSTEMPATH/View/View.php(213): include('/Applications/MAMP/htdocs/smartwholesale/oaclients/app/Views/admin/selections.php')
 2 SYSTEMPATH/View/View.php(216): CodeIgniter\View\View->CodeIgniter\View\{closure}()
 3 SYSTEMPATH/Common.php(1184): CodeIgniter\View\View->render('admin/selections', [], true)
 4 APPPATH/Controllers/Home.php(472): view('admin/selections', [...])
 5 SYSTEMPATH/CodeIgniter.php(934): App\Controllers\Home->selections()
 6 SYSTEMPATH/CodeIgniter.php(499): CodeIgniter\CodeIgniter->runController(Object(App\Controllers\Home))
 7 SYSTEMPATH/CodeIgniter.php(368): CodeIgniter\CodeIgniter->handleRequest(null, Object(Config\Cache), false)
 8 FCPATH/index.php(67): CodeIgniter\CodeIgniter->run()
 9 SYSTEMPATH/Commands/Server/rewrite.php(47): require_once('/Applications/MAMP/htdocs/smartwholesale/oaclients/public/index.php')
WARNING - 2023-08-06 18:10:04 --> [DEPRECATED] strlen(): Passing null to parameter #1 ($string) of type string is deprecated in APPPATH/Views/admin/selections.php on line 50.
 1 SYSTEMPATH/View/View.php(213): include('/Applications/MAMP/htdocs/smartwholesale/oaclients/app/Views/admin/selections.php')
 2 SYSTEMPATH/View/View.php(216): CodeIgniter\View\View->CodeIgniter\View\{closure}()
 3 SYSTEMPATH/Common.php(1184): CodeIgniter\View\View->render('admin/selections', [], true)
 4 APPPATH/Controllers/Home.php(472): view('admin/selections', [...])
 5 SYSTEMPATH/CodeIgniter.php(934): App\Controllers\Home->selections()
 6 SYSTEMPATH/CodeIgniter.php(499): CodeIgniter\CodeIgniter->runController(Object(App\Controllers\Home))
 7 SYSTEMPATH/CodeIgniter.php(368): CodeIgniter\CodeIgniter->handleRequest(null, Object(Config\Cache), false)
 8 FCPATH/index.php(67): CodeIgniter\CodeIgniter->run()
 9 SYSTEMPATH/Commands/Server/rewrite.php(47): require_once('/Applications/MAMP/htdocs/smartwholesale/oaclients/public/index.php')
WARNING - 2023-08-06 18:10:04 --> [DEPRECATED] strlen(): Passing null to parameter #1 ($string) of type string is deprecated in APPPATH/Views/admin/selections.php on line 50.
 1 SYSTEMPATH/View/View.php(213): include('/Applications/MAMP/htdocs/smartwholesale/oaclients/app/Views/admin/selections.php')
 2 SYSTEMPATH/View/View.php(216): CodeIgniter\View\View->CodeIgniter\View\{closure}()
 3 SYSTEMPATH/Common.php(1184): CodeIgniter\View\View->render('admin/selections', [], true)
 4 APPPATH/Controllers/Home.php(472): view('admin/selections', [...])
 5 SYSTEMPATH/CodeIgniter.php(934): App\Controllers\Home->selections()
 6 SYSTEMPATH/CodeIgniter.php(499): CodeIgniter\CodeIgniter->runController(Object(App\Controllers\Home))
 7 SYSTEMPATH/CodeIgniter.php(368): CodeIgniter\CodeIgniter->handleRequest(null, Object(Config\Cache), false)
 8 FCPATH/index.php(67): CodeIgniter\CodeIgniter->run()
 9 SYSTEMPATH/Commands/Server/rewrite.php(47): require_once('/Applications/MAMP/htdocs/smartwholesale/oaclients/public/index.php')
WARNING - 2023-08-06 18:10:04 --> [DEPRECATED] strlen(): Passing null to parameter #1 ($string) of type string is deprecated in APPPATH/Views/admin/selections.php on line 50.
 1 SYSTEMPATH/View/View.php(213): include('/Applications/MAMP/htdocs/smartwholesale/oaclients/app/Views/admin/selections.php')
 2 SYSTEMPATH/View/View.php(216): CodeIgniter\View\View->CodeIgniter\View\{closure}()
 3 SYSTEMPATH/Common.php(1184): CodeIgniter\View\View->render('admin/selections', [], true)
 4 APPPATH/Controllers/Home.php(472): view('admin/selections', [...])
 5 SYSTEMPATH/CodeIgniter.php(934): App\Controllers\Home->selections()
 6 SYSTEMPATH/CodeIgniter.php(499): CodeIgniter\CodeIgniter->runController(Object(App\Controllers\Home))
 7 SYSTEMPATH/CodeIgniter.php(368): CodeIgniter\CodeIgniter->handleRequest(null, Object(Config\Cache), false)
 8 FCPATH/index.php(67): CodeIgniter\CodeIgniter->run()
 9 SYSTEMPATH/Commands/Server/rewrite.php(47): require_once('/Applications/MAMP/htdocs/smartwholesale/oaclients/public/index.php')
WARNING - 2023-08-06 18:10:04 --> [DEPRECATED] strlen(): Passing null to parameter #1 ($string) of type string is deprecated in APPPATH/Views/admin/selections.php on line 50.
 1 SYSTEMPATH/View/View.php(213): include('/Applications/MAMP/htdocs/smartwholesale/oaclients/app/Views/admin/selections.php')
 2 SYSTEMPATH/View/View.php(216): CodeIgniter\View\View->CodeIgniter\View\{closure}()
 3 SYSTEMPATH/Common.php(1184): CodeIgniter\View\View->render('admin/selections', [], true)
 4 APPPATH/Controllers/Home.php(472): view('admin/selections', [...])
 5 SYSTEMPATH/CodeIgniter.php(934): App\Controllers\Home->selections()
 6 SYSTEMPATH/CodeIgniter.php(499): CodeIgniter\CodeIgniter->runController(Object(App\Controllers\Home))
 7 SYSTEMPATH/CodeIgniter.php(368): CodeIgniter\CodeIgniter->handleRequest(null, Object(Config\Cache), false)
 8 FCPATH/index.php(67): CodeIgniter\CodeIgniter->run()
 9 SYSTEMPATH/Commands/Server/rewrite.php(47): require_once('/Applications/MAMP/htdocs/smartwholesale/oaclients/public/index.php')
WARNING - 2023-08-06 18:10:04 --> [DEPRECATED] strlen(): Passing null to parameter #1 ($string) of type string is deprecated in APPPATH/Views/admin/selections.php on line 50.
 1 SYSTEMPATH/View/View.php(213): include('/Applications/MAMP/htdocs/smartwholesale/oaclients/app/Views/admin/selections.php')
 2 SYSTEMPATH/View/View.php(216): CodeIgniter\View\View->CodeIgniter\View\{closure}()
 3 SYSTEMPATH/Common.php(1184): CodeIgniter\View\View->render('admin/selections', [], true)
 4 APPPATH/Controllers/Home.php(472): view('admin/selections', [...])
 5 SYSTEMPATH/CodeIgniter.php(934): App\Controllers\Home->selections()
 6 SYSTEMPATH/CodeIgniter.php(499): CodeIgniter\CodeIgniter->runController(Object(App\Controllers\Home))
 7 SYSTEMPATH/CodeIgniter.php(368): CodeIgniter\CodeIgniter->handleRequest(null, Object(Config\Cache), false)
 8 FCPATH/index.php(67): CodeIgniter\CodeIgniter->run()
 9 SYSTEMPATH/Commands/Server/rewrite.php(47): require_once('/Applications/MAMP/htdocs/smartwholesale/oaclients/public/index.php')
WARNING - 2023-08-06 18:10:04 --> [DEPRECATED] strlen(): Passing null to parameter #1 ($string) of type string is deprecated in APPPATH/Views/admin/selections.php on line 50.
 1 SYSTEMPATH/View/View.php(213): include('/Applications/MAMP/htdocs/smartwholesale/oaclients/app/Views/admin/selections.php')
 2 SYSTEMPATH/View/View.php(216): CodeIgniter\View\View->CodeIgniter\View\{closure}()
 3 SYSTEMPATH/Common.php(1184): CodeIgniter\View\View->render('admin/selections', [], true)
 4 APPPATH/Controllers/Home.php(472): view('admin/selections', [...])
 5 SYSTEMPATH/CodeIgniter.php(934): App\Controllers\Home->selections()
 6 SYSTEMPATH/CodeIgniter.php(499): CodeIgniter\CodeIgniter->runController(Object(App\Controllers\Home))
 7 SYSTEMPATH/CodeIgniter.php(368): CodeIgniter\CodeIgniter->handleRequest(null, Object(Config\Cache), false)
 8 FCPATH/index.php(67): CodeIgniter\CodeIgniter->run()
 9 SYSTEMPATH/Commands/Server/rewrite.php(47): require_once('/Applications/MAMP/htdocs/smartwholesale/oaclients/public/index.php')
WARNING - 2023-08-06 18:10:04 --> [DEPRECATED] strlen(): Passing null to parameter #1 ($string) of type string is deprecated in APPPATH/Views/admin/selections.php on line 50.
 1 SYSTEMPATH/View/View.php(213): include('/Applications/MAMP/htdocs/smartwholesale/oaclients/app/Views/admin/selections.php')
 2 SYSTEMPATH/View/View.php(216): CodeIgniter\View\View->CodeIgniter\View\{closure}()
 3 SYSTEMPATH/Common.php(1184): CodeIgniter\View\View->render('admin/selections', [], true)
 4 APPPATH/Controllers/Home.php(472): view('admin/selections', [...])
 5 SYSTEMPATH/CodeIgniter.php(934): App\Controllers\Home->selections()
 6 SYSTEMPATH/CodeIgniter.php(499): CodeIgniter\CodeIgniter->runController(Object(App\Controllers\Home))
 7 SYSTEMPATH/CodeIgniter.php(368): CodeIgniter\CodeIgniter->handleRequest(null, Object(Config\Cache), false)
 8 FCPATH/index.php(67): CodeIgniter\CodeIgniter->run()
 9 SYSTEMPATH/Commands/Server/rewrite.php(47): require_once('/Applications/MAMP/htdocs/smartwholesale/oaclients/public/index.php')
WARNING - 2023-08-06 18:10:04 --> [DEPRECATED] strlen(): Passing null to parameter #1 ($string) of type string is deprecated in APPPATH/Views/admin/selections.php on line 50.
 1 SYSTEMPATH/View/View.php(213): include('/Applications/MAMP/htdocs/smartwholesale/oaclients/app/Views/admin/selections.php')
 2 SYSTEMPATH/View/View.php(216): CodeIgniter\View\View->CodeIgniter\View\{closure}()
 3 SYSTEMPATH/Common.php(1184): CodeIgniter\View\View->render('admin/selections', [], true)
 4 APPPATH/Controllers/Home.php(472): view('admin/selections', [...])
 5 SYSTEMPATH/CodeIgniter.php(934): App\Controllers\Home->selections()
 6 SYSTEMPATH/CodeIgniter.php(499): CodeIgniter\CodeIgniter->runController(Object(App\Controllers\Home))
 7 SYSTEMPATH/CodeIgniter.php(368): CodeIgniter\CodeIgniter->handleRequest(null, Object(Config\Cache), false)
 8 FCPATH/index.php(67): CodeIgniter\CodeIgniter->run()
 9 SYSTEMPATH/Commands/Server/rewrite.php(47): require_once('/Applications/MAMP/htdocs/smartwholesale/oaclients/public/index.php')
WARNING - 2023-08-06 18:10:04 --> [DEPRECATED] strlen(): Passing null to parameter #1 ($string) of type string is deprecated in APPPATH/Views/admin/selections.php on line 50.
 1 SYSTEMPATH/View/View.php(213): include('/Applications/MAMP/htdocs/smartwholesale/oaclients/app/Views/admin/selections.php')
 2 SYSTEMPATH/View/View.php(216): CodeIgniter\View\View->CodeIgniter\View\{closure}()
 3 SYSTEMPATH/Common.php(1184): CodeIgniter\View\View->render('admin/selections', [], true)
 4 APPPATH/Controllers/Home.php(472): view('admin/selections', [...])
 5 SYSTEMPATH/CodeIgniter.php(934): App\Controllers\Home->selections()
 6 SYSTEMPATH/CodeIgniter.php(499): CodeIgniter\CodeIgniter->runController(Object(App\Controllers\Home))
 7 SYSTEMPATH/CodeIgniter.php(368): CodeIgniter\CodeIgniter->handleRequest(null, Object(Config\Cache), false)
 8 FCPATH/index.php(67): CodeIgniter\CodeIgniter->run()
 9 SYSTEMPATH/Commands/Server/rewrite.php(47): require_once('/Applications/MAMP/htdocs/smartwholesale/oaclients/public/index.php')
WARNING - 2023-08-06 18:10:04 --> [DEPRECATED] strlen(): Passing null to parameter #1 ($string) of type string is deprecated in APPPATH/Views/admin/selections.php on line 50.
 1 SYSTEMPATH/View/View.php(213): include('/Applications/MAMP/htdocs/smartwholesale/oaclients/app/Views/admin/selections.php')
 2 SYSTEMPATH/View/View.php(216): CodeIgniter\View\View->CodeIgniter\View\{closure}()
 3 SYSTEMPATH/Common.php(1184): CodeIgniter\View\View->render('admin/selections', [], true)
 4 APPPATH/Controllers/Home.php(472): view('admin/selections', [...])
 5 SYSTEMPATH/CodeIgniter.php(934): App\Controllers\Home->selections()
 6 SYSTEMPATH/CodeIgniter.php(499): CodeIgniter\CodeIgniter->runController(Object(App\Controllers\Home))
 7 SYSTEMPATH/CodeIgniter.php(368): CodeIgniter\CodeIgniter->handleRequest(null, Object(Config\Cache), false)
 8 FCPATH/index.php(67): CodeIgniter\CodeIgniter->run()
 9 SYSTEMPATH/Commands/Server/rewrite.php(47): require_once('/Applications/MAMP/htdocs/smartwholesale/oaclients/public/index.php')
WARNING - 2023-08-06 18:10:04 --> [DEPRECATED] strlen(): Passing null to parameter #1 ($string) of type string is deprecated in APPPATH/Views/admin/selections.php on line 50.
 1 SYSTEMPATH/View/View.php(213): include('/Applications/MAMP/htdocs/smartwholesale/oaclients/app/Views/admin/selections.php')
 2 SYSTEMPATH/View/View.php(216): CodeIgniter\View\View->CodeIgniter\View\{closure}()
 3 SYSTEMPATH/Common.php(1184): CodeIgniter\View\View->render('admin/selections', [], true)
 4 APPPATH/Controllers/Home.php(472): view('admin/selections', [...])
 5 SYSTEMPATH/CodeIgniter.php(934): App\Controllers\Home->selections()
 6 SYSTEMPATH/CodeIgniter.php(499): CodeIgniter\CodeIgniter->runController(Object(App\Controllers\Home))
 7 SYSTEMPATH/CodeIgniter.php(368): CodeIgniter\CodeIgniter->handleRequest(null, Object(Config\Cache), false)
 8 FCPATH/index.php(67): CodeIgniter\CodeIgniter->run()
 9 SYSTEMPATH/Commands/Server/rewrite.php(47): require_once('/Applications/MAMP/htdocs/smartwholesale/oaclients/public/index.php')
WARNING - 2023-08-06 18:10:04 --> [DEPRECATED] strlen(): Passing null to parameter #1 ($string) of type string is deprecated in APPPATH/Views/admin/selections.php on line 50.
 1 SYSTEMPATH/View/View.php(213): include('/Applications/MAMP/htdocs/smartwholesale/oaclients/app/Views/admin/selections.php')
 2 SYSTEMPATH/View/View.php(216): CodeIgniter\View\View->CodeIgniter\View\{closure}()
 3 SYSTEMPATH/Common.php(1184): CodeIgniter\View\View->render('admin/selections', [], true)
 4 APPPATH/Controllers/Home.php(472): view('admin/selections', [...])
 5 SYSTEMPATH/CodeIgniter.php(934): App\Controllers\Home->selections()
 6 SYSTEMPATH/CodeIgniter.php(499): CodeIgniter\CodeIgniter->runController(Object(App\Controllers\Home))
 7 SYSTEMPATH/CodeIgniter.php(368): CodeIgniter\CodeIgniter->handleRequest(null, Object(Config\Cache), false)
 8 FCPATH/index.php(67): CodeIgniter\CodeIgniter->run()
 9 SYSTEMPATH/Commands/Server/rewrite.php(47): require_once('/Applications/MAMP/htdocs/smartwholesale/oaclients/public/index.php')
WARNING - 2023-08-06 18:10:04 --> [DEPRECATED] strlen(): Passing null to parameter #1 ($string) of type string is deprecated in APPPATH/Views/admin/selections.php on line 50.
 1 SYSTEMPATH/View/View.php(213): include('/Applications/MAMP/htdocs/smartwholesale/oaclients/app/Views/admin/selections.php')
 2 SYSTEMPATH/View/View.php(216): CodeIgniter\View\View->CodeIgniter\View\{closure}()
 3 SYSTEMPATH/Common.php(1184): CodeIgniter\View\View->render('admin/selections', [], true)
 4 APPPATH/Controllers/Home.php(472): view('admin/selections', [...])
 5 SYSTEMPATH/CodeIgniter.php(934): App\Controllers\Home->selections()
 6 SYSTEMPATH/CodeIgniter.php(499): CodeIgniter\CodeIgniter->runController(Object(App\Controllers\Home))
 7 SYSTEMPATH/CodeIgniter.php(368): CodeIgniter\CodeIgniter->handleRequest(null, Object(Config\Cache), false)
 8 FCPATH/index.php(67): CodeIgniter\CodeIgniter->run()
 9 SYSTEMPATH/Commands/Server/rewrite.php(47): require_once('/Applications/MAMP/htdocs/smartwholesale/oaclients/public/index.php')
WARNING - 2023-08-06 18:10:04 --> [DEPRECATED] strlen(): Passing null to parameter #1 ($string) of type string is deprecated in APPPATH/Views/admin/selections.php on line 50.
 1 SYSTEMPATH/View/View.php(213): include('/Applications/MAMP/htdocs/smartwholesale/oaclients/app/Views/admin/selections.php')
 2 SYSTEMPATH/View/View.php(216): CodeIgniter\View\View->CodeIgniter\View\{closure}()
 3 SYSTEMPATH/Common.php(1184): CodeIgniter\View\View->render('admin/selections', [], true)
 4 APPPATH/Controllers/Home.php(472): view('admin/selections', [...])
 5 SYSTEMPATH/CodeIgniter.php(934): App\Controllers\Home->selections()
 6 SYSTEMPATH/CodeIgniter.php(499): CodeIgniter\CodeIgniter->runController(Object(App\Controllers\Home))
 7 SYSTEMPATH/CodeIgniter.php(368): CodeIgniter\CodeIgniter->handleRequest(null, Object(Config\Cache), false)
 8 FCPATH/index.php(67): CodeIgniter\CodeIgniter->run()
 9 SYSTEMPATH/Commands/Server/rewrite.php(47): require_once('/Applications/MAMP/htdocs/smartwholesale/oaclients/public/index.php')
WARNING - 2023-08-06 18:10:04 --> [DEPRECATED] strlen(): Passing null to parameter #1 ($string) of type string is deprecated in APPPATH/Views/admin/selections.php on line 50.
 1 SYSTEMPATH/View/View.php(213): include('/Applications/MAMP/htdocs/smartwholesale/oaclients/app/Views/admin/selections.php')
 2 SYSTEMPATH/View/View.php(216): CodeIgniter\View\View->CodeIgniter\View\{closure}()
 3 SYSTEMPATH/Common.php(1184): CodeIgniter\View\View->render('admin/selections', [], true)
 4 APPPATH/Controllers/Home.php(472): view('admin/selections', [...])
 5 SYSTEMPATH/CodeIgniter.php(934): App\Controllers\Home->selections()
 6 SYSTEMPATH/CodeIgniter.php(499): CodeIgniter\CodeIgniter->runController(Object(App\Controllers\Home))
 7 SYSTEMPATH/CodeIgniter.php(368): CodeIgniter\CodeIgniter->handleRequest(null, Object(Config\Cache), false)
 8 FCPATH/index.php(67): CodeIgniter\CodeIgniter->run()
 9 SYSTEMPATH/Commands/Server/rewrite.php(47): require_once('/Applications/MAMP/htdocs/smartwholesale/oaclients/public/index.php')
WARNING - 2023-08-06 18:10:04 --> [DEPRECATED] strlen(): Passing null to parameter #1 ($string) of type string is deprecated in APPPATH/Views/admin/selections.php on line 50.
 1 SYSTEMPATH/View/View.php(213): include('/Applications/MAMP/htdocs/smartwholesale/oaclients/app/Views/admin/selections.php')
 2 SYSTEMPATH/View/View.php(216): CodeIgniter\View\View->CodeIgniter\View\{closure}()
 3 SYSTEMPATH/Common.php(1184): CodeIgniter\View\View->render('admin/selections', [], true)
 4 APPPATH/Controllers/Home.php(472): view('admin/selections', [...])
 5 SYSTEMPATH/CodeIgniter.php(934): App\Controllers\Home->selections()
 6 SYSTEMPATH/CodeIgniter.php(499): CodeIgniter\CodeIgniter->runController(Object(App\Controllers\Home))
 7 SYSTEMPATH/CodeIgniter.php(368): CodeIgniter\CodeIgniter->handleRequest(null, Object(Config\Cache), false)
 8 FCPATH/index.php(67): CodeIgniter\CodeIgniter->run()
 9 SYSTEMPATH/Commands/Server/rewrite.php(47): require_once('/Applications/MAMP/htdocs/smartwholesale/oaclients/public/index.php')
WARNING - 2023-08-06 18:10:04 --> [DEPRECATED] strlen(): Passing null to parameter #1 ($string) of type string is deprecated in APPPATH/Views/admin/selections.php on line 50.
 1 SYSTEMPATH/View/View.php(213): include('/Applications/MAMP/htdocs/smartwholesale/oaclients/app/Views/admin/selections.php')
 2 SYSTEMPATH/View/View.php(216): CodeIgniter\View\View->CodeIgniter\View\{closure}()
 3 SYSTEMPATH/Common.php(1184): CodeIgniter\View\View->render('admin/selections', [], true)
 4 APPPATH/Controllers/Home.php(472): view('admin/selections', [...])
 5 SYSTEMPATH/CodeIgniter.php(934): App\Controllers\Home->selections()
 6 SYSTEMPATH/CodeIgniter.php(499): CodeIgniter\CodeIgniter->runController(Object(App\Controllers\Home))
 7 SYSTEMPATH/CodeIgniter.php(368): CodeIgniter\CodeIgniter->handleRequest(null, Object(Config\Cache), false)
 8 FCPATH/index.php(67): CodeIgniter\CodeIgniter->run()
 9 SYSTEMPATH/Commands/Server/rewrite.php(47): require_once('/Applications/MAMP/htdocs/smartwholesale/oaclients/public/index.php')
WARNING - 2023-08-06 18:10:04 --> [DEPRECATED] strlen(): Passing null to parameter #1 ($string) of type string is deprecated in APPPATH/Views/admin/selections.php on line 50.
 1 SYSTEMPATH/View/View.php(213): include('/Applications/MAMP/htdocs/smartwholesale/oaclients/app/Views/admin/selections.php')
 2 SYSTEMPATH/View/View.php(216): CodeIgniter\View\View->CodeIgniter\View\{closure}()
 3 SYSTEMPATH/Common.php(1184): CodeIgniter\View\View->render('admin/selections', [], true)
 4 APPPATH/Controllers/Home.php(472): view('admin/selections', [...])
 5 SYSTEMPATH/CodeIgniter.php(934): App\Controllers\Home->selections()
 6 SYSTEMPATH/CodeIgniter.php(499): CodeIgniter\CodeIgniter->runController(Object(App\Controllers\Home))
 7 SYSTEMPATH/CodeIgniter.php(368): CodeIgniter\CodeIgniter->handleRequest(null, Object(Config\Cache), false)
 8 FCPATH/index.php(67): CodeIgniter\CodeIgniter->run()
 9 SYSTEMPATH/Commands/Server/rewrite.php(47): require_once('/Applications/MAMP/htdocs/smartwholesale/oaclients/public/index.php')
WARNING - 2023-08-06 18:10:04 --> [DEPRECATED] strlen(): Passing null to parameter #1 ($string) of type string is deprecated in APPPATH/Views/admin/selections.php on line 50.
 1 SYSTEMPATH/View/View.php(213): include('/Applications/MAMP/htdocs/smartwholesale/oaclients/app/Views/admin/selections.php')
 2 SYSTEMPATH/View/View.php(216): CodeIgniter\View\View->CodeIgniter\View\{closure}()
 3 SYSTEMPATH/Common.php(1184): CodeIgniter\View\View->render('admin/selections', [], true)
 4 APPPATH/Controllers/Home.php(472): view('admin/selections', [...])
 5 SYSTEMPATH/CodeIgniter.php(934): App\Controllers\Home->selections()
 6 SYSTEMPATH/CodeIgniter.php(499): CodeIgniter\CodeIgniter->runController(Object(App\Controllers\Home))
 7 SYSTEMPATH/CodeIgniter.php(368): CodeIgniter\CodeIgniter->handleRequest(null, Object(Config\Cache), false)
 8 FCPATH/index.php(67): CodeIgniter\CodeIgniter->run()
 9 SYSTEMPATH/Commands/Server/rewrite.php(47): require_once('/Applications/MAMP/htdocs/smartwholesale/oaclients/public/index.php')
WARNING - 2023-08-06 18:10:04 --> [DEPRECATED] strlen(): Passing null to parameter #1 ($string) of type string is deprecated in APPPATH/Views/admin/selections.php on line 50.
 1 SYSTEMPATH/View/View.php(213): include('/Applications/MAMP/htdocs/smartwholesale/oaclients/app/Views/admin/selections.php')
 2 SYSTEMPATH/View/View.php(216): CodeIgniter\View\View->CodeIgniter\View\{closure}()
 3 SYSTEMPATH/Common.php(1184): CodeIgniter\View\View->render('admin/selections', [], true)
 4 APPPATH/Controllers/Home.php(472): view('admin/selections', [...])
 5 SYSTEMPATH/CodeIgniter.php(934): App\Controllers\Home->selections()
 6 SYSTEMPATH/CodeIgniter.php(499): CodeIgniter\CodeIgniter->runController(Object(App\Controllers\Home))
 7 SYSTEMPATH/CodeIgniter.php(368): CodeIgniter\CodeIgniter->handleRequest(null, Object(Config\Cache), false)
 8 FCPATH/index.php(67): CodeIgniter\CodeIgniter->run()
 9 SYSTEMPATH/Commands/Server/rewrite.php(47): require_once('/Applications/MAMP/htdocs/smartwholesale/oaclients/public/index.php')
WARNING - 2023-08-06 18:10:04 --> [DEPRECATED] strlen(): Passing null to parameter #1 ($string) of type string is deprecated in APPPATH/Views/admin/selections.php on line 50.
 1 SYSTEMPATH/View/View.php(213): include('/Applications/MAMP/htdocs/smartwholesale/oaclients/app/Views/admin/selections.php')
 2 SYSTEMPATH/View/View.php(216): CodeIgniter\View\View->CodeIgniter\View\{closure}()
 3 SYSTEMPATH/Common.php(1184): CodeIgniter\View\View->render('admin/selections', [], true)
 4 APPPATH/Controllers/Home.php(472): view('admin/selections', [...])
 5 SYSTEMPATH/CodeIgniter.php(934): App\Controllers\Home->selections()
 6 SYSTEMPATH/CodeIgniter.php(499): CodeIgniter\CodeIgniter->runController(Object(App\Controllers\Home))
 7 SYSTEMPATH/CodeIgniter.php(368): CodeIgniter\CodeIgniter->handleRequest(null, Object(Config\Cache), false)
 8 FCPATH/index.php(67): CodeIgniter\CodeIgniter->run()
 9 SYSTEMPATH/Commands/Server/rewrite.php(47): require_once('/Applications/MAMP/htdocs/smartwholesale/oaclients/public/index.php')
WARNING - 2023-08-06 18:10:04 --> [DEPRECATED] strlen(): Passing null to parameter #1 ($string) of type string is deprecated in APPPATH/Views/admin/selections.php on line 50.
 1 SYSTEMPATH/View/View.php(213): include('/Applications/MAMP/htdocs/smartwholesale/oaclients/app/Views/admin/selections.php')
 2 SYSTEMPATH/View/View.php(216): CodeIgniter\View\View->CodeIgniter\View\{closure}()
 3 SYSTEMPATH/Common.php(1184): CodeIgniter\View\View->render('admin/selections', [], true)
 4 APPPATH/Controllers/Home.php(472): view('admin/selections', [...])
 5 SYSTEMPATH/CodeIgniter.php(934): App\Controllers\Home->selections()
 6 SYSTEMPATH/CodeIgniter.php(499): CodeIgniter\CodeIgniter->runController(Object(App\Controllers\Home))
 7 SYSTEMPATH/CodeIgniter.php(368): CodeIgniter\CodeIgniter->handleRequest(null, Object(Config\Cache), false)
 8 FCPATH/index.php(67): CodeIgniter\CodeIgniter->run()
 9 SYSTEMPATH/Commands/Server/rewrite.php(47): require_once('/Applications/MAMP/htdocs/smartwholesale/oaclients/public/index.php')
WARNING - 2023-08-06 18:10:04 --> [DEPRECATED] strlen(): Passing null to parameter #1 ($string) of type string is deprecated in APPPATH/Views/admin/selections.php on line 50.
 1 SYSTEMPATH/View/View.php(213): include('/Applications/MAMP/htdocs/smartwholesale/oaclients/app/Views/admin/selections.php')
 2 SYSTEMPATH/View/View.php(216): CodeIgniter\View\View->CodeIgniter\View\{closure}()
 3 SYSTEMPATH/Common.php(1184): CodeIgniter\View\View->render('admin/selections', [], true)
 4 APPPATH/Controllers/Home.php(472): view('admin/selections', [...])
 5 SYSTEMPATH/CodeIgniter.php(934): App\Controllers\Home->selections()
 6 SYSTEMPATH/CodeIgniter.php(499): CodeIgniter\CodeIgniter->runController(Object(App\Controllers\Home))
 7 SYSTEMPATH/CodeIgniter.php(368): CodeIgniter\CodeIgniter->handleRequest(null, Object(Config\Cache), false)
 8 FCPATH/index.php(67): CodeIgniter\CodeIgniter->run()
 9 SYSTEMPATH/Commands/Server/rewrite.php(47): require_once('/Applications/MAMP/htdocs/smartwholesale/oaclients/public/index.php')
WARNING - 2023-08-06 18:10:04 --> [DEPRECATED] strlen(): Passing null to parameter #1 ($string) of type string is deprecated in APPPATH/Views/admin/selections.php on line 50.
 1 SYSTEMPATH/View/View.php(213): include('/Applications/MAMP/htdocs/smartwholesale/oaclients/app/Views/admin/selections.php')
 2 SYSTEMPATH/View/View.php(216): CodeIgniter\View\View->CodeIgniter\View\{closure}()
 3 SYSTEMPATH/Common.php(1184): CodeIgniter\View\View->render('admin/selections', [], true)
 4 APPPATH/Controllers/Home.php(472): view('admin/selections', [...])
 5 SYSTEMPATH/CodeIgniter.php(934): App\Controllers\Home->selections()
 6 SYSTEMPATH/CodeIgniter.php(499): CodeIgniter\CodeIgniter->runController(Object(App\Controllers\Home))
 7 SYSTEMPATH/CodeIgniter.php(368): CodeIgniter\CodeIgniter->handleRequest(null, Object(Config\Cache), false)
 8 FCPATH/index.php(67): CodeIgniter\CodeIgniter->run()
 9 SYSTEMPATH/Commands/Server/rewrite.php(47): require_once('/Applications/MAMP/htdocs/smartwholesale/oaclients/public/index.php')
WARNING - 2023-08-06 18:10:04 --> [DEPRECATED] strlen(): Passing null to parameter #1 ($string) of type string is deprecated in APPPATH/Views/admin/selections.php on line 50.
 1 SYSTEMPATH/View/View.php(213): include('/Applications/MAMP/htdocs/smartwholesale/oaclients/app/Views/admin/selections.php')
 2 SYSTEMPATH/View/View.php(216): CodeIgniter\View\View->CodeIgniter\View\{closure}()
 3 SYSTEMPATH/Common.php(1184): CodeIgniter\View\View->render('admin/selections', [], true)
 4 APPPATH/Controllers/Home.php(472): view('admin/selections', [...])
 5 SYSTEMPATH/CodeIgniter.php(934): App\Controllers\Home->selections()
 6 SYSTEMPATH/CodeIgniter.php(499): CodeIgniter\CodeIgniter->runController(Object(App\Controllers\Home))
 7 SYSTEMPATH/CodeIgniter.php(368): CodeIgniter\CodeIgniter->handleRequest(null, Object(Config\Cache), false)
 8 FCPATH/index.php(67): CodeIgniter\CodeIgniter->run()
 9 SYSTEMPATH/Commands/Server/rewrite.php(47): require_once('/Applications/MAMP/htdocs/smartwholesale/oaclients/public/index.php')
WARNING - 2023-08-06 18:10:04 --> [DEPRECATED] strlen(): Passing null to parameter #1 ($string) of type string is deprecated in APPPATH/Views/admin/selections.php on line 50.
 1 SYSTEMPATH/View/View.php(213): include('/Applications/MAMP/htdocs/smartwholesale/oaclients/app/Views/admin/selections.php')
 2 SYSTEMPATH/View/View.php(216): CodeIgniter\View\View->CodeIgniter\View\{closure}()
 3 SYSTEMPATH/Common.php(1184): CodeIgniter\View\View->render('admin/selections', [], true)
 4 APPPATH/Controllers/Home.php(472): view('admin/selections', [...])
 5 SYSTEMPATH/CodeIgniter.php(934): App\Controllers\Home->selections()
 6 SYSTEMPATH/CodeIgniter.php(499): CodeIgniter\CodeIgniter->runController(Object(App\Controllers\Home))
 7 SYSTEMPATH/CodeIgniter.php(368): CodeIgniter\CodeIgniter->handleRequest(null, Object(Config\Cache), false)
 8 FCPATH/index.php(67): CodeIgniter\CodeIgniter->run()
 9 SYSTEMPATH/Commands/Server/rewrite.php(47): require_once('/Applications/MAMP/htdocs/smartwholesale/oaclients/public/index.php')
WARNING - 2023-08-06 18:10:04 --> [DEPRECATED] strlen(): Passing null to parameter #1 ($string) of type string is deprecated in APPPATH/Views/admin/selections.php on line 50.
 1 SYSTEMPATH/View/View.php(213): include('/Applications/MAMP/htdocs/smartwholesale/oaclients/app/Views/admin/selections.php')
 2 SYSTEMPATH/View/View.php(216): CodeIgniter\View\View->CodeIgniter\View\{closure}()
 3 SYSTEMPATH/Common.php(1184): CodeIgniter\View\View->render('admin/selections', [], true)
 4 APPPATH/Controllers/Home.php(472): view('admin/selections', [...])
 5 SYSTEMPATH/CodeIgniter.php(934): App\Controllers\Home->selections()
 6 SYSTEMPATH/CodeIgniter.php(499): CodeIgniter\CodeIgniter->runController(Object(App\Controllers\Home))
 7 SYSTEMPATH/CodeIgniter.php(368): CodeIgniter\CodeIgniter->handleRequest(null, Object(Config\Cache), false)
 8 FCPATH/index.php(67): CodeIgniter\CodeIgniter->run()
 9 SYSTEMPATH/Commands/Server/rewrite.php(47): require_once('/Applications/MAMP/htdocs/smartwholesale/oaclients/public/index.php')
WARNING - 2023-08-06 18:10:04 --> [DEPRECATED] strlen(): Passing null to parameter #1 ($string) of type string is deprecated in APPPATH/Views/admin/selections.php on line 50.
 1 SYSTEMPATH/View/View.php(213): include('/Applications/MAMP/htdocs/smartwholesale/oaclients/app/Views/admin/selections.php')
 2 SYSTEMPATH/View/View.php(216): CodeIgniter\View\View->CodeIgniter\View\{closure}()
 3 SYSTEMPATH/Common.php(1184): CodeIgniter\View\View->render('admin/selections', [], true)
 4 APPPATH/Controllers/Home.php(472): view('admin/selections', [...])
 5 SYSTEMPATH/CodeIgniter.php(934): App\Controllers\Home->selections()
 6 SYSTEMPATH/CodeIgniter.php(499): CodeIgniter\CodeIgniter->runController(Object(App\Controllers\Home))
 7 SYSTEMPATH/CodeIgniter.php(368): CodeIgniter\CodeIgniter->handleRequest(null, Object(Config\Cache), false)
 8 FCPATH/index.php(67): CodeIgniter\CodeIgniter->run()
 9 SYSTEMPATH/Commands/Server/rewrite.php(47): require_once('/Applications/MAMP/htdocs/smartwholesale/oaclients/public/index.php')
WARNING - 2023-08-06 18:10:04 --> [DEPRECATED] strlen(): Passing null to parameter #1 ($string) of type string is deprecated in APPPATH/Views/admin/selections.php on line 50.
 1 SYSTEMPATH/View/View.php(213): include('/Applications/MAMP/htdocs/smartwholesale/oaclients/app/Views/admin/selections.php')
 2 SYSTEMPATH/View/View.php(216): CodeIgniter\View\View->CodeIgniter\View\{closure}()
 3 SYSTEMPATH/Common.php(1184): CodeIgniter\View\View->render('admin/selections', [], true)
 4 APPPATH/Controllers/Home.php(472): view('admin/selections', [...])
 5 SYSTEMPATH/CodeIgniter.php(934): App\Controllers\Home->selections()
 6 SYSTEMPATH/CodeIgniter.php(499): CodeIgniter\CodeIgniter->runController(Object(App\Controllers\Home))
 7 SYSTEMPATH/CodeIgniter.php(368): CodeIgniter\CodeIgniter->handleRequest(null, Object(Config\Cache), false)
 8 FCPATH/index.php(67): CodeIgniter\CodeIgniter->run()
 9 SYSTEMPATH/Commands/Server/rewrite.php(47): require_once('/Applications/MAMP/htdocs/smartwholesale/oaclients/public/index.php')
WARNING - 2023-08-06 18:10:04 --> [DEPRECATED] strlen(): Passing null to parameter #1 ($string) of type string is deprecated in APPPATH/Views/admin/selections.php on line 50.
 1 SYSTEMPATH/View/View.php(213): include('/Applications/MAMP/htdocs/smartwholesale/oaclients/app/Views/admin/selections.php')
 2 SYSTEMPATH/View/View.php(216): CodeIgniter\View\View->CodeIgniter\View\{closure}()
 3 SYSTEMPATH/Common.php(1184): CodeIgniter\View\View->render('admin/selections', [], true)
 4 APPPATH/Controllers/Home.php(472): view('admin/selections', [...])
 5 SYSTEMPATH/CodeIgniter.php(934): App\Controllers\Home->selections()
 6 SYSTEMPATH/CodeIgniter.php(499): CodeIgniter\CodeIgniter->runController(Object(App\Controllers\Home))
 7 SYSTEMPATH/CodeIgniter.php(368): CodeIgniter\CodeIgniter->handleRequest(null, Object(Config\Cache), false)
 8 FCPATH/index.php(67): CodeIgniter\CodeIgniter->run()
 9 SYSTEMPATH/Commands/Server/rewrite.php(47): require_once('/Applications/MAMP/htdocs/smartwholesale/oaclients/public/index.php')
WARNING - 2023-08-06 18:10:04 --> [DEPRECATED] strlen(): Passing null to parameter #1 ($string) of type string is deprecated in APPPATH/Views/admin/selections.php on line 50.
 1 SYSTEMPATH/View/View.php(213): include('/Applications/MAMP/htdocs/smartwholesale/oaclients/app/Views/admin/selections.php')
 2 SYSTEMPATH/View/View.php(216): CodeIgniter\View\View->CodeIgniter\View\{closure}()
 3 SYSTEMPATH/Common.php(1184): CodeIgniter\View\View->render('admin/selections', [], true)
 4 APPPATH/Controllers/Home.php(472): view('admin/selections', [...])
 5 SYSTEMPATH/CodeIgniter.php(934): App\Controllers\Home->selections()
 6 SYSTEMPATH/CodeIgniter.php(499): CodeIgniter\CodeIgniter->runController(Object(App\Controllers\Home))
 7 SYSTEMPATH/CodeIgniter.php(368): CodeIgniter\CodeIgniter->handleRequest(null, Object(Config\Cache), false)
 8 FCPATH/index.php(67): CodeIgniter\CodeIgniter->run()
 9 SYSTEMPATH/Commands/Server/rewrite.php(47): require_once('/Applications/MAMP/htdocs/smartwholesale/oaclients/public/index.php')
WARNING - 2023-08-06 18:10:04 --> [DEPRECATED] strlen(): Passing null to parameter #1 ($string) of type string is deprecated in APPPATH/Views/admin/selections.php on line 50.
 1 SYSTEMPATH/View/View.php(213): include('/Applications/MAMP/htdocs/smartwholesale/oaclients/app/Views/admin/selections.php')
 2 SYSTEMPATH/View/View.php(216): CodeIgniter\View\View->CodeIgniter\View\{closure}()
 3 SYSTEMPATH/Common.php(1184): CodeIgniter\View\View->render('admin/selections', [], true)
 4 APPPATH/Controllers/Home.php(472): view('admin/selections', [...])
 5 SYSTEMPATH/CodeIgniter.php(934): App\Controllers\Home->selections()
 6 SYSTEMPATH/CodeIgniter.php(499): CodeIgniter\CodeIgniter->runController(Object(App\Controllers\Home))
 7 SYSTEMPATH/CodeIgniter.php(368): CodeIgniter\CodeIgniter->handleRequest(null, Object(Config\Cache), false)
 8 FCPATH/index.php(67): CodeIgniter\CodeIgniter->run()
 9 SYSTEMPATH/Commands/Server/rewrite.php(47): require_once('/Applications/MAMP/htdocs/smartwholesale/oaclients/public/index.php')
WARNING - 2023-08-06 18:10:04 --> [DEPRECATED] strlen(): Passing null to parameter #1 ($string) of type string is deprecated in APPPATH/Views/admin/selections.php on line 50.
 1 SYSTEMPATH/View/View.php(213): include('/Applications/MAMP/htdocs/smartwholesale/oaclients/app/Views/admin/selections.php')
 2 SYSTEMPATH/View/View.php(216): CodeIgniter\View\View->CodeIgniter\View\{closure}()
 3 SYSTEMPATH/Common.php(1184): CodeIgniter\View\View->render('admin/selections', [], true)
 4 APPPATH/Controllers/Home.php(472): view('admin/selections', [...])
 5 SYSTEMPATH/CodeIgniter.php(934): App\Controllers\Home->selections()
 6 SYSTEMPATH/CodeIgniter.php(499): CodeIgniter\CodeIgniter->runController(Object(App\Controllers\Home))
 7 SYSTEMPATH/CodeIgniter.php(368): CodeIgniter\CodeIgniter->handleRequest(null, Object(Config\Cache), false)
 8 FCPATH/index.php(67): CodeIgniter\CodeIgniter->run()
 9 SYSTEMPATH/Commands/Server/rewrite.php(47): require_once('/Applications/MAMP/htdocs/smartwholesale/oaclients/public/index.php')
WARNING - 2023-08-06 18:10:04 --> [DEPRECATED] strlen(): Passing null to parameter #1 ($string) of type string is deprecated in APPPATH/Views/admin/selections.php on line 50.
 1 SYSTEMPATH/View/View.php(213): include('/Applications/MAMP/htdocs/smartwholesale/oaclients/app/Views/admin/selections.php')
 2 SYSTEMPATH/View/View.php(216): CodeIgniter\View\View->CodeIgniter\View\{closure}()
 3 SYSTEMPATH/Common.php(1184): CodeIgniter\View\View->render('admin/selections', [], true)
 4 APPPATH/Controllers/Home.php(472): view('admin/selections', [...])
 5 SYSTEMPATH/CodeIgniter.php(934): App\Controllers\Home->selections()
 6 SYSTEMPATH/CodeIgniter.php(499): CodeIgniter\CodeIgniter->runController(Object(App\Controllers\Home))
 7 SYSTEMPATH/CodeIgniter.php(368): CodeIgniter\CodeIgniter->handleRequest(null, Object(Config\Cache), false)
 8 FCPATH/index.php(67): CodeIgniter\CodeIgniter->run()
 9 SYSTEMPATH/Commands/Server/rewrite.php(47): require_once('/Applications/MAMP/htdocs/smartwholesale/oaclients/public/index.php')
WARNING - 2023-08-06 18:10:04 --> [DEPRECATED] strlen(): Passing null to parameter #1 ($string) of type string is deprecated in APPPATH/Views/admin/selections.php on line 50.
 1 SYSTEMPATH/View/View.php(213): include('/Applications/MAMP/htdocs/smartwholesale/oaclients/app/Views/admin/selections.php')
 2 SYSTEMPATH/View/View.php(216): CodeIgniter\View\View->CodeIgniter\View\{closure}()
 3 SYSTEMPATH/Common.php(1184): CodeIgniter\View\View->render('admin/selections', [], true)
 4 APPPATH/Controllers/Home.php(472): view('admin/selections', [...])
 5 SYSTEMPATH/CodeIgniter.php(934): App\Controllers\Home->selections()
 6 SYSTEMPATH/CodeIgniter.php(499): CodeIgniter\CodeIgniter->runController(Object(App\Controllers\Home))
 7 SYSTEMPATH/CodeIgniter.php(368): CodeIgniter\CodeIgniter->handleRequest(null, Object(Config\Cache), false)
 8 FCPATH/index.php(67): CodeIgniter\CodeIgniter->run()
 9 SYSTEMPATH/Commands/Server/rewrite.php(47): require_once('/Applications/MAMP/htdocs/smartwholesale/oaclients/public/index.php')
WARNING - 2023-08-06 18:10:04 --> [DEPRECATED] strlen(): Passing null to parameter #1 ($string) of type string is deprecated in APPPATH/Views/admin/selections.php on line 50.
 1 SYSTEMPATH/View/View.php(213): include('/Applications/MAMP/htdocs/smartwholesale/oaclients/app/Views/admin/selections.php')
 2 SYSTEMPATH/View/View.php(216): CodeIgniter\View\View->CodeIgniter\View\{closure}()
 3 SYSTEMPATH/Common.php(1184): CodeIgniter\View\View->render('admin/selections', [], true)
 4 APPPATH/Controllers/Home.php(472): view('admin/selections', [...])
 5 SYSTEMPATH/CodeIgniter.php(934): App\Controllers\Home->selections()
 6 SYSTEMPATH/CodeIgniter.php(499): CodeIgniter\CodeIgniter->runController(Object(App\Controllers\Home))
 7 SYSTEMPATH/CodeIgniter.php(368): CodeIgniter\CodeIgniter->handleRequest(null, Object(Config\Cache), false)
 8 FCPATH/index.php(67): CodeIgniter\CodeIgniter->run()
 9 SYSTEMPATH/Commands/Server/rewrite.php(47): require_once('/Applications/MAMP/htdocs/smartwholesale/oaclients/public/index.php')
WARNING - 2023-08-06 18:10:04 --> [DEPRECATED] strlen(): Passing null to parameter #1 ($string) of type string is deprecated in APPPATH/Views/admin/selections.php on line 50.
 1 SYSTEMPATH/View/View.php(213): include('/Applications/MAMP/htdocs/smartwholesale/oaclients/app/Views/admin/selections.php')
 2 SYSTEMPATH/View/View.php(216): CodeIgniter\View\View->CodeIgniter\View\{closure}()
 3 SYSTEMPATH/Common.php(1184): CodeIgniter\View\View->render('admin/selections', [], true)
 4 APPPATH/Controllers/Home.php(472): view('admin/selections', [...])
 5 SYSTEMPATH/CodeIgniter.php(934): App\Controllers\Home->selections()
 6 SYSTEMPATH/CodeIgniter.php(499): CodeIgniter\CodeIgniter->runController(Object(App\Controllers\Home))
 7 SYSTEMPATH/CodeIgniter.php(368): CodeIgniter\CodeIgniter->handleRequest(null, Object(Config\Cache), false)
 8 FCPATH/index.php(67): CodeIgniter\CodeIgniter->run()
 9 SYSTEMPATH/Commands/Server/rewrite.php(47): require_once('/Applications/MAMP/htdocs/smartwholesale/oaclients/public/index.php')
WARNING - 2023-08-06 18:10:04 --> [DEPRECATED] strlen(): Passing null to parameter #1 ($string) of type string is deprecated in APPPATH/Views/admin/selections.php on line 50.
 1 SYSTEMPATH/View/View.php(213): include('/Applications/MAMP/htdocs/smartwholesale/oaclients/app/Views/admin/selections.php')
 2 SYSTEMPATH/View/View.php(216): CodeIgniter\View\View->CodeIgniter\View\{closure}()
 3 SYSTEMPATH/Common.php(1184): CodeIgniter\View\View->render('admin/selections', [], true)
 4 APPPATH/Controllers/Home.php(472): view('admin/selections', [...])
 5 SYSTEMPATH/CodeIgniter.php(934): App\Controllers\Home->selections()
 6 SYSTEMPATH/CodeIgniter.php(499): CodeIgniter\CodeIgniter->runController(Object(App\Controllers\Home))
 7 SYSTEMPATH/CodeIgniter.php(368): CodeIgniter\CodeIgniter->handleRequest(null, Object(Config\Cache), false)
 8 FCPATH/index.php(67): CodeIgniter\CodeIgniter->run()
 9 SYSTEMPATH/Commands/Server/rewrite.php(47): require_once('/Applications/MAMP/htdocs/smartwholesale/oaclients/public/index.php')
WARNING - 2023-08-06 18:10:04 --> [DEPRECATED] strlen(): Passing null to parameter #1 ($string) of type string is deprecated in APPPATH/Views/admin/selections.php on line 50.
 1 SYSTEMPATH/View/View.php(213): include('/Applications/MAMP/htdocs/smartwholesale/oaclients/app/Views/admin/selections.php')
 2 SYSTEMPATH/View/View.php(216): CodeIgniter\View\View->CodeIgniter\View\{closure}()
 3 SYSTEMPATH/Common.php(1184): CodeIgniter\View\View->render('admin/selections', [], true)
 4 APPPATH/Controllers/Home.php(472): view('admin/selections', [...])
 5 SYSTEMPATH/CodeIgniter.php(934): App\Controllers\Home->selections()
 6 SYSTEMPATH/CodeIgniter.php(499): CodeIgniter\CodeIgniter->runController(Object(App\Controllers\Home))
 7 SYSTEMPATH/CodeIgniter.php(368): CodeIgniter\CodeIgniter->handleRequest(null, Object(Config\Cache), false)
 8 FCPATH/index.php(67): CodeIgniter\CodeIgniter->run()
 9 SYSTEMPATH/Commands/Server/rewrite.php(47): require_once('/Applications/MAMP/htdocs/smartwholesale/oaclients/public/index.php')
WARNING - 2023-08-06 18:10:04 --> [DEPRECATED] strlen(): Passing null to parameter #1 ($string) of type string is deprecated in APPPATH/Views/admin/selections.php on line 50.
 1 SYSTEMPATH/View/View.php(213): include('/Applications/MAMP/htdocs/smartwholesale/oaclients/app/Views/admin/selections.php')
 2 SYSTEMPATH/View/View.php(216): CodeIgniter\View\View->CodeIgniter\View\{closure}()
 3 SYSTEMPATH/Common.php(1184): CodeIgniter\View\View->render('admin/selections', [], true)
 4 APPPATH/Controllers/Home.php(472): view('admin/selections', [...])
 5 SYSTEMPATH/CodeIgniter.php(934): App\Controllers\Home->selections()
 6 SYSTEMPATH/CodeIgniter.php(499): CodeIgniter\CodeIgniter->runController(Object(App\Controllers\Home))
 7 SYSTEMPATH/CodeIgniter.php(368): CodeIgniter\CodeIgniter->handleRequest(null, Object(Config\Cache), false)
 8 FCPATH/index.php(67): CodeIgniter\CodeIgniter->run()
 9 SYSTEMPATH/Commands/Server/rewrite.php(47): require_once('/Applications/MAMP/htdocs/smartwholesale/oaclients/public/index.php')
WARNING - 2023-08-06 18:10:04 --> [DEPRECATED] strlen(): Passing null to parameter #1 ($string) of type string is deprecated in APPPATH/Views/admin/selections.php on line 50.
 1 SYSTEMPATH/View/View.php(213): include('/Applications/MAMP/htdocs/smartwholesale/oaclients/app/Views/admin/selections.php')
 2 SYSTEMPATH/View/View.php(216): CodeIgniter\View\View->CodeIgniter\View\{closure}()
 3 SYSTEMPATH/Common.php(1184): CodeIgniter\View\View->render('admin/selections', [], true)
 4 APPPATH/Controllers/Home.php(472): view('admin/selections', [...])
 5 SYSTEMPATH/CodeIgniter.php(934): App\Controllers\Home->selections()
 6 SYSTEMPATH/CodeIgniter.php(499): CodeIgniter\CodeIgniter->runController(Object(App\Controllers\Home))
 7 SYSTEMPATH/CodeIgniter.php(368): CodeIgniter\CodeIgniter->handleRequest(null, Object(Config\Cache), false)
 8 FCPATH/index.php(67): CodeIgniter\CodeIgniter->run()
 9 SYSTEMPATH/Commands/Server/rewrite.php(47): require_once('/Applications/MAMP/htdocs/smartwholesale/oaclients/public/index.php')
WARNING - 2023-08-06 18:10:04 --> [DEPRECATED] strlen(): Passing null to parameter #1 ($string) of type string is deprecated in APPPATH/Views/admin/selections.php on line 50.
 1 SYSTEMPATH/View/View.php(213): include('/Applications/MAMP/htdocs/smartwholesale/oaclients/app/Views/admin/selections.php')
 2 SYSTEMPATH/View/View.php(216): CodeIgniter\View\View->CodeIgniter\View\{closure}()
 3 SYSTEMPATH/Common.php(1184): CodeIgniter\View\View->render('admin/selections', [], true)
 4 APPPATH/Controllers/Home.php(472): view('admin/selections', [...])
 5 SYSTEMPATH/CodeIgniter.php(934): App\Controllers\Home->selections()
 6 SYSTEMPATH/CodeIgniter.php(499): CodeIgniter\CodeIgniter->runController(Object(App\Controllers\Home))
 7 SYSTEMPATH/CodeIgniter.php(368): CodeIgniter\CodeIgniter->handleRequest(null, Object(Config\Cache), false)
 8 FCPATH/index.php(67): CodeIgniter\CodeIgniter->run()
 9 SYSTEMPATH/Commands/Server/rewrite.php(47): require_once('/Applications/MAMP/htdocs/smartwholesale/oaclients/public/index.php')
WARNING - 2023-08-06 18:10:04 --> [DEPRECATED] strlen(): Passing null to parameter #1 ($string) of type string is deprecated in APPPATH/Views/admin/selections.php on line 50.
 1 SYSTEMPATH/View/View.php(213): include('/Applications/MAMP/htdocs/smartwholesale/oaclients/app/Views/admin/selections.php')
 2 SYSTEMPATH/View/View.php(216): CodeIgniter\View\View->CodeIgniter\View\{closure}()
 3 SYSTEMPATH/Common.php(1184): CodeIgniter\View\View->render('admin/selections', [], true)
 4 APPPATH/Controllers/Home.php(472): view('admin/selections', [...])
 5 SYSTEMPATH/CodeIgniter.php(934): App\Controllers\Home->selections()
 6 SYSTEMPATH/CodeIgniter.php(499): CodeIgniter\CodeIgniter->runController(Object(App\Controllers\Home))
 7 SYSTEMPATH/CodeIgniter.php(368): CodeIgniter\CodeIgniter->handleRequest(null, Object(Config\Cache), false)
 8 FCPATH/index.php(67): CodeIgniter\CodeIgniter->run()
 9 SYSTEMPATH/Commands/Server/rewrite.php(47): require_once('/Applications/MAMP/htdocs/smartwholesale/oaclients/public/index.php')
WARNING - 2023-08-06 18:10:04 --> [DEPRECATED] strlen(): Passing null to parameter #1 ($string) of type string is deprecated in APPPATH/Views/admin/selections.php on line 50.
 1 SYSTEMPATH/View/View.php(213): include('/Applications/MAMP/htdocs/smartwholesale/oaclients/app/Views/admin/selections.php')
 2 SYSTEMPATH/View/View.php(216): CodeIgniter\View\View->CodeIgniter\View\{closure}()
 3 SYSTEMPATH/Common.php(1184): CodeIgniter\View\View->render('admin/selections', [], true)
 4 APPPATH/Controllers/Home.php(472): view('admin/selections', [...])
 5 SYSTEMPATH/CodeIgniter.php(934): App\Controllers\Home->selections()
 6 SYSTEMPATH/CodeIgniter.php(499): CodeIgniter\CodeIgniter->runController(Object(App\Controllers\Home))
 7 SYSTEMPATH/CodeIgniter.php(368): CodeIgniter\CodeIgniter->handleRequest(null, Object(Config\Cache), false)
 8 FCPATH/index.php(67): CodeIgniter\CodeIgniter->run()
 9 SYSTEMPATH/Commands/Server/rewrite.php(47): require_once('/Applications/MAMP/htdocs/smartwholesale/oaclients/public/index.php')
WARNING - 2023-08-06 18:10:04 --> [DEPRECATED] strlen(): Passing null to parameter #1 ($string) of type string is deprecated in APPPATH/Views/admin/selections.php on line 50.
 1 SYSTEMPATH/View/View.php(213): include('/Applications/MAMP/htdocs/smartwholesale/oaclients/app/Views/admin/selections.php')
 2 SYSTEMPATH/View/View.php(216): CodeIgniter\View\View->CodeIgniter\View\{closure}()
 3 SYSTEMPATH/Common.php(1184): CodeIgniter\View\View->render('admin/selections', [], true)
 4 APPPATH/Controllers/Home.php(472): view('admin/selections', [...])
 5 SYSTEMPATH/CodeIgniter.php(934): App\Controllers\Home->selections()
 6 SYSTEMPATH/CodeIgniter.php(499): CodeIgniter\CodeIgniter->runController(Object(App\Controllers\Home))
 7 SYSTEMPATH/CodeIgniter.php(368): CodeIgniter\CodeIgniter->handleRequest(null, Object(Config\Cache), false)
 8 FCPATH/index.php(67): CodeIgniter\CodeIgniter->run()
 9 SYSTEMPATH/Commands/Server/rewrite.php(47): require_once('/Applications/MAMP/htdocs/smartwholesale/oaclients/public/index.php')
WARNING - 2023-08-06 18:10:04 --> [DEPRECATED] strlen(): Passing null to parameter #1 ($string) of type string is deprecated in APPPATH/Views/admin/selections.php on line 50.
 1 SYSTEMPATH/View/View.php(213): include('/Applications/MAMP/htdocs/smartwholesale/oaclients/app/Views/admin/selections.php')
 2 SYSTEMPATH/View/View.php(216): CodeIgniter\View\View->CodeIgniter\View\{closure}()
 3 SYSTEMPATH/Common.php(1184): CodeIgniter\View\View->render('admin/selections', [], true)
 4 APPPATH/Controllers/Home.php(472): view('admin/selections', [...])
 5 SYSTEMPATH/CodeIgniter.php(934): App\Controllers\Home->selections()
 6 SYSTEMPATH/CodeIgniter.php(499): CodeIgniter\CodeIgniter->runController(Object(App\Controllers\Home))
 7 SYSTEMPATH/CodeIgniter.php(368): CodeIgniter\CodeIgniter->handleRequest(null, Object(Config\Cache), false)
 8 FCPATH/index.php(67): CodeIgniter\CodeIgniter->run()
 9 SYSTEMPATH/Commands/Server/rewrite.php(47): require_once('/Applications/MAMP/htdocs/smartwholesale/oaclients/public/index.php')
WARNING - 2023-08-06 18:10:04 --> [DEPRECATED] strlen(): Passing null to parameter #1 ($string) of type string is deprecated in APPPATH/Views/admin/selections.php on line 50.
 1 SYSTEMPATH/View/View.php(213): include('/Applications/MAMP/htdocs/smartwholesale/oaclients/app/Views/admin/selections.php')
 2 SYSTEMPATH/View/View.php(216): CodeIgniter\View\View->CodeIgniter\View\{closure}()
 3 SYSTEMPATH/Common.php(1184): CodeIgniter\View\View->render('admin/selections', [], true)
 4 APPPATH/Controllers/Home.php(472): view('admin/selections', [...])
 5 SYSTEMPATH/CodeIgniter.php(934): App\Controllers\Home->selections()
 6 SYSTEMPATH/CodeIgniter.php(499): CodeIgniter\CodeIgniter->runController(Object(App\Controllers\Home))
 7 SYSTEMPATH/CodeIgniter.php(368): CodeIgniter\CodeIgniter->handleRequest(null, Object(Config\Cache), false)
 8 FCPATH/index.php(67): CodeIgniter\CodeIgniter->run()
 9 SYSTEMPATH/Commands/Server/rewrite.php(47): require_once('/Applications/MAMP/htdocs/smartwholesale/oaclients/public/index.php')
WARNING - 2023-08-06 18:10:04 --> [DEPRECATED] strlen(): Passing null to parameter #1 ($string) of type string is deprecated in APPPATH/Views/admin/selections.php on line 50.
 1 SYSTEMPATH/View/View.php(213): include('/Applications/MAMP/htdocs/smartwholesale/oaclients/app/Views/admin/selections.php')
 2 SYSTEMPATH/View/View.php(216): CodeIgniter\View\View->CodeIgniter\View\{closure}()
 3 SYSTEMPATH/Common.php(1184): CodeIgniter\View\View->render('admin/selections', [], true)
 4 APPPATH/Controllers/Home.php(472): view('admin/selections', [...])
 5 SYSTEMPATH/CodeIgniter.php(934): App\Controllers\Home->selections()
 6 SYSTEMPATH/CodeIgniter.php(499): CodeIgniter\CodeIgniter->runController(Object(App\Controllers\Home))
 7 SYSTEMPATH/CodeIgniter.php(368): CodeIgniter\CodeIgniter->handleRequest(null, Object(Config\Cache), false)
 8 FCPATH/index.php(67): CodeIgniter\CodeIgniter->run()
 9 SYSTEMPATH/Commands/Server/rewrite.php(47): require_once('/Applications/MAMP/htdocs/smartwholesale/oaclients/public/index.php')
WARNING - 2023-08-06 18:10:04 --> [DEPRECATED] strlen(): Passing null to parameter #1 ($string) of type string is deprecated in APPPATH/Views/admin/selections.php on line 50.
 1 SYSTEMPATH/View/View.php(213): include('/Applications/MAMP/htdocs/smartwholesale/oaclients/app/Views/admin/selections.php')
 2 SYSTEMPATH/View/View.php(216): CodeIgniter\View\View->CodeIgniter\View\{closure}()
 3 SYSTEMPATH/Common.php(1184): CodeIgniter\View\View->render('admin/selections', [], true)
 4 APPPATH/Controllers/Home.php(472): view('admin/selections', [...])
 5 SYSTEMPATH/CodeIgniter.php(934): App\Controllers\Home->selections()
 6 SYSTEMPATH/CodeIgniter.php(499): CodeIgniter\CodeIgniter->runController(Object(App\Controllers\Home))
 7 SYSTEMPATH/CodeIgniter.php(368): CodeIgniter\CodeIgniter->handleRequest(null, Object(Config\Cache), false)
 8 FCPATH/index.php(67): CodeIgniter\CodeIgniter->run()
 9 SYSTEMPATH/Commands/Server/rewrite.php(47): require_once('/Applications/MAMP/htdocs/smartwholesale/oaclients/public/index.php')
WARNING - 2023-08-06 18:10:04 --> [DEPRECATED] strlen(): Passing null to parameter #1 ($string) of type string is deprecated in APPPATH/Views/admin/selections.php on line 50.
 1 SYSTEMPATH/View/View.php(213): include('/Applications/MAMP/htdocs/smartwholesale/oaclients/app/Views/admin/selections.php')
 2 SYSTEMPATH/View/View.php(216): CodeIgniter\View\View->CodeIgniter\View\{closure}()
 3 SYSTEMPATH/Common.php(1184): CodeIgniter\View\View->render('admin/selections', [], true)
 4 APPPATH/Controllers/Home.php(472): view('admin/selections', [...])
 5 SYSTEMPATH/CodeIgniter.php(934): App\Controllers\Home->selections()
 6 SYSTEMPATH/CodeIgniter.php(499): CodeIgniter\CodeIgniter->runController(Object(App\Controllers\Home))
 7 SYSTEMPATH/CodeIgniter.php(368): CodeIgniter\CodeIgniter->handleRequest(null, Object(Config\Cache), false)
 8 FCPATH/index.php(67): CodeIgniter\CodeIgniter->run()
 9 SYSTEMPATH/Commands/Server/rewrite.php(47): require_once('/Applications/MAMP/htdocs/smartwholesale/oaclients/public/index.php')
WARNING - 2023-08-06 18:10:04 --> [DEPRECATED] strlen(): Passing null to parameter #1 ($string) of type string is deprecated in APPPATH/Views/admin/selections.php on line 50.
 1 SYSTEMPATH/View/View.php(213): include('/Applications/MAMP/htdocs/smartwholesale/oaclients/app/Views/admin/selections.php')
 2 SYSTEMPATH/View/View.php(216): CodeIgniter\View\View->CodeIgniter\View\{closure}()
 3 SYSTEMPATH/Common.php(1184): CodeIgniter\View\View->render('admin/selections', [], true)
 4 APPPATH/Controllers/Home.php(472): view('admin/selections', [...])
 5 SYSTEMPATH/CodeIgniter.php(934): App\Controllers\Home->selections()
 6 SYSTEMPATH/CodeIgniter.php(499): CodeIgniter\CodeIgniter->runController(Object(App\Controllers\Home))
 7 SYSTEMPATH/CodeIgniter.php(368): CodeIgniter\CodeIgniter->handleRequest(null, Object(Config\Cache), false)
 8 FCPATH/index.php(67): CodeIgniter\CodeIgniter->run()
 9 SYSTEMPATH/Commands/Server/rewrite.php(47): require_once('/Applications/MAMP/htdocs/smartwholesale/oaclients/public/index.php')
WARNING - 2023-08-06 18:10:04 --> [DEPRECATED] strlen(): Passing null to parameter #1 ($string) of type string is deprecated in APPPATH/Views/admin/selections.php on line 50.
 1 SYSTEMPATH/View/View.php(213): include('/Applications/MAMP/htdocs/smartwholesale/oaclients/app/Views/admin/selections.php')
 2 SYSTEMPATH/View/View.php(216): CodeIgniter\View\View->CodeIgniter\View\{closure}()
 3 SYSTEMPATH/Common.php(1184): CodeIgniter\View\View->render('admin/selections', [], true)
 4 APPPATH/Controllers/Home.php(472): view('admin/selections', [...])
 5 SYSTEMPATH/CodeIgniter.php(934): App\Controllers\Home->selections()
 6 SYSTEMPATH/CodeIgniter.php(499): CodeIgniter\CodeIgniter->runController(Object(App\Controllers\Home))
 7 SYSTEMPATH/CodeIgniter.php(368): CodeIgniter\CodeIgniter->handleRequest(null, Object(Config\Cache), false)
 8 FCPATH/index.php(67): CodeIgniter\CodeIgniter->run()
 9 SYSTEMPATH/Commands/Server/rewrite.php(47): require_once('/Applications/MAMP/htdocs/smartwholesale/oaclients/public/index.php')
WARNING - 2023-08-06 18:10:04 --> [DEPRECATED] strlen(): Passing null to parameter #1 ($string) of type string is deprecated in APPPATH/Views/admin/selections.php on line 50.
 1 SYSTEMPATH/View/View.php(213): include('/Applications/MAMP/htdocs/smartwholesale/oaclients/app/Views/admin/selections.php')
 2 SYSTEMPATH/View/View.php(216): CodeIgniter\View\View->CodeIgniter\View\{closure}()
 3 SYSTEMPATH/Common.php(1184): CodeIgniter\View\View->render('admin/selections', [], true)
 4 APPPATH/Controllers/Home.php(472): view('admin/selections', [...])
 5 SYSTEMPATH/CodeIgniter.php(934): App\Controllers\Home->selections()
 6 SYSTEMPATH/CodeIgniter.php(499): CodeIgniter\CodeIgniter->runController(Object(App\Controllers\Home))
 7 SYSTEMPATH/CodeIgniter.php(368): CodeIgniter\CodeIgniter->handleRequest(null, Object(Config\Cache), false)
 8 FCPATH/index.php(67): CodeIgniter\CodeIgniter->run()
 9 SYSTEMPATH/Commands/Server/rewrite.php(47): require_once('/Applications/MAMP/htdocs/smartwholesale/oaclients/public/index.php')
WARNING - 2023-08-06 18:10:04 --> [DEPRECATED] strlen(): Passing null to parameter #1 ($string) of type string is deprecated in APPPATH/Views/admin/selections.php on line 50.
 1 SYSTEMPATH/View/View.php(213): include('/Applications/MAMP/htdocs/smartwholesale/oaclients/app/Views/admin/selections.php')
 2 SYSTEMPATH/View/View.php(216): CodeIgniter\View\View->CodeIgniter\View\{closure}()
 3 SYSTEMPATH/Common.php(1184): CodeIgniter\View\View->render('admin/selections', [], true)
 4 APPPATH/Controllers/Home.php(472): view('admin/selections', [...])
 5 SYSTEMPATH/CodeIgniter.php(934): App\Controllers\Home->selections()
 6 SYSTEMPATH/CodeIgniter.php(499): CodeIgniter\CodeIgniter->runController(Object(App\Controllers\Home))
 7 SYSTEMPATH/CodeIgniter.php(368): CodeIgniter\CodeIgniter->handleRequest(null, Object(Config\Cache), false)
 8 FCPATH/index.php(67): CodeIgniter\CodeIgniter->run()
 9 SYSTEMPATH/Commands/Server/rewrite.php(47): require_once('/Applications/MAMP/htdocs/smartwholesale/oaclients/public/index.php')
WARNING - 2023-08-06 18:10:04 --> [DEPRECATED] strlen(): Passing null to parameter #1 ($string) of type string is deprecated in APPPATH/Views/admin/selections.php on line 50.
 1 SYSTEMPATH/View/View.php(213): include('/Applications/MAMP/htdocs/smartwholesale/oaclients/app/Views/admin/selections.php')
 2 SYSTEMPATH/View/View.php(216): CodeIgniter\View\View->CodeIgniter\View\{closure}()
 3 SYSTEMPATH/Common.php(1184): CodeIgniter\View\View->render('admin/selections', [], true)
 4 APPPATH/Controllers/Home.php(472): view('admin/selections', [...])
 5 SYSTEMPATH/CodeIgniter.php(934): App\Controllers\Home->selections()
 6 SYSTEMPATH/CodeIgniter.php(499): CodeIgniter\CodeIgniter->runController(Object(App\Controllers\Home))
 7 SYSTEMPATH/CodeIgniter.php(368): CodeIgniter\CodeIgniter->handleRequest(null, Object(Config\Cache), false)
 8 FCPATH/index.php(67): CodeIgniter\CodeIgniter->run()
 9 SYSTEMPATH/Commands/Server/rewrite.php(47): require_once('/Applications/MAMP/htdocs/smartwholesale/oaclients/public/index.php')
WARNING - 2023-08-06 18:10:04 --> [DEPRECATED] strlen(): Passing null to parameter #1 ($string) of type string is deprecated in APPPATH/Views/admin/selections.php on line 50.
 1 SYSTEMPATH/View/View.php(213): include('/Applications/MAMP/htdocs/smartwholesale/oaclients/app/Views/admin/selections.php')
 2 SYSTEMPATH/View/View.php(216): CodeIgniter\View\View->CodeIgniter\View\{closure}()
 3 SYSTEMPATH/Common.php(1184): CodeIgniter\View\View->render('admin/selections', [], true)
 4 APPPATH/Controllers/Home.php(472): view('admin/selections', [...])
 5 SYSTEMPATH/CodeIgniter.php(934): App\Controllers\Home->selections()
 6 SYSTEMPATH/CodeIgniter.php(499): CodeIgniter\CodeIgniter->runController(Object(App\Controllers\Home))
 7 SYSTEMPATH/CodeIgniter.php(368): CodeIgniter\CodeIgniter->handleRequest(null, Object(Config\Cache), false)
 8 FCPATH/index.php(67): CodeIgniter\CodeIgniter->run()
 9 SYSTEMPATH/Commands/Server/rewrite.php(47): require_once('/Applications/MAMP/htdocs/smartwholesale/oaclients/public/index.php')
WARNING - 2023-08-06 18:10:04 --> [DEPRECATED] strlen(): Passing null to parameter #1 ($string) of type string is deprecated in APPPATH/Views/admin/selections.php on line 50.
 1 SYSTEMPATH/View/View.php(213): include('/Applications/MAMP/htdocs/smartwholesale/oaclients/app/Views/admin/selections.php')
 2 SYSTEMPATH/View/View.php(216): CodeIgniter\View\View->CodeIgniter\View\{closure}()
 3 SYSTEMPATH/Common.php(1184): CodeIgniter\View\View->render('admin/selections', [], true)
 4 APPPATH/Controllers/Home.php(472): view('admin/selections', [...])
 5 SYSTEMPATH/CodeIgniter.php(934): App\Controllers\Home->selections()
 6 SYSTEMPATH/CodeIgniter.php(499): CodeIgniter\CodeIgniter->runController(Object(App\Controllers\Home))
 7 SYSTEMPATH/CodeIgniter.php(368): CodeIgniter\CodeIgniter->handleRequest(null, Object(Config\Cache), false)
 8 FCPATH/index.php(67): CodeIgniter\CodeIgniter->run()
 9 SYSTEMPATH/Commands/Server/rewrite.php(47): require_once('/Applications/MAMP/htdocs/smartwholesale/oaclients/public/index.php')
WARNING - 2023-08-06 18:10:04 --> [DEPRECATED] strlen(): Passing null to parameter #1 ($string) of type string is deprecated in APPPATH/Views/admin/selections.php on line 50.
 1 SYSTEMPATH/View/View.php(213): include('/Applications/MAMP/htdocs/smartwholesale/oaclients/app/Views/admin/selections.php')
 2 SYSTEMPATH/View/View.php(216): CodeIgniter\View\View->CodeIgniter\View\{closure}()
 3 SYSTEMPATH/Common.php(1184): CodeIgniter\View\View->render('admin/selections', [], true)
 4 APPPATH/Controllers/Home.php(472): view('admin/selections', [...])
 5 SYSTEMPATH/CodeIgniter.php(934): App\Controllers\Home->selections()
 6 SYSTEMPATH/CodeIgniter.php(499): CodeIgniter\CodeIgniter->runController(Object(App\Controllers\Home))
 7 SYSTEMPATH/CodeIgniter.php(368): CodeIgniter\CodeIgniter->handleRequest(null, Object(Config\Cache), false)
 8 FCPATH/index.php(67): CodeIgniter\CodeIgniter->run()
 9 SYSTEMPATH/Commands/Server/rewrite.php(47): require_once('/Applications/MAMP/htdocs/smartwholesale/oaclients/public/index.php')
WARNING - 2023-08-06 18:10:04 --> [DEPRECATED] strlen(): Passing null to parameter #1 ($string) of type string is deprecated in APPPATH/Views/admin/selections.php on line 50.
 1 SYSTEMPATH/View/View.php(213): include('/Applications/MAMP/htdocs/smartwholesale/oaclients/app/Views/admin/selections.php')
 2 SYSTEMPATH/View/View.php(216): CodeIgniter\View\View->CodeIgniter\View\{closure}()
 3 SYSTEMPATH/Common.php(1184): CodeIgniter\View\View->render('admin/selections', [], true)
 4 APPPATH/Controllers/Home.php(472): view('admin/selections', [...])
 5 SYSTEMPATH/CodeIgniter.php(934): App\Controllers\Home->selections()
 6 SYSTEMPATH/CodeIgniter.php(499): CodeIgniter\CodeIgniter->runController(Object(App\Controllers\Home))
 7 SYSTEMPATH/CodeIgniter.php(368): CodeIgniter\CodeIgniter->handleRequest(null, Object(Config\Cache), false)
 8 FCPATH/index.php(67): CodeIgniter\CodeIgniter->run()
 9 SYSTEMPATH/Commands/Server/rewrite.php(47): require_once('/Applications/MAMP/htdocs/smartwholesale/oaclients/public/index.php')
WARNING - 2023-08-06 18:10:04 --> [DEPRECATED] strlen(): Passing null to parameter #1 ($string) of type string is deprecated in APPPATH/Views/admin/selections.php on line 50.
 1 SYSTEMPATH/View/View.php(213): include('/Applications/MAMP/htdocs/smartwholesale/oaclients/app/Views/admin/selections.php')
 2 SYSTEMPATH/View/View.php(216): CodeIgniter\View\View->CodeIgniter\View\{closure}()
 3 SYSTEMPATH/Common.php(1184): CodeIgniter\View\View->render('admin/selections', [], true)
 4 APPPATH/Controllers/Home.php(472): view('admin/selections', [...])
 5 SYSTEMPATH/CodeIgniter.php(934): App\Controllers\Home->selections()
 6 SYSTEMPATH/CodeIgniter.php(499): CodeIgniter\CodeIgniter->runController(Object(App\Controllers\Home))
 7 SYSTEMPATH/CodeIgniter.php(368): CodeIgniter\CodeIgniter->handleRequest(null, Object(Config\Cache), false)
 8 FCPATH/index.php(67): CodeIgniter\CodeIgniter->run()
 9 SYSTEMPATH/Commands/Server/rewrite.php(47): require_once('/Applications/MAMP/htdocs/smartwholesale/oaclients/public/index.php')
WARNING - 2023-08-06 18:10:04 --> [DEPRECATED] strlen(): Passing null to parameter #1 ($string) of type string is deprecated in APPPATH/Views/admin/selections.php on line 50.
 1 SYSTEMPATH/View/View.php(213): include('/Applications/MAMP/htdocs/smartwholesale/oaclients/app/Views/admin/selections.php')
 2 SYSTEMPATH/View/View.php(216): CodeIgniter\View\View->CodeIgniter\View\{closure}()
 3 SYSTEMPATH/Common.php(1184): CodeIgniter\View\View->render('admin/selections', [], true)
 4 APPPATH/Controllers/Home.php(472): view('admin/selections', [...])
 5 SYSTEMPATH/CodeIgniter.php(934): App\Controllers\Home->selections()
 6 SYSTEMPATH/CodeIgniter.php(499): CodeIgniter\CodeIgniter->runController(Object(App\Controllers\Home))
 7 SYSTEMPATH/CodeIgniter.php(368): CodeIgniter\CodeIgniter->handleRequest(null, Object(Config\Cache), false)
 8 FCPATH/index.php(67): CodeIgniter\CodeIgniter->run()
 9 SYSTEMPATH/Commands/Server/rewrite.php(47): require_once('/Applications/MAMP/htdocs/smartwholesale/oaclients/public/index.php')
WARNING - 2023-08-06 18:10:04 --> [DEPRECATED] strlen(): Passing null to parameter #1 ($string) of type string is deprecated in APPPATH/Views/admin/selections.php on line 50.
 1 SYSTEMPATH/View/View.php(213): include('/Applications/MAMP/htdocs/smartwholesale/oaclients/app/Views/admin/selections.php')
 2 SYSTEMPATH/View/View.php(216): CodeIgniter\View\View->CodeIgniter\View\{closure}()
 3 SYSTEMPATH/Common.php(1184): CodeIgniter\View\View->render('admin/selections', [], true)
 4 APPPATH/Controllers/Home.php(472): view('admin/selections', [...])
 5 SYSTEMPATH/CodeIgniter.php(934): App\Controllers\Home->selections()
 6 SYSTEMPATH/CodeIgniter.php(499): CodeIgniter\CodeIgniter->runController(Object(App\Controllers\Home))
 7 SYSTEMPATH/CodeIgniter.php(368): CodeIgniter\CodeIgniter->handleRequest(null, Object(Config\Cache), false)
 8 FCPATH/index.php(67): CodeIgniter\CodeIgniter->run()
 9 SYSTEMPATH/Commands/Server/rewrite.php(47): require_once('/Applications/MAMP/htdocs/smartwholesale/oaclients/public/index.php')
WARNING - 2023-08-06 18:10:04 --> [DEPRECATED] strlen(): Passing null to parameter #1 ($string) of type string is deprecated in APPPATH/Views/admin/selections.php on line 50.
 1 SYSTEMPATH/View/View.php(213): include('/Applications/MAMP/htdocs/smartwholesale/oaclients/app/Views/admin/selections.php')
 2 SYSTEMPATH/View/View.php(216): CodeIgniter\View\View->CodeIgniter\View\{closure}()
 3 SYSTEMPATH/Common.php(1184): CodeIgniter\View\View->render('admin/selections', [], true)
 4 APPPATH/Controllers/Home.php(472): view('admin/selections', [...])
 5 SYSTEMPATH/CodeIgniter.php(934): App\Controllers\Home->selections()
 6 SYSTEMPATH/CodeIgniter.php(499): CodeIgniter\CodeIgniter->runController(Object(App\Controllers\Home))
 7 SYSTEMPATH/CodeIgniter.php(368): CodeIgniter\CodeIgniter->handleRequest(null, Object(Config\Cache), false)
 8 FCPATH/index.php(67): CodeIgniter\CodeIgniter->run()
 9 SYSTEMPATH/Commands/Server/rewrite.php(47): require_once('/Applications/MAMP/htdocs/smartwholesale/oaclients/public/index.php')
WARNING - 2023-08-06 18:10:04 --> [DEPRECATED] strlen(): Passing null to parameter #1 ($string) of type string is deprecated in APPPATH/Views/admin/selections.php on line 50.
 1 SYSTEMPATH/View/View.php(213): include('/Applications/MAMP/htdocs/smartwholesale/oaclients/app/Views/admin/selections.php')
 2 SYSTEMPATH/View/View.php(216): CodeIgniter\View\View->CodeIgniter\View\{closure}()
 3 SYSTEMPATH/Common.php(1184): CodeIgniter\View\View->render('admin/selections', [], true)
 4 APPPATH/Controllers/Home.php(472): view('admin/selections', [...])
 5 SYSTEMPATH/CodeIgniter.php(934): App\Controllers\Home->selections()
 6 SYSTEMPATH/CodeIgniter.php(499): CodeIgniter\CodeIgniter->runController(Object(App\Controllers\Home))
 7 SYSTEMPATH/CodeIgniter.php(368): CodeIgniter\CodeIgniter->handleRequest(null, Object(Config\Cache), false)
 8 FCPATH/index.php(67): CodeIgniter\CodeIgniter->run()
 9 SYSTEMPATH/Commands/Server/rewrite.php(47): require_once('/Applications/MAMP/htdocs/smartwholesale/oaclients/public/index.php')
WARNING - 2023-08-06 18:10:04 --> [DEPRECATED] strlen(): Passing null to parameter #1 ($string) of type string is deprecated in APPPATH/Views/admin/selections.php on line 50.
 1 SYSTEMPATH/View/View.php(213): include('/Applications/MAMP/htdocs/smartwholesale/oaclients/app/Views/admin/selections.php')
 2 SYSTEMPATH/View/View.php(216): CodeIgniter\View\View->CodeIgniter\View\{closure}()
 3 SYSTEMPATH/Common.php(1184): CodeIgniter\View\View->render('admin/selections', [], true)
 4 APPPATH/Controllers/Home.php(472): view('admin/selections', [...])
 5 SYSTEMPATH/CodeIgniter.php(934): App\Controllers\Home->selections()
 6 SYSTEMPATH/CodeIgniter.php(499): CodeIgniter\CodeIgniter->runController(Object(App\Controllers\Home))
 7 SYSTEMPATH/CodeIgniter.php(368): CodeIgniter\CodeIgniter->handleRequest(null, Object(Config\Cache), false)
 8 FCPATH/index.php(67): CodeIgniter\CodeIgniter->run()
 9 SYSTEMPATH/Commands/Server/rewrite.php(47): require_once('/Applications/MAMP/htdocs/smartwholesale/oaclients/public/index.php')
INFO - 2023-08-06 18:10:39 --> Session: Class initialized using 'CodeIgniter\Session\Handlers\FileHandler' driver.
INFO - 2023-08-06 18:12:36 --> Session: Class initialized using 'CodeIgniter\Session\Handlers\FileHandler' driver.
INFO - 2023-08-06 18:19:22 --> Session: Class initialized using 'CodeIgniter\Session\Handlers\FileHandler' driver.
INFO - 2023-08-06 18:19:27 --> Session: Class initialized using 'CodeIgniter\Session\Handlers\FileHandler' driver.
INFO - 2023-08-06 18:22:50 --> Session: Class initialized using 'CodeIgniter\Session\Handlers\FileHandler' driver.
INFO - 2023-08-06 18:22:50 --> Session: Class initialized using 'CodeIgniter\Session\Handlers\FileHandler' driver.
INFO - 2023-08-06 18:22:58 --> Session: Class initialized using 'CodeIgniter\Session\Handlers\FileHandler' driver.
INFO - 2023-08-06 18:22:58 --> Session: Class initialized using 'CodeIgniter\Session\Handlers\FileHandler' driver.
INFO - 2023-08-06 18:23:00 --> Session: Class initialized using 'CodeIgniter\Session\Handlers\FileHandler' driver.
INFO - 2023-08-06 18:23:00 --> Session: Class initialized using 'CodeIgniter\Session\Handlers\FileHandler' driver.
CRITICAL - 2023-08-06 18:23:00 --> Undefined variable $reports
in APPPATH/Views/warehouse/dashboard.php on line 814.
 1 APPPATH/Views/warehouse/dashboard.php(814): CodeIgniter\Debug\Exceptions->errorHandler(2, 'Undefined variable $reports', '/Applications/MAMP/htdocs/smartwholesale/oaclients/app/Views/warehouse/dashboard.php', 814)
 2 SYSTEMPATH/View/View.php(213): include('/Applications/MAMP/htdocs/smartwholesale/oaclients/app/Views/warehouse/dashboard.php')
 3 SYSTEMPATH/View/View.php(216): CodeIgniter\View\View->CodeIgniter\View\{closure}()
 4 SYSTEMPATH/Common.php(1184): CodeIgniter\View\View->render('warehouse/dashboard', [], true)
 5 APPPATH/Controllers/Home.php(843): view('warehouse/dashboard', [...])
 6 SYSTEMPATH/CodeIgniter.php(934): App\Controllers\Home->warehouse()
 7 SYSTEMPATH/CodeIgniter.php(499): CodeIgniter\CodeIgniter->runController(Object(App\Controllers\Home))
 8 SYSTEMPATH/CodeIgniter.php(368): CodeIgniter\CodeIgniter->handleRequest(null, Object(Config\Cache), false)
 9 FCPATH/index.php(67): CodeIgniter\CodeIgniter->run()
10 SYSTEMPATH/Commands/Server/rewrite.php(47): require_once('/Applications/MAMP/htdocs/smartwholesale/oaclients/public/index.php')
INFO - 2023-08-06 18:23:18 --> Session: Class initialized using 'CodeIgniter\Session\Handlers\FileHandler' driver.
INFO - 2023-08-06 18:23:18 --> Session: Class initialized using 'CodeIgniter\Session\Handlers\FileHandler' driver.
INFO - 2023-08-06 18:23:25 --> Session: Class initialized using 'CodeIgniter\Session\Handlers\FileHandler' driver.
INFO - 2023-08-06 18:23:25 --> Session: Class initialized using 'CodeIgniter\Session\Handlers\FileHandler' driver.
INFO - 2023-08-06 18:23:27 --> Session: Class initialized using 'CodeIgniter\Session\Handlers\FileHandler' driver.
INFO - 2023-08-06 18:23:30 --> Session: Class initialized using 'CodeIgniter\Session\Handlers\FileHandler' driver.
INFO - 2023-08-06 18:23:31 --> Session: Class initialized using 'CodeIgniter\Session\Handlers\FileHandler' driver.
INFO - 2023-08-06 18:23:32 --> Session: Class initialized using 'CodeIgniter\Session\Handlers\FileHandler' driver.
INFO - 2023-08-06 18:23:33 --> Session: Class initialized using 'CodeIgniter\Session\Handlers\FileHandler' driver.
INFO - 2023-08-06 18:23:34 --> Session: Class initialized using 'CodeIgniter\Session\Handlers\FileHandler' driver.
INFO - 2023-08-06 18:37:56 --> Session: Class initialized using 'CodeIgniter\Session\Handlers\FileHandler' driver.
INFO - 2023-08-06 18:38:36 --> Session: Class initialized using 'CodeIgniter\Session\Handlers\FileHandler' driver.
INFO - 2023-08-06 18:38:36 --> Session: Class initialized using 'CodeIgniter\Session\Handlers\FileHandler' driver.
CRITICAL - 2023-08-06 18:42:25 --> Undefined variable $testerrir
in APPPATH/Views/purchase/layout/component.php on line 15.
 1 APPPATH/Views/purchase/layout/component.php(15): CodeIgniter\Debug\Exceptions->errorHandler(2, 'Undefined variable $testerrir', '/Applications/MAMP/htdocs/smartwholesale/oaclients/app/Views/purchase/layout/component.php', 15)
 2 SYSTEMPATH/View/View.php(213): include('/Applications/MAMP/htdocs/smartwholesale/oaclients/app/Views/purchase/layout/component.php')
 3 SYSTEMPATH/View/View.php(216): CodeIgniter\View\View->CodeIgniter\View\{closure}()
 4 SYSTEMPATH/View/View.php(229): CodeIgniter\View\View->render('purchase/layout/component', [], true)
 5 SYSTEMPATH/Common.php(1184): CodeIgniter\View\View->render('purchase/dashboard', [], true)
 6 APPPATH/Controllers/Home.php(1630): view('purchase/dashboard', [...])
 7 SYSTEMPATH/CodeIgniter.php(934): App\Controllers\Home->dashboard()
 8 SYSTEMPATH/CodeIgniter.php(499): CodeIgniter\CodeIgniter->runController(Object(App\Controllers\Home))
 9 SYSTEMPATH/CodeIgniter.php(368): CodeIgniter\CodeIgniter->handleRequest(null, Object(Config\Cache), false)
10 FCPATH/index.php(67): CodeIgniter\CodeIgniter->run()
11 SYSTEMPATH/Commands/Server/rewrite.php(47): require_once('/Applications/MAMP/htdocs/smartwholesale/oaclients/public/index.php')
